ARM GAS  /tmp/cc3U2tZ2.s 			page 1


   1              		.cpu cortex-m4
   2              		.arch armv7e-m
   3              		.fpu fpv4-sp-d16
   4              		.eabi_attribute 27, 1
   5              		.eabi_attribute 28, 1
   6              		.eabi_attribute 20, 1
   7              		.eabi_attribute 21, 1
   8              		.eabi_attribute 23, 3
   9              		.eabi_attribute 24, 1
  10              		.eabi_attribute 25, 1
  11              		.eabi_attribute 26, 1
  12              		.eabi_attribute 30, 6
  13              		.eabi_attribute 34, 1
  14              		.eabi_attribute 18, 4
  15              		.file	"stm32l4xx_hal_msp.c"
  16              		.text
  17              	.Ltext0:
  18              		.cfi_sections	.debug_frame
  19              		.section	.text.HAL_MspInit,"ax",%progbits
  20              		.align	1
  21              		.global	HAL_MspInit
  22              		.syntax unified
  23              		.thumb
  24              		.thumb_func
  26              	HAL_MspInit:
  27              	.LFB132:
  28              		.file 1 "Core/Src/stm32l4xx_hal_msp.c"
   1:Core/Src/stm32l4xx_hal_msp.c **** /* USER CODE BEGIN Header */
   2:Core/Src/stm32l4xx_hal_msp.c **** /**
   3:Core/Src/stm32l4xx_hal_msp.c ****   ******************************************************************************
   4:Core/Src/stm32l4xx_hal_msp.c ****   * @file         stm32l4xx_hal_msp.c
   5:Core/Src/stm32l4xx_hal_msp.c ****   * @brief        This file provides code for the MSP Initialization
   6:Core/Src/stm32l4xx_hal_msp.c ****   *               and de-Initialization codes.
   7:Core/Src/stm32l4xx_hal_msp.c ****   ******************************************************************************
   8:Core/Src/stm32l4xx_hal_msp.c ****   * @attention
   9:Core/Src/stm32l4xx_hal_msp.c ****   *
  10:Core/Src/stm32l4xx_hal_msp.c ****   * Copyright (c) 2023 STMicroelectronics.
  11:Core/Src/stm32l4xx_hal_msp.c ****   * All rights reserved.
  12:Core/Src/stm32l4xx_hal_msp.c ****   *
  13:Core/Src/stm32l4xx_hal_msp.c ****   * This software is licensed under terms that can be found in the LICENSE file
  14:Core/Src/stm32l4xx_hal_msp.c ****   * in the root directory of this software component.
  15:Core/Src/stm32l4xx_hal_msp.c ****   * If no LICENSE file comes with this software, it is provided AS-IS.
  16:Core/Src/stm32l4xx_hal_msp.c ****   *
  17:Core/Src/stm32l4xx_hal_msp.c ****   ******************************************************************************
  18:Core/Src/stm32l4xx_hal_msp.c ****   */
  19:Core/Src/stm32l4xx_hal_msp.c **** /* USER CODE END Header */
  20:Core/Src/stm32l4xx_hal_msp.c **** 
  21:Core/Src/stm32l4xx_hal_msp.c **** /* Includes ------------------------------------------------------------------*/
  22:Core/Src/stm32l4xx_hal_msp.c **** #include "main.h"
  23:Core/Src/stm32l4xx_hal_msp.c **** 
  24:Core/Src/stm32l4xx_hal_msp.c **** /* USER CODE BEGIN Includes */
  25:Core/Src/stm32l4xx_hal_msp.c **** 
  26:Core/Src/stm32l4xx_hal_msp.c **** /* USER CODE END Includes */
  27:Core/Src/stm32l4xx_hal_msp.c **** 
  28:Core/Src/stm32l4xx_hal_msp.c **** /* Private typedef -----------------------------------------------------------*/
  29:Core/Src/stm32l4xx_hal_msp.c **** /* USER CODE BEGIN TD */
  30:Core/Src/stm32l4xx_hal_msp.c **** 
ARM GAS  /tmp/cc3U2tZ2.s 			page 2


  31:Core/Src/stm32l4xx_hal_msp.c **** /* USER CODE END TD */
  32:Core/Src/stm32l4xx_hal_msp.c **** 
  33:Core/Src/stm32l4xx_hal_msp.c **** /* Private define ------------------------------------------------------------*/
  34:Core/Src/stm32l4xx_hal_msp.c **** /* USER CODE BEGIN Define */
  35:Core/Src/stm32l4xx_hal_msp.c **** 
  36:Core/Src/stm32l4xx_hal_msp.c **** /* USER CODE END Define */
  37:Core/Src/stm32l4xx_hal_msp.c **** 
  38:Core/Src/stm32l4xx_hal_msp.c **** /* Private macro -------------------------------------------------------------*/
  39:Core/Src/stm32l4xx_hal_msp.c **** /* USER CODE BEGIN Macro */
  40:Core/Src/stm32l4xx_hal_msp.c **** 
  41:Core/Src/stm32l4xx_hal_msp.c **** /* USER CODE END Macro */
  42:Core/Src/stm32l4xx_hal_msp.c **** 
  43:Core/Src/stm32l4xx_hal_msp.c **** /* Private variables ---------------------------------------------------------*/
  44:Core/Src/stm32l4xx_hal_msp.c **** /* USER CODE BEGIN PV */
  45:Core/Src/stm32l4xx_hal_msp.c **** 
  46:Core/Src/stm32l4xx_hal_msp.c **** /* USER CODE END PV */
  47:Core/Src/stm32l4xx_hal_msp.c **** 
  48:Core/Src/stm32l4xx_hal_msp.c **** /* Private function prototypes -----------------------------------------------*/
  49:Core/Src/stm32l4xx_hal_msp.c **** /* USER CODE BEGIN PFP */
  50:Core/Src/stm32l4xx_hal_msp.c **** 
  51:Core/Src/stm32l4xx_hal_msp.c **** /* USER CODE END PFP */
  52:Core/Src/stm32l4xx_hal_msp.c **** 
  53:Core/Src/stm32l4xx_hal_msp.c **** /* External functions --------------------------------------------------------*/
  54:Core/Src/stm32l4xx_hal_msp.c **** /* USER CODE BEGIN ExternalFunctions */
  55:Core/Src/stm32l4xx_hal_msp.c **** 
  56:Core/Src/stm32l4xx_hal_msp.c **** /* USER CODE END ExternalFunctions */
  57:Core/Src/stm32l4xx_hal_msp.c **** 
  58:Core/Src/stm32l4xx_hal_msp.c **** /* USER CODE BEGIN 0 */
  59:Core/Src/stm32l4xx_hal_msp.c **** 
  60:Core/Src/stm32l4xx_hal_msp.c **** /* USER CODE END 0 */
  61:Core/Src/stm32l4xx_hal_msp.c **** /**
  62:Core/Src/stm32l4xx_hal_msp.c ****   * Initializes the Global MSP.
  63:Core/Src/stm32l4xx_hal_msp.c ****   */
  64:Core/Src/stm32l4xx_hal_msp.c **** void HAL_MspInit(void)
  65:Core/Src/stm32l4xx_hal_msp.c **** {
  29              		.loc 1 65 1
  30              		.cfi_startproc
  31              		@ args = 0, pretend = 0, frame = 8
  32              		@ frame_needed = 1, uses_anonymous_args = 0
  33 0000 80B5     		push	{r7, lr}
  34              	.LCFI0:
  35              		.cfi_def_cfa_offset 8
  36              		.cfi_offset 7, -8
  37              		.cfi_offset 14, -4
  38 0002 82B0     		sub	sp, sp, #8
  39              	.LCFI1:
  40              		.cfi_def_cfa_offset 16
  41 0004 00AF     		add	r7, sp, #0
  42              	.LCFI2:
  43              		.cfi_def_cfa_register 7
  44              	.LBB2:
  66:Core/Src/stm32l4xx_hal_msp.c ****   /* USER CODE BEGIN MspInit 0 */
  67:Core/Src/stm32l4xx_hal_msp.c **** 
  68:Core/Src/stm32l4xx_hal_msp.c ****   /* USER CODE END MspInit 0 */
  69:Core/Src/stm32l4xx_hal_msp.c **** 
  70:Core/Src/stm32l4xx_hal_msp.c ****   __HAL_RCC_SYSCFG_CLK_ENABLE();
  45              		.loc 1 70 3
ARM GAS  /tmp/cc3U2tZ2.s 			page 3


  46 0006 114B     		ldr	r3, .L2
  47 0008 1B6E     		ldr	r3, [r3, #96]
  48 000a 104A     		ldr	r2, .L2
  49 000c 43F00103 		orr	r3, r3, #1
  50 0010 1366     		str	r3, [r2, #96]
  51 0012 0E4B     		ldr	r3, .L2
  52 0014 1B6E     		ldr	r3, [r3, #96]
  53 0016 03F00103 		and	r3, r3, #1
  54 001a 7B60     		str	r3, [r7, #4]
  55 001c 7B68     		ldr	r3, [r7, #4]
  56              	.LBE2:
  57              	.LBB3:
  71:Core/Src/stm32l4xx_hal_msp.c ****   __HAL_RCC_PWR_CLK_ENABLE();
  58              		.loc 1 71 3
  59 001e 0B4B     		ldr	r3, .L2
  60 0020 9B6D     		ldr	r3, [r3, #88]
  61 0022 0A4A     		ldr	r2, .L2
  62 0024 43F08053 		orr	r3, r3, #268435456
  63 0028 9365     		str	r3, [r2, #88]
  64 002a 084B     		ldr	r3, .L2
  65 002c 9B6D     		ldr	r3, [r3, #88]
  66 002e 03F08053 		and	r3, r3, #268435456
  67 0032 3B60     		str	r3, [r7]
  68 0034 3B68     		ldr	r3, [r7]
  69              	.LBE3:
  72:Core/Src/stm32l4xx_hal_msp.c **** 
  73:Core/Src/stm32l4xx_hal_msp.c ****   /* System interrupt init*/
  74:Core/Src/stm32l4xx_hal_msp.c ****   /* PendSV_IRQn interrupt configuration */
  75:Core/Src/stm32l4xx_hal_msp.c ****   HAL_NVIC_SetPriority(PendSV_IRQn, 15, 0);
  70              		.loc 1 75 3
  71 0036 0022     		movs	r2, #0
  72 0038 0F21     		movs	r1, #15
  73 003a 6FF00100 		mvn	r0, #1
  74 003e FFF7FEFF 		bl	HAL_NVIC_SetPriority
  76:Core/Src/stm32l4xx_hal_msp.c **** 
  77:Core/Src/stm32l4xx_hal_msp.c ****   /* USER CODE BEGIN MspInit 1 */
  78:Core/Src/stm32l4xx_hal_msp.c **** 
  79:Core/Src/stm32l4xx_hal_msp.c ****   /* USER CODE END MspInit 1 */
  80:Core/Src/stm32l4xx_hal_msp.c **** }
  75              		.loc 1 80 1
  76 0042 00BF     		nop
  77 0044 0837     		adds	r7, r7, #8
  78              	.LCFI3:
  79              		.cfi_def_cfa_offset 8
  80 0046 BD46     		mov	sp, r7
  81              	.LCFI4:
  82              		.cfi_def_cfa_register 13
  83              		@ sp needed
  84 0048 80BD     		pop	{r7, pc}
  85              	.L3:
  86 004a 00BF     		.align	2
  87              	.L2:
  88 004c 00100240 		.word	1073876992
  89              		.cfi_endproc
  90              	.LFE132:
  92              		.section	.text.HAL_CAN_MspInit,"ax",%progbits
  93              		.align	1
ARM GAS  /tmp/cc3U2tZ2.s 			page 4


  94              		.global	HAL_CAN_MspInit
  95              		.syntax unified
  96              		.thumb
  97              		.thumb_func
  99              	HAL_CAN_MspInit:
 100              	.LFB133:
  81:Core/Src/stm32l4xx_hal_msp.c **** 
  82:Core/Src/stm32l4xx_hal_msp.c **** /**
  83:Core/Src/stm32l4xx_hal_msp.c **** * @brief CAN MSP Initialization
  84:Core/Src/stm32l4xx_hal_msp.c **** * This function configures the hardware resources used in this example
  85:Core/Src/stm32l4xx_hal_msp.c **** * @param hcan: CAN handle pointer
  86:Core/Src/stm32l4xx_hal_msp.c **** * @retval None
  87:Core/Src/stm32l4xx_hal_msp.c **** */
  88:Core/Src/stm32l4xx_hal_msp.c **** void HAL_CAN_MspInit(CAN_HandleTypeDef* hcan)
  89:Core/Src/stm32l4xx_hal_msp.c **** {
 101              		.loc 1 89 1
 102              		.cfi_startproc
 103              		@ args = 0, pretend = 0, frame = 40
 104              		@ frame_needed = 1, uses_anonymous_args = 0
 105 0000 80B5     		push	{r7, lr}
 106              	.LCFI5:
 107              		.cfi_def_cfa_offset 8
 108              		.cfi_offset 7, -8
 109              		.cfi_offset 14, -4
 110 0002 8AB0     		sub	sp, sp, #40
 111              	.LCFI6:
 112              		.cfi_def_cfa_offset 48
 113 0004 00AF     		add	r7, sp, #0
 114              	.LCFI7:
 115              		.cfi_def_cfa_register 7
 116 0006 7860     		str	r0, [r7, #4]
  90:Core/Src/stm32l4xx_hal_msp.c ****   GPIO_InitTypeDef GPIO_InitStruct = {0};
 117              		.loc 1 90 20
 118 0008 07F11403 		add	r3, r7, #20
 119 000c 0022     		movs	r2, #0
 120 000e 1A60     		str	r2, [r3]
 121 0010 5A60     		str	r2, [r3, #4]
 122 0012 9A60     		str	r2, [r3, #8]
 123 0014 DA60     		str	r2, [r3, #12]
 124 0016 1A61     		str	r2, [r3, #16]
  91:Core/Src/stm32l4xx_hal_msp.c ****   if(hcan->Instance==CAN1)
 125              		.loc 1 91 10
 126 0018 7B68     		ldr	r3, [r7, #4]
 127 001a 1B68     		ldr	r3, [r3]
 128              		.loc 1 91 5
 129 001c 204A     		ldr	r2, .L7
 130 001e 9342     		cmp	r3, r2
 131 0020 39D1     		bne	.L6
 132              	.LBB4:
  92:Core/Src/stm32l4xx_hal_msp.c ****   {
  93:Core/Src/stm32l4xx_hal_msp.c ****   /* USER CODE BEGIN CAN1_MspInit 0 */
  94:Core/Src/stm32l4xx_hal_msp.c **** 
  95:Core/Src/stm32l4xx_hal_msp.c ****   /* USER CODE END CAN1_MspInit 0 */
  96:Core/Src/stm32l4xx_hal_msp.c ****     /* Peripheral clock enable */
  97:Core/Src/stm32l4xx_hal_msp.c ****     __HAL_RCC_CAN1_CLK_ENABLE();
 133              		.loc 1 97 5
 134 0022 204B     		ldr	r3, .L7+4
ARM GAS  /tmp/cc3U2tZ2.s 			page 5


 135 0024 9B6D     		ldr	r3, [r3, #88]
 136 0026 1F4A     		ldr	r2, .L7+4
 137 0028 43F00073 		orr	r3, r3, #33554432
 138 002c 9365     		str	r3, [r2, #88]
 139 002e 1D4B     		ldr	r3, .L7+4
 140 0030 9B6D     		ldr	r3, [r3, #88]
 141 0032 03F00073 		and	r3, r3, #33554432
 142 0036 3B61     		str	r3, [r7, #16]
 143 0038 3B69     		ldr	r3, [r7, #16]
 144              	.LBE4:
 145              	.LBB5:
  98:Core/Src/stm32l4xx_hal_msp.c **** 
  99:Core/Src/stm32l4xx_hal_msp.c ****     __HAL_RCC_GPIOA_CLK_ENABLE();
 146              		.loc 1 99 5
 147 003a 1A4B     		ldr	r3, .L7+4
 148 003c DB6C     		ldr	r3, [r3, #76]
 149 003e 194A     		ldr	r2, .L7+4
 150 0040 43F00103 		orr	r3, r3, #1
 151 0044 D364     		str	r3, [r2, #76]
 152 0046 174B     		ldr	r3, .L7+4
 153 0048 DB6C     		ldr	r3, [r3, #76]
 154 004a 03F00103 		and	r3, r3, #1
 155 004e FB60     		str	r3, [r7, #12]
 156 0050 FB68     		ldr	r3, [r7, #12]
 157              	.LBE5:
 100:Core/Src/stm32l4xx_hal_msp.c ****     /**CAN1 GPIO Configuration
 101:Core/Src/stm32l4xx_hal_msp.c ****     PA11     ------> CAN1_RX
 102:Core/Src/stm32l4xx_hal_msp.c ****     PA12     ------> CAN1_TX
 103:Core/Src/stm32l4xx_hal_msp.c ****     */
 104:Core/Src/stm32l4xx_hal_msp.c ****     GPIO_InitStruct.Pin = GPIO_PIN_11|GPIO_PIN_12;
 158              		.loc 1 104 25
 159 0052 4FF4C053 		mov	r3, #6144
 160 0056 7B61     		str	r3, [r7, #20]
 105:Core/Src/stm32l4xx_hal_msp.c ****     GPIO_InitStruct.Mode = GPIO_MODE_AF_PP;
 161              		.loc 1 105 26
 162 0058 0223     		movs	r3, #2
 163 005a BB61     		str	r3, [r7, #24]
 106:Core/Src/stm32l4xx_hal_msp.c ****     GPIO_InitStruct.Pull = GPIO_NOPULL;
 164              		.loc 1 106 26
 165 005c 0023     		movs	r3, #0
 166 005e FB61     		str	r3, [r7, #28]
 107:Core/Src/stm32l4xx_hal_msp.c ****     GPIO_InitStruct.Speed = GPIO_SPEED_FREQ_VERY_HIGH;
 167              		.loc 1 107 27
 168 0060 0323     		movs	r3, #3
 169 0062 3B62     		str	r3, [r7, #32]
 108:Core/Src/stm32l4xx_hal_msp.c ****     GPIO_InitStruct.Alternate = GPIO_AF9_CAN1;
 170              		.loc 1 108 31
 171 0064 0923     		movs	r3, #9
 172 0066 7B62     		str	r3, [r7, #36]
 109:Core/Src/stm32l4xx_hal_msp.c ****     HAL_GPIO_Init(GPIOA, &GPIO_InitStruct);
 173              		.loc 1 109 5
 174 0068 07F11403 		add	r3, r7, #20
 175 006c 1946     		mov	r1, r3
 176 006e 4FF09040 		mov	r0, #1207959552
 177 0072 FFF7FEFF 		bl	HAL_GPIO_Init
 110:Core/Src/stm32l4xx_hal_msp.c **** 
 111:Core/Src/stm32l4xx_hal_msp.c ****     /* CAN1 interrupt Init */
ARM GAS  /tmp/cc3U2tZ2.s 			page 6


 112:Core/Src/stm32l4xx_hal_msp.c ****     HAL_NVIC_SetPriority(CAN1_TX_IRQn, 5, 0);
 178              		.loc 1 112 5
 179 0076 0022     		movs	r2, #0
 180 0078 0521     		movs	r1, #5
 181 007a 1320     		movs	r0, #19
 182 007c FFF7FEFF 		bl	HAL_NVIC_SetPriority
 113:Core/Src/stm32l4xx_hal_msp.c ****     HAL_NVIC_EnableIRQ(CAN1_TX_IRQn);
 183              		.loc 1 113 5
 184 0080 1320     		movs	r0, #19
 185 0082 FFF7FEFF 		bl	HAL_NVIC_EnableIRQ
 114:Core/Src/stm32l4xx_hal_msp.c ****     HAL_NVIC_SetPriority(CAN1_RX0_IRQn, 5, 0);
 186              		.loc 1 114 5
 187 0086 0022     		movs	r2, #0
 188 0088 0521     		movs	r1, #5
 189 008a 1420     		movs	r0, #20
 190 008c FFF7FEFF 		bl	HAL_NVIC_SetPriority
 115:Core/Src/stm32l4xx_hal_msp.c ****     HAL_NVIC_EnableIRQ(CAN1_RX0_IRQn);
 191              		.loc 1 115 5
 192 0090 1420     		movs	r0, #20
 193 0092 FFF7FEFF 		bl	HAL_NVIC_EnableIRQ
 194              	.L6:
 116:Core/Src/stm32l4xx_hal_msp.c ****   /* USER CODE BEGIN CAN1_MspInit 1 */
 117:Core/Src/stm32l4xx_hal_msp.c **** 
 118:Core/Src/stm32l4xx_hal_msp.c ****   /* USER CODE END CAN1_MspInit 1 */
 119:Core/Src/stm32l4xx_hal_msp.c ****   }
 120:Core/Src/stm32l4xx_hal_msp.c **** 
 121:Core/Src/stm32l4xx_hal_msp.c **** }
 195              		.loc 1 121 1
 196 0096 00BF     		nop
 197 0098 2837     		adds	r7, r7, #40
 198              	.LCFI8:
 199              		.cfi_def_cfa_offset 8
 200 009a BD46     		mov	sp, r7
 201              	.LCFI9:
 202              		.cfi_def_cfa_register 13
 203              		@ sp needed
 204 009c 80BD     		pop	{r7, pc}
 205              	.L8:
 206 009e 00BF     		.align	2
 207              	.L7:
 208 00a0 00640040 		.word	1073767424
 209 00a4 00100240 		.word	1073876992
 210              		.cfi_endproc
 211              	.LFE133:
 213              		.section	.text.HAL_CAN_MspDeInit,"ax",%progbits
 214              		.align	1
 215              		.global	HAL_CAN_MspDeInit
 216              		.syntax unified
 217              		.thumb
 218              		.thumb_func
 220              	HAL_CAN_MspDeInit:
 221              	.LFB134:
 122:Core/Src/stm32l4xx_hal_msp.c **** 
 123:Core/Src/stm32l4xx_hal_msp.c **** /**
 124:Core/Src/stm32l4xx_hal_msp.c **** * @brief CAN MSP De-Initialization
 125:Core/Src/stm32l4xx_hal_msp.c **** * This function freeze the hardware resources used in this example
 126:Core/Src/stm32l4xx_hal_msp.c **** * @param hcan: CAN handle pointer
ARM GAS  /tmp/cc3U2tZ2.s 			page 7


 127:Core/Src/stm32l4xx_hal_msp.c **** * @retval None
 128:Core/Src/stm32l4xx_hal_msp.c **** */
 129:Core/Src/stm32l4xx_hal_msp.c **** void HAL_CAN_MspDeInit(CAN_HandleTypeDef* hcan)
 130:Core/Src/stm32l4xx_hal_msp.c **** {
 222              		.loc 1 130 1
 223              		.cfi_startproc
 224              		@ args = 0, pretend = 0, frame = 8
 225              		@ frame_needed = 1, uses_anonymous_args = 0
 226 0000 80B5     		push	{r7, lr}
 227              	.LCFI10:
 228              		.cfi_def_cfa_offset 8
 229              		.cfi_offset 7, -8
 230              		.cfi_offset 14, -4
 231 0002 82B0     		sub	sp, sp, #8
 232              	.LCFI11:
 233              		.cfi_def_cfa_offset 16
 234 0004 00AF     		add	r7, sp, #0
 235              	.LCFI12:
 236              		.cfi_def_cfa_register 7
 237 0006 7860     		str	r0, [r7, #4]
 131:Core/Src/stm32l4xx_hal_msp.c ****   if(hcan->Instance==CAN1)
 238              		.loc 1 131 10
 239 0008 7B68     		ldr	r3, [r7, #4]
 240 000a 1B68     		ldr	r3, [r3]
 241              		.loc 1 131 5
 242 000c 0C4A     		ldr	r2, .L12
 243 000e 9342     		cmp	r3, r2
 244 0010 11D1     		bne	.L11
 132:Core/Src/stm32l4xx_hal_msp.c ****   {
 133:Core/Src/stm32l4xx_hal_msp.c ****   /* USER CODE BEGIN CAN1_MspDeInit 0 */
 134:Core/Src/stm32l4xx_hal_msp.c **** 
 135:Core/Src/stm32l4xx_hal_msp.c ****   /* USER CODE END CAN1_MspDeInit 0 */
 136:Core/Src/stm32l4xx_hal_msp.c ****     /* Peripheral clock disable */
 137:Core/Src/stm32l4xx_hal_msp.c ****     __HAL_RCC_CAN1_CLK_DISABLE();
 245              		.loc 1 137 5
 246 0012 0C4B     		ldr	r3, .L12+4
 247 0014 9B6D     		ldr	r3, [r3, #88]
 248 0016 0B4A     		ldr	r2, .L12+4
 249 0018 23F00073 		bic	r3, r3, #33554432
 250 001c 9365     		str	r3, [r2, #88]
 138:Core/Src/stm32l4xx_hal_msp.c **** 
 139:Core/Src/stm32l4xx_hal_msp.c ****     /**CAN1 GPIO Configuration
 140:Core/Src/stm32l4xx_hal_msp.c ****     PA11     ------> CAN1_RX
 141:Core/Src/stm32l4xx_hal_msp.c ****     PA12     ------> CAN1_TX
 142:Core/Src/stm32l4xx_hal_msp.c ****     */
 143:Core/Src/stm32l4xx_hal_msp.c ****     HAL_GPIO_DeInit(GPIOA, GPIO_PIN_11|GPIO_PIN_12);
 251              		.loc 1 143 5
 252 001e 4FF4C051 		mov	r1, #6144
 253 0022 4FF09040 		mov	r0, #1207959552
 254 0026 FFF7FEFF 		bl	HAL_GPIO_DeInit
 144:Core/Src/stm32l4xx_hal_msp.c **** 
 145:Core/Src/stm32l4xx_hal_msp.c ****     /* CAN1 interrupt DeInit */
 146:Core/Src/stm32l4xx_hal_msp.c ****     HAL_NVIC_DisableIRQ(CAN1_TX_IRQn);
 255              		.loc 1 146 5
 256 002a 1320     		movs	r0, #19
 257 002c FFF7FEFF 		bl	HAL_NVIC_DisableIRQ
 147:Core/Src/stm32l4xx_hal_msp.c ****     HAL_NVIC_DisableIRQ(CAN1_RX0_IRQn);
ARM GAS  /tmp/cc3U2tZ2.s 			page 8


 258              		.loc 1 147 5
 259 0030 1420     		movs	r0, #20
 260 0032 FFF7FEFF 		bl	HAL_NVIC_DisableIRQ
 261              	.L11:
 148:Core/Src/stm32l4xx_hal_msp.c ****   /* USER CODE BEGIN CAN1_MspDeInit 1 */
 149:Core/Src/stm32l4xx_hal_msp.c **** 
 150:Core/Src/stm32l4xx_hal_msp.c ****   /* USER CODE END CAN1_MspDeInit 1 */
 151:Core/Src/stm32l4xx_hal_msp.c ****   }
 152:Core/Src/stm32l4xx_hal_msp.c **** 
 153:Core/Src/stm32l4xx_hal_msp.c **** }
 262              		.loc 1 153 1
 263 0036 00BF     		nop
 264 0038 0837     		adds	r7, r7, #8
 265              	.LCFI13:
 266              		.cfi_def_cfa_offset 8
 267 003a BD46     		mov	sp, r7
 268              	.LCFI14:
 269              		.cfi_def_cfa_register 13
 270              		@ sp needed
 271 003c 80BD     		pop	{r7, pc}
 272              	.L13:
 273 003e 00BF     		.align	2
 274              	.L12:
 275 0040 00640040 		.word	1073767424
 276 0044 00100240 		.word	1073876992
 277              		.cfi_endproc
 278              	.LFE134:
 280              		.section	.text.HAL_I2C_MspInit,"ax",%progbits
 281              		.align	1
 282              		.global	HAL_I2C_MspInit
 283              		.syntax unified
 284              		.thumb
 285              		.thumb_func
 287              	HAL_I2C_MspInit:
 288              	.LFB135:
 154:Core/Src/stm32l4xx_hal_msp.c **** 
 155:Core/Src/stm32l4xx_hal_msp.c **** /**
 156:Core/Src/stm32l4xx_hal_msp.c **** * @brief I2C MSP Initialization
 157:Core/Src/stm32l4xx_hal_msp.c **** * This function configures the hardware resources used in this example
 158:Core/Src/stm32l4xx_hal_msp.c **** * @param hi2c: I2C handle pointer
 159:Core/Src/stm32l4xx_hal_msp.c **** * @retval None
 160:Core/Src/stm32l4xx_hal_msp.c **** */
 161:Core/Src/stm32l4xx_hal_msp.c **** void HAL_I2C_MspInit(I2C_HandleTypeDef* hi2c)
 162:Core/Src/stm32l4xx_hal_msp.c **** {
 289              		.loc 1 162 1
 290              		.cfi_startproc
 291              		@ args = 0, pretend = 0, frame = 120
 292              		@ frame_needed = 1, uses_anonymous_args = 0
 293 0000 80B5     		push	{r7, lr}
 294              	.LCFI15:
 295              		.cfi_def_cfa_offset 8
 296              		.cfi_offset 7, -8
 297              		.cfi_offset 14, -4
 298 0002 9EB0     		sub	sp, sp, #120
 299              	.LCFI16:
 300              		.cfi_def_cfa_offset 128
 301 0004 00AF     		add	r7, sp, #0
ARM GAS  /tmp/cc3U2tZ2.s 			page 9


 302              	.LCFI17:
 303              		.cfi_def_cfa_register 7
 304 0006 7860     		str	r0, [r7, #4]
 163:Core/Src/stm32l4xx_hal_msp.c ****   GPIO_InitTypeDef GPIO_InitStruct = {0};
 305              		.loc 1 163 20
 306 0008 07F16403 		add	r3, r7, #100
 307 000c 0022     		movs	r2, #0
 308 000e 1A60     		str	r2, [r3]
 309 0010 5A60     		str	r2, [r3, #4]
 310 0012 9A60     		str	r2, [r3, #8]
 311 0014 DA60     		str	r2, [r3, #12]
 312 0016 1A61     		str	r2, [r3, #16]
 164:Core/Src/stm32l4xx_hal_msp.c ****   RCC_PeriphCLKInitTypeDef PeriphClkInit = {0};
 313              		.loc 1 164 28
 314 0018 07F11003 		add	r3, r7, #16
 315 001c 5422     		movs	r2, #84
 316 001e 0021     		movs	r1, #0
 317 0020 1846     		mov	r0, r3
 318 0022 FFF7FEFF 		bl	memset
 165:Core/Src/stm32l4xx_hal_msp.c ****   if(hi2c->Instance==I2C1)
 319              		.loc 1 165 10
 320 0026 7B68     		ldr	r3, [r7, #4]
 321 0028 1B68     		ldr	r3, [r3]
 322              		.loc 1 165 5
 323 002a 1E4A     		ldr	r2, .L18
 324 002c 9342     		cmp	r3, r2
 325 002e 35D1     		bne	.L17
 166:Core/Src/stm32l4xx_hal_msp.c ****   {
 167:Core/Src/stm32l4xx_hal_msp.c ****   /* USER CODE BEGIN I2C1_MspInit 0 */
 168:Core/Src/stm32l4xx_hal_msp.c **** 
 169:Core/Src/stm32l4xx_hal_msp.c ****   /* USER CODE END I2C1_MspInit 0 */
 170:Core/Src/stm32l4xx_hal_msp.c **** 
 171:Core/Src/stm32l4xx_hal_msp.c ****   /** Initializes the peripherals clock
 172:Core/Src/stm32l4xx_hal_msp.c ****   */
 173:Core/Src/stm32l4xx_hal_msp.c ****     PeriphClkInit.PeriphClockSelection = RCC_PERIPHCLK_I2C1;
 326              		.loc 1 173 40
 327 0030 4023     		movs	r3, #64
 328 0032 3B61     		str	r3, [r7, #16]
 174:Core/Src/stm32l4xx_hal_msp.c ****     PeriphClkInit.I2c1ClockSelection = RCC_I2C1CLKSOURCE_PCLK1;
 329              		.loc 1 174 38
 330 0034 0023     		movs	r3, #0
 331 0036 FB63     		str	r3, [r7, #60]
 175:Core/Src/stm32l4xx_hal_msp.c ****     if (HAL_RCCEx_PeriphCLKConfig(&PeriphClkInit) != HAL_OK)
 332              		.loc 1 175 9
 333 0038 07F11003 		add	r3, r7, #16
 334 003c 1846     		mov	r0, r3
 335 003e FFF7FEFF 		bl	HAL_RCCEx_PeriphCLKConfig
 336 0042 0346     		mov	r3, r0
 337              		.loc 1 175 8
 338 0044 002B     		cmp	r3, #0
 339 0046 01D0     		beq	.L16
 176:Core/Src/stm32l4xx_hal_msp.c ****     {
 177:Core/Src/stm32l4xx_hal_msp.c ****       Error_Handler();
 340              		.loc 1 177 7
 341 0048 FFF7FEFF 		bl	Error_Handler
 342              	.L16:
 343              	.LBB6:
ARM GAS  /tmp/cc3U2tZ2.s 			page 10


 178:Core/Src/stm32l4xx_hal_msp.c ****     }
 179:Core/Src/stm32l4xx_hal_msp.c **** 
 180:Core/Src/stm32l4xx_hal_msp.c ****     __HAL_RCC_GPIOB_CLK_ENABLE();
 344              		.loc 1 180 5
 345 004c 164B     		ldr	r3, .L18+4
 346 004e DB6C     		ldr	r3, [r3, #76]
 347 0050 154A     		ldr	r2, .L18+4
 348 0052 43F00203 		orr	r3, r3, #2
 349 0056 D364     		str	r3, [r2, #76]
 350 0058 134B     		ldr	r3, .L18+4
 351 005a DB6C     		ldr	r3, [r3, #76]
 352 005c 03F00203 		and	r3, r3, #2
 353 0060 FB60     		str	r3, [r7, #12]
 354 0062 FB68     		ldr	r3, [r7, #12]
 355              	.LBE6:
 181:Core/Src/stm32l4xx_hal_msp.c ****     /**I2C1 GPIO Configuration
 182:Core/Src/stm32l4xx_hal_msp.c ****     PB6     ------> I2C1_SCL
 183:Core/Src/stm32l4xx_hal_msp.c ****     PB7     ------> I2C1_SDA
 184:Core/Src/stm32l4xx_hal_msp.c ****     */
 185:Core/Src/stm32l4xx_hal_msp.c ****     GPIO_InitStruct.Pin = GPIO_PIN_6|GPIO_PIN_7;
 356              		.loc 1 185 25
 357 0064 C023     		movs	r3, #192
 358 0066 7B66     		str	r3, [r7, #100]
 186:Core/Src/stm32l4xx_hal_msp.c ****     GPIO_InitStruct.Mode = GPIO_MODE_AF_OD;
 359              		.loc 1 186 26
 360 0068 1223     		movs	r3, #18
 361 006a BB66     		str	r3, [r7, #104]
 187:Core/Src/stm32l4xx_hal_msp.c ****     GPIO_InitStruct.Pull = GPIO_NOPULL;
 362              		.loc 1 187 26
 363 006c 0023     		movs	r3, #0
 364 006e FB66     		str	r3, [r7, #108]
 188:Core/Src/stm32l4xx_hal_msp.c ****     GPIO_InitStruct.Speed = GPIO_SPEED_FREQ_VERY_HIGH;
 365              		.loc 1 188 27
 366 0070 0323     		movs	r3, #3
 367 0072 3B67     		str	r3, [r7, #112]
 189:Core/Src/stm32l4xx_hal_msp.c ****     GPIO_InitStruct.Alternate = GPIO_AF4_I2C1;
 368              		.loc 1 189 31
 369 0074 0423     		movs	r3, #4
 370 0076 7B67     		str	r3, [r7, #116]
 190:Core/Src/stm32l4xx_hal_msp.c ****     HAL_GPIO_Init(GPIOB, &GPIO_InitStruct);
 371              		.loc 1 190 5
 372 0078 07F16403 		add	r3, r7, #100
 373 007c 1946     		mov	r1, r3
 374 007e 0B48     		ldr	r0, .L18+8
 375 0080 FFF7FEFF 		bl	HAL_GPIO_Init
 376              	.LBB7:
 191:Core/Src/stm32l4xx_hal_msp.c **** 
 192:Core/Src/stm32l4xx_hal_msp.c ****     /* Peripheral clock enable */
 193:Core/Src/stm32l4xx_hal_msp.c ****     __HAL_RCC_I2C1_CLK_ENABLE();
 377              		.loc 1 193 5
 378 0084 084B     		ldr	r3, .L18+4
 379 0086 9B6D     		ldr	r3, [r3, #88]
 380 0088 074A     		ldr	r2, .L18+4
 381 008a 43F40013 		orr	r3, r3, #2097152
 382 008e 9365     		str	r3, [r2, #88]
 383 0090 054B     		ldr	r3, .L18+4
 384 0092 9B6D     		ldr	r3, [r3, #88]
ARM GAS  /tmp/cc3U2tZ2.s 			page 11


 385 0094 03F40013 		and	r3, r3, #2097152
 386 0098 BB60     		str	r3, [r7, #8]
 387 009a BB68     		ldr	r3, [r7, #8]
 388              	.L17:
 389              	.LBE7:
 194:Core/Src/stm32l4xx_hal_msp.c ****   /* USER CODE BEGIN I2C1_MspInit 1 */
 195:Core/Src/stm32l4xx_hal_msp.c **** 
 196:Core/Src/stm32l4xx_hal_msp.c ****   /* USER CODE END I2C1_MspInit 1 */
 197:Core/Src/stm32l4xx_hal_msp.c ****   }
 198:Core/Src/stm32l4xx_hal_msp.c **** 
 199:Core/Src/stm32l4xx_hal_msp.c **** }
 390              		.loc 1 199 1
 391 009c 00BF     		nop
 392 009e 7837     		adds	r7, r7, #120
 393              	.LCFI18:
 394              		.cfi_def_cfa_offset 8
 395 00a0 BD46     		mov	sp, r7
 396              	.LCFI19:
 397              		.cfi_def_cfa_register 13
 398              		@ sp needed
 399 00a2 80BD     		pop	{r7, pc}
 400              	.L19:
 401              		.align	2
 402              	.L18:
 403 00a4 00540040 		.word	1073763328
 404 00a8 00100240 		.word	1073876992
 405 00ac 00040048 		.word	1207960576
 406              		.cfi_endproc
 407              	.LFE135:
 409              		.section	.text.HAL_I2C_MspDeInit,"ax",%progbits
 410              		.align	1
 411              		.global	HAL_I2C_MspDeInit
 412              		.syntax unified
 413              		.thumb
 414              		.thumb_func
 416              	HAL_I2C_MspDeInit:
 417              	.LFB136:
 200:Core/Src/stm32l4xx_hal_msp.c **** 
 201:Core/Src/stm32l4xx_hal_msp.c **** /**
 202:Core/Src/stm32l4xx_hal_msp.c **** * @brief I2C MSP De-Initialization
 203:Core/Src/stm32l4xx_hal_msp.c **** * This function freeze the hardware resources used in this example
 204:Core/Src/stm32l4xx_hal_msp.c **** * @param hi2c: I2C handle pointer
 205:Core/Src/stm32l4xx_hal_msp.c **** * @retval None
 206:Core/Src/stm32l4xx_hal_msp.c **** */
 207:Core/Src/stm32l4xx_hal_msp.c **** void HAL_I2C_MspDeInit(I2C_HandleTypeDef* hi2c)
 208:Core/Src/stm32l4xx_hal_msp.c **** {
 418              		.loc 1 208 1
 419              		.cfi_startproc
 420              		@ args = 0, pretend = 0, frame = 8
 421              		@ frame_needed = 1, uses_anonymous_args = 0
 422 0000 80B5     		push	{r7, lr}
 423              	.LCFI20:
 424              		.cfi_def_cfa_offset 8
 425              		.cfi_offset 7, -8
 426              		.cfi_offset 14, -4
 427 0002 82B0     		sub	sp, sp, #8
 428              	.LCFI21:
ARM GAS  /tmp/cc3U2tZ2.s 			page 12


 429              		.cfi_def_cfa_offset 16
 430 0004 00AF     		add	r7, sp, #0
 431              	.LCFI22:
 432              		.cfi_def_cfa_register 7
 433 0006 7860     		str	r0, [r7, #4]
 209:Core/Src/stm32l4xx_hal_msp.c ****   if(hi2c->Instance==I2C1)
 434              		.loc 1 209 10
 435 0008 7B68     		ldr	r3, [r7, #4]
 436 000a 1B68     		ldr	r3, [r3]
 437              		.loc 1 209 5
 438 000c 0A4A     		ldr	r2, .L23
 439 000e 9342     		cmp	r3, r2
 440 0010 0DD1     		bne	.L22
 210:Core/Src/stm32l4xx_hal_msp.c ****   {
 211:Core/Src/stm32l4xx_hal_msp.c ****   /* USER CODE BEGIN I2C1_MspDeInit 0 */
 212:Core/Src/stm32l4xx_hal_msp.c **** 
 213:Core/Src/stm32l4xx_hal_msp.c ****   /* USER CODE END I2C1_MspDeInit 0 */
 214:Core/Src/stm32l4xx_hal_msp.c ****     /* Peripheral clock disable */
 215:Core/Src/stm32l4xx_hal_msp.c ****     __HAL_RCC_I2C1_CLK_DISABLE();
 441              		.loc 1 215 5
 442 0012 0A4B     		ldr	r3, .L23+4
 443 0014 9B6D     		ldr	r3, [r3, #88]
 444 0016 094A     		ldr	r2, .L23+4
 445 0018 23F40013 		bic	r3, r3, #2097152
 446 001c 9365     		str	r3, [r2, #88]
 216:Core/Src/stm32l4xx_hal_msp.c **** 
 217:Core/Src/stm32l4xx_hal_msp.c ****     /**I2C1 GPIO Configuration
 218:Core/Src/stm32l4xx_hal_msp.c ****     PB6     ------> I2C1_SCL
 219:Core/Src/stm32l4xx_hal_msp.c ****     PB7     ------> I2C1_SDA
 220:Core/Src/stm32l4xx_hal_msp.c ****     */
 221:Core/Src/stm32l4xx_hal_msp.c ****     HAL_GPIO_DeInit(GPIOB, GPIO_PIN_6);
 447              		.loc 1 221 5
 448 001e 4021     		movs	r1, #64
 449 0020 0748     		ldr	r0, .L23+8
 450 0022 FFF7FEFF 		bl	HAL_GPIO_DeInit
 222:Core/Src/stm32l4xx_hal_msp.c **** 
 223:Core/Src/stm32l4xx_hal_msp.c ****     HAL_GPIO_DeInit(GPIOB, GPIO_PIN_7);
 451              		.loc 1 223 5
 452 0026 8021     		movs	r1, #128
 453 0028 0548     		ldr	r0, .L23+8
 454 002a FFF7FEFF 		bl	HAL_GPIO_DeInit
 455              	.L22:
 224:Core/Src/stm32l4xx_hal_msp.c **** 
 225:Core/Src/stm32l4xx_hal_msp.c ****   /* USER CODE BEGIN I2C1_MspDeInit 1 */
 226:Core/Src/stm32l4xx_hal_msp.c **** 
 227:Core/Src/stm32l4xx_hal_msp.c ****   /* USER CODE END I2C1_MspDeInit 1 */
 228:Core/Src/stm32l4xx_hal_msp.c ****   }
 229:Core/Src/stm32l4xx_hal_msp.c **** 
 230:Core/Src/stm32l4xx_hal_msp.c **** }
 456              		.loc 1 230 1
 457 002e 00BF     		nop
 458 0030 0837     		adds	r7, r7, #8
 459              	.LCFI23:
 460              		.cfi_def_cfa_offset 8
 461 0032 BD46     		mov	sp, r7
 462              	.LCFI24:
 463              		.cfi_def_cfa_register 13
ARM GAS  /tmp/cc3U2tZ2.s 			page 13


 464              		@ sp needed
 465 0034 80BD     		pop	{r7, pc}
 466              	.L24:
 467 0036 00BF     		.align	2
 468              	.L23:
 469 0038 00540040 		.word	1073763328
 470 003c 00100240 		.word	1073876992
 471 0040 00040048 		.word	1207960576
 472              		.cfi_endproc
 473              	.LFE136:
 475              		.section	.text.HAL_UART_MspInit,"ax",%progbits
 476              		.align	1
 477              		.global	HAL_UART_MspInit
 478              		.syntax unified
 479              		.thumb
 480              		.thumb_func
 482              	HAL_UART_MspInit:
 483              	.LFB137:
 231:Core/Src/stm32l4xx_hal_msp.c **** 
 232:Core/Src/stm32l4xx_hal_msp.c **** /**
 233:Core/Src/stm32l4xx_hal_msp.c **** * @brief UART MSP Initialization
 234:Core/Src/stm32l4xx_hal_msp.c **** * This function configures the hardware resources used in this example
 235:Core/Src/stm32l4xx_hal_msp.c **** * @param huart: UART handle pointer
 236:Core/Src/stm32l4xx_hal_msp.c **** * @retval None
 237:Core/Src/stm32l4xx_hal_msp.c **** */
 238:Core/Src/stm32l4xx_hal_msp.c **** void HAL_UART_MspInit(UART_HandleTypeDef* huart)
 239:Core/Src/stm32l4xx_hal_msp.c **** {
 484              		.loc 1 239 1
 485              		.cfi_startproc
 486              		@ args = 0, pretend = 0, frame = 128
 487              		@ frame_needed = 1, uses_anonymous_args = 0
 488 0000 80B5     		push	{r7, lr}
 489              	.LCFI25:
 490              		.cfi_def_cfa_offset 8
 491              		.cfi_offset 7, -8
 492              		.cfi_offset 14, -4
 493 0002 A0B0     		sub	sp, sp, #128
 494              	.LCFI26:
 495              		.cfi_def_cfa_offset 136
 496 0004 00AF     		add	r7, sp, #0
 497              	.LCFI27:
 498              		.cfi_def_cfa_register 7
 499 0006 7860     		str	r0, [r7, #4]
 240:Core/Src/stm32l4xx_hal_msp.c ****   GPIO_InitTypeDef GPIO_InitStruct = {0};
 500              		.loc 1 240 20
 501 0008 07F16C03 		add	r3, r7, #108
 502 000c 0022     		movs	r2, #0
 503 000e 1A60     		str	r2, [r3]
 504 0010 5A60     		str	r2, [r3, #4]
 505 0012 9A60     		str	r2, [r3, #8]
 506 0014 DA60     		str	r2, [r3, #12]
 507 0016 1A61     		str	r2, [r3, #16]
 241:Core/Src/stm32l4xx_hal_msp.c ****   RCC_PeriphCLKInitTypeDef PeriphClkInit = {0};
 508              		.loc 1 241 28
 509 0018 07F11803 		add	r3, r7, #24
 510 001c 5422     		movs	r2, #84
 511 001e 0021     		movs	r1, #0
ARM GAS  /tmp/cc3U2tZ2.s 			page 14


 512 0020 1846     		mov	r0, r3
 513 0022 FFF7FEFF 		bl	memset
 242:Core/Src/stm32l4xx_hal_msp.c ****   if(huart->Instance==USART1)
 514              		.loc 1 242 11
 515 0026 7B68     		ldr	r3, [r7, #4]
 516 0028 1B68     		ldr	r3, [r3]
 517              		.loc 1 242 5
 518 002a 2D4A     		ldr	r2, .L29
 519 002c 9342     		cmp	r3, r2
 520 002e 53D1     		bne	.L28
 243:Core/Src/stm32l4xx_hal_msp.c ****   {
 244:Core/Src/stm32l4xx_hal_msp.c ****   /* USER CODE BEGIN USART1_MspInit 0 */
 245:Core/Src/stm32l4xx_hal_msp.c **** 
 246:Core/Src/stm32l4xx_hal_msp.c ****   /* USER CODE END USART1_MspInit 0 */
 247:Core/Src/stm32l4xx_hal_msp.c **** 
 248:Core/Src/stm32l4xx_hal_msp.c ****   /** Initializes the peripherals clock
 249:Core/Src/stm32l4xx_hal_msp.c ****   */
 250:Core/Src/stm32l4xx_hal_msp.c ****     PeriphClkInit.PeriphClockSelection = RCC_PERIPHCLK_USART1;
 521              		.loc 1 250 40
 522 0030 0123     		movs	r3, #1
 523 0032 BB61     		str	r3, [r7, #24]
 251:Core/Src/stm32l4xx_hal_msp.c ****     PeriphClkInit.Usart1ClockSelection = RCC_USART1CLKSOURCE_PCLK2;
 524              		.loc 1 251 40
 525 0034 0023     		movs	r3, #0
 526 0036 BB63     		str	r3, [r7, #56]
 252:Core/Src/stm32l4xx_hal_msp.c ****     if (HAL_RCCEx_PeriphCLKConfig(&PeriphClkInit) != HAL_OK)
 527              		.loc 1 252 9
 528 0038 07F11803 		add	r3, r7, #24
 529 003c 1846     		mov	r0, r3
 530 003e FFF7FEFF 		bl	HAL_RCCEx_PeriphCLKConfig
 531 0042 0346     		mov	r3, r0
 532              		.loc 1 252 8
 533 0044 002B     		cmp	r3, #0
 534 0046 01D0     		beq	.L27
 253:Core/Src/stm32l4xx_hal_msp.c ****     {
 254:Core/Src/stm32l4xx_hal_msp.c ****       Error_Handler();
 535              		.loc 1 254 7
 536 0048 FFF7FEFF 		bl	Error_Handler
 537              	.L27:
 538              	.LBB8:
 255:Core/Src/stm32l4xx_hal_msp.c ****     }
 256:Core/Src/stm32l4xx_hal_msp.c **** 
 257:Core/Src/stm32l4xx_hal_msp.c ****     /* Peripheral clock enable */
 258:Core/Src/stm32l4xx_hal_msp.c ****     __HAL_RCC_USART1_CLK_ENABLE();
 539              		.loc 1 258 5
 540 004c 254B     		ldr	r3, .L29+4
 541 004e 1B6E     		ldr	r3, [r3, #96]
 542 0050 244A     		ldr	r2, .L29+4
 543 0052 43F48043 		orr	r3, r3, #16384
 544 0056 1366     		str	r3, [r2, #96]
 545 0058 224B     		ldr	r3, .L29+4
 546 005a 1B6E     		ldr	r3, [r3, #96]
 547 005c 03F48043 		and	r3, r3, #16384
 548 0060 7B61     		str	r3, [r7, #20]
 549 0062 7B69     		ldr	r3, [r7, #20]
 550              	.LBE8:
 551              	.LBB9:
ARM GAS  /tmp/cc3U2tZ2.s 			page 15


 259:Core/Src/stm32l4xx_hal_msp.c **** 
 260:Core/Src/stm32l4xx_hal_msp.c ****     __HAL_RCC_GPIOA_CLK_ENABLE();
 552              		.loc 1 260 5
 553 0064 1F4B     		ldr	r3, .L29+4
 554 0066 DB6C     		ldr	r3, [r3, #76]
 555 0068 1E4A     		ldr	r2, .L29+4
 556 006a 43F00103 		orr	r3, r3, #1
 557 006e D364     		str	r3, [r2, #76]
 558 0070 1C4B     		ldr	r3, .L29+4
 559 0072 DB6C     		ldr	r3, [r3, #76]
 560 0074 03F00103 		and	r3, r3, #1
 561 0078 3B61     		str	r3, [r7, #16]
 562 007a 3B69     		ldr	r3, [r7, #16]
 563              	.LBE9:
 564              	.LBB10:
 261:Core/Src/stm32l4xx_hal_msp.c ****     __HAL_RCC_GPIOB_CLK_ENABLE();
 565              		.loc 1 261 5
 566 007c 194B     		ldr	r3, .L29+4
 567 007e DB6C     		ldr	r3, [r3, #76]
 568 0080 184A     		ldr	r2, .L29+4
 569 0082 43F00203 		orr	r3, r3, #2
 570 0086 D364     		str	r3, [r2, #76]
 571 0088 164B     		ldr	r3, .L29+4
 572 008a DB6C     		ldr	r3, [r3, #76]
 573 008c 03F00203 		and	r3, r3, #2
 574 0090 FB60     		str	r3, [r7, #12]
 575 0092 FB68     		ldr	r3, [r7, #12]
 576              	.LBE10:
 262:Core/Src/stm32l4xx_hal_msp.c ****     /**USART1 GPIO Configuration
 263:Core/Src/stm32l4xx_hal_msp.c ****     PA9     ------> USART1_TX
 264:Core/Src/stm32l4xx_hal_msp.c ****     PA10     ------> USART1_RX
 265:Core/Src/stm32l4xx_hal_msp.c ****     PB3 (JTDO-TRACESWO)     ------> USART1_RTS
 266:Core/Src/stm32l4xx_hal_msp.c ****     PB4 (NJTRST)     ------> USART1_CTS
 267:Core/Src/stm32l4xx_hal_msp.c ****     */
 268:Core/Src/stm32l4xx_hal_msp.c ****     GPIO_InitStruct.Pin = GPIO_PIN_9|GPIO_PIN_10;
 577              		.loc 1 268 25
 578 0094 4FF4C063 		mov	r3, #1536
 579 0098 FB66     		str	r3, [r7, #108]
 269:Core/Src/stm32l4xx_hal_msp.c ****     GPIO_InitStruct.Mode = GPIO_MODE_AF_PP;
 580              		.loc 1 269 26
 581 009a 0223     		movs	r3, #2
 582 009c 3B67     		str	r3, [r7, #112]
 270:Core/Src/stm32l4xx_hal_msp.c ****     GPIO_InitStruct.Pull = GPIO_NOPULL;
 583              		.loc 1 270 26
 584 009e 0023     		movs	r3, #0
 585 00a0 7B67     		str	r3, [r7, #116]
 271:Core/Src/stm32l4xx_hal_msp.c ****     GPIO_InitStruct.Speed = GPIO_SPEED_FREQ_VERY_HIGH;
 586              		.loc 1 271 27
 587 00a2 0323     		movs	r3, #3
 588 00a4 BB67     		str	r3, [r7, #120]
 272:Core/Src/stm32l4xx_hal_msp.c ****     GPIO_InitStruct.Alternate = GPIO_AF7_USART1;
 589              		.loc 1 272 31
 590 00a6 0723     		movs	r3, #7
 591 00a8 FB67     		str	r3, [r7, #124]
 273:Core/Src/stm32l4xx_hal_msp.c ****     HAL_GPIO_Init(GPIOA, &GPIO_InitStruct);
 592              		.loc 1 273 5
 593 00aa 07F16C03 		add	r3, r7, #108
ARM GAS  /tmp/cc3U2tZ2.s 			page 16


 594 00ae 1946     		mov	r1, r3
 595 00b0 4FF09040 		mov	r0, #1207959552
 596 00b4 FFF7FEFF 		bl	HAL_GPIO_Init
 274:Core/Src/stm32l4xx_hal_msp.c **** 
 275:Core/Src/stm32l4xx_hal_msp.c ****     GPIO_InitStruct.Pin = GPIO_PIN_3|GPIO_PIN_4;
 597              		.loc 1 275 25
 598 00b8 1823     		movs	r3, #24
 599 00ba FB66     		str	r3, [r7, #108]
 276:Core/Src/stm32l4xx_hal_msp.c ****     GPIO_InitStruct.Mode = GPIO_MODE_AF_PP;
 600              		.loc 1 276 26
 601 00bc 0223     		movs	r3, #2
 602 00be 3B67     		str	r3, [r7, #112]
 277:Core/Src/stm32l4xx_hal_msp.c ****     GPIO_InitStruct.Pull = GPIO_NOPULL;
 603              		.loc 1 277 26
 604 00c0 0023     		movs	r3, #0
 605 00c2 7B67     		str	r3, [r7, #116]
 278:Core/Src/stm32l4xx_hal_msp.c ****     GPIO_InitStruct.Speed = GPIO_SPEED_FREQ_VERY_HIGH;
 606              		.loc 1 278 27
 607 00c4 0323     		movs	r3, #3
 608 00c6 BB67     		str	r3, [r7, #120]
 279:Core/Src/stm32l4xx_hal_msp.c ****     GPIO_InitStruct.Alternate = GPIO_AF7_USART1;
 609              		.loc 1 279 31
 610 00c8 0723     		movs	r3, #7
 611 00ca FB67     		str	r3, [r7, #124]
 280:Core/Src/stm32l4xx_hal_msp.c ****     HAL_GPIO_Init(GPIOB, &GPIO_InitStruct);
 612              		.loc 1 280 5
 613 00cc 07F16C03 		add	r3, r7, #108
 614 00d0 1946     		mov	r1, r3
 615 00d2 0548     		ldr	r0, .L29+8
 616 00d4 FFF7FEFF 		bl	HAL_GPIO_Init
 617              	.L28:
 281:Core/Src/stm32l4xx_hal_msp.c **** 
 282:Core/Src/stm32l4xx_hal_msp.c ****   /* USER CODE BEGIN USART1_MspInit 1 */
 283:Core/Src/stm32l4xx_hal_msp.c **** 
 284:Core/Src/stm32l4xx_hal_msp.c ****   /* USER CODE END USART1_MspInit 1 */
 285:Core/Src/stm32l4xx_hal_msp.c ****   }
 286:Core/Src/stm32l4xx_hal_msp.c **** 
 287:Core/Src/stm32l4xx_hal_msp.c **** }
 618              		.loc 1 287 1
 619 00d8 00BF     		nop
 620 00da 8037     		adds	r7, r7, #128
 621              	.LCFI28:
 622              		.cfi_def_cfa_offset 8
 623 00dc BD46     		mov	sp, r7
 624              	.LCFI29:
 625              		.cfi_def_cfa_register 13
 626              		@ sp needed
 627 00de 80BD     		pop	{r7, pc}
 628              	.L30:
 629              		.align	2
 630              	.L29:
 631 00e0 00380140 		.word	1073821696
 632 00e4 00100240 		.word	1073876992
 633 00e8 00040048 		.word	1207960576
 634              		.cfi_endproc
 635              	.LFE137:
 637              		.section	.text.HAL_UART_MspDeInit,"ax",%progbits
ARM GAS  /tmp/cc3U2tZ2.s 			page 17


 638              		.align	1
 639              		.global	HAL_UART_MspDeInit
 640              		.syntax unified
 641              		.thumb
 642              		.thumb_func
 644              	HAL_UART_MspDeInit:
 645              	.LFB138:
 288:Core/Src/stm32l4xx_hal_msp.c **** 
 289:Core/Src/stm32l4xx_hal_msp.c **** /**
 290:Core/Src/stm32l4xx_hal_msp.c **** * @brief UART MSP De-Initialization
 291:Core/Src/stm32l4xx_hal_msp.c **** * This function freeze the hardware resources used in this example
 292:Core/Src/stm32l4xx_hal_msp.c **** * @param huart: UART handle pointer
 293:Core/Src/stm32l4xx_hal_msp.c **** * @retval None
 294:Core/Src/stm32l4xx_hal_msp.c **** */
 295:Core/Src/stm32l4xx_hal_msp.c **** void HAL_UART_MspDeInit(UART_HandleTypeDef* huart)
 296:Core/Src/stm32l4xx_hal_msp.c **** {
 646              		.loc 1 296 1
 647              		.cfi_startproc
 648              		@ args = 0, pretend = 0, frame = 8
 649              		@ frame_needed = 1, uses_anonymous_args = 0
 650 0000 80B5     		push	{r7, lr}
 651              	.LCFI30:
 652              		.cfi_def_cfa_offset 8
 653              		.cfi_offset 7, -8
 654              		.cfi_offset 14, -4
 655 0002 82B0     		sub	sp, sp, #8
 656              	.LCFI31:
 657              		.cfi_def_cfa_offset 16
 658 0004 00AF     		add	r7, sp, #0
 659              	.LCFI32:
 660              		.cfi_def_cfa_register 7
 661 0006 7860     		str	r0, [r7, #4]
 297:Core/Src/stm32l4xx_hal_msp.c ****   if(huart->Instance==USART1)
 662              		.loc 1 297 11
 663 0008 7B68     		ldr	r3, [r7, #4]
 664 000a 1B68     		ldr	r3, [r3]
 665              		.loc 1 297 5
 666 000c 0B4A     		ldr	r2, .L34
 667 000e 9342     		cmp	r3, r2
 668 0010 0FD1     		bne	.L33
 298:Core/Src/stm32l4xx_hal_msp.c ****   {
 299:Core/Src/stm32l4xx_hal_msp.c ****   /* USER CODE BEGIN USART1_MspDeInit 0 */
 300:Core/Src/stm32l4xx_hal_msp.c **** 
 301:Core/Src/stm32l4xx_hal_msp.c ****   /* USER CODE END USART1_MspDeInit 0 */
 302:Core/Src/stm32l4xx_hal_msp.c ****     /* Peripheral clock disable */
 303:Core/Src/stm32l4xx_hal_msp.c ****     __HAL_RCC_USART1_CLK_DISABLE();
 669              		.loc 1 303 5
 670 0012 0B4B     		ldr	r3, .L34+4
 671 0014 1B6E     		ldr	r3, [r3, #96]
 672 0016 0A4A     		ldr	r2, .L34+4
 673 0018 23F48043 		bic	r3, r3, #16384
 674 001c 1366     		str	r3, [r2, #96]
 304:Core/Src/stm32l4xx_hal_msp.c **** 
 305:Core/Src/stm32l4xx_hal_msp.c ****     /**USART1 GPIO Configuration
 306:Core/Src/stm32l4xx_hal_msp.c ****     PA9     ------> USART1_TX
 307:Core/Src/stm32l4xx_hal_msp.c ****     PA10     ------> USART1_RX
 308:Core/Src/stm32l4xx_hal_msp.c ****     PB3 (JTDO-TRACESWO)     ------> USART1_RTS
ARM GAS  /tmp/cc3U2tZ2.s 			page 18


 309:Core/Src/stm32l4xx_hal_msp.c ****     PB4 (NJTRST)     ------> USART1_CTS
 310:Core/Src/stm32l4xx_hal_msp.c ****     */
 311:Core/Src/stm32l4xx_hal_msp.c ****     HAL_GPIO_DeInit(GPIOA, GPIO_PIN_9|GPIO_PIN_10);
 675              		.loc 1 311 5
 676 001e 4FF4C061 		mov	r1, #1536
 677 0022 4FF09040 		mov	r0, #1207959552
 678 0026 FFF7FEFF 		bl	HAL_GPIO_DeInit
 312:Core/Src/stm32l4xx_hal_msp.c **** 
 313:Core/Src/stm32l4xx_hal_msp.c ****     HAL_GPIO_DeInit(GPIOB, GPIO_PIN_3|GPIO_PIN_4);
 679              		.loc 1 313 5
 680 002a 1821     		movs	r1, #24
 681 002c 0548     		ldr	r0, .L34+8
 682 002e FFF7FEFF 		bl	HAL_GPIO_DeInit
 683              	.L33:
 314:Core/Src/stm32l4xx_hal_msp.c **** 
 315:Core/Src/stm32l4xx_hal_msp.c ****   /* USER CODE BEGIN USART1_MspDeInit 1 */
 316:Core/Src/stm32l4xx_hal_msp.c **** 
 317:Core/Src/stm32l4xx_hal_msp.c ****   /* USER CODE END USART1_MspDeInit 1 */
 318:Core/Src/stm32l4xx_hal_msp.c ****   }
 319:Core/Src/stm32l4xx_hal_msp.c **** 
 320:Core/Src/stm32l4xx_hal_msp.c **** }
 684              		.loc 1 320 1
 685 0032 00BF     		nop
 686 0034 0837     		adds	r7, r7, #8
 687              	.LCFI33:
 688              		.cfi_def_cfa_offset 8
 689 0036 BD46     		mov	sp, r7
 690              	.LCFI34:
 691              		.cfi_def_cfa_register 13
 692              		@ sp needed
 693 0038 80BD     		pop	{r7, pc}
 694              	.L35:
 695 003a 00BF     		.align	2
 696              	.L34:
 697 003c 00380140 		.word	1073821696
 698 0040 00100240 		.word	1073876992
 699 0044 00040048 		.word	1207960576
 700              		.cfi_endproc
 701              	.LFE138:
 703              		.text
 704              	.Letext0:
 705              		.file 2 "/usr/share/gcc-arm-none-eabi-10.3-2021.10/arm-none-eabi/include/machine/_default_types.h"
 706              		.file 3 "/usr/share/gcc-arm-none-eabi-10.3-2021.10/arm-none-eabi/include/sys/_stdint.h"
 707              		.file 4 "Drivers/CMSIS/Device/ST/STM32L4xx/Include/stm32l432xx.h"
 708              		.file 5 "Drivers/CMSIS/Device/ST/STM32L4xx/Include/stm32l4xx.h"
 709              		.file 6 "Drivers/STM32L4xx_HAL_Driver/Inc/stm32l4xx_hal_def.h"
 710              		.file 7 "Drivers/STM32L4xx_HAL_Driver/Inc/stm32l4xx_hal_rcc_ex.h"
 711              		.file 8 "Drivers/STM32L4xx_HAL_Driver/Inc/stm32l4xx_hal_gpio.h"
 712              		.file 9 "Drivers/STM32L4xx_HAL_Driver/Inc/stm32l4xx_hal_dma.h"
 713              		.file 10 "Drivers/STM32L4xx_HAL_Driver/Inc/stm32l4xx_hal_can.h"
 714              		.file 11 "Drivers/STM32L4xx_HAL_Driver/Inc/stm32l4xx_hal_i2c.h"
 715              		.file 12 "Drivers/STM32L4xx_HAL_Driver/Inc/stm32l4xx_hal_uart.h"
ARM GAS  /tmp/cc3U2tZ2.s 			page 19


DEFINED SYMBOLS
                            *ABS*:0000000000000000 stm32l4xx_hal_msp.c
     /tmp/cc3U2tZ2.s:20     .text.HAL_MspInit:0000000000000000 $t
     /tmp/cc3U2tZ2.s:26     .text.HAL_MspInit:0000000000000000 HAL_MspInit
     /tmp/cc3U2tZ2.s:88     .text.HAL_MspInit:000000000000004c $d
     /tmp/cc3U2tZ2.s:93     .text.HAL_CAN_MspInit:0000000000000000 $t
     /tmp/cc3U2tZ2.s:99     .text.HAL_CAN_MspInit:0000000000000000 HAL_CAN_MspInit
     /tmp/cc3U2tZ2.s:208    .text.HAL_CAN_MspInit:00000000000000a0 $d
     /tmp/cc3U2tZ2.s:214    .text.HAL_CAN_MspDeInit:0000000000000000 $t
     /tmp/cc3U2tZ2.s:220    .text.HAL_CAN_MspDeInit:0000000000000000 HAL_CAN_MspDeInit
     /tmp/cc3U2tZ2.s:275    .text.HAL_CAN_MspDeInit:0000000000000040 $d
     /tmp/cc3U2tZ2.s:281    .text.HAL_I2C_MspInit:0000000000000000 $t
     /tmp/cc3U2tZ2.s:287    .text.HAL_I2C_MspInit:0000000000000000 HAL_I2C_MspInit
     /tmp/cc3U2tZ2.s:403    .text.HAL_I2C_MspInit:00000000000000a4 $d
     /tmp/cc3U2tZ2.s:410    .text.HAL_I2C_MspDeInit:0000000000000000 $t
     /tmp/cc3U2tZ2.s:416    .text.HAL_I2C_MspDeInit:0000000000000000 HAL_I2C_MspDeInit
     /tmp/cc3U2tZ2.s:469    .text.HAL_I2C_MspDeInit:0000000000000038 $d
     /tmp/cc3U2tZ2.s:476    .text.HAL_UART_MspInit:0000000000000000 $t
     /tmp/cc3U2tZ2.s:482    .text.HAL_UART_MspInit:0000000000000000 HAL_UART_MspInit
     /tmp/cc3U2tZ2.s:631    .text.HAL_UART_MspInit:00000000000000e0 $d
     /tmp/cc3U2tZ2.s:638    .text.HAL_UART_MspDeInit:0000000000000000 $t
     /tmp/cc3U2tZ2.s:644    .text.HAL_UART_MspDeInit:0000000000000000 HAL_UART_MspDeInit
     /tmp/cc3U2tZ2.s:697    .text.HAL_UART_MspDeInit:000000000000003c $d
                           .group:0000000000000000 wm4.0.7c07f3f6b993d5df097fdb8d3ce9a6de
                           .group:0000000000000000 wm4.stm32l4xx_hal_conf.h.25.67df7bfb263225dfcb11ad6d535659e5
                           .group:0000000000000000 wm4.stm32l4xx.h.38.13610480d662c5d808817940a37afcf4
                           .group:0000000000000000 wm4.stm32l432xx.h.34.64bfd283c23d6d1aa5faea715519c36d
                           .group:0000000000000000 wm4._newlib_version.h.4.bfdf54b0af045d4a71376ae00f63a22c
                           .group:0000000000000000 wm4.features.h.33.318b64d71e0957639cfb30f1db1f7ec8
                           .group:0000000000000000 wm4._default_types.h.15.247e5cd201eca3442cbf5404108c4935
                           .group:0000000000000000 wm4._intsup.h.10.48bafbb683905c4daa4565a85aeeb264
                           .group:0000000000000000 wm4._stdint.h.10.c24fa3af3bc1706662bb5593a907e841
                           .group:0000000000000000 wm4.stdint.h.23.d53047a68f4a85177f80b422d52785ed
                           .group:0000000000000000 wm4.cmsis_version.h.32.46e8eccfa2cfeaae11d008bb2823a3ed
                           .group:0000000000000000 wm4.core_cm4.h.66.e4ff136c4a17abc46741866f64f8e729
                           .group:0000000000000000 wm4.cmsis_gcc.h.26.78077cef1206e937f7b56043ffca496a
                           .group:0000000000000000 wm4.core_cm4.h.174.fcddd62df80231752fa39eb9b61dadfe
                           .group:0000000000000000 wm4.mpu_armv7.h.32.4049752bb5792d4e15357775e9506cfc
                           .group:0000000000000000 wm4.stm32l432xx.h.380.93d43fb335c0ebed2f7b80a16f382831
                           .group:0000000000000000 wm4.stm32l4xx.h.196.f5ae8047c57b6175c94f246ef967a286
                           .group:0000000000000000 wm4.stm32_hal_legacy.h.22.60f4b739ef84b68a7e7ed16e5103575e
                           .group:0000000000000000 wm4.stddef.h.39.144cf5ddcd53cbfdac30259dc1a6c87f
                           .group:0000000000000000 wm4.stm32l4xx_hal_def.h.57.b521302d6c089e94008be04ada42518c
                           .group:0000000000000000 wm4.stm32l4xx_hal_rcc.h.156.c2cf90ca16490b11bfea6d5b9c02447d
                           .group:0000000000000000 wm4.stm32l4xx_hal_rcc_ex.h.20.9d2cd8406af411ccecbbc69175fe86df
                           .group:0000000000000000 wm4.stm32l4xx_hal_gpio.h.21.2d2b1fd6aa6afa7b6dcc89cf752a9a25
                           .group:0000000000000000 wm4.stm32l4xx_hal_gpio_ex.h.21.bbbc787a7485a4871211b5fa6c8b588b
                           .group:0000000000000000 wm4.stm32l4xx_hal_dma.h.21.85535a9033ff7e527296f1cd4943a831
                           .group:0000000000000000 wm4.stm32l4xx_hal_cortex.h.21.94fe10dd50baf2cef42a470b44b9074a
                           .group:0000000000000000 wm4.stm32l4xx_hal_can.h.21.b5d46d7f01b4bc61c276be2c4b59db6b
                           .group:0000000000000000 wm4.stm32l4xx_hal_exti.h.21.d3645023ea960a07b41f6c9b90a2ecc4
                           .group:0000000000000000 wm4.stm32l4xx_hal_flash.h.20.3f4ef626abeefd93430968dc6defca64
                           .group:0000000000000000 wm4.stm32l4xx_hal_flash.h.848.b5e1a92ab03fcd2ac5572c217f864bbd
                           .group:0000000000000000 wm4.stm32l4xx_hal_i2c.h.21.1c548a113da5711525bbba5ee1988cbd
                           .group:0000000000000000 wm4.stm32l4xx_hal_i2c_ex.h.21.a624122f67715a687a1d5f17f7841251
                           .group:0000000000000000 wm4.stm32l4xx_hal_i2c.h.738.08f9916803fd1d9db10b6451187300a7
                           .group:0000000000000000 wm4.stm32l4xx_hal_pwr.h.21.7ddab2caa97243c36e496eca17b27618
ARM GAS  /tmp/cc3U2tZ2.s 			page 20


                           .group:0000000000000000 wm4.stm32l4xx_hal_pwr_ex.h.21.5c96c6ce2d8c449959a988a298b6fd6b
                           .group:0000000000000000 wm4.stm32l4xx_hal_tim.h.21.514f1bd267cd24adfb57081a913ef29f
                           .group:0000000000000000 wm4.stm32l4xx_hal_tim_ex.h.21.fc4cf6652f188acb945f023f83d5be40
                           .group:0000000000000000 wm4.stm32l4xx_hal_uart.h.21.fc846d838d179e557421cc5a6a90c71c
                           .group:0000000000000000 wm4.stm32l4xx_hal_uart_ex.h.21.a0d4c7c414dffdc178f0a3a708ac77ea
                           .group:0000000000000000 wm4.stm32l4xx_hal.h.75.771e267559f2fdcd4148207229da2f39
                           .group:0000000000000000 wm4.main.h.60.84418a90fcd58ba06baa4da515eb273a

UNDEFINED SYMBOLS
HAL_NVIC_SetPriority
HAL_GPIO_Init
HAL_NVIC_EnableIRQ
HAL_GPIO_DeInit
HAL_NVIC_DisableIRQ
memset
HAL_RCCEx_PeriphCLKConfig
Error_Handler
