2024-11-23 15:01:00,427 [INFO] Activator:176 - 


2024-11-23 15:01:00,433 [INFO] Activator:177 - !SESSION log4j initialized
2024-11-23 15:01:16,092 [INFO] LogOutputStream:77 - [STDOUT_REDIRECT] 
2024-11-23 15:01:18,923 [INFO] ApplicationProperties:184 - Using Application install path: C:\ST\STM32CubeIDE_1.13.2\STM32CubeIDE\plugins\com.st.stm32cube.common.mx_6.9.2.202309101412
2024-11-23 15:01:18,960 [INFO] DbMcusXml:78 - Set database path to: C:\ST\STM32CubeIDE_1.13.2\STM32CubeIDE\plugins\com.st.stm32cube.common.mx_6.9.2.202309101412\\db\/mcu/
2024-11-23 15:01:18,960 [INFO] ApiDb:274 - Set plugin database path to: C:\ST\STM32CubeIDE_1.13.2\STM32CubeIDE\plugins\com.st.stm32cube.common.mx_6.9.2.202309101412\\db\/plugins/boardmanager/
2024-11-23 15:01:18,961 [WARN] ApiDb:259 - Overriding images path with different value:  => C:\ST\STM32CubeIDE_1.13.2\STM32CubeIDE\plugins\com.st.stm32cube.common.mx_6.9.2.202309101412\\db\/plugins/mcufinder/images/
2024-11-23 15:01:18,985 [INFO] ApiDb:250 - Set database path to: C:\Users\gfran\.stmcufinder\plugins\mcufinder//mcu/
2024-11-23 15:01:18,987 [INFO] DbMcusAds:125 - Set database path to: C:\Users\gfran\.stmcufinder\plugins\mcufinder//mcu/
2024-11-23 15:01:18,990 [INFO] CrossReferenceDbSqlite:203 - Set database path to: C:\Users\gfran\.stmcufinder\plugins\mcufinder//mcu/cs/
2024-11-23 15:01:19,207 [INFO] RulesReader:64 - Compatibility file has been processed (293 Rules)
2024-11-23 15:01:19,403 [INFO] DbMcusXml:78 - Set database path to: C:\ST\STM32CubeIDE_1.13.2\STM32CubeIDE\plugins\com.st.stm32cube.common.mx_6.9.2.202309101412\\db\/mcu/
2024-11-23 15:01:19,403 [INFO] ApiDb:274 - Set plugin database path to: C:\ST\STM32CubeIDE_1.13.2\STM32CubeIDE\plugins\com.st.stm32cube.common.mx_6.9.2.202309101412\\db\/plugins/boardmanager/
2024-11-23 15:01:19,403 [INFO] ApiDb:261 - Set plugin images path to: C:\ST\STM32CubeIDE_1.13.2\STM32CubeIDE\plugins\com.st.stm32cube.common.mx_6.9.2.202309101412\\db\/plugins/mcufinder/images/
2024-11-23 15:01:19,404 [WARN] DbFile:41 - Overriding database path with different value: C:\Users\gfran\.stmcufinder\plugins\mcufinder/ => C:\Users\gfran\.stmcufinder\plugins\mcufinder
2024-11-23 15:01:19,404 [INFO] ApiDb:250 - Set database path to: C:\Users\gfran\.stmcufinder\plugins\mcufinder//mcu/
2024-11-23 15:01:19,404 [WARN] DbFile:41 - Overriding database path with different value: C:\Users\gfran\.stmcufinder\plugins\mcufinder/ => C:\Users\gfran\.stmcufinder\plugins\mcufinder
2024-11-23 15:01:19,404 [INFO] DbMcusAds:125 - Set database path to: C:\Users\gfran\.stmcufinder\plugins\mcufinder//mcu/
2024-11-23 15:01:19,404 [WARN] DbFile:41 - Overriding database path with different value: C:\Users\gfran\.stmcufinder\plugins\mcufinder/ => C:\Users\gfran\.stmcufinder\plugins\mcufinder
2024-11-23 15:01:19,404 [WARN] DbFile:41 - Overriding database path with different value: C:\Users\gfran\.stmcufinder\plugins\mcufinder/ => C:\Users\gfran\.stmcufinder\plugins\mcufinder
2024-11-23 15:01:19,404 [INFO] CrossReferenceDbSqlite:203 - Set database path to: C:\Users\gfran\.stmcufinder\plugins\mcufinder//mcu/cs/
2024-11-23 15:01:19,572 [INFO] MainPanel:262 - HeapMemory: 268435456
2024-11-23 15:01:19,722 [INFO] DbMcusXml:78 - Set database path to: C:\ST\STM32CubeIDE_1.13.2\STM32CubeIDE\plugins\com.st.stm32cube.common.mx_6.9.2.202309101412\\db\/mcu/
2024-11-23 15:01:19,722 [INFO] ApiDb:274 - Set plugin database path to: C:\ST\STM32CubeIDE_1.13.2\STM32CubeIDE\plugins\com.st.stm32cube.common.mx_6.9.2.202309101412\\db\/plugins/boardmanager/
2024-11-23 15:01:19,723 [INFO] ApiDb:261 - Set plugin images path to: C:\ST\STM32CubeIDE_1.13.2\STM32CubeIDE\plugins\com.st.stm32cube.common.mx_6.9.2.202309101412\\db\/plugins/mcufinder/images/
2024-11-23 15:01:19,723 [WARN] DbFile:41 - Overriding database path with different value: C:\Users\gfran\.stmcufinder\plugins\mcufinder/ => C:\Users\gfran\.stmcufinder\plugins\mcufinder
2024-11-23 15:01:19,724 [INFO] ApiDb:250 - Set database path to: C:\Users\gfran\.stmcufinder\plugins\mcufinder//mcu/
2024-11-23 15:01:19,724 [WARN] DbFile:41 - Overriding database path with different value: C:\Users\gfran\.stmcufinder\plugins\mcufinder/ => C:\Users\gfran\.stmcufinder\plugins\mcufinder
2024-11-23 15:01:19,724 [INFO] DbMcusAds:125 - Set database path to: C:\Users\gfran\.stmcufinder\plugins\mcufinder//mcu/
2024-11-23 15:01:19,724 [WARN] DbFile:41 - Overriding database path with different value: C:\Users\gfran\.stmcufinder\plugins\mcufinder/ => C:\Users\gfran\.stmcufinder\plugins\mcufinder
2024-11-23 15:01:19,724 [WARN] DbFile:41 - Overriding database path with different value: C:\Users\gfran\.stmcufinder\plugins\mcufinder/ => C:\Users\gfran\.stmcufinder\plugins\mcufinder
2024-11-23 15:01:19,724 [INFO] CrossReferenceDbSqlite:203 - Set database path to: C:\Users\gfran\.stmcufinder\plugins\mcufinder//mcu/cs/
2024-11-23 15:01:19,750 [INFO] ApplicationProperties:184 - Using Application install path: C:\ST\STM32CubeIDE_1.13.2\STM32CubeIDE\plugins\com.st.stm32cube.common.mx_6.9.2.202309101412
2024-11-23 15:01:19,753 [INFO] PluginManage:196 - Search for loadable plugins [exclusion list=, ]
2024-11-23 15:01:19,754 [INFO] PluginManage:310 - Check plugin analytics
2024-11-23 15:01:20,068 [INFO] AnalyticsPlugin:253 - Accepted Software Licenses: 
2024-11-23 15:01:20,069 [INFO] AnalyticsPlugin:255 - Accepted CMSIS Pack Licenses: 
2024-11-23 15:01:20,069 [INFO] AnalyticsPlugin:257 - Accepted Firmware Licenses: FW.L4.1.18.0,FW.G4.1.5.0
2024-11-23 15:01:20,076 [INFO] PluginManage:359 - Loaded plugin analytics (category:tool,tabindex:-1)
2024-11-23 15:01:20,077 [INFO] PluginManage:310 - Check plugin cadmodel
2024-11-23 15:01:20,112 [INFO] CADModel:105 - Init CAD model plugin
2024-11-23 15:01:20,113 [INFO] PluginManage:359 - Loaded plugin cadmodel (category:power,tabindex:5)
2024-11-23 15:01:20,113 [INFO] PluginManage:310 - Check plugin clock
2024-11-23 15:01:20,165 [INFO] PluginManage:359 - Loaded plugin clock (category:base,tabindex:2)
2024-11-23 15:01:20,166 [INFO] PluginManage:310 - Check plugin ddr
2024-11-23 15:01:20,175 [INFO] PluginManage:359 - Loaded plugin ddr (category:tool,tabindex:6)
2024-11-23 15:01:20,175 [INFO] PluginManage:310 - Check plugin filemanager
2024-11-23 15:01:20,431 [INFO] PluginManage:359 - Loaded plugin filemanager (category:base,tabindex:10)
2024-11-23 15:01:20,433 [INFO] PluginManage:310 - Check plugin ipmanager
2024-11-23 15:01:20,448 [INFO] PluginManage:359 - Loaded plugin ipmanager (category:base,tabindex:5)
2024-11-23 15:01:20,448 [INFO] PluginManage:310 - Check plugin lpbam
2024-11-23 15:01:20,491 [INFO] PluginManage:359 - Loaded plugin lpbam (category:base,tabindex:0)
2024-11-23 15:01:20,492 [INFO] PluginManage:310 - Check plugin memorymap
2024-11-23 15:01:20,541 [INFO] PluginManage:359 - Loaded plugin memorymap (category:base,tabindex:4)
2024-11-23 15:01:20,542 [INFO] PluginManage:310 - Check plugin pinoutandconfiguration
2024-11-23 15:01:20,581 [INFO] PluginManage:359 - Loaded plugin pinoutandconfiguration (category:base,tabindex:1)
2024-11-23 15:01:20,581 [INFO] PluginManage:310 - Check plugin pinoutconfig
2024-11-23 15:01:20,815 [WARN] SupportedApi:132 - Cannot load RTOS API schema: s4s-elt-must-match.1: The content of 'definitions' must match (annotation?, (simpleType | complexType)?, (unique | key | keyref)*)). A problem was found starting at: attribute.
2024-11-23 15:01:21,156 [INFO] PluginManage:359 - Loaded plugin pinoutconfig (category:base,tabindex:0)
2024-11-23 15:01:21,157 [INFO] PluginManage:310 - Check plugin power
2024-11-23 15:01:21,201 [INFO] PluginManage:359 - Loaded plugin power (category:power,tabindex:4)
2024-11-23 15:01:21,202 [INFO] PluginManage:310 - Check plugin projectmanager
2024-11-23 15:01:21,228 [INFO] PluginManage:359 - Loaded plugin projectmanager (category:projectmanager,tabindex:3)
2024-11-23 15:01:21,228 [INFO] PluginManage:310 - Check plugin thirdparty
2024-11-23 15:01:21,945 [INFO] PluginManage:359 - Loaded plugin thirdparty (category:base,tabindex:-1)
2024-11-23 15:01:21,945 [WARN] IntegrityCheckThread:84 - waiting for thirdparty lock release [integrity check]
2024-11-23 15:01:21,946 [INFO] IntegrityCheckThread:86 - entering critical section [integrity check]
2024-11-23 15:01:21,947 [INFO] PluginManage:310 - Check plugin tools
2024-11-23 15:01:21,948 [INFO] ThirdPartyUpdaterWithRetryManager:70 - Updater plugin not ready yet. [1/15]
2024-11-23 15:01:22,053 [INFO] PluginManage:359 - Loaded plugin tools (category:base,tabindex:7)
2024-11-23 15:01:22,053 [INFO] PluginManage:310 - Check plugin tutovideos
2024-11-23 15:01:22,466 [INFO] PluginManage:359 - Loaded plugin tutovideos (category:base,tabindex:-1)
2024-11-23 15:01:22,469 [INFO] PluginManage:310 - Check plugin updater
2024-11-23 15:01:22,496 [INFO] PluginManage:359 - Loaded plugin updater (category:base,tabindex:12)
2024-11-23 15:01:22,496 [INFO] PluginManage:310 - Check plugin userauth
2024-11-23 15:01:22,511 [INFO] UserAuth:113 - Init User Auth plugin
2024-11-23 15:01:22,511 [INFO] PluginManage:359 - Loaded plugin userauth (category:base,tabindex:14)
2024-11-23 15:01:22,512 [INFO] PluginManage:283 - PluginManage : Loaded plugins [17]
2024-11-23 15:01:22,908 [INFO] PinOutPanel:1499 - setPackage(No Configuration,No Configuration)
2024-11-23 15:01:23,073 [INFO] CADModel:165 - CPN selected for project level
2024-11-23 15:01:23,073 [INFO] CADModel:114 - Register for checkConnection events
2024-11-23 15:01:23,132 [INFO] IPUIPlugin:80 - create IPUIPlugin
2024-11-23 15:01:23,133 [INFO] PluginManager:220 - loadIPPluginJar : add adc
2024-11-23 15:01:23,192 [INFO] IPUIPlugin:80 - create IPUIPlugin
2024-11-23 15:01:23,192 [INFO] PluginManager:220 - loadIPPluginJar : add aes
2024-11-23 15:01:23,322 [INFO] IPUIPlugin:80 - create IPUIPlugin
2024-11-23 15:01:23,322 [INFO] PluginManager:220 - loadIPPluginJar : add can
2024-11-23 15:01:23,364 [INFO] IPUIPlugin:80 - create IPUIPlugin
2024-11-23 15:01:23,364 [INFO] PluginManager:220 - loadIPPluginJar : add comp
2024-11-23 15:01:23,454 [INFO] IPUIPlugin:80 - create IPUIPlugin
2024-11-23 15:01:23,454 [INFO] PluginManager:220 - loadIPPluginJar : add cryp
2024-11-23 15:01:23,539 [INFO] IPUIPlugin:80 - create IPUIPlugin
2024-11-23 15:01:23,539 [INFO] PluginManager:220 - loadIPPluginJar : add dfsdm
2024-11-23 15:01:23,573 [INFO] IPUIPlugin:80 - create IPUIPlugin
2024-11-23 15:01:23,574 [INFO] PluginManager:220 - loadIPPluginJar : add dma
2024-11-23 15:01:23,672 [INFO] IPUIPlugin:80 - create IPUIPlugin
2024-11-23 15:01:23,672 [INFO] PluginManager:220 - loadIPPluginJar : add dma3
2024-11-23 15:01:23,733 [INFO] IPUIPlugin:80 - create IPUIPlugin
2024-11-23 15:01:23,733 [INFO] PluginManager:220 - loadIPPluginJar : add fatfs
2024-11-23 15:01:23,879 [INFO] IPUIPlugin:80 - create IPUIPlugin
2024-11-23 15:01:23,879 [INFO] PluginManager:220 - loadIPPluginJar : add fmc
2024-11-23 15:01:23,908 [INFO] IPUIPlugin:80 - create IPUIPlugin
2024-11-23 15:01:23,909 [INFO] PluginManager:220 - loadIPPluginJar : add freertos
2024-11-23 15:01:23,971 [INFO] IPUIPlugin:80 - create IPUIPlugin
2024-11-23 15:01:23,972 [INFO] PluginManager:220 - loadIPPluginJar : add genericplugin
2024-11-23 15:01:24,257 [INFO] IPUIPlugin:80 - create IPUIPlugin
2024-11-23 15:01:24,257 [INFO] PluginManager:220 - loadIPPluginJar : add gfxmmu
2024-11-23 15:01:24,690 [INFO] IPUIPlugin:80 - create IPUIPlugin
2024-11-23 15:01:24,691 [INFO] PluginManager:220 - loadIPPluginJar : add gic
2024-11-23 15:01:24,733 [INFO] IPUIPlugin:80 - create IPUIPlugin
2024-11-23 15:01:24,734 [INFO] PluginManager:220 - loadIPPluginJar : add gpio
2024-11-23 15:01:24,949 [INFO] ThirdPartyUpdaterWithRetryManager:70 - Updater plugin not ready yet. [2/15]
2024-11-23 15:01:25,012 [INFO] IPUIPlugin:80 - create IPUIPlugin
2024-11-23 15:01:25,012 [INFO] PluginManager:220 - loadIPPluginJar : add gtzc
2024-11-23 15:01:25,106 [INFO] IPUIPlugin:80 - create IPUIPlugin
2024-11-23 15:01:25,106 [INFO] PluginManager:220 - loadIPPluginJar : add hash
2024-11-23 15:01:25,239 [INFO] IPUIPlugin:80 - create IPUIPlugin
2024-11-23 15:01:25,239 [INFO] PluginManager:220 - loadIPPluginJar : add i2c
2024-11-23 15:01:25,349 [INFO] IPUIPlugin:80 - create IPUIPlugin
2024-11-23 15:01:25,350 [INFO] PluginManager:220 - loadIPPluginJar : add i2s
2024-11-23 15:01:25,460 [INFO] IPUIPlugin:80 - create IPUIPlugin
2024-11-23 15:01:25,460 [INFO] PluginManager:220 - loadIPPluginJar : add i3c
2024-11-23 15:01:25,782 [INFO] IPUIPlugin:80 - create IPUIPlugin
2024-11-23 15:01:25,782 [INFO] PluginManager:220 - loadIPPluginJar : add ipddr
2024-11-23 15:01:26,084 [INFO] IPUIPlugin:80 - create IPUIPlugin
2024-11-23 15:01:26,084 [INFO] PluginManager:220 - loadIPPluginJar : add linkedlist
2024-11-23 15:01:26,227 [INFO] IPUIPlugin:80 - create IPUIPlugin
2024-11-23 15:01:26,229 [INFO] PluginManager:220 - loadIPPluginJar : add lorawan
2024-11-23 15:01:26,375 [INFO] IPUIPlugin:80 - create IPUIPlugin
2024-11-23 15:01:26,376 [INFO] PluginManager:220 - loadIPPluginJar : add ltdc
2024-11-23 15:01:26,420 [INFO] IPUIPlugin:80 - create IPUIPlugin
2024-11-23 15:01:26,421 [INFO] PluginManager:220 - loadIPPluginJar : add mdma
2024-11-23 15:01:26,446 [INFO] IPUIPlugin:80 - create IPUIPlugin
2024-11-23 15:01:26,447 [INFO] PluginManager:220 - loadIPPluginJar : add nvic
2024-11-23 15:01:26,549 [INFO] IPUIPlugin:80 - create IPUIPlugin
2024-11-23 15:01:26,549 [INFO] PluginManager:220 - loadIPPluginJar : add opamp
2024-11-23 15:01:26,700 [INFO] IPUIPlugin:80 - create IPUIPlugin
2024-11-23 15:01:26,701 [INFO] PluginManager:220 - loadIPPluginJar : add openamp
2024-11-23 15:01:26,802 [INFO] IPUIPlugin:80 - create IPUIPlugin
2024-11-23 15:01:26,803 [INFO] PluginManager:220 - loadIPPluginJar : add pdm2pcm
2024-11-23 15:01:26,829 [INFO] IPUIPlugin:80 - create IPUIPlugin
2024-11-23 15:01:26,834 [INFO] PluginManager:220 - loadIPPluginJar : add plateformsettings
2024-11-23 15:01:26,894 [INFO] IPUIPlugin:80 - create IPUIPlugin
2024-11-23 15:01:26,894 [INFO] PluginManager:220 - loadIPPluginJar : add quadspi
2024-11-23 15:01:26,926 [INFO] IPUIPlugin:80 - create IPUIPlugin
2024-11-23 15:01:26,926 [INFO] PluginManager:220 - loadIPPluginJar : add resmgrutility
2024-11-23 15:01:27,033 [INFO] IPUIPlugin:80 - create IPUIPlugin
2024-11-23 15:01:27,034 [INFO] PluginManager:220 - loadIPPluginJar : add sai
2024-11-23 15:01:27,161 [INFO] IPUIPlugin:80 - create IPUIPlugin
2024-11-23 15:01:27,161 [INFO] PluginManager:220 - loadIPPluginJar : add spi
2024-11-23 15:01:27,373 [INFO] IPUIPlugin:80 - create IPUIPlugin
2024-11-23 15:01:27,373 [INFO] PluginManager:220 - loadIPPluginJar : add stm32_wpan
2024-11-23 15:01:27,441 [INFO] IPUIPlugin:80 - create IPUIPlugin
2024-11-23 15:01:27,442 [INFO] PluginManager:220 - loadIPPluginJar : add tim
2024-11-23 15:01:27,622 [INFO] IPUIPlugin:80 - create IPUIPlugin
2024-11-23 15:01:27,623 [INFO] PluginManager:220 - loadIPPluginJar : add touchsensing
2024-11-23 15:01:27,706 [INFO] IPUIPlugin:80 - create IPUIPlugin
2024-11-23 15:01:27,708 [INFO] PluginManager:220 - loadIPPluginJar : add tracer_emb
2024-11-23 15:01:27,791 [INFO] IPUIPlugin:80 - create IPUIPlugin
2024-11-23 15:01:27,792 [INFO] PluginManager:220 - loadIPPluginJar : add ts
2024-11-23 15:01:27,862 [INFO] IPUIPlugin:80 - create IPUIPlugin
2024-11-23 15:01:27,863 [INFO] PluginManager:220 - loadIPPluginJar : add tsc
2024-11-23 15:01:27,935 [INFO] IPUIPlugin:80 - create IPUIPlugin
2024-11-23 15:01:27,936 [INFO] PluginManager:220 - loadIPPluginJar : add ucpd
2024-11-23 15:01:27,951 [INFO] ThirdPartyUpdaterWithRetryManager:70 - Updater plugin not ready yet. [3/15]
2024-11-23 15:01:28,072 [INFO] IPUIPlugin:80 - create IPUIPlugin
2024-11-23 15:01:28,072 [INFO] PluginManager:220 - loadIPPluginJar : add usart
2024-11-23 15:01:28,193 [INFO] IPUIPlugin:80 - create IPUIPlugin
2024-11-23 15:01:28,194 [INFO] PluginManager:220 - loadIPPluginJar : add usbx
2024-11-23 15:01:28,402 [INFO] CADModel:165 - CPN selected for project level
2024-11-23 15:01:28,402 [INFO] CADModel:114 - Register for checkConnection events
2024-11-23 15:01:28,404 [FATAL] Updater:308 - Updater called before beeing initialized
2024-11-23 15:01:28,404 [ERROR] CADModel:125 - Updater not yet initialized, retry later 
2024-11-23 15:01:28,678 [INFO] CADModel:165 - CPN selected for project level
2024-11-23 15:01:28,678 [INFO] CADModel:114 - Register for checkConnection events
2024-11-23 15:01:28,678 [FATAL] Updater:308 - Updater called before beeing initialized
2024-11-23 15:01:28,678 [ERROR] CADModel:125 - Updater not yet initialized, retry later 
2024-11-23 15:01:28,684 [FATAL] Updater:308 - Updater called before beeing initialized
2024-11-23 15:01:28,886 [FATAL] Updater:308 - Updater called before beeing initialized
2024-11-23 15:01:28,908 [INFO] DbMcusAds:53 - JSON generation date=Fri Sep 20 07:04:38 MDT 2024 (1726837478367)
2024-11-23 15:01:28,908 [FATAL] Updater:308 - Updater called before beeing initialized
2024-11-23 15:01:29,067 [WARN] DetailPanel:346 - Failed to get advertising image, set to default
2024-11-23 15:01:29,204 [FATAL] Updater:308 - Updater called before beeing initialized
2024-11-23 15:01:29,208 [FATAL] Updater:308 - Updater called before beeing initialized
2024-11-23 15:01:29,208 [FATAL] Updater:308 - Updater called before beeing initialized
2024-11-23 15:01:29,208 [WARN] DetailPanel:346 - Failed to get advertising image, set to default
2024-11-23 15:01:29,209 [FATAL] Updater:308 - Updater called before beeing initialized
2024-11-23 15:01:29,313 [ERROR] Updater:1120 - MainUpdater not yet initialized. External WinMGr cannot be set.
2024-11-23 15:01:29,339 [INFO] Updater:1056 - Updater Version found : 6.9.2
2024-11-23 15:01:29,374 [INFO] ApplicationProperties:184 - Using Application install path: C:\ST\STM32CubeIDE_1.13.2\STM32CubeIDE\plugins\com.st.stm32cube.common.mx_6.9.2.202309101412
2024-11-23 15:01:29,772 [INFO] MainUpdater:2868 - connection check result : 10
2024-11-23 15:01:29,773 [INFO] MainUpdater:285 - Updater Check For Update Now.
2024-11-23 15:01:29,774 [INFO] MicroXplorer:498 - Change Database Version : DB.6.0.92
2024-11-23 15:01:29,810 [INFO] McuFinderGlobals:63 - Set McuFinder mode to 2 (CubeIDE integrated)
2024-11-23 15:01:30,135 [INFO] CheckServerUpdateThread:120 - End of CheckServer Thread
2024-11-23 15:01:31,396 [WARN] PackLoader:240 - Cannot read IP mode file for STMicroelectronics.FP-SNS-MOTENVWB1.1.4.0
2024-11-23 15:01:31,437 [WARN] PackLoader:240 - Cannot read IP mode file for STMicroelectronics.FP-ATR-ASTRA1.2.0.1
2024-11-23 15:01:31,491 [WARN] PackLoader:240 - Cannot read IP mode file for STMicroelectronics.X-CUBE-SMBUS.2.1.0
2024-11-23 15:01:31,535 [WARN] PackLoader:240 - Cannot read IP mode file for STMicroelectronics.X-CUBE-WB05N.1.1.0
2024-11-23 15:01:31,575 [WARN] PackLoader:240 - Cannot read IP mode file for STMicroelectronics.X-CUBE-TOUCHGFX.4.23.1
2024-11-23 15:01:31,605 [WARN] PackLoader:240 - Cannot read IP mode file for STMicroelectronics.X-CUBE-TOUCHGFX.4.23.0
2024-11-23 15:01:31,700 [WARN] PackLoader:240 - Cannot read IP mode file for STMicroelectronics.X-CUBE-AZRTOS-F7.1.1.0
2024-11-23 15:01:31,761 [WARN] PackLoader:240 - Cannot read IP mode file for STMicroelectronics.FP-SNS-MOTENV1.4.3.2
2024-11-23 15:01:32,002 [WARN] PackLoader:240 - Cannot read IP mode file for STMicroelectronics.X-CUBE-MEMS1.11.0.0
2024-11-23 15:01:32,351 [WARN] PackLoader:240 - Cannot read IP mode file for STMicroelectronics.FP-SNS-FLIGHT1.5.0.2
2024-11-23 15:01:32,412 [WARN] PackLoader:240 - Cannot read IP mode file for STMicroelectronics.X-CUBE-DISPLAY.3.0.0
2024-11-23 15:01:32,463 [WARN] PackLoader:240 - Cannot read IP mode file for STMicroelectronics.X-CUBE-BLE1.7.0.0
2024-11-23 15:01:32,541 [WARN] PackLoader:240 - Cannot read IP mode file for STMicroelectronics.X-CUBE-NFC10.1.0.0
2024-11-23 15:01:32,616 [WARN] PackLoader:240 - Cannot read IP mode file for emotas.I-CUBE-CANOPEN.1.3.0
2024-11-23 15:01:32,673 [WARN] PackLoader:240 - Cannot read IP mode file for STMicroelectronics.X-CUBE-TOUCHGFX.4.22.1
2024-11-23 15:01:32,719 [WARN] PackLoader:240 - Cannot read IP mode file for STMicroelectronics.X-CUBE-BLEMGR.3.1.0
2024-11-23 15:01:32,765 [WARN] PackLoader:240 - Cannot read IP mode file for STMicroelectronics.FP-SNS-SMARTAG2.1.2.0
2024-11-23 15:01:32,820 [INFO] LogOutputStream:77 - [STDOUT_REDIRECT] 1 : Invalid condition id : UX_CORESTACK_Condition cause : null
2024-11-23 15:01:32,823 [INFO] LogOutputStream:77 - [STDOUT_REDIRECT] 1 : Invalid condition id : UX_CORESTACK_Condition cause : null
2024-11-23 15:01:32,829 [INFO] LogOutputStream:77 - [STDOUT_REDIRECT] 1 : Invalid condition id : UX_CORESTACK_Condition cause : null
2024-11-23 15:01:32,833 [INFO] LogOutputStream:77 - [STDOUT_REDIRECT] 1 : Invalid condition id : UX_CORESTACK_Condition cause : null
2024-11-23 15:01:32,837 [INFO] LogOutputStream:77 - [STDOUT_REDIRECT] 1 : Invalid condition id : UX_CORESTACK_Condition cause : null
2024-11-23 15:01:32,844 [WARN] PackLoader:240 - Cannot read IP mode file for STMicroelectronics.X-CUBE-AZRTOS-WL.2.0.0
2024-11-23 15:01:32,900 [WARN] PackLoader:240 - Cannot read IP mode file for STMicroelectronics.FP-SNS-MOTENV1.5.0.0
2024-11-23 15:01:32,937 [WARN] PackLoader:240 - Cannot read IP mode file for wolfSSL.I-CUBE-wolfMQTT.1.19.0
2024-11-23 15:01:32,998 [WARN] PackLoader:240 - Cannot read IP mode file for WES.I-CUBE-Cesium.1.3.0
2024-11-23 15:01:33,076 [WARN] PackLoader:240 - Cannot read IP mode file for STMicroelectronics.X-CUBE-BLE2.3.3.0
2024-11-23 15:01:33,153 [WARN] PackLoader:240 - Cannot read IP mode file for STMicroelectronics.X-CUBE-NFC9.1.0.0
2024-11-23 15:01:33,211 [WARN] PackLoader:240 - Cannot read IP mode file for STMicroelectronics.X-CUBE-TCPP.4.1.0
2024-11-23 15:01:33,282 [WARN] PackLoader:240 - Cannot read IP mode file for STMicroelectronics.X-CUBE-ALGOBUILD.1.3.0
2024-11-23 15:01:33,353 [WARN] PackLoader:240 - Cannot read IP mode file for STMicroelectronics.X-CUBE-AZRTOS-G0.1.1.0
2024-11-23 15:01:33,450 [WARN] PackLoader:240 - Cannot read IP mode file for STMicroelectronics.X-CUBE-SAFEA1.1.2.2
2024-11-23 15:01:33,523 [WARN] PackLoader:240 - Cannot read IP mode file for STMicroelectronics.X-CUBE-NFC4.3.0.0
2024-11-23 15:01:33,578 [ERROR] Engine:466 - C:\Users\gfran\.stm32cubemx\thirdparties\pdsc\EmbeddedOffice.I-CUBE-FS-RTOS.1.0.1.pdsc: PDSC version is not supported
2024-11-23 15:01:33,633 [WARN] PackLoader:240 - Cannot read IP mode file for STMicroelectronics.X-CUBE-BLEMGR.3.0.0
2024-11-23 15:01:33,710 [ERROR] Engine:466 - C:\Users\gfran\.stm32cubemx\thirdparties\pdsc\RealThread.X-CUBE-RT-Thread_Nano.4.1.1.pdsc: PDSC version is not supported
2024-11-23 15:01:33,763 [WARN] PackLoader:240 - Cannot read IP mode file for STMicroelectronics.FP-ATR-SIGFOX1.3.2.0
2024-11-23 15:01:33,812 [ERROR] Engine:466 - C:\Users\gfran\.stm32cubemx\thirdparties\pdsc\quantropi.X-CUBE-qispace-sdk-base.1.9.3.pdsc: PDSC version is not supported
2024-11-23 15:01:33,887 [WARN] PackLoader:240 - Cannot read IP mode file for STMicroelectronics.X-CUBE-EEPRMA1.5.1.0
2024-11-23 15:01:34,004 [WARN] PackLoader:240 - Cannot read IP mode file for SEGGER.I-CUBE-embOS.1.3.1
2024-11-23 15:01:34,148 [WARN] PackLoader:240 - Cannot read IP mode file for STMicroelectronics.X-CUBE-ALGOBUILD.1.4.0
2024-11-23 15:01:34,214 [WARN] PackLoader:240 - Cannot read IP mode file for STMicroelectronics.X-CUBE-AI.9.1.0
2024-11-23 15:01:34,265 [WARN] PackLoader:240 - Cannot read IP mode file for STMicroelectronics.X-CUBE-GNSS1.6.0.0
2024-11-23 15:01:34,360 [WARN] PackLoader:240 - Cannot read IP mode file for STMicroelectronics.X-CUBE-AZRTOS-F4.1.1.0
2024-11-23 15:01:34,406 [WARN] PackLoader:240 - Cannot read IP mode file for wolfSSL.I-CUBE-wolfSSL.5.6.4
2024-11-23 15:01:34,443 [WARN] PackLoader:240 - Cannot read IP mode file for STMicroelectronics.X-CUBE-ISPU.2.1.0
2024-11-23 15:01:34,480 [WARN] PackLoader:240 - Cannot read IP mode file for STMicroelectronics.X-CUBE-FREERTOS.1.2.0
2024-11-23 15:01:34,545 [WARN] PackLoader:240 - Cannot read IP mode file for STMicroelectronics.X-CUBE-AZRTOS-L5.2.0.0
2024-11-23 15:01:34,581 [WARN] PackLoader:240 - Cannot read IP mode file for STMicroelectronics.X-CUBE-EEPRMA1.4.2.0
2024-11-23 15:01:34,632 [WARN] PackLoader:240 - Cannot read IP mode file for STMicroelectronics.X-CUBE-NFC6.3.1.0
2024-11-23 15:01:34,683 [WARN] PackLoader:240 - Cannot read IP mode file for ITTIA_DB.I-CUBE-ITTIADB.8.8.0
2024-11-23 15:01:34,721 [ERROR] Engine:466 - C:\Users\gfran\.stm32cubemx\thirdparties\pdsc\STMicroelectronics.X-CUBE-DPower.1.2.0.pdsc: PDSC version is not supported
2024-11-23 15:01:34,824 [WARN] ConditionMgr:438 - getConditionDescription Invalid condition id : UX DEVICE CLASS RTOS Condition cause : null
2024-11-23 15:01:34,826 [WARN] ConditionMgr:438 - getConditionDescription Invalid condition id : UX DEVICE CLASS RTOS Condition cause : null
2024-11-23 15:01:34,833 [WARN] PackLoader:240 - Cannot read IP mode file for STMicroelectronics.X-CUBE-AZRTOS-H7.3.1.0
2024-11-23 15:01:34,842 [WARN] ConditionMgr:1039 - genDependencies : Invalid condition id : UX DEVICE CLASS RTOS Condition cause : null
2024-11-23 15:01:34,843 [WARN] ConditionMgr:1039 - genDependencies : Invalid condition id : UX DEVICE CLASS RTOS Condition cause : null
2024-11-23 15:01:34,845 [WARN] ConditionMgr:1039 - genDependencies : Invalid condition id : UX DEVICE CLASS RTOS Condition cause : null
2024-11-23 15:01:34,845 [WARN] ConditionMgr:1039 - genDependencies : Invalid condition id : UX DEVICE CLASS RTOS Condition cause : null
2024-11-23 15:01:34,846 [WARN] ConditionMgr:1039 - genDependencies : Invalid condition id : UX DEVICE CLASS RTOS Condition cause : null
2024-11-23 15:01:34,918 [WARN] PackLoader:240 - Cannot read IP mode file for STMicroelectronics.X-CUBE-NFC7.1.0.1
2024-11-23 15:01:34,982 [WARN] PackLoader:240 - Cannot read IP mode file for STMicroelectronics.X-CUBE-NFC6.3.0.0
2024-11-23 15:01:35,038 [WARN] PackLoader:240 - Cannot read IP mode file for STMicroelectronics.X-CUBE-AI.8.1.0
2024-11-23 15:01:35,146 [WARN] ConditionMgr:438 - getConditionDescription Invalid condition id : LAN8742 Phy interface Condition cause : null
2024-11-23 15:01:35,148 [WARN] PackLoader:240 - Cannot read IP mode file for STMicroelectronics.X-CUBE-AZRTOS-L4.2.0.0
2024-11-23 15:01:35,152 [WARN] ConditionMgr:1039 - genDependencies : Invalid condition id : LAN8742 Phy interface Condition cause : null
2024-11-23 15:01:35,153 [WARN] ConditionMgr:1039 - genDependencies : Invalid condition id : LAN8742 Phy interface Condition cause : null
2024-11-23 15:01:35,156 [WARN] ConditionMgr:1039 - genDependencies : Invalid condition id : LAN8742 Phy interface Condition cause : null
2024-11-23 15:01:35,240 [WARN] PackLoader:240 - Cannot read IP mode file for STMicroelectronics.X-CUBE-SFXS2LP1.4.0.0
2024-11-23 15:01:35,296 [WARN] PackLoader:240 - Cannot read IP mode file for STMicroelectronics.X-CUBE-ISPU.1.1.0
2024-11-23 15:01:35,409 [WARN] PackLoader:240 - Cannot read IP mode file for STMicroelectronics.X-CUBE-AZRTOS-H7.3.3.0
2024-11-23 15:01:35,474 [ERROR] Engine:466 - C:\Users\gfran\.stm32cubemx\thirdparties\pdsc\STMicroelectronics.X-CUBE-IPS.3.0.0.pdsc: PDSC version is not supported
2024-11-23 15:01:35,556 [WARN] ConditionMgr:438 - getConditionDescription Invalid condition id : UX DEVICE CLASS RTOS Condition cause : null
2024-11-23 15:01:35,556 [WARN] ConditionMgr:438 - getConditionDescription Invalid condition id : UX DEVICE CLASS RTOS Condition cause : null
2024-11-23 15:01:35,560 [WARN] PackLoader:240 - Cannot read IP mode file for STMicroelectronics.X-CUBE-AZRTOS-WB.2.0.0
2024-11-23 15:01:35,561 [WARN] ConditionMgr:1039 - genDependencies : Invalid condition id : UX DEVICE CLASS RTOS Condition cause : null
2024-11-23 15:01:35,561 [WARN] ConditionMgr:1039 - genDependencies : Invalid condition id : UX DEVICE CLASS RTOS Condition cause : null
2024-11-23 15:01:35,562 [WARN] ConditionMgr:1039 - genDependencies : Invalid condition id : UX DEVICE CLASS RTOS Condition cause : null
2024-11-23 15:01:35,562 [WARN] ConditionMgr:1039 - genDependencies : Invalid condition id : UX DEVICE CLASS RTOS Condition cause : null
2024-11-23 15:01:35,562 [WARN] ConditionMgr:1039 - genDependencies : Invalid condition id : UX DEVICE CLASS RTOS Condition cause : null
2024-11-23 15:01:35,614 [WARN] PackLoader:240 - Cannot read IP mode file for STMicroelectronics.X-CUBE-GNSS1.7.0.0
2024-11-23 15:01:35,660 [ERROR] Engine:466 - C:\Users\gfran\.stm32cubemx\thirdparties\pdsc\STMicroelectronics.FP-SNS-STBOX1.2.0.0.pdsc: PDSC version is not supported
2024-11-23 15:01:35,734 [WARN] PackLoader:240 - Cannot read IP mode file for STMicroelectronics.X-CUBE-SUBG2.5.0.0
2024-11-23 15:01:35,804 [WARN] PackLoader:240 - Cannot read IP mode file for Cesanta.I-CUBE-Mongoose.7.13.0
2024-11-23 15:01:35,908 [WARN] PackLoader:240 - Cannot read IP mode file for STMicroelectronics.X-CUBE-AZRTOS-G4.2.0.0
2024-11-23 15:01:36,009 [WARN] PackLoader:240 - Cannot read IP mode file for Infineon.AIROC-Wi-Fi-Bluetooth-STM32.1.5.1
2024-11-23 15:01:36,061 [WARN] PackLoader:240 - Cannot read IP mode file for STMicroelectronics.FP-SNS-MOTENVWB1.1.3.1
2024-11-23 15:01:36,114 [WARN] PackLoader:240 - Cannot read IP mode file for STMicroelectronics.X-CUBE-ISPU.2.0.0
2024-11-23 15:01:36,161 [WARN] PackLoader:240 - Cannot read IP mode file for STMicroelectronics.X-CUBE-ALS.1.0.2
2024-11-23 15:01:36,308 [WARN] PackLoader:240 - Cannot read IP mode file for STMicroelectronics.X-CUBE-MEMS1.10.0.0
2024-11-23 15:01:36,601 [WARN] PackLoader:240 - Cannot read IP mode file for STMicroelectronics.X-CUBE-FREERTOS.1.1.0
2024-11-23 15:01:36,659 [WARN] PackLoader:240 - Cannot read IP mode file for STMicroelectronics.X-CUBE-TOUCHGFX.4.24.1
2024-11-23 15:01:36,702 [WARN] PackLoader:240 - Cannot read IP mode file for wolfSSL.I-CUBE-wolfTPM.3.4.0
2024-11-23 15:01:36,750 [WARN] PackLoader:240 - Cannot read IP mode file for portGmbH.I-Cube-SoM-uGOAL.1.1.0
2024-11-23 15:01:36,804 [WARN] PackLoader:240 - Cannot read IP mode file for STMicroelectronics.X-CUBE-ALS.1.0.1
2024-11-23 15:01:36,902 [WARN] PackLoader:240 - Cannot read IP mode file for STMicroelectronics.X-CUBE-AZRTOS-H7RS.1.0.0
2024-11-23 15:01:36,929 [WARN] PackLoader:240 - Cannot read IP mode file for STMicroelectronics.FP-ATR-ASTRA1.2.0.0
2024-11-23 15:01:36,960 [ERROR] Engine:466 - C:\Users\gfran\.stm32cubemx\thirdparties\pdsc\STMicroelectronics.X-CUBE-TOF1.3.4.2.pdsc: PDSC version is not supported
2024-11-23 15:01:37,011 [WARN] PackLoader:240 - Cannot read IP mode file for STMicroelectronics.X-CUBE-TOF1.3.4.0
2024-11-23 15:01:37,060 [WARN] PackLoader:240 - Cannot read IP mode file for STMicroelectronics.X-CUBE-TOF1.3.4.1
2024-11-23 15:01:37,194 [WARN] PackLoader:240 - Cannot read IP mode file for STMicroelectronics.X-CUBE-AZRTOS-H7.3.2.0
2024-11-23 15:01:37,250 [WARN] PackLoader:240 - Cannot read IP mode file for wolfSSL.I-CUBE-wolfSSH.1.4.17
2024-11-23 15:01:37,257 [INFO] ThirdParty:978 - Integrity check success = true
2024-11-23 15:01:37,257 [INFO] IntegrityCheckThread:100 - exiting critical section [integrity check]
2024-11-23 15:01:37,257 [INFO] IntegrityCheckThread:103 - End integrity checks thread
2024-11-23 15:01:51,991 [ERROR] LogOutputStream:75 - [STDERR_REDIRECT] SLF4J: Failed to load class "org.slf4j.impl.StaticLoggerBinder".
2024-11-23 15:01:51,992 [ERROR] LogOutputStream:75 - [STDERR_REDIRECT] SLF4J: Defaulting to no-operation (NOP) logger implementation
2024-11-23 15:01:51,993 [ERROR] LogOutputStream:75 - [STDERR_REDIRECT] SLF4J: See http://www.slf4j.org/codes.html#StaticLoggerBinder for further details.
2024-11-23 15:02:17,056 [INFO] McuFinderGlobals:63 - Set McuFinder mode to 2 (CubeIDE integrated)
2024-11-23 15:02:17,112 [INFO] MainUpdater:2868 - connection check result : 10
2024-11-23 15:02:17,129 [INFO] MainUpdater:2868 - connection check result : 10
2024-11-23 15:02:17,607 [INFO] MicroXplorer:468 - Change Database Path : 
2024-11-23 15:02:17,607 [INFO] MicroXplorer:498 - Change Database Version : DB.6.0.92
2024-11-23 15:02:17,611 [WARN] ThirdParty:871 - waiting for thirdparty lock release [close project]
2024-11-23 15:02:17,611 [INFO] ThirdParty:873 - entering critical section [close project]
2024-11-23 15:02:17,612 [INFO] ThirdParty:883 - exiting critical section [close project]
2024-11-23 15:02:17,613 [INFO] PinOutPanel:1499 - setPackage(No Configuration,No Configuration)
2024-11-23 15:02:17,624 [INFO] UtilMem:75 - Begin LoadConfig() Used Memory: 266036976 Bytes (405798912)
2024-11-23 15:02:17,624 [INFO] MicroXplorer:468 - Change Database Path : 
2024-11-23 15:02:17,626 [INFO] MicroXplorer:498 - Change Database Version : DB.6.0.92
2024-11-23 15:02:17,626 [INFO] OpenFileManager:308 - Change cursor
2024-11-23 15:02:17,682 [INFO] Mcu:1946 - Initializing MCU STM32G484RETx STM32G484RETx STM32G484RET6
2024-11-23 15:02:26,798 [INFO] Context:659 - Trying to add GPIOservice into a context  which must be forbidden
2024-11-23 15:02:30,563 [INFO] RtosManager:555 - Registered RTOS mode: class=CMSIS, group=RTOS, mode=CMSIS_V1, owner=FREERTOS
2024-11-23 15:02:30,564 [INFO] RtosManager:555 - Registered RTOS mode: class=CMSIS, group=RTOS2, mode=CMSIS_V2, owner=FREERTOS
2024-11-23 15:02:30,564 [INFO] RtosManager:555 - Registered RTOS mode: class=RTOS, group=Core, mode=CMSIS_V1, owner=FREERTOS
2024-11-23 15:02:30,564 [INFO] RtosManager:555 - Registered RTOS mode: class=RTOS, group=Core, mode=CMSIS_V2, owner=FREERTOS
2024-11-23 15:02:30,566 [WARN] ModelIntegratedComponent:184 - Missing modes for component STMicroelectronics:FreeRTOS:0.0.1:STMicroelectronics:RTOS:FreeRTOS:Core:::10.2.0:
2024-11-23 15:02:30,591 [WARN] ModelIntegratedComponent:63 - No mode defined for component null
2024-11-23 15:02:30,592 [WARN] ModelIntegratedComponent:63 - No mode defined for component null
2024-11-23 15:02:30,592 [WARN] ModelIntegratedComponent:63 - No mode defined for component null
2024-11-23 15:02:30,592 [WARN] ModelIntegratedComponent:63 - No mode defined for component null
2024-11-23 15:02:30,592 [WARN] ModelIntegratedComponent:63 - No mode defined for component null
2024-11-23 15:02:30,592 [WARN] ModelIntegratedComponent:63 - No mode defined for component null
2024-11-23 15:02:30,592 [WARN] ModelIntegratedComponent:63 - No mode defined for component null
2024-11-23 15:02:30,592 [WARN] ModelIntegratedComponent:63 - No mode defined for component null
2024-11-23 15:02:30,592 [WARN] ModelIntegratedComponent:63 - No mode defined for component null
2024-11-23 15:02:30,592 [WARN] ModelIntegratedComponent:63 - No mode defined for component null
2024-11-23 15:02:30,592 [WARN] ModelIntegratedComponent:63 - No mode defined for component null
2024-11-23 15:02:30,592 [WARN] ModelIntegratedComponent:63 - No mode defined for component null
2024-11-23 15:02:30,592 [WARN] ModelIntegratedComponent:63 - No mode defined for component null
2024-11-23 15:02:30,592 [WARN] ModelIntegratedComponent:63 - No mode defined for component null
2024-11-23 15:02:30,592 [WARN] ModelIntegratedComponent:63 - No mode defined for component null
2024-11-23 15:02:30,592 [WARN] ModelIntegratedComponent:63 - No mode defined for component null
2024-11-23 15:02:30,592 [WARN] ModelIntegratedComponent:63 - No mode defined for component null
2024-11-23 15:02:30,593 [WARN] ModelIntegratedComponent:63 - No mode defined for component null
2024-11-23 15:02:30,593 [WARN] ModelIntegratedComponent:63 - No mode defined for component null
2024-11-23 15:02:30,593 [WARN] ModelIntegratedComponent:63 - No mode defined for component null
2024-11-23 15:02:30,593 [WARN] ModelIntegratedComponent:63 - No mode defined for component null
2024-11-23 15:02:30,593 [WARN] ModelIntegratedComponent:63 - No mode defined for component null
2024-11-23 15:02:30,593 [WARN] ModelIntegratedComponent:63 - No mode defined for component null
2024-11-23 15:02:30,593 [WARN] ModelIntegratedComponent:63 - No mode defined for component null
2024-11-23 15:02:30,593 [WARN] ModelIntegratedComponent:63 - No mode defined for component null
2024-11-23 15:02:30,593 [WARN] ModelIntegratedComponent:63 - No mode defined for component null
2024-11-23 15:02:30,593 [WARN] ModelIntegratedComponent:63 - No mode defined for component null
2024-11-23 15:02:30,593 [WARN] ModelIntegratedComponent:63 - No mode defined for component null
2024-11-23 15:02:30,593 [WARN] ModelIntegratedComponent:63 - No mode defined for component null
2024-11-23 15:02:30,593 [WARN] ModelIntegratedComponent:63 - No mode defined for component null
2024-11-23 15:02:30,593 [WARN] ModelIntegratedComponent:63 - No mode defined for component null
2024-11-23 15:02:30,593 [WARN] ModelIntegratedComponent:63 - No mode defined for component null
2024-11-23 15:02:30,593 [WARN] ModelIntegratedComponent:63 - No mode defined for component null
2024-11-23 15:02:30,762 [INFO] ThirdPartyModel:298 - Start build external matchings
2024-11-23 15:02:32,307 [INFO] ThirdPartyModel:316 - End build external matchings
2024-11-23 15:02:32,347 [WARN] IP:2114 - MessageRAMOffset not found: check if there is a RefParameter without a condition.
2024-11-23 15:02:32,348 [WARN] IP:2114 - RxFifo0ElmtsNbr not found: check if there is a RefParameter without a condition.
2024-11-23 15:02:32,348 [WARN] IP:2114 - RxFifo0ElmtSize not found: check if there is a RefParameter without a condition.
2024-11-23 15:02:32,348 [WARN] IP:2114 - RxFifo1ElmtsNbr not found: check if there is a RefParameter without a condition.
2024-11-23 15:02:32,348 [WARN] IP:2114 - RxFifo1ElmtSize not found: check if there is a RefParameter without a condition.
2024-11-23 15:02:32,348 [WARN] IP:2114 - RxBuffersNbr not found: check if there is a RefParameter without a condition.
2024-11-23 15:02:32,348 [WARN] IP:2114 - RxBufferSize not found: check if there is a RefParameter without a condition.
2024-11-23 15:02:32,348 [WARN] IP:2114 - TxEventsNbr not found: check if there is a RefParameter without a condition.
2024-11-23 15:02:32,348 [WARN] IP:2114 - TxBuffersNbr not found: check if there is a RefParameter without a condition.
2024-11-23 15:02:32,348 [WARN] IP:2114 - TxFifoQueueElmtsNbr not found: check if there is a RefParameter without a condition.
2024-11-23 15:02:32,348 [WARN] IP:2114 - TxElmtSize not found: check if there is a RefParameter without a condition.
2024-11-23 15:02:32,348 [WARN] IP:2114 - ClockCalibrationCCU not found: check if there is a RefParameter without a condition.
2024-11-23 15:02:32,348 [WARN] IP:2114 - ClockDividerCCU not found: check if there is a RefParameter without a condition.
2024-11-23 15:02:32,348 [WARN] IP:2114 - MinOscClkPeriodsCCU not found: check if there is a RefParameter without a condition.
2024-11-23 15:02:32,348 [WARN] IP:2114 - TimeQuantaPerBitTimeCCU not found: check if there is a RefParameter without a condition.
2024-11-23 15:02:32,348 [WARN] IP:2114 - WatchdogStartValueCCU not found: check if there is a RefParameter without a condition.
2024-11-23 15:02:32,928 [INFO] UtilMem:75 - End LoadConfig() Used Memory: 830532400 Bytes (998244352)
2024-11-23 15:02:33,226 [INFO] ApiDb:581 - Connected to CubeFinder SQLite database (C:\Users\gfran\.stmcufinder\plugins\mcufinder\mcu\cube-finder-db.db)
2024-11-23 15:02:33,415 [INFO] ApiDb:668 - CubeFinder database Data Model version=2.1
2024-11-23 15:02:33,415 [INFO] ApiDb:669 - CubeFinder database Configuration version=3.0.39
2024-11-23 15:02:33,416 [INFO] ApiDb:670 - CubeFinder database generation date=2024-10-15 (1729006872)
2024-11-23 15:02:33,416 [INFO] ApiDb:671 - CubeFinder database FW Pack versions=[FP-ATR-ASTRA1_V2.0.0, FP-SNS-FLIGHT1_V5.0.2, FP-SNS-MOTENV1_V5.0.0, FP-SNS-MOTENVWB1_V1.4.0, FP-SNS-SMARTAG2_V1.2.0, FP-SNS-STBOX1_V2.0.0, STM32Cube_FW_C0_V1.2.0, STM32Cube_FW_F4_V1.28.1, STM32Cube_FW_F7_V1.17.2, STM32Cube_FW_G0_V1.6.2, STM32Cube_FW_G4_V1.6.0, STM32Cube_FW_H5_V1.3.0, STM32Cube_FW_H7RS_V1.1.0, STM32Cube_FW_H7_V1.11.2, STM32Cube_FW_L0_V1.12.2, STM32Cube_FW_L5_V1.5.1, STM32Cube_FW_U0_V1.1.0, STM32Cube_FW_U5_V1.6.0, STM32Cube_FW_WB0_V1.0.0, STM32Cube_FW_WBA_V1.4.1, STM32Cube_FW_WB_V1.20.0, STM32Cube_FW_WL_V1.3.0, X-CUBE-ALGOBUILD_V1.4.0, X-CUBE-ALS_V1.0.2, X-CUBE-AZRTOS-F4_V1.1.0, X-CUBE-AZRTOS-F7_V1.1.0, X-CUBE-AZRTOS-G0_V1.1.0, X-CUBE-AZRTOS-G4_V2.0.0, X-CUBE-AZRTOS-H7RS_V1.0.0, X-CUBE-AZRTOS-H7_V3.3.0, X-CUBE-AZRTOS-L4_V2.0.0, X-CUBE-AZRTOS-L5_V2.0.0, X-CUBE-AZRTOS-WB_V2.0.0, X-CUBE-AZRTOS-WL_V2.0.0, X-CUBE-BLE1_V7.0.0, X-CUBE-BLE2_V3.3.0, X-CUBE-BLEMGR_V3.1.0, X-CUBE-EEPRMA1_V5.1.0, X-CUBE-FREERTOS_V1.2.0, X-CUBE-GNSS1_V6.0.0, X-CUBE-MEMS1_V11.0.0, X-CUBE-NFC4_V3.0.0, X-CUBE-NFC7_V1.0.1, X-CUBE-SFXS2LP1_V4.0.0, X-CUBE-SUBG2_V5.0.0, X-CUBE-TOF1_V3.4.2]
2024-11-23 15:02:38,128 [INFO] ApiDb:240 - Found 323 in-development CPN: [B-G473E-ZEST1S, B-WB1M-WPAN1, B-WL5M-SUBG1, NUCLEO-C031C6, NUCLEO-H503RB, NUCLEO-H563ZI, NUCLEO-U545RE-Q, NUCLEO-U5A5ZJ-Q, NUCLEO-WBA52CG, STEVAL-PROTEUS1, STEVAL-SMARTAG2, STEVAL-STWINBX1, STM320518-EVAL, STM32C0116-DK, STM32C011D6Y3TR, STM32C011D6Y6TR, STM32C011F4P3, STM32C011F4P6, STM32C011F4U3, STM32C011F4U6TR, STM32C011F6P3, STM32C011F6P6, STM32C011F6U3, STM32C011F6U6TR, STM32C011J4M3, STM32C011J4M6, STM32C011J6M3, STM32C011J6M6, STM32C0316-DK, STM32C031C4T3, STM32C031C4T6, STM32C031C4U3, STM32C031C4U6, STM32C031C6T3, STM32C031C6T6, STM32C031C6U3, STM32C031C6U6, STM32C031F4P3, STM32C031F4P6, STM32C031F6P3, STM32C031F6P6, STM32C031G4U3, STM32C031G4U6, STM32C031G6U3, STM32C031G6U6, STM32C031K4T3, STM32C031K4T6, STM32C031K4U3, STM32C031K4U6, STM32C031K6T3, STM32C031K6T6, STM32C031K6U3, STM32C031K6U6, STM32G071K8TXN, STM32G071K8UXN, STM32G081GBU6N, STM32G081KBT6N, STM32G081KBUXN, STM32G0B1CCT6N, STM32G0B1KCT6, STM32G0B1NEY6TR, STM32G0B1RCT6N, STM32G0C1CCT6, STM32G0C1CCT6N, STM32G0C1CCU6N, STM32G0C1CET6N, STM32G0C1CEU6N, STM32G0C1KCT6, STM32G0C1NEY6TR, STM32G0C1RCI6N, STM32G0C1RCT6N, STM32G0C1REI6N, STM32G0C1RET6N, STM32G0C1VCI6, STM32G0C1VEI6, STM32G471CCT6, STM32G471CCU6, STM32G471CET3, STM32G471CET6, STM32G471CEU3, STM32G471CEU6, STM32G471MCT6, STM32G471MET3, STM32G471MET6, STM32G471MEY6TR, STM32G471QCT6, STM32G471QET3, STM32G471RCT6, STM32G471RET3, STM32G471RET6, STM32G471VCH6, STM32G471VCI6, STM32G471VCT6, STM32G471VEH3, STM32G471VEH6, STM32G471VEI3, STM32G471VEI6, STM32G471VET3, STM32G471VET6, STM32G474CCT6, STM32H503CBT6, STM32H503CBU6, STM32H503EBY6TR, STM32H503KBU6, STM32H503RBT6, STM32H562AGI6, STM32H562AII6, STM32H562IGK6, STM32H562IGT6, STM32H562IIK6, STM32H562IIT6, STM32H562RGT6, STM32H562RGV6, STM32H562RIT6, STM32H562RIV6, STM32H562VGT6, STM32H562VIT6, STM32H562ZGT6, STM32H562ZIT6, STM32H563AGI6, STM32H563AII3Q, STM32H563AII6, STM32H563IGK6, STM32H563IGT6, STM32H563IIK3Q, STM32H563IIK6, STM32H563IIT3Q, STM32H563IIT6, STM32H563MIY3QTR, STM32H563RGT6, STM32H563RGV6, STM32H563RIT6, STM32H563RIV6, STM32H563VGT6, STM32H563VIT3Q, STM32H563VIT6, STM32H563ZGT6, STM32H563ZIT3Q, STM32H563ZIT6, STM32H573AII3Q, STM32H573AII6, STM32H573I-DK, STM32H573IIK3Q, STM32H573IIK6, STM32H573IIT3Q, STM32H573IIT6, STM32H573MIY3QTR, STM32H573RIT6, STM32H573RIV6, STM32H573VIT3Q, STM32H573VIT6, STM32H573ZIT3Q, STM32H573ZIT6, STM32L4R5QGI6STR, STM32MP131AAE3, STM32MP131AAF3, STM32MP131AAG3, STM32MP131CAE3, STM32MP131CAF3, STM32MP131CAG3, STM32MP131DAE7, STM32MP131DAF7, STM32MP131DAG7, STM32MP131FAE7, STM32MP131FAF7, STM32MP131FAG7, STM32MP133AAE3, STM32MP133AAF3, STM32MP133AAG3, STM32MP133CAE3, STM32MP133CAF3, STM32MP133CAG3, STM32MP133DAE7, STM32MP133DAF7, STM32MP133DAG7, STM32MP133FAE7, STM32MP133FAF7, STM32MP133FAG7, STM32MP135AAE3, STM32MP135AAF3, STM32MP135AAG3, STM32MP135CAE3, STM32MP135CAF3, STM32MP135CAG3, STM32MP135DAE7, STM32MP135DAF7, STM32MP135DAG7, STM32MP135F-DK, STM32MP135FAE7, STM32MP135FAF7, STM32MP135FAF7T, STM32MP135FAF7U, STM32MP135FAG7, STM32U535CBT6, STM32U535CBT6Q, STM32U535CBU6, STM32U535CBU6Q, STM32U535CCT6, STM32U535CCT6Q, STM32U535CCU6, STM32U535CCU6Q, STM32U535CET6, STM32U535CET6Q, STM32U535CEU6, STM32U535CEU6Q, STM32U535JEY6QTR, STM32U535NCY6QTR, STM32U535NEY6QTR, STM32U535RBI6, STM32U535RBI6Q, STM32U535RBT6, STM32U535RBT6Q, STM32U535RCI6, STM32U535RCI6Q, STM32U535RCT6, STM32U535RCT6Q, STM32U535REI6, STM32U535REI6Q, STM32U535RET6, STM32U535RET6Q, STM32U535VCI6, STM32U535VCI6Q, STM32U535VCT6, STM32U535VCT6Q, STM32U535VEI6, STM32U535VEI6Q, STM32U535VET6, STM32U535VET6Q, STM32U545CET6, STM32U545CET6Q, STM32U545CEU6, STM32U545CEU6Q, STM32U545JEY6QTR, STM32U545NEY6QTR, STM32U545REI6, STM32U545REI6Q, STM32U545RET6, STM32U545RET6Q, STM32U545VEI6, STM32U545VEI6Q, STM32U545VET6, STM32U545VET6Q, STM32U595AIH6, STM32U595AIH6Q, STM32U595AJH6, STM32U595AJH6Q, STM32U595QII6, STM32U595QII6Q, STM32U595QJI6, STM32U595QJI6Q, STM32U595RIT6, STM32U595RIT6Q, STM32U595RJT6, STM32U595RJT6Q, STM32U595VIT6, STM32U595VIT6Q, STM32U595VJT6, STM32U595VJT6Q, STM32U595ZIT6, STM32U595ZIT6Q, STM32U595ZIY6QTR, STM32U595ZJT6, STM32U595ZJT6Q, STM32U595ZJY6QTR, STM32U599BJY6QTR, STM32U599NIH6Q, STM32U599NJH6Q, STM32U599VIT6Q, STM32U599VJT6, STM32U599VJT6Q, STM32U599ZIT6Q, STM32U599ZIY6QTR, STM32U599ZJT6Q, STM32U599ZJY6QTR, STM32U5A5AJH6, STM32U5A5AJH6Q, STM32U5A5QJI6, STM32U5A5QJI6Q, STM32U5A5RJT6, STM32U5A5RJT6Q, STM32U5A5VJT6, STM32U5A5VJT6Q, STM32U5A5ZJT6, STM32U5A5ZJT6Q, STM32U5A5ZJY6QTR, STM32U5A9BJY6QTR, STM32U5A9J-DK, STM32U5A9NJH6Q, STM32U5A9VJT6Q, STM32U5A9ZJT6Q, STM32U5A9ZJY6QTR, STM32U5F7VIT6, STM32U5F7VIT6Q, STM32U5F7VJT6, STM32U5F7VJT6Q, STM32U5F9BJY6QTR, STM32U5F9NJH6Q, STM32U5F9VIT6Q, STM32U5F9VJT6Q, STM32U5F9ZIJ6QTR, STM32U5F9ZIT6Q, STM32U5F9ZJJ6QTR, STM32U5F9ZJT6Q, STM32U5G7VJT6, STM32U5G7VJT6Q, STM32U5G9BJY6QTR, STM32U5G9J-DK1, STM32U5G9J-DK2, STM32U5G9NJH6Q, STM32U5G9VJT6Q, STM32U5G9ZJJ6QTR, STM32U5G9ZJT6Q, STM32WB1MMCH6, STM32WBA52CEU6, STM32WBA52CEU6T, STM32WBA52CGU6, STM32WBA52CGU6T, STM32WBA52KEU6, STM32WBA52KEU6T, STM32WBA52KGU6, STM32WBA52KGU6T, STM32WL5MOCH6, STM32WL5MOCH6TR]
2024-11-23 15:02:38,139 [INFO] DbMcus:217 - Found 4187 MCUs, 4187 are supported
2024-11-23 15:02:38,141 [INFO] ApiDb:423 - Load user favorites file C:\Users\gfran/.stm32cubeide/favorites.mcus.txt: 0 item(s)
2024-11-23 15:02:38,142 [INFO] ApiDb:427 - User favorites MCUs=[]
2024-11-23 15:02:38,142 [INFO] DbMcus:223 - Set 0 / 0 favorites MCUs
2024-11-23 15:02:38,912 [WARN] ThirdParty:833 - waiting for thirdparty lock release [change project]
2024-11-23 15:02:38,912 [INFO] ThirdParty:835 - entering critical section [change project]
2024-11-23 15:02:38,913 [INFO] ThirdParty:1030 - CMSIS Pack Vendor :STMicroelectronics X-CUBE-ISPU 1.1.0
2024-11-23 15:02:38,913 [INFO] ThirdParty:1030 - CMSIS Pack Vendor :STMicroelectronics USBPD 4.1
2024-11-23 15:02:38,913 [INFO] ThirdParty:1030 - CMSIS Pack Vendor :STMicroelectronics X-CUBE-AZRTOS-H7 3.3.0
2024-11-23 15:02:38,913 [INFO] ThirdParty:1030 - CMSIS Pack Vendor :STMicroelectronics X-CUBE-NFC9 1.0.0
2024-11-23 15:02:38,913 [INFO] ThirdParty:1030 - CMSIS Pack Vendor :STMicroelectronics X-CUBE-GNSS1 6.0.0
2024-11-23 15:02:38,913 [INFO] ThirdParty:1030 - CMSIS Pack Vendor :STMicroelectronics USB_HOST 2.0.0
2024-11-23 15:02:38,913 [INFO] ThirdParty:1030 - CMSIS Pack Vendor :STMicroelectronics FP-SNS-MOTENVWB1 1.4.0
2024-11-23 15:02:38,913 [INFO] ThirdParty:1030 - CMSIS Pack Vendor :STMicroelectronics X-CUBE-AZRTOS-F4 1.1.0
2024-11-23 15:02:38,913 [INFO] ThirdParty:1030 - CMSIS Pack Vendor :STMicroelectronics LIBJPEG 8.0.0
2024-11-23 15:02:38,913 [INFO] ThirdParty:1030 - CMSIS Pack Vendor :wolfSSL I-CUBE-wolfSSL 5.6.4
2024-11-23 15:02:38,914 [INFO] ThirdParty:1030 - CMSIS Pack Vendor :STMicroelectronics FP-ATR-ASTRA1 2.0.1
2024-11-23 15:02:38,914 [INFO] ThirdParty:1030 - CMSIS Pack Vendor :STMicroelectronics X-CUBE-SMBUS 2.1.0
2024-11-23 15:02:38,914 [INFO] ThirdParty:1030 - CMSIS Pack Vendor :STMicroelectronics X-CUBE-WB05N 1.1.0
2024-11-23 15:02:38,914 [INFO] ThirdParty:1030 - CMSIS Pack Vendor :STMicroelectronics USB_DEVICE 3.0.0
2024-11-23 15:02:38,914 [INFO] ThirdParty:1030 - CMSIS Pack Vendor :STMicroelectronics X-CUBE-TCPP 4.1.0
2024-11-23 15:02:38,914 [INFO] ThirdParty:1030 - CMSIS Pack Vendor :STMicroelectronics X-CUBE-ISPU 2.1.0
2024-11-23 15:02:38,914 [INFO] ThirdParty:1030 - CMSIS Pack Vendor :STMicroelectronics X-CUBE-FREERTOS 1.2.0
2024-11-23 15:02:38,914 [INFO] ThirdParty:1030 - CMSIS Pack Vendor :STMicroelectronics X-CUBE-AZRTOS-WB 2.0.0
2024-11-23 15:02:38,914 [INFO] ThirdParty:1030 - CMSIS Pack Vendor :STMicroelectronics X-CUBE-GNSS1 7.0.0
2024-11-23 15:02:38,914 [INFO] ThirdParty:1030 - CMSIS Pack Vendor :STMicroelectronics X-CUBE-TOUCHGFX 4.23.1
2024-11-23 15:02:38,914 [INFO] ThirdParty:1030 - CMSIS Pack Vendor :STMicroelectronics X-CUBE-TOUCHGFX 4.23.0
2024-11-23 15:02:38,914 [INFO] ThirdParty:1030 - CMSIS Pack Vendor :STMicroelectronics X-CUBE-AZRTOS-F7 1.1.0
2024-11-23 15:02:38,914 [INFO] ThirdParty:1030 - CMSIS Pack Vendor :STMicroelectronics X-CUBE-AZRTOS-L5 2.0.0
2024-11-23 15:02:38,914 [INFO] ThirdParty:1030 - CMSIS Pack Vendor :STMicroelectronics USB_DEVICE 2.0.0
2024-11-23 15:02:38,914 [INFO] ThirdParty:1030 - CMSIS Pack Vendor :STMicroelectronics X-CUBE-EEPRMA1 4.2.0
2024-11-23 15:02:38,914 [INFO] ThirdParty:1030 - CMSIS Pack Vendor :STMicroelectronics X-CUBE-NFC6 3.1.0
2024-11-23 15:02:38,914 [INFO] ThirdParty:1030 - CMSIS Pack Vendor :ITTIA_DB I-CUBE-ITTIADB 8.8.0
2024-11-23 15:02:38,915 [INFO] ThirdParty:1030 - CMSIS Pack Vendor :STMicroelectronics FP-SNS-MOTENV1 4.3.2
2024-11-23 15:02:38,915 [INFO] ThirdParty:1030 - CMSIS Pack Vendor :STMicroelectronics X-CUBE-ALGOBUILD 1.3.0
2024-11-23 15:02:38,915 [INFO] ThirdParty:1030 - CMSIS Pack Vendor :STMicroelectronics X-CUBE-MEMS1 11.0.0
2024-11-23 15:02:38,915 [INFO] ThirdParty:1030 - CMSIS Pack Vendor :STMicroelectronics FreeRTOS 0.0.1
2024-11-23 15:02:38,915 [INFO] ThirdParty:1030 - CMSIS Pack Vendor :STMicroelectronics X-CUBE-AZRTOS-G0 1.1.0
2024-11-23 15:02:38,915 [INFO] ThirdParty:1030 - CMSIS Pack Vendor :STMicroelectronics X-CUBE-SAFEA1 1.2.2
2024-11-23 15:02:38,915 [INFO] ThirdParty:1030 - CMSIS Pack Vendor :STMicroelectronics X-CUBE-NFC4 3.0.0
2024-11-23 15:02:38,915 [INFO] ThirdParty:1030 - CMSIS Pack Vendor :STMicroelectronics X-CUBE-SUBG2 5.0.0
2024-11-23 15:02:38,915 [INFO] ThirdParty:1030 - CMSIS Pack Vendor :STMicroelectronics STM32_WPAN 1.0.0
2024-11-23 15:02:38,915 [INFO] ThirdParty:1030 - CMSIS Pack Vendor :STMicroelectronics lwIP 2.0.3
2024-11-23 15:02:38,915 [INFO] ThirdParty:1030 - CMSIS Pack Vendor :STMicroelectronics FP-SNS-FLIGHT1 5.0.2
2024-11-23 15:02:38,915 [INFO] ThirdParty:1030 - CMSIS Pack Vendor :Cesanta I-CUBE-Mongoose 7.13.0
2024-11-23 15:02:38,915 [INFO] ThirdParty:1030 - CMSIS Pack Vendor :STMicroelectronics USB_HOST 1.0.0
2024-11-23 15:02:38,915 [INFO] ThirdParty:1030 - CMSIS Pack Vendor :STMicroelectronics X-CUBE-AZRTOS-G4 2.0.0
2024-11-23 15:02:38,915 [INFO] ThirdParty:1030 - CMSIS Pack Vendor :STMicroelectronics PDM2PCM 3.1.0
2024-11-23 15:02:38,915 [INFO] ThirdParty:1030 - CMSIS Pack Vendor :STMicroelectronics X-CUBE-AZRTOS-H7 3.1.0
2024-11-23 15:02:38,915 [INFO] ThirdParty:1030 - CMSIS Pack Vendor :Infineon AIROC-Wi-Fi-Bluetooth-STM32 1.5.1
2024-11-23 15:02:38,915 [INFO] ThirdParty:1030 - CMSIS Pack Vendor :STMicroelectronics X-CUBE-BLEMGR 3.0.0
2024-11-23 15:02:38,915 [INFO] ThirdParty:1030 - CMSIS Pack Vendor :STMicroelectronics PDM2PCM 3.3.0
2024-11-23 15:02:38,916 [INFO] ThirdParty:1030 - CMSIS Pack Vendor :STMicroelectronics X-CUBE-DISPLAY 3.0.0
2024-11-23 15:02:38,916 [INFO] ThirdParty:1030 - CMSIS Pack Vendor :STMicroelectronics FP-SNS-MOTENVWB1 1.3.1
2024-11-23 15:02:38,916 [INFO] ThirdParty:1030 - CMSIS Pack Vendor :STMicroelectronics X-CUBE-BLE1 7.0.0
2024-11-23 15:02:38,916 [INFO] ThirdParty:1030 - CMSIS Pack Vendor :STMicroelectronics FP-ATR-SIGFOX1 3.2.0
2024-11-23 15:02:38,916 [INFO] ThirdParty:1030 - CMSIS Pack Vendor :STMicroelectronics X-CUBE-NFC10 1.0.0
2024-11-23 15:02:38,916 [INFO] ThirdParty:1030 - CMSIS Pack Vendor :STMicroelectronics X-CUBE-ISPU 2.0.0
2024-11-23 15:02:38,916 [INFO] ThirdParty:1030 - CMSIS Pack Vendor :STMicroelectronics X-CUBE-EEPRMA1 5.1.0
2024-11-23 15:02:38,916 [INFO] ThirdParty:1030 - CMSIS Pack Vendor :STMicroelectronics HAL Drivers 0.0.0
2024-11-23 15:02:38,916 [INFO] ThirdParty:1030 - CMSIS Pack Vendor :STMicroelectronics MBEDTLS 2.16.2
2024-11-23 15:02:38,916 [INFO] ThirdParty:1030 - CMSIS Pack Vendor :STMicroelectronics X-CUBE-ALS 1.0.2
2024-11-23 15:02:38,916 [INFO] ThirdParty:1030 - CMSIS Pack Vendor :emotas I-CUBE-CANOPEN 1.3.0
2024-11-23 15:02:38,916 [INFO] ThirdParty:1030 - CMSIS Pack Vendor :STMicroelectronics X-CUBE-MEMS1 10.0.0
2024-11-23 15:02:38,916 [INFO] ThirdParty:1030 - CMSIS Pack Vendor :STMicroelectronics X-CUBE-FREERTOS 1.1.0
2024-11-23 15:02:38,916 [INFO] ThirdParty:1030 - CMSIS Pack Vendor :STMicroelectronics X-CUBE-NFC7 1.0.1
2024-11-23 15:02:38,916 [INFO] ThirdParty:1030 - CMSIS Pack Vendor :STMicroelectronics MBEDTLS 2.14.1
2024-11-23 15:02:38,916 [INFO] ThirdParty:1030 - CMSIS Pack Vendor :STMicroelectronics X-CUBE-TOUCHGFX 4.22.1
2024-11-23 15:02:38,916 [INFO] ThirdParty:1030 - CMSIS Pack Vendor :STMicroelectronics X-CUBE-TOUCHGFX 4.24.1
2024-11-23 15:02:38,917 [INFO] ThirdParty:1030 - CMSIS Pack Vendor :STMicroelectronics X-CUBE-NFC6 3.0.0
2024-11-23 15:02:38,917 [INFO] ThirdParty:1030 - CMSIS Pack Vendor :wolfSSL I-CUBE-wolfTPM 3.4.0
2024-11-23 15:02:38,917 [INFO] ThirdParty:1030 - CMSIS Pack Vendor :portGmbH I-Cube-SoM-uGOAL 1.1.0
2024-11-23 15:02:38,917 [INFO] ThirdParty:1030 - CMSIS Pack Vendor :STMicroelectronics X-CUBE-ALS 1.0.1
2024-11-23 15:02:38,917 [INFO] ThirdParty:1030 - CMSIS Pack Vendor :STMicroelectronics X-CUBE-BLEMGR 3.1.0
2024-11-23 15:02:38,917 [INFO] ThirdParty:1030 - CMSIS Pack Vendor :STMicroelectronics ThreadX 1.0.0
2024-11-23 15:02:38,917 [INFO] ThirdParty:1030 - CMSIS Pack Vendor :STMicroelectronics FP-SNS-SMARTAG2 1.2.0
2024-11-23 15:02:38,917 [INFO] ThirdParty:1030 - CMSIS Pack Vendor :STMicroelectronics X-CUBE-AZRTOS-WL 2.0.0
2024-11-23 15:02:38,917 [INFO] ThirdParty:1030 - CMSIS Pack Vendor :SEGGER I-CUBE-embOS 1.3.1
2024-11-23 15:02:38,917 [INFO] ThirdParty:1030 - CMSIS Pack Vendor :STMicroelectronics X-CUBE-ALGOBUILD 1.4.0
2024-11-23 15:02:38,917 [INFO] ThirdParty:1030 - CMSIS Pack Vendor :STMicroelectronics FP-SNS-MOTENV1 5.0.0
2024-11-23 15:02:38,917 [INFO] ThirdParty:1030 - CMSIS Pack Vendor :STMicroelectronics USB_DEVICE 1.0.0
2024-11-23 15:02:38,918 [INFO] ThirdParty:1030 - CMSIS Pack Vendor :STMicroelectronics X-CUBE-AI 8.1.0
2024-11-23 15:02:38,918 [INFO] ThirdParty:1030 - CMSIS Pack Vendor :STMicroelectronics X-CUBE-AZRTOS-H7RS 1.0.0
2024-11-23 15:02:38,918 [INFO] ThirdParty:1030 - CMSIS Pack Vendor :wolfSSL I-CUBE-wolfMQTT 1.19.0
2024-11-23 15:02:38,918 [INFO] ThirdParty:1030 - CMSIS Pack Vendor :STMicroelectronics X-CUBE-AZRTOS-L4 2.0.0
2024-11-23 15:02:38,918 [INFO] ThirdParty:1030 - CMSIS Pack Vendor :STMicroelectronics ThreadX 0.0.2
2024-11-23 15:02:38,918 [INFO] ThirdParty:1030 - CMSIS Pack Vendor :WES I-CUBE-Cesium 1.3.0
2024-11-23 15:02:38,918 [INFO] ThirdParty:1030 - CMSIS Pack Vendor :STMicroelectronics FP-ATR-ASTRA1 2.0.0
2024-11-23 15:02:38,918 [INFO] ThirdParty:1030 - CMSIS Pack Vendor :STMicroelectronics lwIP 2.1.2
2024-11-23 15:02:38,918 [INFO] ThirdParty:1030 - CMSIS Pack Vendor :STMicroelectronics X-CUBE-SFXS2LP1 4.0.0
2024-11-23 15:02:38,919 [INFO] ThirdParty:1030 - CMSIS Pack Vendor :STMicroelectronics X-CUBE-BLE2 3.3.0
2024-11-23 15:02:38,919 [INFO] ThirdParty:1030 - CMSIS Pack Vendor :STMicroelectronics X-CUBE-AI 9.1.0
2024-11-23 15:02:38,919 [INFO] ThirdParty:1030 - CMSIS Pack Vendor :STMicroelectronics X-CUBE-TOF1 3.4.0
2024-11-23 15:02:38,919 [INFO] ThirdParty:1030 - CMSIS Pack Vendor :STMicroelectronics X-CUBE-TOF1 3.4.1
2024-11-23 15:02:38,919 [INFO] ThirdParty:1030 - CMSIS Pack Vendor :STMicroelectronics X-CUBE-AZRTOS-H7 3.2.0
2024-11-23 15:02:38,919 [INFO] ThirdParty:1030 - CMSIS Pack Vendor :STMicroelectronics PDM2PCM 3.2.0
2024-11-23 15:02:38,919 [INFO] ThirdParty:1030 - CMSIS Pack Vendor :wolfSSL I-CUBE-wolfSSH 1.4.17
2024-11-23 15:02:38,920 [INFO] ThirdParty:841 - exiting critical section [change project]
2024-11-23 15:02:39,829 [INFO] PinOutPanel:1499 - setPackage(No Configuration,No Configuration)
2024-11-23 15:02:39,831 [INFO] PinOutPanel:1499 - setPackage(STM32G484RETx,LQFP64)
2024-11-23 15:02:40,804 [INFO] UtilMem:75 - Before build in PCC Used Memory: 505037624 Bytes (998244352)
2024-11-23 15:02:43,539 [INFO] UtilMem:75 - After build in PCC Used Memory: 693766240 Bytes (998244352)
2024-11-23 15:02:43,607 [INFO] IPUIPlugin:80 - create IPUIPlugin
2024-11-23 15:02:43,608 [INFO] IPUIPlugin:80 - create IPUIPlugin
2024-11-23 15:02:43,608 [INFO] IPUIPlugin:80 - create IPUIPlugin
2024-11-23 15:02:43,608 [INFO] IPUIPlugin:80 - create IPUIPlugin
2024-11-23 15:02:43,608 [INFO] IPUIPlugin:80 - create IPUIPlugin
2024-11-23 15:02:43,608 [INFO] IPUIPlugin:80 - create IPUIPlugin
2024-11-23 15:02:43,608 [INFO] IPUIPlugin:80 - create IPUIPlugin
2024-11-23 15:02:43,608 [INFO] IPUIPlugin:80 - create IPUIPlugin
2024-11-23 15:02:43,608 [INFO] IPUIPlugin:80 - create IPUIPlugin
2024-11-23 15:02:43,608 [INFO] IPUIPlugin:80 - create IPUIPlugin
2024-11-23 15:02:43,608 [INFO] IPUIPlugin:80 - create IPUIPlugin
2024-11-23 15:02:43,608 [INFO] IPUIPlugin:80 - create IPUIPlugin
2024-11-23 15:02:43,608 [INFO] IPUIPlugin:80 - create IPUIPlugin
2024-11-23 15:02:43,608 [INFO] IPUIPlugin:80 - create IPUIPlugin
2024-11-23 15:02:43,609 [INFO] IPUIPlugin:80 - create IPUIPlugin
2024-11-23 15:02:43,609 [INFO] IPUIPlugin:80 - create IPUIPlugin
2024-11-23 15:02:43,609 [INFO] IPUIPlugin:80 - create IPUIPlugin
2024-11-23 15:02:43,609 [INFO] IPUIPlugin:80 - create IPUIPlugin
2024-11-23 15:02:43,609 [INFO] IPUIPlugin:80 - create IPUIPlugin
2024-11-23 15:02:43,609 [INFO] IPUIPlugin:80 - create IPUIPlugin
2024-11-23 15:02:43,609 [INFO] IPUIPlugin:80 - create IPUIPlugin
2024-11-23 15:02:43,609 [INFO] IPUIPlugin:80 - create IPUIPlugin
2024-11-23 15:02:43,610 [INFO] IPUIPlugin:80 - create IPUIPlugin
2024-11-23 15:02:43,610 [INFO] IPUIPlugin:80 - create IPUIPlugin
2024-11-23 15:02:43,610 [INFO] IPUIPlugin:80 - create IPUIPlugin
2024-11-23 15:02:43,610 [INFO] IPUIPlugin:80 - create IPUIPlugin
2024-11-23 15:02:43,610 [INFO] IPUIPlugin:80 - create IPUIPlugin
2024-11-23 15:02:43,611 [INFO] IPUIPlugin:80 - create IPUIPlugin
2024-11-23 15:02:43,611 [INFO] IPUIPlugin:80 - create IPUIPlugin
2024-11-23 15:02:43,611 [INFO] IPUIPlugin:80 - create IPUIPlugin
2024-11-23 15:02:43,611 [INFO] IPUIPlugin:80 - create IPUIPlugin
2024-11-23 15:02:43,611 [INFO] IPUIPlugin:80 - create IPUIPlugin
2024-11-23 15:02:43,611 [INFO] IPUIPlugin:80 - create IPUIPlugin
2024-11-23 15:02:43,612 [INFO] IPUIPlugin:80 - create IPUIPlugin
2024-11-23 15:02:43,612 [INFO] IPUIPlugin:80 - create IPUIPlugin
2024-11-23 15:02:43,612 [INFO] IPUIPlugin:80 - create IPUIPlugin
2024-11-23 15:02:43,612 [INFO] IPUIPlugin:80 - create IPUIPlugin
2024-11-23 15:02:43,612 [INFO] IPUIPlugin:80 - create IPUIPlugin
2024-11-23 15:02:43,613 [INFO] IPUIPlugin:80 - create IPUIPlugin
2024-11-23 15:02:43,613 [INFO] IPUIPlugin:80 - create IPUIPlugin
2024-11-23 15:02:43,613 [INFO] IPUIPlugin:80 - create IPUIPlugin
2024-11-23 15:02:43,614 [INFO] IPUIPlugin:80 - create IPUIPlugin
2024-11-23 15:02:43,614 [INFO] IPUIPlugin:80 - create IPUIPlugin
2024-11-23 15:02:43,614 [INFO] IPUIPlugin:80 - create IPUIPlugin
2024-11-23 15:02:43,614 [INFO] IPUIPlugin:80 - create IPUIPlugin
2024-11-23 15:02:43,614 [INFO] IPUIPlugin:80 - create IPUIPlugin
2024-11-23 15:02:43,615 [INFO] IPUIPlugin:80 - create IPUIPlugin
2024-11-23 15:02:43,615 [INFO] IPUIPlugin:80 - create IPUIPlugin
2024-11-23 15:02:43,616 [INFO] IPUIPlugin:80 - create IPUIPlugin
2024-11-23 15:02:43,619 [INFO] IPUIPlugin:80 - create IPUIPlugin
2024-11-23 15:02:43,620 [INFO] IPUIPlugin:80 - create IPUIPlugin
2024-11-23 15:02:43,620 [INFO] IPUIPlugin:80 - create IPUIPlugin
2024-11-23 15:02:43,620 [INFO] IPUIPlugin:80 - create IPUIPlugin
2024-11-23 15:02:43,621 [INFO] IPUIPlugin:80 - create IPUIPlugin
2024-11-23 15:02:43,621 [INFO] IPUIPlugin:80 - create IPUIPlugin
2024-11-23 15:02:43,621 [INFO] IPUIPlugin:80 - create IPUIPlugin
2024-11-23 15:02:43,622 [INFO] IPUIPlugin:80 - create IPUIPlugin
2024-11-23 15:02:43,622 [INFO] IPUIPlugin:80 - create IPUIPlugin
2024-11-23 15:02:43,623 [INFO] IPUIPlugin:80 - create IPUIPlugin
2024-11-23 15:02:43,623 [INFO] IPUIPlugin:80 - create IPUIPlugin
2024-11-23 15:02:43,623 [INFO] IPUIPlugin:80 - create IPUIPlugin
2024-11-23 15:02:43,624 [INFO] IPUIPlugin:80 - create IPUIPlugin
2024-11-23 15:02:43,624 [INFO] IPUIPlugin:80 - create IPUIPlugin
2024-11-23 15:02:43,624 [INFO] IPUIPlugin:80 - create IPUIPlugin
2024-11-23 15:02:43,624 [INFO] IPUIPlugin:80 - create IPUIPlugin
2024-11-23 15:02:43,625 [INFO] IPUIPlugin:80 - create IPUIPlugin
2024-11-23 15:02:43,625 [INFO] IPUIPlugin:80 - create IPUIPlugin
2024-11-23 15:02:43,625 [INFO] IPUIPlugin:80 - create IPUIPlugin
2024-11-23 15:02:43,626 [INFO] IPUIPlugin:80 - create IPUIPlugin
2024-11-23 15:02:43,626 [INFO] IPUIPlugin:80 - create IPUIPlugin
2024-11-23 15:02:43,627 [INFO] IPUIPlugin:80 - create IPUIPlugin
2024-11-23 15:02:43,627 [INFO] IPUIPlugin:80 - create IPUIPlugin
2024-11-23 15:02:43,628 [INFO] IPUIPlugin:80 - create IPUIPlugin
2024-11-23 15:02:43,628 [INFO] IPUIPlugin:80 - create IPUIPlugin
2024-11-23 15:02:43,629 [INFO] IPUIPlugin:80 - create IPUIPlugin
2024-11-23 15:02:43,629 [INFO] IPUIPlugin:80 - create IPUIPlugin
2024-11-23 15:02:43,630 [INFO] IPUIPlugin:80 - create IPUIPlugin
2024-11-23 15:02:43,630 [INFO] IPUIPlugin:80 - create IPUIPlugin
2024-11-23 15:02:43,679 [WARN] IP:2114 - MessageRAMOffset not found: check if there is a RefParameter without a condition.
2024-11-23 15:02:43,679 [WARN] IP:2114 - RxFifo0ElmtsNbr not found: check if there is a RefParameter without a condition.
2024-11-23 15:02:43,679 [WARN] IP:2114 - RxFifo0ElmtSize not found: check if there is a RefParameter without a condition.
2024-11-23 15:02:43,679 [WARN] IP:2114 - RxFifo1ElmtsNbr not found: check if there is a RefParameter without a condition.
2024-11-23 15:02:43,679 [WARN] IP:2114 - RxFifo1ElmtSize not found: check if there is a RefParameter without a condition.
2024-11-23 15:02:43,679 [WARN] IP:2114 - RxBuffersNbr not found: check if there is a RefParameter without a condition.
2024-11-23 15:02:43,679 [WARN] IP:2114 - RxBufferSize not found: check if there is a RefParameter without a condition.
2024-11-23 15:02:43,679 [WARN] IP:2114 - TxEventsNbr not found: check if there is a RefParameter without a condition.
2024-11-23 15:02:43,679 [WARN] IP:2114 - TxBuffersNbr not found: check if there is a RefParameter without a condition.
2024-11-23 15:02:43,680 [WARN] IP:2114 - TxFifoQueueElmtsNbr not found: check if there is a RefParameter without a condition.
2024-11-23 15:02:43,680 [WARN] IP:2114 - TxElmtSize not found: check if there is a RefParameter without a condition.
2024-11-23 15:02:43,680 [WARN] IP:2114 - ClockCalibrationCCU not found: check if there is a RefParameter without a condition.
2024-11-23 15:02:43,680 [WARN] IP:2114 - ClockDividerCCU not found: check if there is a RefParameter without a condition.
2024-11-23 15:02:43,680 [WARN] IP:2114 - MinOscClkPeriodsCCU not found: check if there is a RefParameter without a condition.
2024-11-23 15:02:43,680 [WARN] IP:2114 - TimeQuantaPerBitTimeCCU not found: check if there is a RefParameter without a condition.
2024-11-23 15:02:43,680 [WARN] IP:2114 - WatchdogStartValueCCU not found: check if there is a RefParameter without a condition.
2024-11-23 15:02:43,722 [INFO] LogOutputStream:77 - [STDOUT_REDIRECT] Nominal 
2024-11-23 15:02:43,723 [INFO] Can:71 - Can Add PropertyChangeListener com.st.microxplorer.plugins.ip.can.Can@a9c1ad6
2024-11-23 15:02:44,388 [INFO] CADModel:165 - CPN selected for project levelSTM32G484RET6
2024-11-23 15:02:44,388 [INFO] CADModel:114 - Register for checkConnection events
2024-11-23 15:02:44,430 [INFO] OpenFileManager:328 - Restore cursor
2024-11-23 15:02:44,709 [WARN] IP:2114 - MessageRAMOffset not found: check if there is a RefParameter without a condition.
2024-11-23 15:02:44,710 [WARN] IP:2114 - RxFifo0ElmtsNbr not found: check if there is a RefParameter without a condition.
2024-11-23 15:02:44,710 [WARN] IP:2114 - RxFifo0ElmtSize not found: check if there is a RefParameter without a condition.
2024-11-23 15:02:44,710 [WARN] IP:2114 - RxFifo1ElmtsNbr not found: check if there is a RefParameter without a condition.
2024-11-23 15:02:44,710 [WARN] IP:2114 - RxFifo1ElmtSize not found: check if there is a RefParameter without a condition.
2024-11-23 15:02:44,710 [WARN] IP:2114 - RxBuffersNbr not found: check if there is a RefParameter without a condition.
2024-11-23 15:02:44,710 [WARN] IP:2114 - RxBufferSize not found: check if there is a RefParameter without a condition.
2024-11-23 15:02:44,710 [WARN] IP:2114 - TxEventsNbr not found: check if there is a RefParameter without a condition.
2024-11-23 15:02:44,710 [WARN] IP:2114 - TxBuffersNbr not found: check if there is a RefParameter without a condition.
2024-11-23 15:02:44,710 [WARN] IP:2114 - TxFifoQueueElmtsNbr not found: check if there is a RefParameter without a condition.
2024-11-23 15:02:44,710 [WARN] IP:2114 - TxElmtSize not found: check if there is a RefParameter without a condition.
2024-11-23 15:02:44,710 [WARN] IP:2114 - ClockCalibrationCCU not found: check if there is a RefParameter without a condition.
2024-11-23 15:02:44,710 [WARN] IP:2114 - ClockDividerCCU not found: check if there is a RefParameter without a condition.
2024-11-23 15:02:44,710 [WARN] IP:2114 - MinOscClkPeriodsCCU not found: check if there is a RefParameter without a condition.
2024-11-23 15:02:44,710 [WARN] IP:2114 - TimeQuantaPerBitTimeCCU not found: check if there is a RefParameter without a condition.
2024-11-23 15:02:44,710 [WARN] IP:2114 - WatchdogStartValueCCU not found: check if there is a RefParameter without a condition.
2024-11-23 15:02:44,711 [WARN] IP:2114 - MessageRAMOffset not found: check if there is a RefParameter without a condition.
2024-11-23 15:02:44,712 [WARN] IP:2114 - RxFifo0ElmtsNbr not found: check if there is a RefParameter without a condition.
2024-11-23 15:02:44,712 [WARN] IP:2114 - RxFifo0ElmtSize not found: check if there is a RefParameter without a condition.
2024-11-23 15:02:44,712 [WARN] IP:2114 - RxFifo1ElmtsNbr not found: check if there is a RefParameter without a condition.
2024-11-23 15:02:44,712 [WARN] IP:2114 - RxFifo1ElmtSize not found: check if there is a RefParameter without a condition.
2024-11-23 15:02:44,713 [WARN] IP:2114 - RxBuffersNbr not found: check if there is a RefParameter without a condition.
2024-11-23 15:02:44,713 [WARN] IP:2114 - RxBufferSize not found: check if there is a RefParameter without a condition.
2024-11-23 15:02:44,713 [WARN] IP:2114 - TxEventsNbr not found: check if there is a RefParameter without a condition.
2024-11-23 15:02:44,713 [WARN] IP:2114 - TxBuffersNbr not found: check if there is a RefParameter without a condition.
2024-11-23 15:02:44,713 [WARN] IP:2114 - TxFifoQueueElmtsNbr not found: check if there is a RefParameter without a condition.
2024-11-23 15:02:44,713 [WARN] IP:2114 - TxElmtSize not found: check if there is a RefParameter without a condition.
2024-11-23 15:02:44,713 [WARN] IP:2114 - ClockCalibrationCCU not found: check if there is a RefParameter without a condition.
2024-11-23 15:02:44,713 [WARN] IP:2114 - ClockDividerCCU not found: check if there is a RefParameter without a condition.
2024-11-23 15:02:44,713 [WARN] IP:2114 - MinOscClkPeriodsCCU not found: check if there is a RefParameter without a condition.
2024-11-23 15:02:44,713 [WARN] IP:2114 - TimeQuantaPerBitTimeCCU not found: check if there is a RefParameter without a condition.
2024-11-23 15:02:44,713 [WARN] IP:2114 - WatchdogStartValueCCU not found: check if there is a RefParameter without a condition.
2024-11-23 21:38:29,835 [INFO] UtilMem:75 - End SaveConfig() Used Memory: 729209944 Bytes (1073741824)
2024-11-23 21:38:30,153 [INFO] UtilMem:75 - End SaveConfig() Used Memory: 767792016 Bytes (1073741824)
2024-11-23 21:38:30,596 [INFO] UtilMem:75 - End SaveConfig() Used Memory: 789735368 Bytes (1073741824)
2024-11-23 21:38:31,321 [INFO] ProjectBuilder:2337 - IP not ready for code generation: Clock
2024-11-23 21:38:43,705 [INFO] BlockDiagram:2759 - set Specific Code input for plugin: SPI
2024-11-23 21:38:43,705 [INFO] BlockDiagram:2759 - set Specific Code input for plugin: FDCAN
2024-11-23 21:38:43,705 [INFO] BlockDiagram:2759 - set Specific Code input for plugin: RCC
2024-11-23 21:38:43,705 [INFO] BlockDiagram:2759 - set Specific Code input for plugin: I2C
2024-11-23 21:38:43,705 [INFO] BlockDiagram:2759 - set Specific Code input for plugin: NVIC
2024-11-23 21:38:43,705 [INFO] BlockDiagram:2759 - set Specific Code input for plugin: USB
2024-11-23 21:38:43,708 [INFO] BlockDiagram:2759 - set Specific Code input for plugin: GPIO
2024-11-23 21:38:43,710 [INFO] CodeGenerator:799 - code generatio: config db path: C:\ST\STM32CubeIDE_1.13.2\STM32CubeIDE\plugins\com.st.stm32cube.common.mx_6.9.2.202309101412\\db\
2024-11-23 21:38:43,718 [WARN] IP:2114 - MessageRAMOffset not found: check if there is a RefParameter without a condition.
2024-11-23 21:38:43,718 [WARN] IP:2114 - RxFifo0ElmtsNbr not found: check if there is a RefParameter without a condition.
2024-11-23 21:38:43,719 [WARN] IP:2114 - RxFifo0ElmtSize not found: check if there is a RefParameter without a condition.
2024-11-23 21:38:43,719 [WARN] IP:2114 - RxFifo1ElmtsNbr not found: check if there is a RefParameter without a condition.
2024-11-23 21:38:43,719 [WARN] IP:2114 - RxFifo1ElmtSize not found: check if there is a RefParameter without a condition.
2024-11-23 21:38:43,719 [WARN] IP:2114 - RxBuffersNbr not found: check if there is a RefParameter without a condition.
2024-11-23 21:38:43,719 [WARN] IP:2114 - RxBufferSize not found: check if there is a RefParameter without a condition.
2024-11-23 21:38:43,719 [WARN] IP:2114 - TxEventsNbr not found: check if there is a RefParameter without a condition.
2024-11-23 21:38:43,719 [WARN] IP:2114 - TxBuffersNbr not found: check if there is a RefParameter without a condition.
2024-11-23 21:38:43,719 [WARN] IP:2114 - TxFifoQueueElmtsNbr not found: check if there is a RefParameter without a condition.
2024-11-23 21:38:43,719 [WARN] IP:2114 - TxElmtSize not found: check if there is a RefParameter without a condition.
2024-11-23 21:38:43,719 [WARN] IP:2114 - ClockCalibrationCCU not found: check if there is a RefParameter without a condition.
2024-11-23 21:38:43,719 [WARN] IP:2114 - ClockDividerCCU not found: check if there is a RefParameter without a condition.
2024-11-23 21:38:43,719 [WARN] IP:2114 - MinOscClkPeriodsCCU not found: check if there is a RefParameter without a condition.
2024-11-23 21:38:43,719 [WARN] IP:2114 - TimeQuantaPerBitTimeCCU not found: check if there is a RefParameter without a condition.
2024-11-23 21:38:43,719 [WARN] IP:2114 - WatchdogStartValueCCU not found: check if there is a RefParameter without a condition.
2024-11-23 21:38:44,035 [INFO] CodeEngine:255 - oldGeneratedFile, C:\Users\gfran\Documents\GitHub\Sally-Electrical-Design\RF-Board-V1-2024\Firmware\MXTmpFiles\license.tmp_save
2024-11-23 21:38:44,504 [INFO] CodeEngine:279 - Generated code: C:\Users\gfran\Documents\GitHub\Sally-Electrical-Design\RF-Board-V1-2024\Firmware\MXTmpFiles\license.tmp
2024-11-23 21:38:44,939 [INFO] CodeEngine:255 - oldGeneratedFile, C:\Users\gfran\Documents\GitHub\Sally-Electrical-Design\RF-Board-V1-2024\Firmware\MXTmpFiles\gpio.tmp_save
2024-11-23 21:38:45,220 [INFO] CodeEngine:279 - Generated code: C:\Users\gfran\Documents\GitHub\Sally-Electrical-Design\RF-Board-V1-2024\Firmware\MXTmpFiles\gpio.tmp
2024-11-23 21:38:46,809 [INFO] CodeEngine:255 - oldGeneratedFile, C:\Users\gfran\Documents\GitHub\Sally-Electrical-Design\RF-Board-V1-2024\Firmware\Core\Src\stm32g4xx_it.c_save
2024-11-23 21:38:47,177 [INFO] CodeEngine:279 - Generated code: C:\Users\gfran\Documents\GitHub\Sally-Electrical-Design\RF-Board-V1-2024\Firmware\Core\Src\stm32g4xx_it.c
2024-11-23 21:38:47,217 [INFO] CodeEngine:255 - oldGeneratedFile, C:\Users\gfran\Documents\GitHub\Sally-Electrical-Design\RF-Board-V1-2024\Firmware\Core\Inc\stm32g4xx_it.h_save
2024-11-23 21:38:47,372 [INFO] CodeEngine:279 - Generated code: C:\Users\gfran\Documents\GitHub\Sally-Electrical-Design\RF-Board-V1-2024\Firmware\Core\Inc\stm32g4xx_it.h
2024-11-23 21:38:47,617 [INFO] CodeEngine:255 - oldGeneratedFile, C:\Users\gfran\Documents\GitHub\Sally-Electrical-Design\RF-Board-V1-2024\Firmware\Core\Src\stm32g4xx_hal_msp.c_save
2024-11-23 21:38:47,872 [INFO] CodeEngine:279 - Generated code: C:\Users\gfran\Documents\GitHub\Sally-Electrical-Design\RF-Board-V1-2024\Firmware\Core\Src\stm32g4xx_hal_msp.c
2024-11-23 21:38:47,896 [INFO] CodeEngine:255 - oldGeneratedFile, C:\Users\gfran\Documents\GitHub\Sally-Electrical-Design\RF-Board-V1-2024\Firmware\MXTmpFiles\system.tmp_save
2024-11-23 21:38:47,989 [INFO] CodeEngine:279 - Generated code: C:\Users\gfran\Documents\GitHub\Sally-Electrical-Design\RF-Board-V1-2024\Firmware\MXTmpFiles\system.tmp
2024-11-23 21:38:48,024 [INFO] CodeEngine:311 - oldGeneratedFile, C:\Users\gfran\Documents\GitHub\Sally-Electrical-Design\RF-Board-V1-2024\Firmware\Core\Inc\stm32g4xx_hal_conf.h_save
2024-11-23 21:38:48,178 [INFO] CodeEngine:335 - Generated code: C:\Users\gfran\Documents\GitHub\Sally-Electrical-Design\RF-Board-V1-2024\Firmware\Core\Inc\stm32g4xx_hal_conf.h
2024-11-23 21:38:48,217 [WARN] IPConfigManager:2937 - Warning: the RefConfig RCC_CommonPeriphClockConfig is not available in your config.xml file
2024-11-23 21:38:48,269 [INFO] CodeEngine:255 - oldGeneratedFile, C:\Users\gfran\Documents\GitHub\Sally-Electrical-Design\RF-Board-V1-2024\Firmware\Core\Inc\main.h_save
2024-11-23 21:38:48,428 [INFO] CodeEngine:279 - Generated code: C:\Users\gfran\Documents\GitHub\Sally-Electrical-Design\RF-Board-V1-2024\Firmware\Core\Inc\main.h
2024-11-23 21:38:48,464 [INFO] CodeEngine:255 - oldGeneratedFile, C:\Users\gfran\Documents\GitHub\Sally-Electrical-Design\RF-Board-V1-2024\Firmware\Core\Src\main.c_save
2024-11-23 21:38:48,685 [INFO] CodeEngine:279 - Generated code: C:\Users\gfran\Documents\GitHub\Sally-Electrical-Design\RF-Board-V1-2024\Firmware\Core\Src\main.c
2024-11-23 21:38:49,273 [INFO] ProjectBuilder:3064 - Time for Copy HAL[2] : 3mS.
2024-11-23 21:38:49,293 [INFO] ProjectBuilder:4404 - Project Generator version: 4.1.0
2024-11-23 21:38:49,602 [INFO] ConfigFileManager:1457 - The Die is : DIE469
2024-11-23 21:38:49,632 [INFO] ApiDbMcu:507 - Load IP Config File for FATFS
2024-11-23 21:38:49,654 [INFO] ApiDbMcu:507 - Load IP Config File for FREERTOS
2024-11-23 21:38:49,673 [INFO] ApiDbMcu:507 - Load IP Config File for USBPD
2024-11-23 21:38:49,695 [INFO] ApiDbMcu:507 - Load IP Config File for USB_Device
2024-11-23 21:38:51,558 [INFO] LogOutputStream:77 - [STDOUT_REDIRECT] 
2024-11-23 21:38:54,816 [INFO] ProjectBuilder:4626 - Time for Generating toolchain IDE Files: 5522mS.
2024-11-23 21:38:54,817 [INFO] ProjectBuilder:2935 - Time for Copy CMSIS : 1mS.
2024-11-23 21:38:54,821 [INFO] ProjectBuilder:2935 - Time for Copy CMSIS : 2mS.
