2024-11-16 19:08:10,905 [INFO] UtilMem:75 - End SaveConfig() Used Memory: 775159320 Bytes (1073741824)
2024-11-16 19:08:11,700 [INFO] UtilMem:75 - End SaveConfig() Used Memory: 834780968 Bytes (1073741824)
2024-11-16 19:08:13,944 [INFO] UtilMem:75 - End SaveConfig() Used Memory: 704715016 Bytes (1073741824)
2024-11-16 19:08:14,533 [INFO] BlockDiagram:2759 - set Specific Code input for plugin: RCC
2024-11-16 19:08:14,533 [INFO] BlockDiagram:2759 - set Specific Code input for plugin: NVIC
2024-11-16 19:08:14,541 [INFO] CodeGenerator:799 - code generatio: config db path: C:\ST\STM32CubeIDE_1.13.2\STM32CubeIDE\plugins\com.st.stm32cube.common.mx_6.9.2.202309101412\\db\
2024-11-16 19:08:14,863 [INFO] CodeEngine:255 - oldGeneratedFile, C:\Users\gfran\Documents\GitHub\Sally-Electrical-Design\RF-Board-V1-2024\Firmware\MXTmpFiles\license.tmp_save
2024-11-16 19:08:15,129 [INFO] CodeEngine:279 - Generated code: C:\Users\gfran\Documents\GitHub\Sally-Electrical-Design\RF-Board-V1-2024\Firmware\MXTmpFiles\license.tmp
2024-11-16 19:08:15,179 [INFO] CodeEngine:255 - oldGeneratedFile, C:\Users\gfran\Documents\GitHub\Sally-Electrical-Design\RF-Board-V1-2024\Firmware\Core\Src\stm32g4xx_it.c_save
2024-11-16 19:08:16,087 [INFO] CodeEngine:279 - Generated code: C:\Users\gfran\Documents\GitHub\Sally-Electrical-Design\RF-Board-V1-2024\Firmware\Core\Src\stm32g4xx_it.c
2024-11-16 19:08:16,117 [INFO] CodeEngine:255 - oldGeneratedFile, C:\Users\gfran\Documents\GitHub\Sally-Electrical-Design\RF-Board-V1-2024\Firmware\Core\Inc\stm32g4xx_it.h_save
2024-11-16 19:08:16,237 [INFO] CodeEngine:279 - Generated code: C:\Users\gfran\Documents\GitHub\Sally-Electrical-Design\RF-Board-V1-2024\Firmware\Core\Inc\stm32g4xx_it.h
2024-11-16 19:08:16,319 [INFO] CodeEngine:255 - oldGeneratedFile, C:\Users\gfran\Documents\GitHub\Sally-Electrical-Design\RF-Board-V1-2024\Firmware\Core\Src\stm32g4xx_hal_msp.c_save
2024-11-16 19:08:16,613 [INFO] CodeEngine:279 - Generated code: C:\Users\gfran\Documents\GitHub\Sally-Electrical-Design\RF-Board-V1-2024\Firmware\Core\Src\stm32g4xx_hal_msp.c
2024-11-16 19:08:16,631 [INFO] CodeEngine:255 - oldGeneratedFile, C:\Users\gfran\Documents\GitHub\Sally-Electrical-Design\RF-Board-V1-2024\Firmware\MXTmpFiles\system.tmp_save
2024-11-16 19:08:16,716 [INFO] CodeEngine:279 - Generated code: C:\Users\gfran\Documents\GitHub\Sally-Electrical-Design\RF-Board-V1-2024\Firmware\MXTmpFiles\system.tmp
2024-11-16 19:08:16,753 [INFO] CodeEngine:311 - oldGeneratedFile, C:\Users\gfran\Documents\GitHub\Sally-Electrical-Design\RF-Board-V1-2024\Firmware\Core\Inc\stm32g4xx_hal_conf.h_save
2024-11-16 19:08:16,873 [INFO] CodeEngine:335 - Generated code: C:\Users\gfran\Documents\GitHub\Sally-Electrical-Design\RF-Board-V1-2024\Firmware\Core\Inc\stm32g4xx_hal_conf.h
2024-11-16 19:08:16,911 [WARN] IPConfigManager:2937 - Warning: the RefConfig RCC_CommonPeriphClockConfig is not available in your config.xml file
2024-11-16 19:08:16,956 [INFO] CodeEngine:255 - oldGeneratedFile, C:\Users\gfran\Documents\GitHub\Sally-Electrical-Design\RF-Board-V1-2024\Firmware\Core\Inc\main.h_save
2024-11-16 19:08:17,209 [INFO] CodeEngine:279 - Generated code: C:\Users\gfran\Documents\GitHub\Sally-Electrical-Design\RF-Board-V1-2024\Firmware\Core\Inc\main.h
2024-11-16 19:08:17,246 [INFO] CodeEngine:255 - oldGeneratedFile, C:\Users\gfran\Documents\GitHub\Sally-Electrical-Design\RF-Board-V1-2024\Firmware\Core\Src\main.c_save
2024-11-16 19:08:17,447 [INFO] CodeEngine:279 - Generated code: C:\Users\gfran\Documents\GitHub\Sally-Electrical-Design\RF-Board-V1-2024\Firmware\Core\Src\main.c
2024-11-16 19:08:17,942 [INFO] ProjectBuilder:3064 - Time for Copy HAL[2] : 46mS.
2024-11-16 19:08:17,953 [INFO] ProjectBuilder:4404 - Project Generator version: 4.1.0
2024-11-16 19:08:18,192 [INFO] ConfigFileManager:1457 - The Die is : DIE469
2024-11-16 19:08:20,838 [INFO] ProjectBuilder:4626 - Time for Generating toolchain IDE Files: 2886mS.
2024-11-16 19:08:20,842 [INFO] ProjectBuilder:2935 - Time for Copy CMSIS : 4mS.
2024-11-16 19:08:20,846 [INFO] ProjectBuilder:2935 - Time for Copy CMSIS : 2mS.
