2024-03-16 12:44:35,317 [INFO] Activator:176 - 


2024-03-16 12:44:35,362 [INFO] Activator:177 - !SESSION log4j initialized
2024-03-16 12:45:00,938 [INFO] LogOutputStream:77 - [STDOUT_REDIRECT] 
2024-03-16 12:45:02,613 [INFO] ApplicationProperties:184 - Using Application install path: C:\ST\STM32CubeIDE_1.13.2\STM32CubeIDE\plugins\com.st.stm32cube.common.mx_6.9.2.202309101412
2024-03-16 12:45:02,641 [INFO] DbMcusXml:78 - Set database path to: C:\ST\STM32CubeIDE_1.13.2\STM32CubeIDE\plugins\com.st.stm32cube.common.mx_6.9.2.202309101412\\db\/mcu/
2024-03-16 12:45:02,641 [INFO] ApiDb:274 - Set plugin database path to: C:\ST\STM32CubeIDE_1.13.2\STM32CubeIDE\plugins\com.st.stm32cube.common.mx_6.9.2.202309101412\\db\/plugins/boardmanager/
2024-03-16 12:45:02,642 [WARN] ApiDb:259 - Overriding images path with different value:  => C:\ST\STM32CubeIDE_1.13.2\STM32CubeIDE\plugins\com.st.stm32cube.common.mx_6.9.2.202309101412\\db\/plugins/mcufinder/images/
2024-03-16 12:45:02,661 [INFO] ApiDb:250 - Set database path to: C:\Users\gfran\.stmcufinder\plugins\mcufinder//mcu/
2024-03-16 12:45:02,666 [INFO] DbMcusAds:125 - Set database path to: C:\Users\gfran\.stmcufinder\plugins\mcufinder//mcu/
2024-03-16 12:45:02,671 [INFO] CrossReferenceDbSqlite:203 - Set database path to: C:\Users\gfran\.stmcufinder\plugins\mcufinder//mcu/cs/
2024-03-16 12:45:02,982 [INFO] RulesReader:64 - Compatibility file has been processed (293 Rules)
2024-03-16 12:45:03,494 [INFO] DbMcusXml:78 - Set database path to: C:\ST\STM32CubeIDE_1.13.2\STM32CubeIDE\plugins\com.st.stm32cube.common.mx_6.9.2.202309101412\\db\/mcu/
2024-03-16 12:45:03,496 [INFO] ApiDb:274 - Set plugin database path to: C:\ST\STM32CubeIDE_1.13.2\STM32CubeIDE\plugins\com.st.stm32cube.common.mx_6.9.2.202309101412\\db\/plugins/boardmanager/
2024-03-16 12:45:03,498 [INFO] ApiDb:261 - Set plugin images path to: C:\ST\STM32CubeIDE_1.13.2\STM32CubeIDE\plugins\com.st.stm32cube.common.mx_6.9.2.202309101412\\db\/plugins/mcufinder/images/
2024-03-16 12:45:03,500 [WARN] DbFile:41 - Overriding database path with different value: C:\Users\gfran\.stmcufinder\plugins\mcufinder/ => C:\Users\gfran\.stmcufinder\plugins\mcufinder
2024-03-16 12:45:03,501 [INFO] ApiDb:250 - Set database path to: C:\Users\gfran\.stmcufinder\plugins\mcufinder//mcu/
2024-03-16 12:45:03,503 [WARN] DbFile:41 - Overriding database path with different value: C:\Users\gfran\.stmcufinder\plugins\mcufinder/ => C:\Users\gfran\.stmcufinder\plugins\mcufinder
2024-03-16 12:45:03,504 [INFO] DbMcusAds:125 - Set database path to: C:\Users\gfran\.stmcufinder\plugins\mcufinder//mcu/
2024-03-16 12:45:03,505 [WARN] DbFile:41 - Overriding database path with different value: C:\Users\gfran\.stmcufinder\plugins\mcufinder/ => C:\Users\gfran\.stmcufinder\plugins\mcufinder
2024-03-16 12:45:03,505 [WARN] DbFile:41 - Overriding database path with different value: C:\Users\gfran\.stmcufinder\plugins\mcufinder/ => C:\Users\gfran\.stmcufinder\plugins\mcufinder
2024-03-16 12:45:03,506 [INFO] CrossReferenceDbSqlite:203 - Set database path to: C:\Users\gfran\.stmcufinder\plugins\mcufinder//mcu/cs/
2024-03-16 12:45:04,051 [INFO] MainPanel:262 - HeapMemory: 268435456
2024-03-16 12:45:04,675 [INFO] DbMcusXml:78 - Set database path to: C:\ST\STM32CubeIDE_1.13.2\STM32CubeIDE\plugins\com.st.stm32cube.common.mx_6.9.2.202309101412\\db\/mcu/
2024-03-16 12:45:04,675 [INFO] ApiDb:274 - Set plugin database path to: C:\ST\STM32CubeIDE_1.13.2\STM32CubeIDE\plugins\com.st.stm32cube.common.mx_6.9.2.202309101412\\db\/plugins/boardmanager/
2024-03-16 12:45:04,675 [INFO] ApiDb:261 - Set plugin images path to: C:\ST\STM32CubeIDE_1.13.2\STM32CubeIDE\plugins\com.st.stm32cube.common.mx_6.9.2.202309101412\\db\/plugins/mcufinder/images/
2024-03-16 12:45:04,676 [WARN] DbFile:41 - Overriding database path with different value: C:\Users\gfran\.stmcufinder\plugins\mcufinder/ => C:\Users\gfran\.stmcufinder\plugins\mcufinder
2024-03-16 12:45:04,676 [INFO] ApiDb:250 - Set database path to: C:\Users\gfran\.stmcufinder\plugins\mcufinder//mcu/
2024-03-16 12:45:04,676 [WARN] DbFile:41 - Overriding database path with different value: C:\Users\gfran\.stmcufinder\plugins\mcufinder/ => C:\Users\gfran\.stmcufinder\plugins\mcufinder
2024-03-16 12:45:04,677 [INFO] DbMcusAds:125 - Set database path to: C:\Users\gfran\.stmcufinder\plugins\mcufinder//mcu/
2024-03-16 12:45:04,677 [WARN] DbFile:41 - Overriding database path with different value: C:\Users\gfran\.stmcufinder\plugins\mcufinder/ => C:\Users\gfran\.stmcufinder\plugins\mcufinder
2024-03-16 12:45:04,678 [WARN] DbFile:41 - Overriding database path with different value: C:\Users\gfran\.stmcufinder\plugins\mcufinder/ => C:\Users\gfran\.stmcufinder\plugins\mcufinder
2024-03-16 12:45:04,679 [INFO] CrossReferenceDbSqlite:203 - Set database path to: C:\Users\gfran\.stmcufinder\plugins\mcufinder//mcu/cs/
2024-03-16 12:45:04,815 [INFO] ApplicationProperties:184 - Using Application install path: C:\ST\STM32CubeIDE_1.13.2\STM32CubeIDE\plugins\com.st.stm32cube.common.mx_6.9.2.202309101412
2024-03-16 12:45:04,824 [INFO] PluginManage:196 - Search for loadable plugins [exclusion list=, ]
2024-03-16 12:45:04,834 [INFO] PluginManage:310 - Check plugin analytics
2024-03-16 12:45:06,050 [INFO] AnalyticsPlugin:253 - Accepted Software Licenses: 
2024-03-16 12:45:06,052 [INFO] AnalyticsPlugin:255 - Accepted CMSIS Pack Licenses: 
2024-03-16 12:45:06,055 [INFO] AnalyticsPlugin:257 - Accepted Firmware Licenses: FW.L4.1.18.0
2024-03-16 12:45:06,089 [INFO] PluginManage:359 - Loaded plugin analytics (category:tool,tabindex:-1)
2024-03-16 12:45:06,094 [INFO] PluginManage:310 - Check plugin cadmodel
2024-03-16 12:45:06,172 [INFO] CADModel:105 - Init CAD model plugin
2024-03-16 12:45:06,172 [INFO] PluginManage:359 - Loaded plugin cadmodel (category:power,tabindex:5)
2024-03-16 12:45:06,174 [INFO] PluginManage:310 - Check plugin clock
2024-03-16 12:45:06,298 [INFO] PluginManage:359 - Loaded plugin clock (category:base,tabindex:2)
2024-03-16 12:45:06,299 [INFO] PluginManage:310 - Check plugin ddr
2024-03-16 12:45:06,316 [INFO] PluginManage:359 - Loaded plugin ddr (category:tool,tabindex:6)
2024-03-16 12:45:06,318 [INFO] PluginManage:310 - Check plugin filemanager
2024-03-16 12:45:07,133 [INFO] PluginManage:359 - Loaded plugin filemanager (category:base,tabindex:10)
2024-03-16 12:45:07,134 [INFO] PluginManage:310 - Check plugin ipmanager
2024-03-16 12:45:07,183 [INFO] PluginManage:359 - Loaded plugin ipmanager (category:base,tabindex:5)
2024-03-16 12:45:07,184 [INFO] PluginManage:310 - Check plugin lpbam
2024-03-16 12:45:07,252 [INFO] PluginManage:359 - Loaded plugin lpbam (category:base,tabindex:0)
2024-03-16 12:45:07,253 [INFO] PluginManage:310 - Check plugin memorymap
2024-03-16 12:45:07,341 [INFO] PluginManage:359 - Loaded plugin memorymap (category:base,tabindex:4)
2024-03-16 12:45:07,342 [INFO] PluginManage:310 - Check plugin pinoutandconfiguration
2024-03-16 12:45:07,395 [INFO] PluginManage:359 - Loaded plugin pinoutandconfiguration (category:base,tabindex:1)
2024-03-16 12:45:07,396 [INFO] PluginManage:310 - Check plugin pinoutconfig
2024-03-16 12:45:07,788 [WARN] SupportedApi:132 - Cannot load RTOS API schema: s4s-elt-must-match.1: The content of 'definitions' must match (annotation?, (simpleType | complexType)?, (unique | key | keyref)*)). A problem was found starting at: attribute.
2024-03-16 12:45:08,393 [INFO] PluginManage:359 - Loaded plugin pinoutconfig (category:base,tabindex:0)
2024-03-16 12:45:08,394 [INFO] PluginManage:310 - Check plugin power
2024-03-16 12:45:08,469 [INFO] PluginManage:359 - Loaded plugin power (category:power,tabindex:4)
2024-03-16 12:45:08,469 [INFO] PluginManage:310 - Check plugin projectmanager
2024-03-16 12:45:08,538 [INFO] PluginManage:359 - Loaded plugin projectmanager (category:projectmanager,tabindex:3)
2024-03-16 12:45:08,539 [INFO] PluginManage:310 - Check plugin thirdparty
2024-03-16 12:45:09,361 [INFO] PluginManage:359 - Loaded plugin thirdparty (category:base,tabindex:-1)
2024-03-16 12:45:09,361 [WARN] IntegrityCheckThread:84 - waiting for thirdparty lock release [integrity check]
2024-03-16 12:45:09,361 [INFO] PluginManage:310 - Check plugin tools
2024-03-16 12:45:09,361 [INFO] IntegrityCheckThread:86 - entering critical section [integrity check]
2024-03-16 12:45:09,366 [INFO] ThirdPartyUpdaterWithRetryManager:70 - Updater plugin not ready yet. [1/15]
2024-03-16 12:45:09,455 [INFO] PluginManage:359 - Loaded plugin tools (category:base,tabindex:7)
2024-03-16 12:45:09,456 [INFO] PluginManage:310 - Check plugin tutovideos
2024-03-16 12:45:10,040 [INFO] PluginManage:359 - Loaded plugin tutovideos (category:base,tabindex:-1)
2024-03-16 12:45:10,040 [INFO] PluginManage:310 - Check plugin updater
2024-03-16 12:45:10,078 [INFO] PluginManage:359 - Loaded plugin updater (category:base,tabindex:12)
2024-03-16 12:45:10,079 [INFO] PluginManage:310 - Check plugin userauth
2024-03-16 12:45:10,094 [INFO] UserAuth:113 - Init User Auth plugin
2024-03-16 12:45:10,095 [INFO] PluginManage:359 - Loaded plugin userauth (category:base,tabindex:14)
2024-03-16 12:45:10,096 [INFO] PluginManage:283 - PluginManage : Loaded plugins [17]
2024-03-16 12:45:10,644 [INFO] PinOutPanel:1499 - setPackage(No Configuration,No Configuration)
2024-03-16 12:45:10,837 [INFO] CADModel:165 - CPN selected for project level
2024-03-16 12:45:10,837 [INFO] CADModel:114 - Register for checkConnection events
2024-03-16 12:45:10,880 [INFO] IPUIPlugin:80 - create IPUIPlugin
2024-03-16 12:45:10,880 [INFO] PluginManager:220 - loadIPPluginJar : add adc
2024-03-16 12:45:10,973 [INFO] IPUIPlugin:80 - create IPUIPlugin
2024-03-16 12:45:10,973 [INFO] PluginManager:220 - loadIPPluginJar : add aes
2024-03-16 12:45:11,077 [INFO] IPUIPlugin:80 - create IPUIPlugin
2024-03-16 12:45:11,077 [INFO] PluginManager:220 - loadIPPluginJar : add can
2024-03-16 12:45:11,208 [INFO] IPUIPlugin:80 - create IPUIPlugin
2024-03-16 12:45:11,209 [INFO] PluginManager:220 - loadIPPluginJar : add comp
2024-03-16 12:45:11,381 [INFO] IPUIPlugin:80 - create IPUIPlugin
2024-03-16 12:45:11,383 [INFO] PluginManager:220 - loadIPPluginJar : add cryp
2024-03-16 12:45:11,577 [INFO] IPUIPlugin:80 - create IPUIPlugin
2024-03-16 12:45:11,578 [INFO] PluginManager:220 - loadIPPluginJar : add dfsdm
2024-03-16 12:45:11,612 [INFO] IPUIPlugin:80 - create IPUIPlugin
2024-03-16 12:45:11,613 [INFO] PluginManager:220 - loadIPPluginJar : add dma
2024-03-16 12:45:11,730 [INFO] IPUIPlugin:80 - create IPUIPlugin
2024-03-16 12:45:11,731 [INFO] PluginManager:220 - loadIPPluginJar : add dma3
2024-03-16 12:45:11,864 [INFO] IPUIPlugin:80 - create IPUIPlugin
2024-03-16 12:45:11,865 [INFO] PluginManager:220 - loadIPPluginJar : add fatfs
2024-03-16 12:45:12,035 [INFO] IPUIPlugin:80 - create IPUIPlugin
2024-03-16 12:45:12,037 [INFO] PluginManager:220 - loadIPPluginJar : add fmc
2024-03-16 12:45:12,073 [INFO] IPUIPlugin:80 - create IPUIPlugin
2024-03-16 12:45:12,074 [INFO] PluginManager:220 - loadIPPluginJar : add freertos
2024-03-16 12:45:12,104 [INFO] IPUIPlugin:80 - create IPUIPlugin
2024-03-16 12:45:12,104 [INFO] PluginManager:220 - loadIPPluginJar : add genericplugin
2024-03-16 12:45:12,262 [INFO] IPUIPlugin:80 - create IPUIPlugin
2024-03-16 12:45:12,263 [INFO] PluginManager:220 - loadIPPluginJar : add gfxmmu
2024-03-16 12:45:12,369 [INFO] ThirdPartyUpdaterWithRetryManager:70 - Updater plugin not ready yet. [2/15]
2024-03-16 12:45:12,682 [INFO] IPUIPlugin:80 - create IPUIPlugin
2024-03-16 12:45:12,682 [INFO] PluginManager:220 - loadIPPluginJar : add gic
2024-03-16 12:45:12,704 [INFO] IPUIPlugin:80 - create IPUIPlugin
2024-03-16 12:45:12,704 [INFO] PluginManager:220 - loadIPPluginJar : add gpio
2024-03-16 12:45:12,890 [INFO] IPUIPlugin:80 - create IPUIPlugin
2024-03-16 12:45:12,891 [INFO] PluginManager:220 - loadIPPluginJar : add gtzc
2024-03-16 12:45:12,995 [INFO] IPUIPlugin:80 - create IPUIPlugin
2024-03-16 12:45:12,995 [INFO] PluginManager:220 - loadIPPluginJar : add hash
2024-03-16 12:45:13,066 [INFO] IPUIPlugin:80 - create IPUIPlugin
2024-03-16 12:45:13,067 [INFO] PluginManager:220 - loadIPPluginJar : add i2c
2024-03-16 12:45:13,198 [INFO] IPUIPlugin:80 - create IPUIPlugin
2024-03-16 12:45:13,199 [INFO] PluginManager:220 - loadIPPluginJar : add i2s
2024-03-16 12:45:13,332 [INFO] IPUIPlugin:80 - create IPUIPlugin
2024-03-16 12:45:13,332 [INFO] PluginManager:220 - loadIPPluginJar : add i3c
2024-03-16 12:45:13,636 [INFO] IPUIPlugin:80 - create IPUIPlugin
2024-03-16 12:45:13,636 [INFO] PluginManager:220 - loadIPPluginJar : add ipddr
2024-03-16 12:45:13,847 [INFO] IPUIPlugin:80 - create IPUIPlugin
2024-03-16 12:45:13,847 [INFO] PluginManager:220 - loadIPPluginJar : add linkedlist
2024-03-16 12:45:14,017 [INFO] IPUIPlugin:80 - create IPUIPlugin
2024-03-16 12:45:14,018 [INFO] PluginManager:220 - loadIPPluginJar : add lorawan
2024-03-16 12:45:14,151 [INFO] IPUIPlugin:80 - create IPUIPlugin
2024-03-16 12:45:14,151 [INFO] PluginManager:220 - loadIPPluginJar : add ltdc
2024-03-16 12:45:14,185 [INFO] IPUIPlugin:80 - create IPUIPlugin
2024-03-16 12:45:14,185 [INFO] PluginManager:220 - loadIPPluginJar : add mdma
2024-03-16 12:45:14,241 [INFO] IPUIPlugin:80 - create IPUIPlugin
2024-03-16 12:45:14,243 [INFO] PluginManager:220 - loadIPPluginJar : add nvic
2024-03-16 12:45:14,349 [INFO] IPUIPlugin:80 - create IPUIPlugin
2024-03-16 12:45:14,349 [INFO] PluginManager:220 - loadIPPluginJar : add opamp
2024-03-16 12:45:14,484 [INFO] IPUIPlugin:80 - create IPUIPlugin
2024-03-16 12:45:14,484 [INFO] PluginManager:220 - loadIPPluginJar : add openamp
2024-03-16 12:45:14,582 [INFO] IPUIPlugin:80 - create IPUIPlugin
2024-03-16 12:45:14,582 [INFO] PluginManager:220 - loadIPPluginJar : add pdm2pcm
2024-03-16 12:45:14,601 [INFO] IPUIPlugin:80 - create IPUIPlugin
2024-03-16 12:45:14,605 [INFO] PluginManager:220 - loadIPPluginJar : add plateformsettings
2024-03-16 12:45:14,638 [INFO] IPUIPlugin:80 - create IPUIPlugin
2024-03-16 12:45:14,639 [INFO] PluginManager:220 - loadIPPluginJar : add quadspi
2024-03-16 12:45:14,677 [INFO] IPUIPlugin:80 - create IPUIPlugin
2024-03-16 12:45:14,677 [INFO] PluginManager:220 - loadIPPluginJar : add resmgrutility
2024-03-16 12:45:14,841 [INFO] IPUIPlugin:80 - create IPUIPlugin
2024-03-16 12:45:14,842 [INFO] PluginManager:220 - loadIPPluginJar : add sai
2024-03-16 12:45:14,952 [INFO] IPUIPlugin:80 - create IPUIPlugin
2024-03-16 12:45:14,953 [INFO] PluginManager:220 - loadIPPluginJar : add spi
2024-03-16 12:45:15,155 [INFO] IPUIPlugin:80 - create IPUIPlugin
2024-03-16 12:45:15,155 [INFO] PluginManager:220 - loadIPPluginJar : add stm32_wpan
2024-03-16 12:45:15,182 [INFO] IPUIPlugin:80 - create IPUIPlugin
2024-03-16 12:45:15,182 [INFO] PluginManager:220 - loadIPPluginJar : add tim
2024-03-16 12:45:15,326 [INFO] IPUIPlugin:80 - create IPUIPlugin
2024-03-16 12:45:15,326 [INFO] PluginManager:220 - loadIPPluginJar : add touchsensing
2024-03-16 12:45:15,371 [INFO] ThirdPartyUpdaterWithRetryManager:70 - Updater plugin not ready yet. [3/15]
2024-03-16 12:45:15,380 [INFO] IPUIPlugin:80 - create IPUIPlugin
2024-03-16 12:45:15,381 [INFO] PluginManager:220 - loadIPPluginJar : add tracer_emb
2024-03-16 12:45:15,392 [INFO] IPUIPlugin:80 - create IPUIPlugin
2024-03-16 12:45:15,393 [INFO] PluginManager:220 - loadIPPluginJar : add ts
2024-03-16 12:45:15,423 [INFO] IPUIPlugin:80 - create IPUIPlugin
2024-03-16 12:45:15,424 [INFO] PluginManager:220 - loadIPPluginJar : add tsc
2024-03-16 12:45:15,459 [INFO] IPUIPlugin:80 - create IPUIPlugin
2024-03-16 12:45:15,459 [INFO] PluginManager:220 - loadIPPluginJar : add ucpd
2024-03-16 12:45:15,682 [INFO] IPUIPlugin:80 - create IPUIPlugin
2024-03-16 12:45:15,682 [INFO] PluginManager:220 - loadIPPluginJar : add usart
2024-03-16 12:45:15,981 [INFO] IPUIPlugin:80 - create IPUIPlugin
2024-03-16 12:45:15,982 [INFO] PluginManager:220 - loadIPPluginJar : add usbx
2024-03-16 12:45:16,466 [INFO] CADModel:165 - CPN selected for project level
2024-03-16 12:45:16,467 [INFO] CADModel:114 - Register for checkConnection events
2024-03-16 12:45:16,469 [FATAL] Updater:308 - Updater called before beeing initialized
2024-03-16 12:45:16,470 [ERROR] CADModel:125 - Updater not yet initialized, retry later 
2024-03-16 12:45:17,098 [INFO] CADModel:165 - CPN selected for project level
2024-03-16 12:45:17,099 [INFO] CADModel:114 - Register for checkConnection events
2024-03-16 12:45:17,099 [FATAL] Updater:308 - Updater called before beeing initialized
2024-03-16 12:45:17,100 [ERROR] CADModel:125 - Updater not yet initialized, retry later 
2024-03-16 12:45:17,116 [FATAL] Updater:308 - Updater called before beeing initialized
2024-03-16 12:45:17,622 [FATAL] Updater:308 - Updater called before beeing initialized
2024-03-16 12:45:17,667 [INFO] DbMcusAds:53 - JSON generation date=Wed Nov 29 03:52:27 MST 2023 (1701255147200)
2024-03-16 12:45:17,667 [FATAL] Updater:308 - Updater called before beeing initialized
2024-03-16 12:45:17,934 [WARN] DetailPanel:346 - Failed to get advertising image, set to default
2024-03-16 12:45:18,330 [FATAL] Updater:308 - Updater called before beeing initialized
2024-03-16 12:45:18,336 [FATAL] Updater:308 - Updater called before beeing initialized
2024-03-16 12:45:18,336 [FATAL] Updater:308 - Updater called before beeing initialized
2024-03-16 12:45:18,337 [WARN] DetailPanel:346 - Failed to get advertising image, set to default
2024-03-16 12:45:18,339 [FATAL] Updater:308 - Updater called before beeing initialized
2024-03-16 12:45:18,379 [INFO] ThirdPartyUpdaterWithRetryManager:70 - Updater plugin not ready yet. [4/15]
2024-03-16 12:45:18,557 [ERROR] Updater:1120 - MainUpdater not yet initialized. External WinMGr cannot be set.
2024-03-16 12:45:18,572 [INFO] Updater:1056 - Updater Version found : 6.9.2
2024-03-16 12:45:18,634 [INFO] ApplicationProperties:184 - Using Application install path: C:\ST\STM32CubeIDE_1.13.2\STM32CubeIDE\plugins\com.st.stm32cube.common.mx_6.9.2.202309101412
2024-03-16 12:45:19,219 [INFO] MainUpdater:2868 - connection check result : 10
2024-03-16 12:45:19,222 [INFO] MainUpdater:285 - Updater Check For Update Now.
2024-03-16 12:45:19,223 [INFO] MicroXplorer:498 - Change Database Version : DB.6.0.92
2024-03-16 12:45:19,365 [INFO] McuFinderGlobals:63 - Set McuFinder mode to 2 (CubeIDE integrated)
2024-03-16 12:45:19,686 [INFO] CheckServerUpdateThread:120 - End of CheckServer Thread
2024-03-16 12:45:22,234 [WARN] PackLoader:240 - Cannot read IP mode file for STMicroelectronics.X-CUBE-SMBUS.2.1.0
2024-03-16 12:45:22,302 [WARN] PackLoader:240 - Cannot read IP mode file for STMicroelectronics.X-CUBE-TOUCHGFX.4.23.0
2024-03-16 12:45:22,525 [WARN] PackLoader:240 - Cannot read IP mode file for STMicroelectronics.X-CUBE-AZRTOS-F7.1.1.0
2024-03-16 12:45:22,574 [WARN] PackLoader:240 - Cannot read IP mode file for STMicroelectronics.FP-SNS-MOTENV1.4.3.2
2024-03-16 12:45:22,616 [WARN] PackLoader:240 - Cannot read IP mode file for STMicroelectronics.FP-SNS-FLIGHT1.5.0.2
2024-03-16 12:45:22,682 [WARN] PackLoader:240 - Cannot read IP mode file for STMicroelectronics.X-CUBE-DISPLAY.3.0.0
2024-03-16 12:45:22,799 [WARN] PackLoader:240 - Cannot read IP mode file for STMicroelectronics.X-CUBE-BLE1.7.0.0
2024-03-16 12:45:22,868 [WARN] PackLoader:240 - Cannot read IP mode file for emotas.I-CUBE-CANOPEN.1.3.0
2024-03-16 12:45:22,897 [WARN] PackLoader:240 - Cannot read IP mode file for STMicroelectronics.X-CUBE-TOUCHGFX.4.22.1
2024-03-16 12:45:22,975 [WARN] PackLoader:240 - Cannot read IP mode file for STMicroelectronics.X-CUBE-BLEMGR.3.1.0
2024-03-16 12:45:23,020 [WARN] PackLoader:240 - Cannot read IP mode file for STMicroelectronics.FP-SNS-SMARTAG2.1.2.0
2024-03-16 12:45:23,133 [INFO] LogOutputStream:77 - [STDOUT_REDIRECT] 1 : Invalid condition id : UX_CORESTACK_Condition cause : null
2024-03-16 12:45:23,141 [INFO] LogOutputStream:77 - [STDOUT_REDIRECT] 1 : Invalid condition id : UX_CORESTACK_Condition cause : null
2024-03-16 12:45:23,152 [INFO] LogOutputStream:77 - [STDOUT_REDIRECT] 1 : Invalid condition id : UX_CORESTACK_Condition cause : null
2024-03-16 12:45:23,162 [INFO] LogOutputStream:77 - [STDOUT_REDIRECT] 1 : Invalid condition id : UX_CORESTACK_Condition cause : null
2024-03-16 12:45:23,168 [INFO] LogOutputStream:77 - [STDOUT_REDIRECT] 1 : Invalid condition id : UX_CORESTACK_Condition cause : null
2024-03-16 12:45:23,186 [WARN] PackLoader:240 - Cannot read IP mode file for STMicroelectronics.X-CUBE-AZRTOS-WL.2.0.0
2024-03-16 12:45:23,268 [WARN] PackLoader:240 - Cannot read IP mode file for WES.I-CUBE-Cesium.1.3.0
2024-03-16 12:45:23,313 [WARN] PackLoader:240 - Cannot read IP mode file for STMicroelectronics.X-CUBE-BLE2.3.3.0
2024-03-16 12:45:23,357 [WARN] PackLoader:240 - Cannot read IP mode file for STMicroelectronics.X-CUBE-ALGOBUILD.1.3.0
2024-03-16 12:45:23,470 [WARN] PackLoader:240 - Cannot read IP mode file for STMicroelectronics.X-CUBE-AZRTOS-G0.1.1.0
2024-03-16 12:45:23,530 [WARN] PackLoader:240 - Cannot read IP mode file for STMicroelectronics.X-CUBE-NFC4.3.0.0
2024-03-16 12:45:23,588 [WARN] PackLoader:240 - Cannot read IP mode file for STMicroelectronics.X-CUBE-BLEMGR.3.0.0
2024-03-16 12:45:23,613 [WARN] PackLoader:240 - Cannot read IP mode file for STMicroelectronics.FP-ATR-SIGFOX1.3.2.0
2024-03-16 12:45:23,655 [WARN] PackLoader:240 - Cannot read IP mode file for STMicroelectronics.X-CUBE-EEPRMA1.5.1.0
2024-03-16 12:45:23,897 [WARN] PackLoader:240 - Cannot read IP mode file for SEGGER.I-CUBE-embOS.1.3.1
2024-03-16 12:45:24,978 [WARN] PackLoader:240 - Cannot read IP mode file for STMicroelectronics.X-CUBE-GNSS1.6.0.0
2024-03-16 12:45:25,110 [WARN] PackLoader:240 - Cannot read IP mode file for STMicroelectronics.X-CUBE-AZRTOS-F4.1.1.0
2024-03-16 12:45:25,176 [WARN] PackLoader:240 - Cannot read IP mode file for wolfSSL.I-CUBE-wolfSSL.5.6.4
2024-03-16 12:45:25,245 [WARN] PackLoader:240 - Cannot read IP mode file for STMicroelectronics.X-CUBE-AZRTOS-L5.2.0.0
2024-03-16 12:45:25,288 [WARN] PackLoader:240 - Cannot read IP mode file for STMicroelectronics.X-CUBE-EEPRMA1.4.2.0
2024-03-16 12:45:25,320 [WARN] PackLoader:240 - Cannot read IP mode file for ITTIA_DB.I-CUBE-ITTIADB.8.8.0
2024-03-16 12:45:25,439 [WARN] ConditionMgr:438 - getConditionDescription Invalid condition id : UX DEVICE CLASS RTOS Condition cause : null
2024-03-16 12:45:25,441 [WARN] ConditionMgr:438 - getConditionDescription Invalid condition id : UX DEVICE CLASS RTOS Condition cause : null
2024-03-16 12:45:25,462 [WARN] PackLoader:240 - Cannot read IP mode file for STMicroelectronics.X-CUBE-AZRTOS-H7.3.1.0
2024-03-16 12:45:25,467 [WARN] ConditionMgr:1039 - genDependencies : Invalid condition id : UX DEVICE CLASS RTOS Condition cause : null
2024-03-16 12:45:25,468 [WARN] ConditionMgr:1039 - genDependencies : Invalid condition id : UX DEVICE CLASS RTOS Condition cause : null
2024-03-16 12:45:25,474 [WARN] ConditionMgr:1039 - genDependencies : Invalid condition id : UX DEVICE CLASS RTOS Condition cause : null
2024-03-16 12:45:25,477 [WARN] ConditionMgr:1039 - genDependencies : Invalid condition id : UX DEVICE CLASS RTOS Condition cause : null
2024-03-16 12:45:25,478 [WARN] ConditionMgr:1039 - genDependencies : Invalid condition id : UX DEVICE CLASS RTOS Condition cause : null
2024-03-16 12:45:25,531 [WARN] PackLoader:240 - Cannot read IP mode file for STMicroelectronics.X-CUBE-NFC7.1.0.1
2024-03-16 12:45:25,594 [WARN] PackLoader:240 - Cannot read IP mode file for STMicroelectronics.X-CUBE-NFC6.3.0.0
2024-03-16 12:45:25,650 [WARN] PackLoader:240 - Cannot read IP mode file for STMicroelectronics.X-CUBE-AI.8.1.0
2024-03-16 12:45:25,813 [WARN] ConditionMgr:438 - getConditionDescription Invalid condition id : LAN8742 Phy interface Condition cause : null
2024-03-16 12:45:25,818 [WARN] PackLoader:240 - Cannot read IP mode file for STMicroelectronics.X-CUBE-AZRTOS-L4.2.0.0
2024-03-16 12:45:25,827 [WARN] ConditionMgr:1039 - genDependencies : Invalid condition id : LAN8742 Phy interface Condition cause : null
2024-03-16 12:45:25,830 [WARN] ConditionMgr:1039 - genDependencies : Invalid condition id : LAN8742 Phy interface Condition cause : null
2024-03-16 12:45:25,834 [WARN] ConditionMgr:1039 - genDependencies : Invalid condition id : LAN8742 Phy interface Condition cause : null
2024-03-16 12:45:25,916 [WARN] PackLoader:240 - Cannot read IP mode file for STMicroelectronics.X-CUBE-SFXS2LP1.4.0.0
2024-03-16 12:45:25,963 [WARN] PackLoader:240 - Cannot read IP mode file for STMicroelectronics.X-CUBE-ISPU.1.1.0
2024-03-16 12:45:26,059 [WARN] ConditionMgr:438 - getConditionDescription Invalid condition id : UX DEVICE CLASS RTOS Condition cause : null
2024-03-16 12:45:26,059 [WARN] ConditionMgr:438 - getConditionDescription Invalid condition id : UX DEVICE CLASS RTOS Condition cause : null
2024-03-16 12:45:26,076 [WARN] PackLoader:240 - Cannot read IP mode file for STMicroelectronics.X-CUBE-AZRTOS-WB.2.0.0
2024-03-16 12:45:26,081 [WARN] ConditionMgr:1039 - genDependencies : Invalid condition id : UX DEVICE CLASS RTOS Condition cause : null
2024-03-16 12:45:26,084 [WARN] ConditionMgr:1039 - genDependencies : Invalid condition id : UX DEVICE CLASS RTOS Condition cause : null
2024-03-16 12:45:26,088 [WARN] ConditionMgr:1039 - genDependencies : Invalid condition id : UX DEVICE CLASS RTOS Condition cause : null
2024-03-16 12:45:26,088 [WARN] ConditionMgr:1039 - genDependencies : Invalid condition id : UX DEVICE CLASS RTOS Condition cause : null
2024-03-16 12:45:26,088 [WARN] ConditionMgr:1039 - genDependencies : Invalid condition id : UX DEVICE CLASS RTOS Condition cause : null
2024-03-16 12:45:26,161 [WARN] PackLoader:240 - Cannot read IP mode file for STMicroelectronics.X-CUBE-SUBG2.5.0.0
2024-03-16 12:45:26,318 [WARN] PackLoader:240 - Cannot read IP mode file for STMicroelectronics.X-CUBE-AZRTOS-G4.2.0.0
2024-03-16 12:45:26,506 [WARN] PackLoader:240 - Cannot read IP mode file for Infineon.AIROC-Wi-Fi-Bluetooth-STM32.1.5.1
2024-03-16 12:45:26,597 [WARN] PackLoader:240 - Cannot read IP mode file for STMicroelectronics.FP-SNS-MOTENVWB1.1.3.1
2024-03-16 12:45:26,656 [WARN] PackLoader:240 - Cannot read IP mode file for STMicroelectronics.X-CUBE-ISPU.2.0.0
2024-03-16 12:45:27,069 [WARN] PackLoader:240 - Cannot read IP mode file for STMicroelectronics.X-CUBE-MEMS1.10.0.0
2024-03-16 12:45:27,780 [WARN] PackLoader:240 - Cannot read IP mode file for STMicroelectronics.X-CUBE-FREERTOS.1.1.0
2024-03-16 12:45:27,813 [WARN] PackLoader:240 - Cannot read IP mode file for portGmbH.I-Cube-SoM-uGOAL.1.1.0
2024-03-16 12:45:27,852 [WARN] PackLoader:240 - Cannot read IP mode file for STMicroelectronics.X-CUBE-ALS.1.0.1
2024-03-16 12:45:27,889 [WARN] PackLoader:240 - Cannot read IP mode file for STMicroelectronics.FP-ATR-ASTRA1.2.0.0
2024-03-16 12:45:27,966 [WARN] PackLoader:240 - Cannot read IP mode file for STMicroelectronics.X-CUBE-TOF1.3.4.0
2024-03-16 12:45:28,162 [WARN] PackLoader:240 - Cannot read IP mode file for STMicroelectronics.X-CUBE-TOF1.3.4.1
2024-03-16 12:45:29,073 [WARN] PackLoader:240 - Cannot read IP mode file for STMicroelectronics.X-CUBE-AZRTOS-H7.3.2.0
2024-03-16 12:45:29,156 [INFO] ThirdParty:978 - Integrity check success = true
2024-03-16 12:45:29,157 [INFO] IntegrityCheckThread:100 - exiting critical section [integrity check]
2024-03-16 12:45:29,157 [INFO] IntegrityCheckThread:103 - End integrity checks thread
2024-03-16 12:45:44,355 [ERROR] LogOutputStream:75 - [STDERR_REDIRECT] SLF4J: Failed to load class "org.slf4j.impl.StaticLoggerBinder".
2024-03-16 12:45:44,356 [ERROR] LogOutputStream:75 - [STDERR_REDIRECT] SLF4J: Defaulting to no-operation (NOP) logger implementation
2024-03-16 12:45:44,362 [ERROR] LogOutputStream:75 - [STDERR_REDIRECT] SLF4J: See http://www.slf4j.org/codes.html#StaticLoggerBinder for further details.
2024-03-16 12:57:49,870 [INFO] McuFinderGlobals:63 - Set McuFinder mode to 2 (CubeIDE integrated)
2024-03-16 12:57:49,897 [INFO] MainUpdater:2868 - connection check result : 10
2024-03-16 12:57:49,904 [INFO] MainUpdater:2868 - connection check result : 10
2024-03-16 12:57:50,091 [INFO] MicroXplorer:468 - Change Database Path : 
2024-03-16 12:57:50,093 [INFO] MicroXplorer:498 - Change Database Version : DB.6.0.92
2024-03-16 12:57:50,097 [WARN] ThirdParty:871 - waiting for thirdparty lock release [close project]
2024-03-16 12:57:50,097 [INFO] ThirdParty:873 - entering critical section [close project]
2024-03-16 12:57:50,098 [INFO] ThirdParty:883 - exiting critical section [close project]
2024-03-16 12:57:50,099 [INFO] PinOutPanel:1499 - setPackage(No Configuration,No Configuration)
2024-03-16 12:57:50,120 [INFO] UtilMem:75 - Begin LoadConfig() Used Memory: 574252872 Bytes (940572672)
2024-03-16 12:57:50,126 [INFO] MicroXplorer:468 - Change Database Path : 
2024-03-16 12:57:50,126 [INFO] MicroXplorer:498 - Change Database Version : DB.6.0.92
2024-03-16 12:57:50,127 [INFO] OpenFileManager:308 - Change cursor
2024-03-16 12:57:50,350 [INFO] Mcu:1946 - Initializing MCU STM32L432K(B-C)Ux STM32L432KCUx STM32L432KCU3
2024-03-16 12:57:53,594 [INFO] Context:659 - Trying to add GPIOservice into a context  which must be forbidden
2024-03-16 12:57:54,648 [INFO] RtosManager:555 - Registered RTOS mode: class=CMSIS, group=RTOS, mode=CMSIS_V1, owner=FREERTOS
2024-03-16 12:57:54,648 [INFO] RtosManager:555 - Registered RTOS mode: class=CMSIS, group=RTOS2, mode=CMSIS_V2, owner=FREERTOS
2024-03-16 12:57:54,648 [INFO] RtosManager:555 - Registered RTOS mode: class=RTOS, group=Core, mode=CMSIS_V1, owner=FREERTOS
2024-03-16 12:57:54,648 [INFO] RtosManager:555 - Registered RTOS mode: class=RTOS, group=Core, mode=CMSIS_V2, owner=FREERTOS
2024-03-16 12:57:54,650 [WARN] ModelIntegratedComponent:184 - Missing modes for component STMicroelectronics:FreeRTOS:0.0.1:STMicroelectronics:RTOS:FreeRTOS:Core:::10.2.0:
2024-03-16 12:57:54,680 [WARN] ModelIntegratedComponent:63 - No mode defined for component null
2024-03-16 12:57:54,681 [WARN] ModelIntegratedComponent:63 - No mode defined for component null
2024-03-16 12:57:54,681 [WARN] ModelIntegratedComponent:63 - No mode defined for component null
2024-03-16 12:57:54,681 [WARN] ModelIntegratedComponent:63 - No mode defined for component null
2024-03-16 12:57:54,681 [WARN] ModelIntegratedComponent:63 - No mode defined for component null
2024-03-16 12:57:54,681 [WARN] ModelIntegratedComponent:63 - No mode defined for component null
2024-03-16 12:57:54,681 [WARN] ModelIntegratedComponent:63 - No mode defined for component null
2024-03-16 12:57:54,681 [WARN] ModelIntegratedComponent:63 - No mode defined for component null
2024-03-16 12:57:54,681 [WARN] ModelIntegratedComponent:63 - No mode defined for component null
2024-03-16 12:57:54,681 [WARN] ModelIntegratedComponent:63 - No mode defined for component null
2024-03-16 12:57:54,681 [WARN] ModelIntegratedComponent:63 - No mode defined for component null
2024-03-16 12:57:54,681 [WARN] ModelIntegratedComponent:63 - No mode defined for component null
2024-03-16 12:57:54,681 [WARN] ModelIntegratedComponent:63 - No mode defined for component null
2024-03-16 12:57:54,681 [WARN] ModelIntegratedComponent:63 - No mode defined for component null
2024-03-16 12:57:54,681 [WARN] ModelIntegratedComponent:63 - No mode defined for component null
2024-03-16 12:57:54,681 [WARN] ModelIntegratedComponent:63 - No mode defined for component null
2024-03-16 12:57:54,681 [WARN] ModelIntegratedComponent:63 - No mode defined for component null
2024-03-16 12:57:54,681 [WARN] ModelIntegratedComponent:63 - No mode defined for component null
2024-03-16 12:57:54,681 [WARN] ModelIntegratedComponent:63 - No mode defined for component null
2024-03-16 12:57:54,681 [WARN] ModelIntegratedComponent:63 - No mode defined for component null
2024-03-16 12:57:54,681 [WARN] ModelIntegratedComponent:63 - No mode defined for component null
2024-03-16 12:57:54,682 [WARN] ModelIntegratedComponent:63 - No mode defined for component null
2024-03-16 12:57:54,682 [WARN] ModelIntegratedComponent:63 - No mode defined for component null
2024-03-16 12:57:54,682 [WARN] ModelIntegratedComponent:63 - No mode defined for component null
2024-03-16 12:57:54,682 [WARN] ModelIntegratedComponent:63 - No mode defined for component null
2024-03-16 12:57:54,682 [WARN] ModelIntegratedComponent:63 - No mode defined for component null
2024-03-16 12:57:54,682 [WARN] ModelIntegratedComponent:63 - No mode defined for component null
2024-03-16 12:57:54,682 [WARN] ModelIntegratedComponent:63 - No mode defined for component null
2024-03-16 12:57:54,682 [WARN] ModelIntegratedComponent:63 - No mode defined for component null
2024-03-16 12:57:54,682 [WARN] ModelIntegratedComponent:63 - No mode defined for component null
2024-03-16 12:57:54,682 [WARN] ModelIntegratedComponent:63 - No mode defined for component null
2024-03-16 12:57:54,682 [WARN] ModelIntegratedComponent:63 - No mode defined for component null
2024-03-16 12:57:54,682 [WARN] ModelIntegratedComponent:63 - No mode defined for component null
2024-03-16 12:57:54,890 [INFO] ThirdPartyModel:298 - Start build external matchings
2024-03-16 12:57:55,397 [INFO] ThirdPartyModel:316 - End build external matchings
2024-03-16 12:57:55,410 [INFO] RtosManager:919 - Current active RTOS is FREERTOS [Cortex-M4NS]
2024-03-16 12:57:55,425 [INFO] ImportTextPane:194 - (OptionalMessage_ERROR) IP (ADC1) : Parameter (CommonPathInternal) has invalid value (null|null|null|null)
2024-03-16 12:57:55,426 [INFO] ImportTextPane:194 - (OptionalMessage_ERROR) IP (DMA) : Parameter (Instance) has Id (ADC1) currently not set
2024-03-16 12:57:55,426 [INFO] ImportTextPane:194 - (OptionalMessage_ERROR) IP (DMA) : Parameter (Request) has Id (ADC1) currently not set
2024-03-16 12:57:55,426 [INFO] ImportTextPane:194 - (OptionalMessage_ERROR) IP (DMA) : Parameter (Direction) has Id (ADC1) currently not set
2024-03-16 12:57:55,426 [INFO] ImportTextPane:194 - (OptionalMessage_ERROR) IP (DMA) : Parameter (PeriphInc) has Id (ADC1) currently not set
2024-03-16 12:57:55,426 [INFO] ImportTextPane:194 - (OptionalMessage_ERROR) IP (DMA) : Parameter (MemInc) has Id (ADC1) currently not set
2024-03-16 12:57:55,427 [INFO] ImportTextPane:194 - (OptionalMessage_ERROR) IP (DMA) : Parameter (PeriphDataAlignment) has Id (ADC1) currently not set
2024-03-16 12:57:55,427 [INFO] ImportTextPane:194 - (OptionalMessage_ERROR) IP (DMA) : Parameter (MemDataAlignment) has Id (ADC1) currently not set
2024-03-16 12:57:55,427 [INFO] ImportTextPane:194 - (OptionalMessage_ERROR) IP (DMA) : Parameter (Mode) has Id (ADC1) currently not set
2024-03-16 12:57:55,427 [INFO] ImportTextPane:194 - (OptionalMessage_ERROR) IP (DMA) : Parameter (Priority) has Id (ADC1) currently not set
2024-03-16 12:57:55,807 [INFO] UtilMem:75 - End LoadConfig() Used Memory: 716887480 Bytes (1073741824)
2024-03-16 12:57:56,132 [INFO] ApiDb:581 - Connected to CubeFinder SQLite database (C:\Users\gfran\.stmcufinder\plugins\mcufinder\mcu\cube-finder-db.db)
2024-03-16 12:57:56,265 [INFO] ApiDb:668 - CubeFinder database Data Model version=2.1
2024-03-16 12:57:56,266 [INFO] ApiDb:669 - CubeFinder database Configuration version=3.0.39
2024-03-16 12:57:56,268 [INFO] ApiDb:670 - CubeFinder database generation date=2024-01-11 (1704964531)
2024-03-16 12:57:56,268 [INFO] ApiDb:671 - CubeFinder database FW Pack versions=[FP-ATR-ASTRA1_V2.0.0, FP-SNS-FLIGHT1_V5.0.1, FP-SNS-FLIGHT1_V5.0.2, FP-SNS-MOTENV1_V4.3.1, FP-SNS-MOTENV1_V4.3.2, FP-SNS-MOTENVWB1_V1.3.1, FP-SNS-SMARTAG2_V1.2.0, STM32Cube_FW_C0_V1.1.0, STM32Cube_FW_F4_V1.28.0, STM32Cube_FW_F7_V1.17.0, STM32Cube_FW_G0_V1.6.2, STM32Cube_FW_G4_V1.5.2, STM32Cube_FW_H5_V0.5.1, STM32Cube_FW_H5_V1.1.1, STM32Cube_FW_H5_V1.2.0RC2, STM32Cube_FW_H7_V1.11.0, STM32Cube_FW_L0_V1.12.2, STM32Cube_FW_L5_V1.5.0, STM32Cube_FW_U5_V1.3.0RC4, STM32Cube_FW_U5_V1.4.0, STM32Cube_FW_WBA_V1.0.0RC1, STM32Cube_FW_WBA_V1.1.0RC1, STM32Cube_FW_WBA_V1.2.0, STM32Cube_FW_WBA_V1.2.0RC2, STM32Cube_FW_WB_V1.15.0RC1, STM32Cube_FW_WB_V1.16.0, STM32Cube_FW_WB_V1.16.0RC2, STM32Cube_FW_WB_V1.18.0, STM32Cube_FW_WL_V1.3.0, X-CUBE-ALGOBUILD_V1.3.0, X-CUBE-ALS_V1.0.1, X-CUBE-AZRTOS-F4_V1.1.0, X-CUBE-AZRTOS-F7_V1.1.0, X-CUBE-AZRTOS-G0_V1.1.0, X-CUBE-AZRTOS-G4_V2.0.0, X-CUBE-AZRTOS-H7_V3.2.0, X-CUBE-AZRTOS-L4_V1.0.0, X-CUBE-AZRTOS-L4_V2.0.0, X-CUBE-AZRTOS-L5_V1.1.0, X-CUBE-AZRTOS-WB_V2.0.0, X-CUBE-AZRTOS-WL_V2.0.0, X-CUBE-BLE1_V7.0.0, X-CUBE-BLE2_V3.3.0, X-CUBE-BLEMGR_V3.0.0, X-CUBE-EEPRMA1_V4.1.0, X-CUBE-EEPRMA1_V4.2.0, X-CUBE-FREERTOS_V1.1.0, X-CUBE-GNSS1_V6.0.0, X-CUBE-MEMS1_V10.0.0, X-CUBE-MEMS1_V9.1.0, X-CUBE-MEMS1_V9.4.0, X-CUBE-MEMS1_V9.6.0, X-CUBE-NFC4_V3.0.0, X-CUBE-NFC7_V1.0.1, X-CUBE-SFXS2LP1_V4.0.0, X-CUBE-SUBG2_V5.0.0, X-CUBE-TOF1_V3.4.0]
2024-03-16 12:57:59,149 [INFO] ApiDb:240 - Found 323 in-development CPN: [B-G473E-ZEST1S, B-WB1M-WPAN1, B-WL5M-SUBG1, NUCLEO-C031C6, NUCLEO-H503RB, NUCLEO-H563ZI, NUCLEO-U545RE-Q, NUCLEO-U5A5ZJ-Q, NUCLEO-WBA52CG, STEVAL-PROTEUS1, STEVAL-SMARTAG2, STEVAL-STWINBX1, STM320518-EVAL, STM32C0116-DK, STM32C011D6Y3TR, STM32C011D6Y6TR, STM32C011F4P3, STM32C011F4P6, STM32C011F4U3, STM32C011F4U6TR, STM32C011F6P3, STM32C011F6P6, STM32C011F6U3, STM32C011F6U6TR, STM32C011J4M3, STM32C011J4M6, STM32C011J6M3, STM32C011J6M6, STM32C0316-DK, STM32C031C4T3, STM32C031C4T6, STM32C031C4U3, STM32C031C4U6, STM32C031C6T3, STM32C031C6T6, STM32C031C6U3, STM32C031C6U6, STM32C031F4P3, STM32C031F4P6, STM32C031F6P3, STM32C031F6P6, STM32C031G4U3, STM32C031G4U6, STM32C031G6U3, STM32C031G6U6, STM32C031K4T3, STM32C031K4T6, STM32C031K4U3, STM32C031K4U6, STM32C031K6T3, STM32C031K6T6, STM32C031K6U3, STM32C031K6U6, STM32G071K8TXN, STM32G071K8UXN, STM32G081GBU6N, STM32G081KBT6N, STM32G081KBUXN, STM32G0B1CCT6N, STM32G0B1KCT6, STM32G0B1NEY6TR, STM32G0B1RCT6N, STM32G0C1CCT6, STM32G0C1CCT6N, STM32G0C1CCU6N, STM32G0C1CET6N, STM32G0C1CEU6N, STM32G0C1KCT6, STM32G0C1NEY6TR, STM32G0C1RCI6N, STM32G0C1RCT6N, STM32G0C1REI6N, STM32G0C1RET6N, STM32G0C1VCI6, STM32G0C1VEI6, STM32G471CCT6, STM32G471CCU6, STM32G471CET3, STM32G471CET6, STM32G471CEU3, STM32G471CEU6, STM32G471MCT6, STM32G471MET3, STM32G471MET6, STM32G471MEY6TR, STM32G471QCT6, STM32G471QET3, STM32G471RCT6, STM32G471RET3, STM32G471RET6, STM32G471VCH6, STM32G471VCI6, STM32G471VCT6, STM32G471VEH3, STM32G471VEH6, STM32G471VEI3, STM32G471VEI6, STM32G471VET3, STM32G471VET6, STM32G474CCT6, STM32H503CBT6, STM32H503CBU6, STM32H503EBY6TR, STM32H503KBU6, STM32H503RBT6, STM32H562AGI6, STM32H562AII6, STM32H562IGK6, STM32H562IGT6, STM32H562IIK6, STM32H562IIT6, STM32H562RGT6, STM32H562RGV6, STM32H562RIT6, STM32H562RIV6, STM32H562VGT6, STM32H562VIT6, STM32H562ZGT6, STM32H562ZIT6, STM32H563AGI6, STM32H563AII3Q, STM32H563AII6, STM32H563IGK6, STM32H563IGT6, STM32H563IIK3Q, STM32H563IIK6, STM32H563IIT3Q, STM32H563IIT6, STM32H563MIY3QTR, STM32H563RGT6, STM32H563RGV6, STM32H563RIT6, STM32H563RIV6, STM32H563VGT6, STM32H563VIT3Q, STM32H563VIT6, STM32H563ZGT6, STM32H563ZIT3Q, STM32H563ZIT6, STM32H573AII3Q, STM32H573AII6, STM32H573I-DK, STM32H573IIK3Q, STM32H573IIK6, STM32H573IIT3Q, STM32H573IIT6, STM32H573MIY3QTR, STM32H573RIT6, STM32H573RIV6, STM32H573VIT3Q, STM32H573VIT6, STM32H573ZIT3Q, STM32H573ZIT6, STM32L4R5QGI6STR, STM32MP131AAE3, STM32MP131AAF3, STM32MP131AAG3, STM32MP131CAE3, STM32MP131CAF3, STM32MP131CAG3, STM32MP131DAE7, STM32MP131DAF7, STM32MP131DAG7, STM32MP131FAE7, STM32MP131FAF7, STM32MP131FAG7, STM32MP133AAE3, STM32MP133AAF3, STM32MP133AAG3, STM32MP133CAE3, STM32MP133CAF3, STM32MP133CAG3, STM32MP133DAE7, STM32MP133DAF7, STM32MP133DAG7, STM32MP133FAE7, STM32MP133FAF7, STM32MP133FAG7, STM32MP135AAE3, STM32MP135AAF3, STM32MP135AAG3, STM32MP135CAE3, STM32MP135CAF3, STM32MP135CAG3, STM32MP135DAE7, STM32MP135DAF7, STM32MP135DAG7, STM32MP135F-DK, STM32MP135FAE7, STM32MP135FAF7, STM32MP135FAF7T, STM32MP135FAF7U, STM32MP135FAG7, STM32U535CBT6, STM32U535CBT6Q, STM32U535CBU6, STM32U535CBU6Q, STM32U535CCT6, STM32U535CCT6Q, STM32U535CCU6, STM32U535CCU6Q, STM32U535CET6, STM32U535CET6Q, STM32U535CEU6, STM32U535CEU6Q, STM32U535JEY6QTR, STM32U535NCY6QTR, STM32U535NEY6QTR, STM32U535RBI6, STM32U535RBI6Q, STM32U535RBT6, STM32U535RBT6Q, STM32U535RCI6, STM32U535RCI6Q, STM32U535RCT6, STM32U535RCT6Q, STM32U535REI6, STM32U535REI6Q, STM32U535RET6, STM32U535RET6Q, STM32U535VCI6, STM32U535VCI6Q, STM32U535VCT6, STM32U535VCT6Q, STM32U535VEI6, STM32U535VEI6Q, STM32U535VET6, STM32U535VET6Q, STM32U545CET6, STM32U545CET6Q, STM32U545CEU6, STM32U545CEU6Q, STM32U545JEY6QTR, STM32U545NEY6QTR, STM32U545REI6, STM32U545REI6Q, STM32U545RET6, STM32U545RET6Q, STM32U545VEI6, STM32U545VEI6Q, STM32U545VET6, STM32U545VET6Q, STM32U595AIH6, STM32U595AIH6Q, STM32U595AJH6, STM32U595AJH6Q, STM32U595QII6, STM32U595QII6Q, STM32U595QJI6, STM32U595QJI6Q, STM32U595RIT6, STM32U595RIT6Q, STM32U595RJT6, STM32U595RJT6Q, STM32U595VIT6, STM32U595VIT6Q, STM32U595VJT6, STM32U595VJT6Q, STM32U595ZIT6, STM32U595ZIT6Q, STM32U595ZIY6QTR, STM32U595ZJT6, STM32U595ZJT6Q, STM32U595ZJY6QTR, STM32U599BJY6QTR, STM32U599NIH6Q, STM32U599NJH6Q, STM32U599VIT6Q, STM32U599VJT6, STM32U599VJT6Q, STM32U599ZIT6Q, STM32U599ZIY6QTR, STM32U599ZJT6Q, STM32U599ZJY6QTR, STM32U5A5AJH6, STM32U5A5AJH6Q, STM32U5A5QJI6, STM32U5A5QJI6Q, STM32U5A5RJT6, STM32U5A5RJT6Q, STM32U5A5VJT6, STM32U5A5VJT6Q, STM32U5A5ZJT6, STM32U5A5ZJT6Q, STM32U5A5ZJY6QTR, STM32U5A9BJY6QTR, STM32U5A9J-DK, STM32U5A9NJH6Q, STM32U5A9VJT6Q, STM32U5A9ZJT6Q, STM32U5A9ZJY6QTR, STM32U5F7VIT6, STM32U5F7VIT6Q, STM32U5F7VJT6, STM32U5F7VJT6Q, STM32U5F9BJY6QTR, STM32U5F9NJH6Q, STM32U5F9VIT6Q, STM32U5F9VJT6Q, STM32U5F9ZIJ6QTR, STM32U5F9ZIT6Q, STM32U5F9ZJJ6QTR, STM32U5F9ZJT6Q, STM32U5G7VJT6, STM32U5G7VJT6Q, STM32U5G9BJY6QTR, STM32U5G9J-DK1, STM32U5G9J-DK2, STM32U5G9NJH6Q, STM32U5G9VJT6Q, STM32U5G9ZJJ6QTR, STM32U5G9ZJT6Q, STM32WB1MMCH6, STM32WBA52CEU6, STM32WBA52CEU6T, STM32WBA52CGU6, STM32WBA52CGU6T, STM32WBA52KEU6, STM32WBA52KEU6T, STM32WBA52KGU6, STM32WBA52KGU6T, STM32WL5MOCH6, STM32WL5MOCH6TR]
2024-03-16 12:57:59,165 [INFO] DbMcus:217 - Found 3882 MCUs, 3882 are supported
2024-03-16 12:57:59,167 [INFO] ApiDb:423 - Load user favorites file C:\Users\gfran/.stm32cubeide/favorites.mcus.txt: 0 item(s)
2024-03-16 12:57:59,168 [INFO] ApiDb:427 - User favorites MCUs=[]
2024-03-16 12:57:59,169 [INFO] DbMcus:223 - Set 0 / 0 favorites MCUs
2024-03-16 12:57:59,665 [WARN] ThirdParty:833 - waiting for thirdparty lock release [change project]
2024-03-16 12:57:59,665 [INFO] ThirdParty:835 - entering critical section [change project]
2024-03-16 12:57:59,665 [INFO] ThirdParty:1030 - CMSIS Pack Vendor :STMicroelectronics X-CUBE-ISPU 1.1.0
2024-03-16 12:57:59,665 [INFO] ThirdParty:1030 - CMSIS Pack Vendor :STMicroelectronics USBPD 4.1
2024-03-16 12:57:59,665 [INFO] ThirdParty:1030 - CMSIS Pack Vendor :STMicroelectronics X-CUBE-GNSS1 6.0.0
2024-03-16 12:57:59,665 [INFO] ThirdParty:1030 - CMSIS Pack Vendor :STMicroelectronics USB_HOST 2.0.0
2024-03-16 12:57:59,666 [INFO] ThirdParty:1030 - CMSIS Pack Vendor :STMicroelectronics X-CUBE-AZRTOS-F4 1.1.0
2024-03-16 12:57:59,666 [INFO] ThirdParty:1030 - CMSIS Pack Vendor :STMicroelectronics LIBJPEG 8.0.0
2024-03-16 12:57:59,666 [INFO] ThirdParty:1030 - CMSIS Pack Vendor :wolfSSL I-CUBE-wolfSSL 5.6.4
2024-03-16 12:57:59,666 [INFO] ThirdParty:1030 - CMSIS Pack Vendor :STMicroelectronics X-CUBE-SMBUS 2.1.0
2024-03-16 12:57:59,666 [INFO] ThirdParty:1030 - CMSIS Pack Vendor :STMicroelectronics USB_DEVICE 3.0.0
2024-03-16 12:57:59,666 [INFO] ThirdParty:1030 - CMSIS Pack Vendor :STMicroelectronics X-CUBE-AZRTOS-WB 2.0.0
2024-03-16 12:57:59,666 [INFO] ThirdParty:1030 - CMSIS Pack Vendor :STMicroelectronics X-CUBE-TOUCHGFX 4.23.0
2024-03-16 12:57:59,666 [INFO] ThirdParty:1030 - CMSIS Pack Vendor :STMicroelectronics X-CUBE-AZRTOS-F7 1.1.0
2024-03-16 12:57:59,666 [INFO] ThirdParty:1030 - CMSIS Pack Vendor :STMicroelectronics X-CUBE-AZRTOS-L5 2.0.0
2024-03-16 12:57:59,666 [INFO] ThirdParty:1030 - CMSIS Pack Vendor :STMicroelectronics USB_DEVICE 2.0.0
2024-03-16 12:57:59,666 [INFO] ThirdParty:1030 - CMSIS Pack Vendor :STMicroelectronics X-CUBE-EEPRMA1 4.2.0
2024-03-16 12:57:59,666 [INFO] ThirdParty:1030 - CMSIS Pack Vendor :ITTIA_DB I-CUBE-ITTIADB 8.8.0
2024-03-16 12:57:59,666 [INFO] ThirdParty:1030 - CMSIS Pack Vendor :STMicroelectronics FP-SNS-MOTENV1 4.3.2
2024-03-16 12:57:59,666 [INFO] ThirdParty:1030 - CMSIS Pack Vendor :STMicroelectronics X-CUBE-ALGOBUILD 1.3.0
2024-03-16 12:57:59,666 [INFO] ThirdParty:1030 - CMSIS Pack Vendor :STMicroelectronics FreeRTOS 0.0.1
2024-03-16 12:57:59,666 [INFO] ThirdParty:1030 - CMSIS Pack Vendor :STMicroelectronics X-CUBE-AZRTOS-G0 1.1.0
2024-03-16 12:57:59,666 [INFO] ThirdParty:1030 - CMSIS Pack Vendor :STMicroelectronics X-CUBE-NFC4 3.0.0
2024-03-16 12:57:59,666 [INFO] ThirdParty:1030 - CMSIS Pack Vendor :STMicroelectronics X-CUBE-SUBG2 5.0.0
2024-03-16 12:57:59,666 [INFO] ThirdParty:1030 - CMSIS Pack Vendor :STMicroelectronics STM32_WPAN 1.0.0
2024-03-16 12:57:59,666 [INFO] ThirdParty:1030 - CMSIS Pack Vendor :STMicroelectronics lwIP 2.0.3
2024-03-16 12:57:59,666 [INFO] ThirdParty:1030 - CMSIS Pack Vendor :STMicroelectronics FP-SNS-FLIGHT1 5.0.2
2024-03-16 12:57:59,666 [INFO] ThirdParty:1030 - CMSIS Pack Vendor :STMicroelectronics USB_HOST 1.0.0
2024-03-16 12:57:59,666 [INFO] ThirdParty:1030 - CMSIS Pack Vendor :STMicroelectronics X-CUBE-AZRTOS-G4 2.0.0
2024-03-16 12:57:59,666 [INFO] ThirdParty:1030 - CMSIS Pack Vendor :STMicroelectronics PDM2PCM 3.1.0
2024-03-16 12:57:59,666 [INFO] ThirdParty:1030 - CMSIS Pack Vendor :STMicroelectronics X-CUBE-AZRTOS-H7 3.1.0
2024-03-16 12:57:59,666 [INFO] ThirdParty:1030 - CMSIS Pack Vendor :Infineon AIROC-Wi-Fi-Bluetooth-STM32 1.5.1
2024-03-16 12:57:59,666 [INFO] ThirdParty:1030 - CMSIS Pack Vendor :STMicroelectronics X-CUBE-BLEMGR 3.0.0
2024-03-16 12:57:59,666 [INFO] ThirdParty:1030 - CMSIS Pack Vendor :STMicroelectronics PDM2PCM 3.3.0
2024-03-16 12:57:59,666 [INFO] ThirdParty:1030 - CMSIS Pack Vendor :STMicroelectronics X-CUBE-DISPLAY 3.0.0
2024-03-16 12:57:59,666 [INFO] ThirdParty:1030 - CMSIS Pack Vendor :STMicroelectronics FP-SNS-MOTENVWB1 1.3.1
2024-03-16 12:57:59,666 [INFO] ThirdParty:1030 - CMSIS Pack Vendor :STMicroelectronics X-CUBE-BLE1 7.0.0
2024-03-16 12:57:59,666 [INFO] ThirdParty:1030 - CMSIS Pack Vendor :STMicroelectronics FP-ATR-SIGFOX1 3.2.0
2024-03-16 12:57:59,666 [INFO] ThirdParty:1030 - CMSIS Pack Vendor :STMicroelectronics X-CUBE-ISPU 2.0.0
2024-03-16 12:57:59,666 [INFO] ThirdParty:1030 - CMSIS Pack Vendor :STMicroelectronics X-CUBE-EEPRMA1 5.1.0
2024-03-16 12:57:59,666 [INFO] ThirdParty:1030 - CMSIS Pack Vendor :STMicroelectronics HAL Drivers 0.0.0
2024-03-16 12:57:59,666 [INFO] ThirdParty:1030 - CMSIS Pack Vendor :STMicroelectronics MBEDTLS 2.16.2
2024-03-16 12:57:59,667 [INFO] ThirdParty:1030 - CMSIS Pack Vendor :emotas I-CUBE-CANOPEN 1.3.0
2024-03-16 12:57:59,667 [INFO] ThirdParty:1030 - CMSIS Pack Vendor :STMicroelectronics X-CUBE-MEMS1 10.0.0
2024-03-16 12:57:59,667 [INFO] ThirdParty:1030 - CMSIS Pack Vendor :STMicroelectronics X-CUBE-FREERTOS 1.1.0
2024-03-16 12:57:59,667 [INFO] ThirdParty:1030 - CMSIS Pack Vendor :STMicroelectronics X-CUBE-NFC7 1.0.1
2024-03-16 12:57:59,667 [INFO] ThirdParty:1030 - CMSIS Pack Vendor :STMicroelectronics MBEDTLS 2.14.1
2024-03-16 12:57:59,667 [INFO] ThirdParty:1030 - CMSIS Pack Vendor :STMicroelectronics X-CUBE-TOUCHGFX 4.22.1
2024-03-16 12:57:59,667 [INFO] ThirdParty:1030 - CMSIS Pack Vendor :STMicroelectronics X-CUBE-NFC6 3.0.0
2024-03-16 12:57:59,667 [INFO] ThirdParty:1030 - CMSIS Pack Vendor :portGmbH I-Cube-SoM-uGOAL 1.1.0
2024-03-16 12:57:59,667 [INFO] ThirdParty:1030 - CMSIS Pack Vendor :STMicroelectronics X-CUBE-ALS 1.0.1
2024-03-16 12:57:59,667 [INFO] ThirdParty:1030 - CMSIS Pack Vendor :STMicroelectronics X-CUBE-BLEMGR 3.1.0
2024-03-16 12:57:59,667 [INFO] ThirdParty:1030 - CMSIS Pack Vendor :STMicroelectronics ThreadX 1.0.0
2024-03-16 12:57:59,667 [INFO] ThirdParty:1030 - CMSIS Pack Vendor :STMicroelectronics FP-SNS-SMARTAG2 1.2.0
2024-03-16 12:57:59,667 [INFO] ThirdParty:1030 - CMSIS Pack Vendor :STMicroelectronics X-CUBE-AZRTOS-WL 2.0.0
2024-03-16 12:57:59,667 [INFO] ThirdParty:1030 - CMSIS Pack Vendor :SEGGER I-CUBE-embOS 1.3.1
2024-03-16 12:57:59,667 [INFO] ThirdParty:1030 - CMSIS Pack Vendor :STMicroelectronics USB_DEVICE 1.0.0
2024-03-16 12:57:59,667 [INFO] ThirdParty:1030 - CMSIS Pack Vendor :STMicroelectronics X-CUBE-AI 8.1.0
2024-03-16 12:57:59,667 [INFO] ThirdParty:1030 - CMSIS Pack Vendor :STMicroelectronics X-CUBE-AZRTOS-L4 2.0.0
2024-03-16 12:57:59,667 [INFO] ThirdParty:1030 - CMSIS Pack Vendor :STMicroelectronics ThreadX 0.0.2
2024-03-16 12:57:59,667 [INFO] ThirdParty:1030 - CMSIS Pack Vendor :WES I-CUBE-Cesium 1.3.0
2024-03-16 12:57:59,667 [INFO] ThirdParty:1030 - CMSIS Pack Vendor :STMicroelectronics FP-ATR-ASTRA1 2.0.0
2024-03-16 12:57:59,667 [INFO] ThirdParty:1030 - CMSIS Pack Vendor :STMicroelectronics lwIP 2.1.2
2024-03-16 12:57:59,667 [INFO] ThirdParty:1030 - CMSIS Pack Vendor :STMicroelectronics X-CUBE-SFXS2LP1 4.0.0
2024-03-16 12:57:59,667 [INFO] ThirdParty:1030 - CMSIS Pack Vendor :STMicroelectronics X-CUBE-BLE2 3.3.0
2024-03-16 12:57:59,667 [INFO] ThirdParty:1030 - CMSIS Pack Vendor :STMicroelectronics X-CUBE-TOF1 3.4.0
2024-03-16 12:57:59,667 [INFO] ThirdParty:1030 - CMSIS Pack Vendor :STMicroelectronics X-CUBE-TOF1 3.4.1
2024-03-16 12:57:59,667 [INFO] ThirdParty:1030 - CMSIS Pack Vendor :STMicroelectronics X-CUBE-AZRTOS-H7 3.2.0
2024-03-16 12:57:59,667 [INFO] ThirdParty:1030 - CMSIS Pack Vendor :STMicroelectronics PDM2PCM 3.2.0
2024-03-16 12:57:59,667 [INFO] ThirdParty:841 - exiting critical section [change project]
2024-03-16 12:58:00,302 [INFO] PinOutPanel:1499 - setPackage(No Configuration,No Configuration)
2024-03-16 12:58:00,304 [INFO] PinOutPanel:1499 - setPackage(STM32L432KCUx,UFQFPN32)
2024-03-16 12:58:01,438 [INFO] UtilMem:75 - Before build in PCC Used Memory: 576754880 Bytes (1073741824)
2024-03-16 12:58:04,432 [INFO] UtilMem:75 - After build in PCC Used Memory: 686855360 Bytes (1073741824)
2024-03-16 12:58:04,914 [INFO] ApiDbMcu:507 - Load IP Config File for FREERTOS
2024-03-16 12:58:04,954 [INFO] IPUIPlugin:80 - create IPUIPlugin
2024-03-16 12:58:04,954 [INFO] IPUIPlugin:80 - create IPUIPlugin
2024-03-16 12:58:04,954 [INFO] IPUIPlugin:80 - create IPUIPlugin
2024-03-16 12:58:04,954 [INFO] IPUIPlugin:80 - create IPUIPlugin
2024-03-16 12:58:04,954 [INFO] IPUIPlugin:80 - create IPUIPlugin
2024-03-16 12:58:04,954 [INFO] IPUIPlugin:80 - create IPUIPlugin
2024-03-16 12:58:04,954 [INFO] IPUIPlugin:80 - create IPUIPlugin
2024-03-16 12:58:04,954 [INFO] IPUIPlugin:80 - create IPUIPlugin
2024-03-16 12:58:04,955 [INFO] IPUIPlugin:80 - create IPUIPlugin
2024-03-16 12:58:04,955 [INFO] IPUIPlugin:80 - create IPUIPlugin
2024-03-16 12:58:04,955 [INFO] IPUIPlugin:80 - create IPUIPlugin
2024-03-16 12:58:04,955 [INFO] IPUIPlugin:80 - create IPUIPlugin
2024-03-16 12:58:04,955 [INFO] IPUIPlugin:80 - create IPUIPlugin
2024-03-16 12:58:04,955 [INFO] IPUIPlugin:80 - create IPUIPlugin
2024-03-16 12:58:04,955 [INFO] IPUIPlugin:80 - create IPUIPlugin
2024-03-16 12:58:04,955 [INFO] IPUIPlugin:80 - create IPUIPlugin
2024-03-16 12:58:04,956 [INFO] IPUIPlugin:80 - create IPUIPlugin
2024-03-16 12:58:04,956 [INFO] IPUIPlugin:80 - create IPUIPlugin
2024-03-16 12:58:04,956 [INFO] IPUIPlugin:80 - create IPUIPlugin
2024-03-16 12:58:04,956 [INFO] IPUIPlugin:80 - create IPUIPlugin
2024-03-16 12:58:04,956 [INFO] IPUIPlugin:80 - create IPUIPlugin
2024-03-16 12:58:04,956 [INFO] IPUIPlugin:80 - create IPUIPlugin
2024-03-16 12:58:04,957 [INFO] IPUIPlugin:80 - create IPUIPlugin
2024-03-16 12:58:04,957 [INFO] IPUIPlugin:80 - create IPUIPlugin
2024-03-16 12:58:04,957 [INFO] IPUIPlugin:80 - create IPUIPlugin
2024-03-16 12:58:04,957 [INFO] IPUIPlugin:80 - create IPUIPlugin
2024-03-16 12:58:04,957 [INFO] IPUIPlugin:80 - create IPUIPlugin
2024-03-16 12:58:04,957 [INFO] IPUIPlugin:80 - create IPUIPlugin
2024-03-16 12:58:04,958 [INFO] IPUIPlugin:80 - create IPUIPlugin
2024-03-16 12:58:04,958 [INFO] IPUIPlugin:80 - create IPUIPlugin
2024-03-16 12:58:04,958 [INFO] IPUIPlugin:80 - create IPUIPlugin
2024-03-16 12:58:04,958 [INFO] IPUIPlugin:80 - create IPUIPlugin
2024-03-16 12:58:04,958 [INFO] IPUIPlugin:80 - create IPUIPlugin
2024-03-16 12:58:04,958 [INFO] IPUIPlugin:80 - create IPUIPlugin
2024-03-16 12:58:04,959 [INFO] IPUIPlugin:80 - create IPUIPlugin
2024-03-16 12:58:04,959 [INFO] IPUIPlugin:80 - create IPUIPlugin
2024-03-16 12:58:04,959 [INFO] IPUIPlugin:80 - create IPUIPlugin
2024-03-16 12:58:04,959 [INFO] IPUIPlugin:80 - create IPUIPlugin
2024-03-16 12:58:04,959 [INFO] IPUIPlugin:80 - create IPUIPlugin
2024-03-16 12:58:04,960 [INFO] IPUIPlugin:80 - create IPUIPlugin
2024-03-16 12:58:04,960 [INFO] IPUIPlugin:80 - create IPUIPlugin
2024-03-16 12:58:05,022 [INFO] Can:71 - Can Add PropertyChangeListener com.st.microxplorer.plugins.ip.can.Can@1f2e7a57
2024-03-16 12:58:05,085 [WARN] FreeRTOS:1023 - Null or empty value: should not occur! (nothing added to the table)
2024-03-16 12:58:05,575 [INFO] CADModel:165 - CPN selected for project levelSTM32L432KCU3
2024-03-16 12:58:05,575 [INFO] CADModel:114 - Register for checkConnection events
2024-03-16 12:58:05,588 [INFO] RtosManager:697 - Active RTOS found at IOC load: FREERTOS [Cortex-M4NS]
2024-03-16 12:58:05,737 [INFO] OpenFileManager:328 - Restore cursor
2024-03-16 12:58:15,795 [ERROR] RtosPanel:558 - Can not restore the selected Tab for FREERTOS(A reason can be that the tab is no more available.)
2024-03-16 12:58:22,084 [INFO] TasksAndQueuesTab:757 - Dynamic
2024-03-16 12:58:22,084 [WARN] TasksAndQueuesTab:763 - 128 128
2024-03-16 12:58:22,084 [WARN] TasksAndQueuesTab:775 - max value is: 750.0
2024-03-16 12:58:23,365 [INFO] EditThreadDialog:704 - RAM SIZE (in KB): 64
2024-03-16 12:58:23,365 [INFO] EditThreadDialog:706 - RAM SIZE (in words): 16384
2024-03-16 12:58:55,540 [INFO] EditThreadDialog:704 - RAM SIZE (in KB): 64
2024-03-16 12:58:55,540 [INFO] EditThreadDialog:706 - RAM SIZE (in words): 16384
2024-03-16 12:58:59,410 [INFO] EditThreadDialog:704 - RAM SIZE (in KB): 64
2024-03-16 12:58:59,410 [INFO] EditThreadDialog:706 - RAM SIZE (in words): 16384
2024-03-16 12:59:16,051 [INFO] TasksAndQueuesTab:757 - Dynamic
2024-03-16 12:59:16,052 [WARN] TasksAndQueuesTab:763 - 128 128
2024-03-16 12:59:16,052 [WARN] TasksAndQueuesTab:775 - max value is: 750.0
2024-03-16 12:59:16,053 [INFO] TasksAndQueuesTab:757 - Dynamic
2024-03-16 12:59:16,053 [WARN] TasksAndQueuesTab:763 - 128 128
2024-03-16 12:59:16,053 [WARN] TasksAndQueuesTab:775 - max value is: 750.0
2024-03-16 12:59:17,452 [INFO] EditThreadDialog:704 - RAM SIZE (in KB): 64
2024-03-16 12:59:17,453 [INFO] EditThreadDialog:706 - RAM SIZE (in words): 16384
2024-03-16 12:59:23,004 [INFO] TasksAndQueuesTab:757 - Dynamic
2024-03-16 12:59:23,005 [WARN] TasksAndQueuesTab:763 - 128 128
2024-03-16 12:59:23,005 [WARN] TasksAndQueuesTab:775 - max value is: 750.0
2024-03-16 12:59:23,005 [INFO] TasksAndQueuesTab:757 - Dynamic
2024-03-16 12:59:23,005 [WARN] TasksAndQueuesTab:763 - 128 128
2024-03-16 12:59:23,005 [WARN] TasksAndQueuesTab:775 - max value is: 750.0
2024-03-16 12:59:23,982 [INFO] UtilMem:75 - End SaveConfig() Used Memory: 622004464 Bytes (1073741824)
2024-03-16 12:59:24,221 [INFO] UtilMem:75 - End SaveConfig() Used Memory: 636684528 Bytes (1073741824)
2024-03-16 12:59:25,336 [INFO] UtilMem:75 - End SaveConfig() Used Memory: 676530416 Bytes (1073741824)
2024-03-16 12:59:27,566 [INFO] BlockDiagram:2759 - set Specific Code input for plugin: NVIC
2024-03-16 12:59:27,566 [INFO] BlockDiagram:2759 - set Specific Code input for plugin: FREERTOS
2024-03-16 12:59:27,566 [INFO] BlockDiagram:2759 - set Specific Code input for plugin: USART
2024-03-16 12:59:27,566 [INFO] BlockDiagram:2759 - set Specific Code input for plugin: DMA
2024-03-16 12:59:27,566 [INFO] BlockDiagram:2759 - set Specific Code input for plugin: CAN
2024-03-16 12:59:27,566 [INFO] BlockDiagram:2759 - set Specific Code input for plugin: SYS
2024-03-16 12:59:27,567 [INFO] BlockDiagram:2759 - set Specific Code input for plugin: GPIO
2024-03-16 12:59:27,567 [INFO] BlockDiagram:2759 - set Specific Code input for plugin: ADC
2024-03-16 12:59:27,567 [INFO] BlockDiagram:2759 - set Specific Code input for plugin: RCC
2024-03-16 12:59:27,568 [INFO] CodeGenerator:799 - code generatio: config db path: C:\ST\STM32CubeIDE_1.13.2\STM32CubeIDE\plugins\com.st.stm32cube.common.mx_6.9.2.202309101412\\db\
2024-03-16 12:59:27,983 [INFO] CodeEngine:255 - oldGeneratedFile, C:\Users\gfran\Documents\GitHub\Electrical-Hardware-Design\Batt-Power_Frimware\BatteryPower\MXTmpFiles\license.tmp_save
2024-03-16 12:59:28,862 [INFO] CodeEngine:279 - Generated code: C:\Users\gfran\Documents\GitHub\Electrical-Hardware-Design\Batt-Power_Frimware\BatteryPower\MXTmpFiles\license.tmp
2024-03-16 12:59:29,063 [INFO] CodeEngine:255 - oldGeneratedFile, C:\Users\gfran\Documents\GitHub\Electrical-Hardware-Design\Batt-Power_Frimware\BatteryPower\MXTmpFiles\gpio.tmp_save
2024-03-16 12:59:29,419 [INFO] CodeEngine:279 - Generated code: C:\Users\gfran\Documents\GitHub\Electrical-Hardware-Design\Batt-Power_Frimware\BatteryPower\MXTmpFiles\gpio.tmp
2024-03-16 12:59:30,125 [INFO] Middleware:1439 - No code input for Bsp Dependency
2024-03-16 12:59:30,141 [INFO] CodeEngine:255 - oldGeneratedFile, C:\Users\gfran\Documents\GitHub\Electrical-Hardware-Design\Batt-Power_Frimware\BatteryPower\MXTmpFiles\rtos_inc.tmp_save
2024-03-16 12:59:30,273 [INFO] CodeEngine:279 - Generated code: C:\Users\gfran\Documents\GitHub\Electrical-Hardware-Design\Batt-Power_Frimware\BatteryPower\MXTmpFiles\rtos_inc.tmp
2024-03-16 12:59:30,284 [INFO] CodeEngine:255 - oldGeneratedFile, C:\Users\gfran\Documents\GitHub\Electrical-Hardware-Design\Batt-Power_Frimware\BatteryPower\MXTmpFiles\rtos_kernelInit.tmp_save
2024-03-16 12:59:30,392 [INFO] CodeEngine:279 - Generated code: C:\Users\gfran\Documents\GitHub\Electrical-Hardware-Design\Batt-Power_Frimware\BatteryPower\MXTmpFiles\rtos_kernelInit.tmp
2024-03-16 12:59:30,403 [INFO] CodeEngine:255 - oldGeneratedFile, C:\Users\gfran\Documents\GitHub\Electrical-Hardware-Design\Batt-Power_Frimware\BatteryPower\MXTmpFiles\rtos_kernelStart.tmp_save
2024-03-16 12:59:30,495 [INFO] CodeEngine:279 - Generated code: C:\Users\gfran\Documents\GitHub\Electrical-Hardware-Design\Batt-Power_Frimware\BatteryPower\MXTmpFiles\rtos_kernelStart.tmp
2024-03-16 12:59:30,508 [INFO] CodeEngine:255 - oldGeneratedFile, C:\Users\gfran\Documents\GitHub\Electrical-Hardware-Design\Batt-Power_Frimware\BatteryPower\MXTmpFiles\rtos_typedefs.tmp_save
2024-03-16 12:59:30,596 [INFO] CodeEngine:279 - Generated code: C:\Users\gfran\Documents\GitHub\Electrical-Hardware-Design\Batt-Power_Frimware\BatteryPower\MXTmpFiles\rtos_typedefs.tmp
2024-03-16 12:59:30,610 [INFO] CodeEngine:255 - oldGeneratedFile, C:\Users\gfran\Documents\GitHub\Electrical-Hardware-Design\Batt-Power_Frimware\BatteryPower\MXTmpFiles\rtos_vars.tmp_save
2024-03-16 12:59:30,716 [INFO] CodeEngine:279 - Generated code: C:\Users\gfran\Documents\GitHub\Electrical-Hardware-Design\Batt-Power_Frimware\BatteryPower\MXTmpFiles\rtos_vars.tmp
2024-03-16 12:59:30,729 [INFO] CodeEngine:255 - oldGeneratedFile, C:\Users\gfran\Documents\GitHub\Electrical-Hardware-Design\Batt-Power_Frimware\BatteryPower\MXTmpFiles\rtos_pfp.tmp_save
2024-03-16 12:59:30,836 [INFO] CodeEngine:279 - Generated code: C:\Users\gfran\Documents\GitHub\Electrical-Hardware-Design\Batt-Power_Frimware\BatteryPower\MXTmpFiles\rtos_pfp.tmp
2024-03-16 12:59:30,849 [INFO] CodeEngine:255 - oldGeneratedFile, C:\Users\gfran\Documents\GitHub\Electrical-Hardware-Design\Batt-Power_Frimware\BatteryPower\MXTmpFiles\rtos_obj_creat.tmp_save
2024-03-16 12:59:30,959 [INFO] CodeEngine:279 - Generated code: C:\Users\gfran\Documents\GitHub\Electrical-Hardware-Design\Batt-Power_Frimware\BatteryPower\MXTmpFiles\rtos_obj_creat.tmp
2024-03-16 12:59:30,973 [INFO] CodeEngine:255 - oldGeneratedFile, C:\Users\gfran\Documents\GitHub\Electrical-Hardware-Design\Batt-Power_Frimware\BatteryPower\MXTmpFiles\rtos_default_thread.tmp_save
2024-03-16 12:59:31,097 [INFO] CodeEngine:279 - Generated code: C:\Users\gfran\Documents\GitHub\Electrical-Hardware-Design\Batt-Power_Frimware\BatteryPower\MXTmpFiles\rtos_default_thread.tmp
2024-03-16 12:59:31,109 [INFO] CodeEngine:255 - oldGeneratedFile, C:\Users\gfran\Documents\GitHub\Electrical-Hardware-Design\Batt-Power_Frimware\BatteryPower\MXTmpFiles\rtos_threads.tmp_save
2024-03-16 12:59:31,209 [INFO] CodeEngine:279 - Generated code: C:\Users\gfran\Documents\GitHub\Electrical-Hardware-Design\Batt-Power_Frimware\BatteryPower\MXTmpFiles\rtos_threads.tmp
2024-03-16 12:59:31,232 [INFO] Middleware:1439 - No code input for Bsp Dependency
2024-03-16 12:59:31,271 [INFO] CodeEngine:255 - oldGeneratedFile, C:\Users\gfran\Documents\GitHub\Electrical-Hardware-Design\Batt-Power_Frimware\BatteryPower\MXTmpFiles\rtos_inc.tmp_save
2024-03-16 12:59:31,424 [INFO] CodeEngine:279 - Generated code: C:\Users\gfran\Documents\GitHub\Electrical-Hardware-Design\Batt-Power_Frimware\BatteryPower\MXTmpFiles\rtos_inc.tmp
2024-03-16 12:59:31,430 [INFO] CodeEngine:255 - oldGeneratedFile, C:\Users\gfran\Documents\GitHub\Electrical-Hardware-Design\Batt-Power_Frimware\BatteryPower\MXTmpFiles\rtos_kernelInit.tmp_save
2024-03-16 12:59:31,562 [INFO] CodeEngine:279 - Generated code: C:\Users\gfran\Documents\GitHub\Electrical-Hardware-Design\Batt-Power_Frimware\BatteryPower\MXTmpFiles\rtos_kernelInit.tmp
2024-03-16 12:59:31,569 [INFO] CodeEngine:255 - oldGeneratedFile, C:\Users\gfran\Documents\GitHub\Electrical-Hardware-Design\Batt-Power_Frimware\BatteryPower\MXTmpFiles\rtos_kernelStart.tmp_save
2024-03-16 12:59:31,658 [INFO] CodeEngine:279 - Generated code: C:\Users\gfran\Documents\GitHub\Electrical-Hardware-Design\Batt-Power_Frimware\BatteryPower\MXTmpFiles\rtos_kernelStart.tmp
2024-03-16 12:59:31,670 [INFO] CodeEngine:255 - oldGeneratedFile, C:\Users\gfran\Documents\GitHub\Electrical-Hardware-Design\Batt-Power_Frimware\BatteryPower\MXTmpFiles\rtos_typedefs.tmp_save
2024-03-16 12:59:31,750 [INFO] CodeEngine:279 - Generated code: C:\Users\gfran\Documents\GitHub\Electrical-Hardware-Design\Batt-Power_Frimware\BatteryPower\MXTmpFiles\rtos_typedefs.tmp
2024-03-16 12:59:31,796 [INFO] CodeEngine:255 - oldGeneratedFile, C:\Users\gfran\Documents\GitHub\Electrical-Hardware-Design\Batt-Power_Frimware\BatteryPower\MXTmpFiles\rtos_vars.tmp_save
2024-03-16 12:59:31,869 [INFO] CodeEngine:279 - Generated code: C:\Users\gfran\Documents\GitHub\Electrical-Hardware-Design\Batt-Power_Frimware\BatteryPower\MXTmpFiles\rtos_vars.tmp
2024-03-16 12:59:31,877 [INFO] CodeEngine:255 - oldGeneratedFile, C:\Users\gfran\Documents\GitHub\Electrical-Hardware-Design\Batt-Power_Frimware\BatteryPower\MXTmpFiles\rtos_pfp.tmp_save
2024-03-16 12:59:31,945 [INFO] CodeEngine:279 - Generated code: C:\Users\gfran\Documents\GitHub\Electrical-Hardware-Design\Batt-Power_Frimware\BatteryPower\MXTmpFiles\rtos_pfp.tmp
2024-03-16 12:59:31,969 [INFO] CodeEngine:255 - oldGeneratedFile, C:\Users\gfran\Documents\GitHub\Electrical-Hardware-Design\Batt-Power_Frimware\BatteryPower\MXTmpFiles\rtos_obj_creat.tmp_save
2024-03-16 12:59:32,035 [INFO] CodeEngine:279 - Generated code: C:\Users\gfran\Documents\GitHub\Electrical-Hardware-Design\Batt-Power_Frimware\BatteryPower\MXTmpFiles\rtos_obj_creat.tmp
2024-03-16 12:59:32,041 [INFO] CodeEngine:255 - oldGeneratedFile, C:\Users\gfran\Documents\GitHub\Electrical-Hardware-Design\Batt-Power_Frimware\BatteryPower\MXTmpFiles\rtos_default_thread.tmp_save
2024-03-16 12:59:32,103 [INFO] CodeEngine:279 - Generated code: C:\Users\gfran\Documents\GitHub\Electrical-Hardware-Design\Batt-Power_Frimware\BatteryPower\MXTmpFiles\rtos_default_thread.tmp
2024-03-16 12:59:32,109 [INFO] CodeEngine:255 - oldGeneratedFile, C:\Users\gfran\Documents\GitHub\Electrical-Hardware-Design\Batt-Power_Frimware\BatteryPower\MXTmpFiles\rtos_threads.tmp_save
2024-03-16 12:59:32,168 [INFO] CodeEngine:279 - Generated code: C:\Users\gfran\Documents\GitHub\Electrical-Hardware-Design\Batt-Power_Frimware\BatteryPower\MXTmpFiles\rtos_threads.tmp
2024-03-16 12:59:32,198 [INFO] CodeEngine:255 - oldGeneratedFile, C:\Users\gfran\Documents\GitHub\Electrical-Hardware-Design\Batt-Power_Frimware\BatteryPower\Core\Inc\FreeRTOSConfig.h_save
2024-03-16 12:59:32,332 [INFO] CodeEngine:279 - Generated code: C:\Users\gfran\Documents\GitHub\Electrical-Hardware-Design\Batt-Power_Frimware\BatteryPower\Core\Inc\FreeRTOSConfig.h
2024-03-16 12:59:32,378 [INFO] CodeEngine:255 - oldGeneratedFile, C:\Users\gfran\Documents\GitHub\Electrical-Hardware-Design\Batt-Power_Frimware\BatteryPower\Core\Src\freertos.c_save
2024-03-16 12:59:32,515 [INFO] CodeEngine:279 - Generated code: C:\Users\gfran\Documents\GitHub\Electrical-Hardware-Design\Batt-Power_Frimware\BatteryPower\Core\Src\freertos.c
2024-03-16 12:59:32,568 [INFO] CodeEngine:255 - oldGeneratedFile, C:\Users\gfran\Documents\GitHub\Electrical-Hardware-Design\Batt-Power_Frimware\BatteryPower\MXTmpFiles\dma.tmp_save
2024-03-16 12:59:32,758 [INFO] CodeEngine:279 - Generated code: C:\Users\gfran\Documents\GitHub\Electrical-Hardware-Design\Batt-Power_Frimware\BatteryPower\MXTmpFiles\dma.tmp
2024-03-16 12:59:32,768 [INFO] CodeEngine:255 - oldGeneratedFile, C:\Users\gfran\Documents\GitHub\Electrical-Hardware-Design\Batt-Power_Frimware\BatteryPower\MXTmpFiles\dma_GV.tmp_save
2024-03-16 12:59:32,830 [INFO] CodeEngine:279 - Generated code: C:\Users\gfran\Documents\GitHub\Electrical-Hardware-Design\Batt-Power_Frimware\BatteryPower\MXTmpFiles\dma_GV.tmp
2024-03-16 12:59:32,890 [INFO] CodeEngine:255 - oldGeneratedFile, C:\Users\gfran\Documents\GitHub\Electrical-Hardware-Design\Batt-Power_Frimware\BatteryPower\Core\Src\stm32l4xx_it.c_save
2024-03-16 12:59:33,107 [INFO] CodeEngine:279 - Generated code: C:\Users\gfran\Documents\GitHub\Electrical-Hardware-Design\Batt-Power_Frimware\BatteryPower\Core\Src\stm32l4xx_it.c
2024-03-16 12:59:33,162 [INFO] CodeEngine:255 - oldGeneratedFile, C:\Users\gfran\Documents\GitHub\Electrical-Hardware-Design\Batt-Power_Frimware\BatteryPower\Core\Inc\stm32l4xx_it.h_save
2024-03-16 12:59:33,309 [INFO] CodeEngine:279 - Generated code: C:\Users\gfran\Documents\GitHub\Electrical-Hardware-Design\Batt-Power_Frimware\BatteryPower\Core\Inc\stm32l4xx_it.h
2024-03-16 12:59:33,358 [INFO] CodeEngine:255 - oldGeneratedFile, C:\Users\gfran\Documents\GitHub\Electrical-Hardware-Design\Batt-Power_Frimware\BatteryPower\Core\Src\stm32l4xx_hal_msp.c_save
2024-03-16 12:59:33,681 [INFO] CodeEngine:279 - Generated code: C:\Users\gfran\Documents\GitHub\Electrical-Hardware-Design\Batt-Power_Frimware\BatteryPower\Core\Src\stm32l4xx_hal_msp.c
2024-03-16 12:59:33,694 [INFO] CodeEngine:255 - oldGeneratedFile, C:\Users\gfran\Documents\GitHub\Electrical-Hardware-Design\Batt-Power_Frimware\BatteryPower\MXTmpFiles\system.tmp_save
2024-03-16 12:59:33,798 [INFO] CodeEngine:279 - Generated code: C:\Users\gfran\Documents\GitHub\Electrical-Hardware-Design\Batt-Power_Frimware\BatteryPower\MXTmpFiles\system.tmp
2024-03-16 12:59:33,847 [INFO] CodeEngine:311 - oldGeneratedFile, C:\Users\gfran\Documents\GitHub\Electrical-Hardware-Design\Batt-Power_Frimware\BatteryPower\Core\Inc\stm32l4xx_hal_conf.h_save
2024-03-16 12:59:34,140 [INFO] CodeEngine:335 - Generated code: C:\Users\gfran\Documents\GitHub\Electrical-Hardware-Design\Batt-Power_Frimware\BatteryPower\Core\Inc\stm32l4xx_hal_conf.h
2024-03-16 12:59:34,270 [INFO] CodeEngine:255 - oldGeneratedFile, C:\Users\gfran\Documents\GitHub\Electrical-Hardware-Design\Batt-Power_Frimware\BatteryPower\Core\Inc\main.h_save
2024-03-16 12:59:34,501 [INFO] CodeEngine:279 - Generated code: C:\Users\gfran\Documents\GitHub\Electrical-Hardware-Design\Batt-Power_Frimware\BatteryPower\Core\Inc\main.h
2024-03-16 12:59:34,564 [INFO] CodeEngine:255 - oldGeneratedFile, C:\Users\gfran\Documents\GitHub\Electrical-Hardware-Design\Batt-Power_Frimware\BatteryPower\Core\Src\main.c_save
2024-03-16 12:59:34,913 [INFO] CodeEngine:279 - Generated code: C:\Users\gfran\Documents\GitHub\Electrical-Hardware-Design\Batt-Power_Frimware\BatteryPower\Core\Src\main.c
2024-03-16 12:59:36,068 [INFO] ProjectBuilder:3064 - Time for Copy HAL[1] : 442mS.
2024-03-16 12:59:36,086 [INFO] ProjectBuilder:4404 - Project Generator version: 4.1.0
2024-03-16 12:59:36,395 [INFO] ConfigFileManager:1457 - The Die is : DIE435
2024-03-16 12:59:36,411 [INFO] ApiDbMcu:507 - Load IP Config File for FATFS
2024-03-16 12:59:36,438 [INFO] ApiDbMcu:507 - Load IP Config File for TOUCHSENSING
2024-03-16 12:59:36,455 [INFO] ApiDbMcu:507 - Load IP Config File for USB_DEVICE
2024-03-16 12:59:38,116 [INFO] LogOutputStream:77 - [STDOUT_REDIRECT] 
2024-03-16 12:59:43,298 [INFO] ProjectBuilder:4626 - Time for Generating toolchain IDE Files: 7212mS.
2024-03-16 12:59:43,299 [INFO] ProjectBuilder:2935 - Time for Copy CMSIS : 1mS.
2024-03-16 12:59:43,305 [INFO] ProjectBuilder:2935 - Time for Copy CMSIS : 1mS.
2024-03-16 13:59:55,479 [INFO] TasksAndQueuesTab:757 - Dynamic
2024-03-16 13:59:55,480 [WARN] TasksAndQueuesTab:763 - 128 128
2024-03-16 13:59:55,480 [WARN] TasksAndQueuesTab:775 - max value is: 750.0
2024-03-16 13:59:55,480 [INFO] TasksAndQueuesTab:757 - Dynamic
2024-03-16 13:59:55,480 [WARN] TasksAndQueuesTab:763 - 128 128
2024-03-16 13:59:55,480 [WARN] TasksAndQueuesTab:775 - max value is: 750.0
2024-03-16 14:00:01,986 [INFO] UtilMem:75 - End SaveConfig() Used Memory: 803209216 Bytes (1073741824)
2024-03-16 14:00:02,251 [INFO] UtilMem:75 - End SaveConfig() Used Memory: 823658496 Bytes (1073741824)
2024-03-16 14:00:03,026 [INFO] UtilMem:75 - End SaveConfig() Used Memory: 664450776 Bytes (1073741824)
2024-03-16 14:00:04,647 [INFO] BlockDiagram:2759 - set Specific Code input for plugin: NVIC
2024-03-16 14:00:04,647 [INFO] BlockDiagram:2759 - set Specific Code input for plugin: FREERTOS
2024-03-16 14:00:04,647 [INFO] BlockDiagram:2759 - set Specific Code input for plugin: USART
2024-03-16 14:00:04,647 [INFO] BlockDiagram:2759 - set Specific Code input for plugin: DMA
2024-03-16 14:00:04,647 [INFO] BlockDiagram:2759 - set Specific Code input for plugin: CAN
2024-03-16 14:00:04,647 [INFO] BlockDiagram:2759 - set Specific Code input for plugin: SYS
2024-03-16 14:00:04,648 [INFO] BlockDiagram:2759 - set Specific Code input for plugin: GPIO
2024-03-16 14:00:04,648 [INFO] BlockDiagram:2759 - set Specific Code input for plugin: ADC
2024-03-16 14:00:04,648 [INFO] BlockDiagram:2759 - set Specific Code input for plugin: RCC
2024-03-16 14:00:04,649 [INFO] CodeGenerator:799 - code generatio: config db path: C:\ST\STM32CubeIDE_1.13.2\STM32CubeIDE\plugins\com.st.stm32cube.common.mx_6.9.2.202309101412\\db\
2024-03-16 14:00:04,658 [INFO] Argument:319 - Argument : hdmavalue: null
2024-03-16 14:00:04,658 [INFO] Argument:321 - 	 sub Args: 
2024-03-16 14:00:04,658 [INFO] Argument:319 - Argument : Instancevalue: DMA1_Channel1
2024-03-16 14:00:04,658 [INFO] Argument:329 - Argument : Instancevalue: DMA1_Channel1
2024-03-16 14:00:04,659 [INFO] Argument:319 - Argument : Initvalue: null
2024-03-16 14:00:04,659 [INFO] Argument:321 - 	 sub Args: 
2024-03-16 14:00:04,659 [INFO] Argument:319 - Argument : Requestvalue: DMA_REQUEST_0
2024-03-16 14:00:04,659 [INFO] Argument:329 - Argument : Requestvalue: DMA_REQUEST_0
2024-03-16 14:00:04,659 [INFO] Argument:319 - Argument : Directionvalue: DMA_PERIPH_TO_MEMORY
2024-03-16 14:00:04,659 [INFO] Argument:329 - Argument : Directionvalue: DMA_PERIPH_TO_MEMORY
2024-03-16 14:00:04,659 [INFO] Argument:319 - Argument : PeriphIncvalue: DMA_PINC_DISABLE
2024-03-16 14:00:04,659 [INFO] Argument:329 - Argument : PeriphIncvalue: DMA_PINC_DISABLE
2024-03-16 14:00:04,659 [INFO] Argument:319 - Argument : MemIncvalue: DMA_MINC_ENABLE
2024-03-16 14:00:04,659 [INFO] Argument:329 - Argument : MemIncvalue: DMA_MINC_ENABLE
2024-03-16 14:00:04,659 [INFO] Argument:319 - Argument : PeriphDataAlignmentvalue: DMA_PDATAALIGN_WORD
2024-03-16 14:00:04,659 [INFO] Argument:329 - Argument : PeriphDataAlignmentvalue: DMA_PDATAALIGN_WORD
2024-03-16 14:00:04,659 [INFO] Argument:319 - Argument : MemDataAlignmentvalue: DMA_MDATAALIGN_WORD
2024-03-16 14:00:04,659 [INFO] Argument:329 - Argument : MemDataAlignmentvalue: DMA_MDATAALIGN_WORD
2024-03-16 14:00:04,659 [INFO] Argument:319 - Argument : Modevalue: DMA_CIRCULAR
2024-03-16 14:00:04,659 [INFO] Argument:329 - Argument : Modevalue: DMA_CIRCULAR
2024-03-16 14:00:04,659 [INFO] Argument:319 - Argument : Priorityvalue: DMA_PRIORITY_LOW
2024-03-16 14:00:04,659 [INFO] Argument:329 - Argument : Priorityvalue: DMA_PRIORITY_LOW
2024-03-16 14:00:04,659 [INFO] Argument:319 - Argument : Lockvalue: null
2024-03-16 14:00:04,659 [INFO] Argument:329 - Argument : Lockvalue: null
2024-03-16 14:00:04,659 [INFO] Argument:319 - Argument : Statevalue: null
2024-03-16 14:00:04,659 [INFO] Argument:329 - Argument : Statevalue: null
2024-03-16 14:00:04,659 [INFO] Argument:319 - Argument : Parentvalue: null
2024-03-16 14:00:04,659 [INFO] Argument:329 - Argument : Parentvalue: null
2024-03-16 14:00:04,659 [INFO] Argument:319 - Argument : XferCpltCallbackvalue: null
2024-03-16 14:00:04,660 [INFO] Argument:329 - Argument : XferCpltCallbackvalue: null
2024-03-16 14:00:04,660 [INFO] Argument:319 - Argument : XferHalfCpltCallbackvalue: null
2024-03-16 14:00:04,660 [INFO] Argument:329 - Argument : XferHalfCpltCallbackvalue: null
2024-03-16 14:00:04,660 [INFO] Argument:319 - Argument : XferErrorCallbackvalue: null
2024-03-16 14:00:04,660 [INFO] Argument:329 - Argument : XferErrorCallbackvalue: null
2024-03-16 14:00:04,660 [INFO] Argument:319 - Argument : XferAbortCallbackvalue: null
2024-03-16 14:00:04,660 [INFO] Argument:329 - Argument : XferAbortCallbackvalue: null
2024-03-16 14:00:04,660 [INFO] Argument:319 - Argument : ErrorCodevalue: null
2024-03-16 14:00:04,660 [INFO] Argument:329 - Argument : ErrorCodevalue: null
2024-03-16 14:00:04,660 [INFO] Argument:319 - Argument : DmaBaseAddressvalue: null
2024-03-16 14:00:04,660 [INFO] Argument:329 - Argument : DmaBaseAddressvalue: null
2024-03-16 14:00:04,660 [INFO] Argument:319 - Argument : ChannelIndexvalue: null
2024-03-16 14:00:04,660 [INFO] Argument:329 - Argument : ChannelIndexvalue: null
2024-03-16 14:00:04,660 [INFO] Argument:319 - Argument : hdmavalue: null
2024-03-16 14:00:04,660 [INFO] Argument:321 - 	 sub Args: 
2024-03-16 14:00:04,660 [INFO] Argument:319 - Argument : Instancevalue: DMA1_Channel1
2024-03-16 14:00:04,660 [INFO] Argument:329 - Argument : Instancevalue: DMA1_Channel1
2024-03-16 14:00:04,660 [INFO] Argument:319 - Argument : Initvalue: null
2024-03-16 14:00:04,660 [INFO] Argument:321 - 	 sub Args: 
2024-03-16 14:00:04,660 [INFO] Argument:319 - Argument : Requestvalue: DMA_REQUEST_0
2024-03-16 14:00:04,660 [INFO] Argument:329 - Argument : Requestvalue: DMA_REQUEST_0
2024-03-16 14:00:04,660 [INFO] Argument:319 - Argument : Directionvalue: DMA_PERIPH_TO_MEMORY
2024-03-16 14:00:04,660 [INFO] Argument:329 - Argument : Directionvalue: DMA_PERIPH_TO_MEMORY
2024-03-16 14:00:04,660 [INFO] Argument:319 - Argument : PeriphIncvalue: DMA_PINC_DISABLE
2024-03-16 14:00:04,660 [INFO] Argument:329 - Argument : PeriphIncvalue: DMA_PINC_DISABLE
2024-03-16 14:00:04,660 [INFO] Argument:319 - Argument : MemIncvalue: DMA_MINC_ENABLE
2024-03-16 14:00:04,660 [INFO] Argument:329 - Argument : MemIncvalue: DMA_MINC_ENABLE
2024-03-16 14:00:04,660 [INFO] Argument:319 - Argument : PeriphDataAlignmentvalue: DMA_PDATAALIGN_WORD
2024-03-16 14:00:04,660 [INFO] Argument:329 - Argument : PeriphDataAlignmentvalue: DMA_PDATAALIGN_WORD
2024-03-16 14:00:04,660 [INFO] Argument:319 - Argument : MemDataAlignmentvalue: DMA_MDATAALIGN_WORD
2024-03-16 14:00:04,660 [INFO] Argument:329 - Argument : MemDataAlignmentvalue: DMA_MDATAALIGN_WORD
2024-03-16 14:00:04,660 [INFO] Argument:319 - Argument : Modevalue: DMA_CIRCULAR
2024-03-16 14:00:04,660 [INFO] Argument:329 - Argument : Modevalue: DMA_CIRCULAR
2024-03-16 14:00:04,661 [INFO] Argument:319 - Argument : Priorityvalue: DMA_PRIORITY_LOW
2024-03-16 14:00:04,661 [INFO] Argument:329 - Argument : Priorityvalue: DMA_PRIORITY_LOW
2024-03-16 14:00:04,661 [INFO] Argument:319 - Argument : Lockvalue: null
2024-03-16 14:00:04,661 [INFO] Argument:329 - Argument : Lockvalue: null
2024-03-16 14:00:04,661 [INFO] Argument:319 - Argument : Statevalue: null
2024-03-16 14:00:04,661 [INFO] Argument:329 - Argument : Statevalue: null
2024-03-16 14:00:04,661 [INFO] Argument:319 - Argument : Parentvalue: null
2024-03-16 14:00:04,661 [INFO] Argument:329 - Argument : Parentvalue: null
2024-03-16 14:00:04,661 [INFO] Argument:319 - Argument : XferCpltCallbackvalue: null
2024-03-16 14:00:04,661 [INFO] Argument:329 - Argument : XferCpltCallbackvalue: null
2024-03-16 14:00:04,661 [INFO] Argument:319 - Argument : XferHalfCpltCallbackvalue: null
2024-03-16 14:00:04,661 [INFO] Argument:329 - Argument : XferHalfCpltCallbackvalue: null
2024-03-16 14:00:04,661 [INFO] Argument:319 - Argument : XferErrorCallbackvalue: null
2024-03-16 14:00:04,661 [INFO] Argument:329 - Argument : XferErrorCallbackvalue: null
2024-03-16 14:00:04,661 [INFO] Argument:319 - Argument : XferAbortCallbackvalue: null
2024-03-16 14:00:04,661 [INFO] Argument:329 - Argument : XferAbortCallbackvalue: null
2024-03-16 14:00:04,661 [INFO] Argument:319 - Argument : ErrorCodevalue: null
2024-03-16 14:00:04,661 [INFO] Argument:329 - Argument : ErrorCodevalue: null
2024-03-16 14:00:04,661 [INFO] Argument:319 - Argument : DmaBaseAddressvalue: null
2024-03-16 14:00:04,661 [INFO] Argument:329 - Argument : DmaBaseAddressvalue: null
2024-03-16 14:00:04,661 [INFO] Argument:319 - Argument : ChannelIndexvalue: null
2024-03-16 14:00:04,661 [INFO] Argument:329 - Argument : ChannelIndexvalue: null
2024-03-16 14:00:04,661 [INFO] Argument:319 - Argument : pSyncConfigvalue: null
2024-03-16 14:00:04,661 [INFO] Argument:321 - 	 sub Args: 
2024-03-16 14:00:04,661 [INFO] Argument:319 - Argument : SyncSignalIDvalue: null
2024-03-16 14:00:04,661 [INFO] Argument:329 - Argument : SyncSignalIDvalue: null
2024-03-16 14:00:04,661 [INFO] Argument:319 - Argument : SyncPolarityvalue: null
2024-03-16 14:00:04,661 [INFO] Argument:329 - Argument : SyncPolarityvalue: null
2024-03-16 14:00:04,661 [INFO] Argument:319 - Argument : SyncEnablevalue: null
2024-03-16 14:00:04,661 [INFO] Argument:329 - Argument : SyncEnablevalue: null
2024-03-16 14:00:04,661 [INFO] Argument:319 - Argument : EventEnablevalue: null
2024-03-16 14:00:04,661 [INFO] Argument:329 - Argument : EventEnablevalue: null
2024-03-16 14:00:04,661 [INFO] Argument:319 - Argument : RequestNumbervalue: null
2024-03-16 14:00:04,661 [INFO] Argument:329 - Argument : RequestNumbervalue: null
2024-03-16 14:00:04,808 [INFO] CodeEngine:255 - oldGeneratedFile, C:\Users\gfran\Documents\GitHub\Electrical-Hardware-Design\Batt-Power_Frimware\BatteryPower\MXTmpFiles\license.tmp_save
2024-03-16 14:00:04,981 [INFO] CodeEngine:279 - Generated code: C:\Users\gfran\Documents\GitHub\Electrical-Hardware-Design\Batt-Power_Frimware\BatteryPower\MXTmpFiles\license.tmp
2024-03-16 14:00:05,051 [INFO] CodeEngine:255 - oldGeneratedFile, C:\Users\gfran\Documents\GitHub\Electrical-Hardware-Design\Batt-Power_Frimware\BatteryPower\MXTmpFiles\gpio.tmp_save
2024-03-16 14:00:05,287 [INFO] CodeEngine:279 - Generated code: C:\Users\gfran\Documents\GitHub\Electrical-Hardware-Design\Batt-Power_Frimware\BatteryPower\MXTmpFiles\gpio.tmp
2024-03-16 14:00:05,750 [INFO] Middleware:1439 - No code input for Bsp Dependency
2024-03-16 14:00:05,758 [INFO] CodeEngine:255 - oldGeneratedFile, C:\Users\gfran\Documents\GitHub\Electrical-Hardware-Design\Batt-Power_Frimware\BatteryPower\MXTmpFiles\rtos_inc.tmp_save
2024-03-16 14:00:05,890 [INFO] CodeEngine:279 - Generated code: C:\Users\gfran\Documents\GitHub\Electrical-Hardware-Design\Batt-Power_Frimware\BatteryPower\MXTmpFiles\rtos_inc.tmp
2024-03-16 14:00:05,894 [INFO] CodeEngine:255 - oldGeneratedFile, C:\Users\gfran\Documents\GitHub\Electrical-Hardware-Design\Batt-Power_Frimware\BatteryPower\MXTmpFiles\rtos_kernelInit.tmp_save
2024-03-16 14:00:05,973 [INFO] CodeEngine:279 - Generated code: C:\Users\gfran\Documents\GitHub\Electrical-Hardware-Design\Batt-Power_Frimware\BatteryPower\MXTmpFiles\rtos_kernelInit.tmp
2024-03-16 14:00:05,977 [INFO] CodeEngine:255 - oldGeneratedFile, C:\Users\gfran\Documents\GitHub\Electrical-Hardware-Design\Batt-Power_Frimware\BatteryPower\MXTmpFiles\rtos_kernelStart.tmp_save
2024-03-16 14:00:06,062 [INFO] CodeEngine:279 - Generated code: C:\Users\gfran\Documents\GitHub\Electrical-Hardware-Design\Batt-Power_Frimware\BatteryPower\MXTmpFiles\rtos_kernelStart.tmp
2024-03-16 14:00:06,067 [INFO] CodeEngine:255 - oldGeneratedFile, C:\Users\gfran\Documents\GitHub\Electrical-Hardware-Design\Batt-Power_Frimware\BatteryPower\MXTmpFiles\rtos_typedefs.tmp_save
2024-03-16 14:00:06,144 [INFO] CodeEngine:279 - Generated code: C:\Users\gfran\Documents\GitHub\Electrical-Hardware-Design\Batt-Power_Frimware\BatteryPower\MXTmpFiles\rtos_typedefs.tmp
2024-03-16 14:00:06,150 [INFO] CodeEngine:255 - oldGeneratedFile, C:\Users\gfran\Documents\GitHub\Electrical-Hardware-Design\Batt-Power_Frimware\BatteryPower\MXTmpFiles\rtos_vars.tmp_save
2024-03-16 14:00:06,252 [INFO] CodeEngine:279 - Generated code: C:\Users\gfran\Documents\GitHub\Electrical-Hardware-Design\Batt-Power_Frimware\BatteryPower\MXTmpFiles\rtos_vars.tmp
2024-03-16 14:00:06,264 [INFO] CodeEngine:255 - oldGeneratedFile, C:\Users\gfran\Documents\GitHub\Electrical-Hardware-Design\Batt-Power_Frimware\BatteryPower\MXTmpFiles\rtos_pfp.tmp_save
2024-03-16 14:00:06,359 [INFO] CodeEngine:279 - Generated code: C:\Users\gfran\Documents\GitHub\Electrical-Hardware-Design\Batt-Power_Frimware\BatteryPower\MXTmpFiles\rtos_pfp.tmp
2024-03-16 14:00:06,363 [INFO] CodeEngine:255 - oldGeneratedFile, C:\Users\gfran\Documents\GitHub\Electrical-Hardware-Design\Batt-Power_Frimware\BatteryPower\MXTmpFiles\rtos_obj_creat.tmp_save
2024-03-16 14:00:06,460 [INFO] CodeEngine:279 - Generated code: C:\Users\gfran\Documents\GitHub\Electrical-Hardware-Design\Batt-Power_Frimware\BatteryPower\MXTmpFiles\rtos_obj_creat.tmp
2024-03-16 14:00:06,466 [INFO] CodeEngine:255 - oldGeneratedFile, C:\Users\gfran\Documents\GitHub\Electrical-Hardware-Design\Batt-Power_Frimware\BatteryPower\MXTmpFiles\rtos_default_thread.tmp_save
2024-03-16 14:00:06,571 [INFO] CodeEngine:279 - Generated code: C:\Users\gfran\Documents\GitHub\Electrical-Hardware-Design\Batt-Power_Frimware\BatteryPower\MXTmpFiles\rtos_default_thread.tmp
2024-03-16 14:00:06,577 [INFO] CodeEngine:255 - oldGeneratedFile, C:\Users\gfran\Documents\GitHub\Electrical-Hardware-Design\Batt-Power_Frimware\BatteryPower\MXTmpFiles\rtos_threads.tmp_save
2024-03-16 14:00:06,718 [INFO] CodeEngine:279 - Generated code: C:\Users\gfran\Documents\GitHub\Electrical-Hardware-Design\Batt-Power_Frimware\BatteryPower\MXTmpFiles\rtos_threads.tmp
2024-03-16 14:00:06,743 [INFO] Middleware:1439 - No code input for Bsp Dependency
2024-03-16 14:00:06,761 [INFO] CodeEngine:255 - oldGeneratedFile, C:\Users\gfran\Documents\GitHub\Electrical-Hardware-Design\Batt-Power_Frimware\BatteryPower\MXTmpFiles\rtos_inc.tmp_save
2024-03-16 14:00:06,905 [INFO] CodeEngine:279 - Generated code: C:\Users\gfran\Documents\GitHub\Electrical-Hardware-Design\Batt-Power_Frimware\BatteryPower\MXTmpFiles\rtos_inc.tmp
2024-03-16 14:00:06,917 [INFO] CodeEngine:255 - oldGeneratedFile, C:\Users\gfran\Documents\GitHub\Electrical-Hardware-Design\Batt-Power_Frimware\BatteryPower\MXTmpFiles\rtos_kernelInit.tmp_save
2024-03-16 14:00:07,059 [INFO] CodeEngine:279 - Generated code: C:\Users\gfran\Documents\GitHub\Electrical-Hardware-Design\Batt-Power_Frimware\BatteryPower\MXTmpFiles\rtos_kernelInit.tmp
2024-03-16 14:00:07,069 [INFO] CodeEngine:255 - oldGeneratedFile, C:\Users\gfran\Documents\GitHub\Electrical-Hardware-Design\Batt-Power_Frimware\BatteryPower\MXTmpFiles\rtos_kernelStart.tmp_save
2024-03-16 14:00:07,145 [INFO] CodeEngine:279 - Generated code: C:\Users\gfran\Documents\GitHub\Electrical-Hardware-Design\Batt-Power_Frimware\BatteryPower\MXTmpFiles\rtos_kernelStart.tmp
2024-03-16 14:00:07,154 [INFO] CodeEngine:255 - oldGeneratedFile, C:\Users\gfran\Documents\GitHub\Electrical-Hardware-Design\Batt-Power_Frimware\BatteryPower\MXTmpFiles\rtos_typedefs.tmp_save
2024-03-16 14:00:07,218 [INFO] CodeEngine:279 - Generated code: C:\Users\gfran\Documents\GitHub\Electrical-Hardware-Design\Batt-Power_Frimware\BatteryPower\MXTmpFiles\rtos_typedefs.tmp
2024-03-16 14:00:07,237 [INFO] CodeEngine:255 - oldGeneratedFile, C:\Users\gfran\Documents\GitHub\Electrical-Hardware-Design\Batt-Power_Frimware\BatteryPower\MXTmpFiles\rtos_vars.tmp_save
2024-03-16 14:00:07,301 [INFO] CodeEngine:279 - Generated code: C:\Users\gfran\Documents\GitHub\Electrical-Hardware-Design\Batt-Power_Frimware\BatteryPower\MXTmpFiles\rtos_vars.tmp
2024-03-16 14:00:07,306 [INFO] CodeEngine:255 - oldGeneratedFile, C:\Users\gfran\Documents\GitHub\Electrical-Hardware-Design\Batt-Power_Frimware\BatteryPower\MXTmpFiles\rtos_pfp.tmp_save
2024-03-16 14:00:07,367 [INFO] CodeEngine:279 - Generated code: C:\Users\gfran\Documents\GitHub\Electrical-Hardware-Design\Batt-Power_Frimware\BatteryPower\MXTmpFiles\rtos_pfp.tmp
2024-03-16 14:00:07,386 [INFO] CodeEngine:255 - oldGeneratedFile, C:\Users\gfran\Documents\GitHub\Electrical-Hardware-Design\Batt-Power_Frimware\BatteryPower\MXTmpFiles\rtos_obj_creat.tmp_save
2024-03-16 14:00:07,447 [INFO] CodeEngine:279 - Generated code: C:\Users\gfran\Documents\GitHub\Electrical-Hardware-Design\Batt-Power_Frimware\BatteryPower\MXTmpFiles\rtos_obj_creat.tmp
2024-03-16 14:00:07,453 [INFO] CodeEngine:255 - oldGeneratedFile, C:\Users\gfran\Documents\GitHub\Electrical-Hardware-Design\Batt-Power_Frimware\BatteryPower\MXTmpFiles\rtos_default_thread.tmp_save
2024-03-16 14:00:07,512 [INFO] CodeEngine:279 - Generated code: C:\Users\gfran\Documents\GitHub\Electrical-Hardware-Design\Batt-Power_Frimware\BatteryPower\MXTmpFiles\rtos_default_thread.tmp
2024-03-16 14:00:07,518 [INFO] CodeEngine:255 - oldGeneratedFile, C:\Users\gfran\Documents\GitHub\Electrical-Hardware-Design\Batt-Power_Frimware\BatteryPower\MXTmpFiles\rtos_threads.tmp_save
2024-03-16 14:00:07,575 [INFO] CodeEngine:279 - Generated code: C:\Users\gfran\Documents\GitHub\Electrical-Hardware-Design\Batt-Power_Frimware\BatteryPower\MXTmpFiles\rtos_threads.tmp
2024-03-16 14:00:07,632 [INFO] CodeEngine:255 - oldGeneratedFile, C:\Users\gfran\Documents\GitHub\Electrical-Hardware-Design\Batt-Power_Frimware\BatteryPower\Core\Inc\FreeRTOSConfig.h_save
2024-03-16 14:00:07,823 [INFO] CodeEngine:279 - Generated code: C:\Users\gfran\Documents\GitHub\Electrical-Hardware-Design\Batt-Power_Frimware\BatteryPower\Core\Inc\FreeRTOSConfig.h
2024-03-16 14:00:07,864 [INFO] CodeEngine:255 - oldGeneratedFile, C:\Users\gfran\Documents\GitHub\Electrical-Hardware-Design\Batt-Power_Frimware\BatteryPower\Core\Src\freertos.c_save
2024-03-16 14:00:07,996 [INFO] CodeEngine:279 - Generated code: C:\Users\gfran\Documents\GitHub\Electrical-Hardware-Design\Batt-Power_Frimware\BatteryPower\Core\Src\freertos.c
2024-03-16 14:00:08,020 [INFO] CodeEngine:255 - oldGeneratedFile, C:\Users\gfran\Documents\GitHub\Electrical-Hardware-Design\Batt-Power_Frimware\BatteryPower\MXTmpFiles\dma.tmp_save
2024-03-16 14:00:08,285 [INFO] CodeEngine:279 - Generated code: C:\Users\gfran\Documents\GitHub\Electrical-Hardware-Design\Batt-Power_Frimware\BatteryPower\MXTmpFiles\dma.tmp
2024-03-16 14:00:08,288 [INFO] CodeEngine:255 - oldGeneratedFile, C:\Users\gfran\Documents\GitHub\Electrical-Hardware-Design\Batt-Power_Frimware\BatteryPower\MXTmpFiles\dma_GV.tmp_save
2024-03-16 14:00:08,367 [INFO] CodeEngine:279 - Generated code: C:\Users\gfran\Documents\GitHub\Electrical-Hardware-Design\Batt-Power_Frimware\BatteryPower\MXTmpFiles\dma_GV.tmp
2024-03-16 14:00:08,434 [INFO] CodeEngine:255 - oldGeneratedFile, C:\Users\gfran\Documents\GitHub\Electrical-Hardware-Design\Batt-Power_Frimware\BatteryPower\Core\Src\stm32l4xx_it.c_save
2024-03-16 14:00:08,968 [INFO] CodeEngine:279 - Generated code: C:\Users\gfran\Documents\GitHub\Electrical-Hardware-Design\Batt-Power_Frimware\BatteryPower\Core\Src\stm32l4xx_it.c
2024-03-16 14:00:08,979 [INFO] CodeEngine:255 - oldGeneratedFile, C:\Users\gfran\Documents\GitHub\Electrical-Hardware-Design\Batt-Power_Frimware\BatteryPower\Core\Inc\stm32l4xx_it.h_save
2024-03-16 14:00:09,112 [INFO] CodeEngine:279 - Generated code: C:\Users\gfran\Documents\GitHub\Electrical-Hardware-Design\Batt-Power_Frimware\BatteryPower\Core\Inc\stm32l4xx_it.h
2024-03-16 14:00:09,187 [INFO] CodeEngine:255 - oldGeneratedFile, C:\Users\gfran\Documents\GitHub\Electrical-Hardware-Design\Batt-Power_Frimware\BatteryPower\Core\Src\stm32l4xx_hal_msp.c_save
2024-03-16 14:00:09,517 [INFO] CodeEngine:279 - Generated code: C:\Users\gfran\Documents\GitHub\Electrical-Hardware-Design\Batt-Power_Frimware\BatteryPower\Core\Src\stm32l4xx_hal_msp.c
2024-03-16 14:00:09,523 [INFO] CodeEngine:255 - oldGeneratedFile, C:\Users\gfran\Documents\GitHub\Electrical-Hardware-Design\Batt-Power_Frimware\BatteryPower\MXTmpFiles\system.tmp_save
2024-03-16 14:00:09,590 [INFO] CodeEngine:279 - Generated code: C:\Users\gfran\Documents\GitHub\Electrical-Hardware-Design\Batt-Power_Frimware\BatteryPower\MXTmpFiles\system.tmp
2024-03-16 14:00:09,653 [INFO] CodeEngine:311 - oldGeneratedFile, C:\Users\gfran\Documents\GitHub\Electrical-Hardware-Design\Batt-Power_Frimware\BatteryPower\Core\Inc\stm32l4xx_hal_conf.h_save
2024-03-16 14:00:09,760 [INFO] CodeEngine:335 - Generated code: C:\Users\gfran\Documents\GitHub\Electrical-Hardware-Design\Batt-Power_Frimware\BatteryPower\Core\Inc\stm32l4xx_hal_conf.h
2024-03-16 14:00:09,849 [INFO] CodeEngine:255 - oldGeneratedFile, C:\Users\gfran\Documents\GitHub\Electrical-Hardware-Design\Batt-Power_Frimware\BatteryPower\Core\Inc\main.h_save
2024-03-16 14:00:10,027 [INFO] CodeEngine:279 - Generated code: C:\Users\gfran\Documents\GitHub\Electrical-Hardware-Design\Batt-Power_Frimware\BatteryPower\Core\Inc\main.h
2024-03-16 14:00:10,051 [INFO] CodeEngine:255 - oldGeneratedFile, C:\Users\gfran\Documents\GitHub\Electrical-Hardware-Design\Batt-Power_Frimware\BatteryPower\Core\Src\main.c_save
2024-03-16 14:00:10,226 [INFO] CodeEngine:279 - Generated code: C:\Users\gfran\Documents\GitHub\Electrical-Hardware-Design\Batt-Power_Frimware\BatteryPower\Core\Src\main.c
2024-03-16 14:00:11,297 [INFO] ProjectBuilder:3064 - Time for Copy HAL[1] : 460mS.
2024-03-16 14:00:11,302 [INFO] ProjectBuilder:4404 - Project Generator version: 4.1.0
2024-03-16 14:00:11,475 [INFO] ConfigFileManager:1457 - The Die is : DIE435
2024-03-16 14:00:13,800 [INFO] ProjectBuilder:4626 - Time for Generating toolchain IDE Files: 2498mS.
2024-03-16 14:00:13,801 [INFO] ProjectBuilder:2935 - Time for Copy CMSIS : 0mS.
2024-03-16 14:00:13,808 [INFO] ProjectBuilder:2935 - Time for Copy CMSIS : 0mS.
