2024-11-20 21:00:01,224 [INFO] Activator:176 - 


2024-11-20 21:00:01,234 [INFO] Activator:177 - !SESSION log4j initialized
2024-11-20 21:00:11,382 [INFO] LogOutputStream:77 - [STDOUT_REDIRECT] 
2024-11-20 21:00:13,363 [INFO] ApplicationProperties:184 - Using Application install path: C:\ST\STM32CubeIDE_1.13.2\STM32CubeIDE\plugins\com.st.stm32cube.common.mx_6.9.2.202309101412
2024-11-20 21:00:13,394 [INFO] DbMcusXml:78 - Set database path to: C:\ST\STM32CubeIDE_1.13.2\STM32CubeIDE\plugins\com.st.stm32cube.common.mx_6.9.2.202309101412\\db\/mcu/
2024-11-20 21:00:13,395 [INFO] ApiDb:274 - Set plugin database path to: C:\ST\STM32CubeIDE_1.13.2\STM32CubeIDE\plugins\com.st.stm32cube.common.mx_6.9.2.202309101412\\db\/plugins/boardmanager/
2024-11-20 21:00:13,395 [WARN] ApiDb:259 - Overriding images path with different value:  => C:\ST\STM32CubeIDE_1.13.2\STM32CubeIDE\plugins\com.st.stm32cube.common.mx_6.9.2.202309101412\\db\/plugins/mcufinder/images/
2024-11-20 21:00:13,419 [INFO] ApiDb:250 - Set database path to: C:\Users\gfran\.stmcufinder\plugins\mcufinder//mcu/
2024-11-20 21:00:13,420 [INFO] DbMcusAds:125 - Set database path to: C:\Users\gfran\.stmcufinder\plugins\mcufinder//mcu/
2024-11-20 21:00:13,423 [INFO] CrossReferenceDbSqlite:203 - Set database path to: C:\Users\gfran\.stmcufinder\plugins\mcufinder//mcu/cs/
2024-11-20 21:00:13,605 [INFO] RulesReader:64 - Compatibility file has been processed (293 Rules)
2024-11-20 21:00:13,740 [INFO] DbMcusXml:78 - Set database path to: C:\ST\STM32CubeIDE_1.13.2\STM32CubeIDE\plugins\com.st.stm32cube.common.mx_6.9.2.202309101412\\db\/mcu/
2024-11-20 21:00:13,740 [INFO] ApiDb:274 - Set plugin database path to: C:\ST\STM32CubeIDE_1.13.2\STM32CubeIDE\plugins\com.st.stm32cube.common.mx_6.9.2.202309101412\\db\/plugins/boardmanager/
2024-11-20 21:00:13,740 [INFO] ApiDb:261 - Set plugin images path to: C:\ST\STM32CubeIDE_1.13.2\STM32CubeIDE\plugins\com.st.stm32cube.common.mx_6.9.2.202309101412\\db\/plugins/mcufinder/images/
2024-11-20 21:00:13,740 [WARN] DbFile:41 - Overriding database path with different value: C:\Users\gfran\.stmcufinder\plugins\mcufinder/ => C:\Users\gfran\.stmcufinder\plugins\mcufinder
2024-11-20 21:00:13,740 [INFO] ApiDb:250 - Set database path to: C:\Users\gfran\.stmcufinder\plugins\mcufinder//mcu/
2024-11-20 21:00:13,741 [WARN] DbFile:41 - Overriding database path with different value: C:\Users\gfran\.stmcufinder\plugins\mcufinder/ => C:\Users\gfran\.stmcufinder\plugins\mcufinder
2024-11-20 21:00:13,741 [INFO] DbMcusAds:125 - Set database path to: C:\Users\gfran\.stmcufinder\plugins\mcufinder//mcu/
2024-11-20 21:00:13,741 [WARN] DbFile:41 - Overriding database path with different value: C:\Users\gfran\.stmcufinder\plugins\mcufinder/ => C:\Users\gfran\.stmcufinder\plugins\mcufinder
2024-11-20 21:00:13,741 [WARN] DbFile:41 - Overriding database path with different value: C:\Users\gfran\.stmcufinder\plugins\mcufinder/ => C:\Users\gfran\.stmcufinder\plugins\mcufinder
2024-11-20 21:00:13,741 [INFO] CrossReferenceDbSqlite:203 - Set database path to: C:\Users\gfran\.stmcufinder\plugins\mcufinder//mcu/cs/
2024-11-20 21:00:13,920 [INFO] MainPanel:262 - HeapMemory: 268435456
2024-11-20 21:00:14,115 [INFO] DbMcusXml:78 - Set database path to: C:\ST\STM32CubeIDE_1.13.2\STM32CubeIDE\plugins\com.st.stm32cube.common.mx_6.9.2.202309101412\\db\/mcu/
2024-11-20 21:00:14,115 [INFO] ApiDb:274 - Set plugin database path to: C:\ST\STM32CubeIDE_1.13.2\STM32CubeIDE\plugins\com.st.stm32cube.common.mx_6.9.2.202309101412\\db\/plugins/boardmanager/
2024-11-20 21:00:14,116 [INFO] ApiDb:261 - Set plugin images path to: C:\ST\STM32CubeIDE_1.13.2\STM32CubeIDE\plugins\com.st.stm32cube.common.mx_6.9.2.202309101412\\db\/plugins/mcufinder/images/
2024-11-20 21:00:14,116 [WARN] DbFile:41 - Overriding database path with different value: C:\Users\gfran\.stmcufinder\plugins\mcufinder/ => C:\Users\gfran\.stmcufinder\plugins\mcufinder
2024-11-20 21:00:14,117 [INFO] ApiDb:250 - Set database path to: C:\Users\gfran\.stmcufinder\plugins\mcufinder//mcu/
2024-11-20 21:00:14,117 [WARN] DbFile:41 - Overriding database path with different value: C:\Users\gfran\.stmcufinder\plugins\mcufinder/ => C:\Users\gfran\.stmcufinder\plugins\mcufinder
2024-11-20 21:00:14,117 [INFO] DbMcusAds:125 - Set database path to: C:\Users\gfran\.stmcufinder\plugins\mcufinder//mcu/
2024-11-20 21:00:14,117 [WARN] DbFile:41 - Overriding database path with different value: C:\Users\gfran\.stmcufinder\plugins\mcufinder/ => C:\Users\gfran\.stmcufinder\plugins\mcufinder
2024-11-20 21:00:14,117 [WARN] DbFile:41 - Overriding database path with different value: C:\Users\gfran\.stmcufinder\plugins\mcufinder/ => C:\Users\gfran\.stmcufinder\plugins\mcufinder
2024-11-20 21:00:14,117 [INFO] CrossReferenceDbSqlite:203 - Set database path to: C:\Users\gfran\.stmcufinder\plugins\mcufinder//mcu/cs/
2024-11-20 21:00:14,146 [INFO] ApplicationProperties:184 - Using Application install path: C:\ST\STM32CubeIDE_1.13.2\STM32CubeIDE\plugins\com.st.stm32cube.common.mx_6.9.2.202309101412
2024-11-20 21:00:14,148 [INFO] PluginManage:196 - Search for loadable plugins [exclusion list=, ]
2024-11-20 21:00:14,150 [INFO] PluginManage:310 - Check plugin analytics
2024-11-20 21:00:14,572 [INFO] AnalyticsPlugin:253 - Accepted Software Licenses: 
2024-11-20 21:00:14,572 [INFO] AnalyticsPlugin:255 - Accepted CMSIS Pack Licenses: 
2024-11-20 21:00:14,572 [INFO] AnalyticsPlugin:257 - Accepted Firmware Licenses: FW.L4.1.18.0,FW.G4.1.5.0
2024-11-20 21:00:14,579 [INFO] PluginManage:359 - Loaded plugin analytics (category:tool,tabindex:-1)
2024-11-20 21:00:14,581 [INFO] PluginManage:310 - Check plugin cadmodel
2024-11-20 21:00:14,606 [INFO] CADModel:105 - Init CAD model plugin
2024-11-20 21:00:14,606 [INFO] PluginManage:359 - Loaded plugin cadmodel (category:power,tabindex:5)
2024-11-20 21:00:14,606 [INFO] PluginManage:310 - Check plugin clock
2024-11-20 21:00:14,639 [INFO] PluginManage:359 - Loaded plugin clock (category:base,tabindex:2)
2024-11-20 21:00:14,640 [INFO] PluginManage:310 - Check plugin ddr
2024-11-20 21:00:14,643 [INFO] PluginManage:359 - Loaded plugin ddr (category:tool,tabindex:6)
2024-11-20 21:00:14,644 [INFO] PluginManage:310 - Check plugin filemanager
2024-11-20 21:00:14,853 [INFO] PluginManage:359 - Loaded plugin filemanager (category:base,tabindex:10)
2024-11-20 21:00:14,853 [INFO] PluginManage:310 - Check plugin ipmanager
2024-11-20 21:00:14,869 [INFO] PluginManage:359 - Loaded plugin ipmanager (category:base,tabindex:5)
2024-11-20 21:00:14,869 [INFO] PluginManage:310 - Check plugin lpbam
2024-11-20 21:00:14,895 [INFO] PluginManage:359 - Loaded plugin lpbam (category:base,tabindex:0)
2024-11-20 21:00:14,895 [INFO] PluginManage:310 - Check plugin memorymap
2024-11-20 21:00:14,934 [INFO] PluginManage:359 - Loaded plugin memorymap (category:base,tabindex:4)
2024-11-20 21:00:14,934 [INFO] PluginManage:310 - Check plugin pinoutandconfiguration
2024-11-20 21:00:14,960 [INFO] PluginManage:359 - Loaded plugin pinoutandconfiguration (category:base,tabindex:1)
2024-11-20 21:00:14,960 [INFO] PluginManage:310 - Check plugin pinoutconfig
2024-11-20 21:00:15,161 [WARN] SupportedApi:132 - Cannot load RTOS API schema: s4s-elt-must-match.1: The content of 'definitions' must match (annotation?, (simpleType | complexType)?, (unique | key | keyref)*)). A problem was found starting at: attribute.
2024-11-20 21:00:15,399 [INFO] PluginManage:359 - Loaded plugin pinoutconfig (category:base,tabindex:0)
2024-11-20 21:00:15,400 [INFO] PluginManage:310 - Check plugin power
2024-11-20 21:00:15,437 [INFO] PluginManage:359 - Loaded plugin power (category:power,tabindex:4)
2024-11-20 21:00:15,437 [INFO] PluginManage:310 - Check plugin projectmanager
2024-11-20 21:00:15,457 [INFO] PluginManage:359 - Loaded plugin projectmanager (category:projectmanager,tabindex:3)
2024-11-20 21:00:15,457 [INFO] PluginManage:310 - Check plugin thirdparty
2024-11-20 21:00:15,862 [INFO] PluginManage:359 - Loaded plugin thirdparty (category:base,tabindex:-1)
2024-11-20 21:00:15,863 [INFO] PluginManage:310 - Check plugin tools
2024-11-20 21:00:15,862 [WARN] IntegrityCheckThread:84 - waiting for thirdparty lock release [integrity check]
2024-11-20 21:00:15,863 [INFO] IntegrityCheckThread:86 - entering critical section [integrity check]
2024-11-20 21:00:15,864 [INFO] ThirdPartyUpdaterWithRetryManager:70 - Updater plugin not ready yet. [1/15]
2024-11-20 21:00:15,910 [INFO] PluginManage:359 - Loaded plugin tools (category:base,tabindex:7)
2024-11-20 21:00:15,911 [INFO] PluginManage:310 - Check plugin tutovideos
2024-11-20 21:00:16,195 [INFO] PluginManage:359 - Loaded plugin tutovideos (category:base,tabindex:-1)
2024-11-20 21:00:16,196 [INFO] PluginManage:310 - Check plugin updater
2024-11-20 21:00:16,212 [INFO] PluginManage:359 - Loaded plugin updater (category:base,tabindex:12)
2024-11-20 21:00:16,212 [INFO] PluginManage:310 - Check plugin userauth
2024-11-20 21:00:16,219 [INFO] UserAuth:113 - Init User Auth plugin
2024-11-20 21:00:16,220 [INFO] PluginManage:359 - Loaded plugin userauth (category:base,tabindex:14)
2024-11-20 21:00:16,220 [INFO] PluginManage:283 - PluginManage : Loaded plugins [17]
2024-11-20 21:00:16,548 [INFO] McuFinderGlobals:63 - Set McuFinder mode to 2 (CubeIDE integrated)
2024-11-20 21:00:16,601 [INFO] PinOutPanel:1499 - setPackage(No Configuration,No Configuration)
2024-11-20 21:00:16,792 [INFO] CADModel:165 - CPN selected for project level
2024-11-20 21:00:16,793 [INFO] CADModel:114 - Register for checkConnection events
2024-11-20 21:00:16,831 [INFO] IPUIPlugin:80 - create IPUIPlugin
2024-11-20 21:00:16,831 [INFO] PluginManager:220 - loadIPPluginJar : add adc
2024-11-20 21:00:16,875 [INFO] IPUIPlugin:80 - create IPUIPlugin
2024-11-20 21:00:16,876 [INFO] PluginManager:220 - loadIPPluginJar : add aes
2024-11-20 21:00:16,926 [INFO] IPUIPlugin:80 - create IPUIPlugin
2024-11-20 21:00:16,926 [INFO] PluginManager:220 - loadIPPluginJar : add can
2024-11-20 21:00:16,958 [INFO] IPUIPlugin:80 - create IPUIPlugin
2024-11-20 21:00:16,958 [INFO] PluginManager:220 - loadIPPluginJar : add comp
2024-11-20 21:00:17,000 [INFO] IPUIPlugin:80 - create IPUIPlugin
2024-11-20 21:00:17,000 [INFO] PluginManager:220 - loadIPPluginJar : add cryp
2024-11-20 21:00:17,038 [INFO] IPUIPlugin:80 - create IPUIPlugin
2024-11-20 21:00:17,038 [INFO] PluginManager:220 - loadIPPluginJar : add dfsdm
2024-11-20 21:00:17,056 [INFO] IPUIPlugin:80 - create IPUIPlugin
2024-11-20 21:00:17,056 [INFO] PluginManager:220 - loadIPPluginJar : add dma
2024-11-20 21:00:17,110 [INFO] IPUIPlugin:80 - create IPUIPlugin
2024-11-20 21:00:17,111 [INFO] PluginManager:220 - loadIPPluginJar : add dma3
2024-11-20 21:00:17,136 [INFO] IPUIPlugin:80 - create IPUIPlugin
2024-11-20 21:00:17,136 [INFO] PluginManager:220 - loadIPPluginJar : add fatfs
2024-11-20 21:00:17,195 [INFO] IPUIPlugin:80 - create IPUIPlugin
2024-11-20 21:00:17,195 [INFO] PluginManager:220 - loadIPPluginJar : add fmc
2024-11-20 21:00:17,215 [INFO] IPUIPlugin:80 - create IPUIPlugin
2024-11-20 21:00:17,215 [INFO] PluginManager:220 - loadIPPluginJar : add freertos
2024-11-20 21:00:17,241 [INFO] IPUIPlugin:80 - create IPUIPlugin
2024-11-20 21:00:17,241 [INFO] PluginManager:220 - loadIPPluginJar : add genericplugin
2024-11-20 21:00:17,354 [INFO] IPUIPlugin:80 - create IPUIPlugin
2024-11-20 21:00:17,354 [INFO] PluginManager:220 - loadIPPluginJar : add gfxmmu
2024-11-20 21:00:17,519 [INFO] IPUIPlugin:80 - create IPUIPlugin
2024-11-20 21:00:17,519 [INFO] PluginManager:220 - loadIPPluginJar : add gic
2024-11-20 21:00:17,536 [INFO] IPUIPlugin:80 - create IPUIPlugin
2024-11-20 21:00:17,537 [INFO] PluginManager:220 - loadIPPluginJar : add gpio
2024-11-20 21:00:17,653 [INFO] IPUIPlugin:80 - create IPUIPlugin
2024-11-20 21:00:17,653 [INFO] PluginManager:220 - loadIPPluginJar : add gtzc
2024-11-20 21:00:17,696 [INFO] IPUIPlugin:80 - create IPUIPlugin
2024-11-20 21:00:17,696 [INFO] PluginManager:220 - loadIPPluginJar : add hash
2024-11-20 21:00:17,761 [INFO] IPUIPlugin:80 - create IPUIPlugin
2024-11-20 21:00:17,761 [INFO] PluginManager:220 - loadIPPluginJar : add i2c
2024-11-20 21:00:17,813 [INFO] IPUIPlugin:80 - create IPUIPlugin
2024-11-20 21:00:17,813 [INFO] PluginManager:220 - loadIPPluginJar : add i2s
2024-11-20 21:00:17,864 [INFO] IPUIPlugin:80 - create IPUIPlugin
2024-11-20 21:00:17,865 [INFO] PluginManager:220 - loadIPPluginJar : add i3c
2024-11-20 21:00:18,000 [INFO] IPUIPlugin:80 - create IPUIPlugin
2024-11-20 21:00:18,000 [INFO] PluginManager:220 - loadIPPluginJar : add ipddr
2024-11-20 21:00:18,118 [INFO] IPUIPlugin:80 - create IPUIPlugin
2024-11-20 21:00:18,120 [INFO] PluginManager:220 - loadIPPluginJar : add linkedlist
2024-11-20 21:00:18,175 [INFO] IPUIPlugin:80 - create IPUIPlugin
2024-11-20 21:00:18,175 [INFO] PluginManager:220 - loadIPPluginJar : add lorawan
2024-11-20 21:00:18,224 [INFO] IPUIPlugin:80 - create IPUIPlugin
2024-11-20 21:00:18,224 [INFO] PluginManager:220 - loadIPPluginJar : add ltdc
2024-11-20 21:00:18,247 [INFO] IPUIPlugin:80 - create IPUIPlugin
2024-11-20 21:00:18,247 [INFO] PluginManager:220 - loadIPPluginJar : add mdma
2024-11-20 21:00:18,266 [INFO] IPUIPlugin:80 - create IPUIPlugin
2024-11-20 21:00:18,266 [INFO] PluginManager:220 - loadIPPluginJar : add nvic
2024-11-20 21:00:18,317 [INFO] IPUIPlugin:80 - create IPUIPlugin
2024-11-20 21:00:18,317 [INFO] PluginManager:220 - loadIPPluginJar : add opamp
2024-11-20 21:00:18,395 [INFO] IPUIPlugin:80 - create IPUIPlugin
2024-11-20 21:00:18,396 [INFO] PluginManager:220 - loadIPPluginJar : add openamp
2024-11-20 21:00:18,450 [INFO] IPUIPlugin:80 - create IPUIPlugin
2024-11-20 21:00:18,450 [INFO] PluginManager:220 - loadIPPluginJar : add pdm2pcm
2024-11-20 21:00:18,468 [INFO] IPUIPlugin:80 - create IPUIPlugin
2024-11-20 21:00:18,471 [INFO] PluginManager:220 - loadIPPluginJar : add plateformsettings
2024-11-20 21:00:18,501 [INFO] IPUIPlugin:80 - create IPUIPlugin
2024-11-20 21:00:18,501 [INFO] PluginManager:220 - loadIPPluginJar : add quadspi
2024-11-20 21:00:18,519 [INFO] IPUIPlugin:80 - create IPUIPlugin
2024-11-20 21:00:18,519 [INFO] PluginManager:220 - loadIPPluginJar : add resmgrutility
2024-11-20 21:00:18,578 [INFO] IPUIPlugin:80 - create IPUIPlugin
2024-11-20 21:00:18,578 [INFO] PluginManager:220 - loadIPPluginJar : add sai
2024-11-20 21:00:18,624 [INFO] IPUIPlugin:80 - create IPUIPlugin
2024-11-20 21:00:18,624 [INFO] PluginManager:220 - loadIPPluginJar : add spi
2024-11-20 21:00:18,696 [INFO] IPUIPlugin:80 - create IPUIPlugin
2024-11-20 21:00:18,697 [INFO] PluginManager:220 - loadIPPluginJar : add stm32_wpan
2024-11-20 21:00:18,728 [INFO] IPUIPlugin:80 - create IPUIPlugin
2024-11-20 21:00:18,729 [INFO] PluginManager:220 - loadIPPluginJar : add tim
2024-11-20 21:00:18,800 [INFO] IPUIPlugin:80 - create IPUIPlugin
2024-11-20 21:00:18,801 [INFO] PluginManager:220 - loadIPPluginJar : add touchsensing
2024-11-20 21:00:18,831 [INFO] IPUIPlugin:80 - create IPUIPlugin
2024-11-20 21:00:18,831 [INFO] PluginManager:220 - loadIPPluginJar : add tracer_emb
2024-11-20 21:00:18,860 [INFO] IPUIPlugin:80 - create IPUIPlugin
2024-11-20 21:00:18,860 [INFO] PluginManager:220 - loadIPPluginJar : add ts
2024-11-20 21:00:18,865 [INFO] ThirdPartyUpdaterWithRetryManager:70 - Updater plugin not ready yet. [2/15]
2024-11-20 21:00:18,890 [INFO] IPUIPlugin:80 - create IPUIPlugin
2024-11-20 21:00:18,890 [INFO] PluginManager:220 - loadIPPluginJar : add tsc
2024-11-20 21:00:18,920 [INFO] IPUIPlugin:80 - create IPUIPlugin
2024-11-20 21:00:18,920 [INFO] PluginManager:220 - loadIPPluginJar : add ucpd
2024-11-20 21:00:18,977 [INFO] IPUIPlugin:80 - create IPUIPlugin
2024-11-20 21:00:18,977 [INFO] PluginManager:220 - loadIPPluginJar : add usart
2024-11-20 21:00:19,033 [INFO] IPUIPlugin:80 - create IPUIPlugin
2024-11-20 21:00:19,033 [INFO] PluginManager:220 - loadIPPluginJar : add usbx
2024-11-20 21:00:19,170 [INFO] CADModel:165 - CPN selected for project level
2024-11-20 21:00:19,170 [INFO] CADModel:114 - Register for checkConnection events
2024-11-20 21:00:19,171 [FATAL] Updater:308 - Updater called before beeing initialized
2024-11-20 21:00:19,171 [ERROR] CADModel:125 - Updater not yet initialized, retry later 
2024-11-20 21:00:19,364 [INFO] CADModel:165 - CPN selected for project level
2024-11-20 21:00:19,364 [INFO] CADModel:114 - Register for checkConnection events
2024-11-20 21:00:19,364 [FATAL] Updater:308 - Updater called before beeing initialized
2024-11-20 21:00:19,365 [ERROR] CADModel:125 - Updater not yet initialized, retry later 
2024-11-20 21:00:19,370 [FATAL] Updater:308 - Updater called before beeing initialized
2024-11-20 21:00:19,526 [FATAL] Updater:308 - Updater called before beeing initialized
2024-11-20 21:00:19,552 [INFO] DbMcusAds:53 - JSON generation date=Fri Sep 20 07:04:38 MDT 2024 (1726837478367)
2024-11-20 21:00:19,552 [FATAL] Updater:308 - Updater called before beeing initialized
2024-11-20 21:00:19,674 [WARN] DetailPanel:346 - Failed to get advertising image, set to default
2024-11-20 21:00:19,803 [FATAL] Updater:308 - Updater called before beeing initialized
2024-11-20 21:00:19,808 [FATAL] Updater:308 - Updater called before beeing initialized
2024-11-20 21:00:19,809 [FATAL] Updater:308 - Updater called before beeing initialized
2024-11-20 21:00:19,809 [WARN] DetailPanel:346 - Failed to get advertising image, set to default
2024-11-20 21:00:19,812 [FATAL] Updater:308 - Updater called before beeing initialized
2024-11-20 21:00:19,951 [ERROR] Updater:1120 - MainUpdater not yet initialized. External WinMGr cannot be set.
2024-11-20 21:00:19,966 [INFO] Updater:1056 - Updater Version found : 6.9.2
2024-11-20 21:00:19,996 [INFO] ApplicationProperties:184 - Using Application install path: C:\ST\STM32CubeIDE_1.13.2\STM32CubeIDE\plugins\com.st.stm32cube.common.mx_6.9.2.202309101412
2024-11-20 21:00:20,377 [INFO] MainUpdater:2868 - connection check result : 10
2024-11-20 21:00:20,377 [INFO] MainUpdater:3562 - Updater definition file requires update
2024-11-20 21:00:20,379 [INFO] MainUpdater:285 - Updater Check For Update Now.
2024-11-20 21:00:20,379 [INFO] MicroXplorer:498 - Change Database Version : DB.6.0.92
2024-11-20 21:00:20,414 [INFO] McuFinderGlobals:63 - Set McuFinder mode to 2 (CubeIDE integrated)
2024-11-20 21:00:20,526 [INFO] ServerAccessManage:473 - Download File updaters.zip
2024-11-20 21:00:20,692 [INFO] FileExtend:240 - Unzip File : updaters.zip
2024-11-20 21:00:20,693 [INFO] FileExtend:255 - Standard Zip Deflate
2024-11-20 21:00:21,431 [INFO] ServerAccessManage:473 - Download File PacksControlFlags.xml
2024-11-20 21:00:21,678 [INFO] ServerAccessManage:473 - Download File cubemx.pidx
2024-11-20 21:00:21,834 [INFO] LoadServerUpdatesThread:373 - End of LoadServerUpdate Thread
2024-11-20 21:00:21,870 [WARN] MainUpdater:1189 - Updater busy. Cannot search thirdparties
2024-11-20 21:00:21,871 [INFO] ThirdPartyUpdaterWithRetryManager:96 - Updater plugin is busy. [1/15]
2024-11-20 21:00:22,060 [INFO] CheckServerUpdateThread:120 - End of CheckServer Thread
2024-11-20 21:00:22,097 [INFO] MainUpdater:2868 - connection check result : 10
2024-11-20 21:00:22,109 [INFO] MainUpdater:2868 - connection check result : 10
2024-11-20 21:00:22,357 [INFO] MicroXplorer:468 - Change Database Path : 
2024-11-20 21:00:22,357 [INFO] MicroXplorer:498 - Change Database Version : DB.6.0.92
2024-11-20 21:00:22,361 [WARN] ThirdParty:871 - waiting for thirdparty lock release [close project]
2024-11-20 21:00:25,181 [WARN] PackLoader:240 - Cannot read IP mode file for STMicroelectronics.FP-SNS-MOTENVWB1.1.4.0
2024-11-20 21:00:25,203 [WARN] PackLoader:240 - Cannot read IP mode file for STMicroelectronics.FP-ATR-ASTRA1.2.0.1
2024-11-20 21:00:25,224 [WARN] PackLoader:240 - Cannot read IP mode file for STMicroelectronics.X-CUBE-SMBUS.2.1.0
2024-11-20 21:00:25,246 [WARN] PackLoader:240 - Cannot read IP mode file for STMicroelectronics.X-CUBE-WB05N.1.1.0
2024-11-20 21:00:25,266 [WARN] PackLoader:240 - Cannot read IP mode file for STMicroelectronics.X-CUBE-TOUCHGFX.4.23.1
2024-11-20 21:00:25,280 [WARN] PackLoader:240 - Cannot read IP mode file for STMicroelectronics.X-CUBE-TOUCHGFX.4.23.0
2024-11-20 21:00:25,340 [WARN] PackLoader:240 - Cannot read IP mode file for STMicroelectronics.X-CUBE-AZRTOS-F7.1.1.0
2024-11-20 21:00:25,389 [WARN] PackLoader:240 - Cannot read IP mode file for STMicroelectronics.FP-SNS-MOTENV1.4.3.2
2024-11-20 21:00:25,491 [WARN] PackLoader:240 - Cannot read IP mode file for STMicroelectronics.X-CUBE-MEMS1.11.0.0
2024-11-20 21:00:25,670 [WARN] PackLoader:240 - Cannot read IP mode file for STMicroelectronics.FP-SNS-FLIGHT1.5.0.2
2024-11-20 21:00:25,696 [WARN] PackLoader:240 - Cannot read IP mode file for STMicroelectronics.X-CUBE-DISPLAY.3.0.0
2024-11-20 21:00:25,726 [WARN] PackLoader:240 - Cannot read IP mode file for STMicroelectronics.X-CUBE-BLE1.7.0.0
2024-11-20 21:00:25,752 [WARN] PackLoader:240 - Cannot read IP mode file for STMicroelectronics.X-CUBE-NFC10.1.0.0
2024-11-20 21:00:25,779 [WARN] PackLoader:240 - Cannot read IP mode file for emotas.I-CUBE-CANOPEN.1.3.0
2024-11-20 21:00:25,802 [WARN] PackLoader:240 - Cannot read IP mode file for STMicroelectronics.X-CUBE-TOUCHGFX.4.22.1
2024-11-20 21:00:25,830 [WARN] PackLoader:240 - Cannot read IP mode file for STMicroelectronics.X-CUBE-BLEMGR.3.1.0
2024-11-20 21:00:25,855 [WARN] PackLoader:240 - Cannot read IP mode file for STMicroelectronics.FP-SNS-SMARTAG2.1.2.0
2024-11-20 21:00:25,886 [INFO] LogOutputStream:77 - [STDOUT_REDIRECT] 1 : Invalid condition id : UX_CORESTACK_Condition cause : null
2024-11-20 21:00:25,887 [INFO] LogOutputStream:77 - [STDOUT_REDIRECT] 1 : Invalid condition id : UX_CORESTACK_Condition cause : null
2024-11-20 21:00:25,888 [INFO] LogOutputStream:77 - [STDOUT_REDIRECT] 1 : Invalid condition id : UX_CORESTACK_Condition cause : null
2024-11-20 21:00:25,890 [INFO] LogOutputStream:77 - [STDOUT_REDIRECT] 1 : Invalid condition id : UX_CORESTACK_Condition cause : null
2024-11-20 21:00:25,892 [INFO] LogOutputStream:77 - [STDOUT_REDIRECT] 1 : Invalid condition id : UX_CORESTACK_Condition cause : null
2024-11-20 21:00:25,896 [WARN] PackLoader:240 - Cannot read IP mode file for STMicroelectronics.X-CUBE-AZRTOS-WL.2.0.0
2024-11-20 21:00:25,915 [WARN] PackLoader:240 - Cannot read IP mode file for STMicroelectronics.FP-SNS-MOTENV1.5.0.0
2024-11-20 21:00:25,936 [WARN] PackLoader:240 - Cannot read IP mode file for wolfSSL.I-CUBE-wolfMQTT.1.19.0
2024-11-20 21:00:25,957 [WARN] PackLoader:240 - Cannot read IP mode file for WES.I-CUBE-Cesium.1.3.0
2024-11-20 21:00:25,980 [WARN] PackLoader:240 - Cannot read IP mode file for STMicroelectronics.X-CUBE-BLE2.3.3.0
2024-11-20 21:00:26,001 [WARN] PackLoader:240 - Cannot read IP mode file for STMicroelectronics.X-CUBE-NFC9.1.0.0
2024-11-20 21:00:26,022 [WARN] PackLoader:240 - Cannot read IP mode file for STMicroelectronics.X-CUBE-TCPP.4.1.0
2024-11-20 21:00:26,049 [WARN] PackLoader:240 - Cannot read IP mode file for STMicroelectronics.X-CUBE-ALGOBUILD.1.3.0
2024-11-20 21:00:26,085 [WARN] PackLoader:240 - Cannot read IP mode file for STMicroelectronics.X-CUBE-AZRTOS-G0.1.1.0
2024-11-20 21:00:26,111 [WARN] PackLoader:240 - Cannot read IP mode file for STMicroelectronics.X-CUBE-SAFEA1.1.2.2
2024-11-20 21:00:26,137 [WARN] PackLoader:240 - Cannot read IP mode file for STMicroelectronics.X-CUBE-NFC4.3.0.0
2024-11-20 21:00:26,164 [ERROR] Engine:466 - C:\Users\gfran\.stm32cubemx\thirdparties\pdsc\EmbeddedOffice.I-CUBE-FS-RTOS.1.0.1.pdsc: PDSC version is not supported
2024-11-20 21:00:26,184 [WARN] PackLoader:240 - Cannot read IP mode file for STMicroelectronics.X-CUBE-BLEMGR.3.0.0
2024-11-20 21:00:26,201 [ERROR] Engine:466 - C:\Users\gfran\.stm32cubemx\thirdparties\pdsc\RealThread.X-CUBE-RT-Thread_Nano.4.1.1.pdsc: PDSC version is not supported
2024-11-20 21:00:26,217 [WARN] PackLoader:240 - Cannot read IP mode file for STMicroelectronics.FP-ATR-SIGFOX1.3.2.0
2024-11-20 21:00:26,230 [ERROR] Engine:466 - C:\Users\gfran\.stm32cubemx\thirdparties\pdsc\quantropi.X-CUBE-qispace-sdk-base.1.9.3.pdsc: PDSC version is not supported
2024-11-20 21:00:26,251 [WARN] PackLoader:240 - Cannot read IP mode file for STMicroelectronics.X-CUBE-EEPRMA1.5.1.0
2024-11-20 21:00:26,302 [WARN] PackLoader:240 - Cannot read IP mode file for SEGGER.I-CUBE-embOS.1.3.1
2024-11-20 21:00:26,348 [WARN] PackLoader:240 - Cannot read IP mode file for STMicroelectronics.X-CUBE-ALGOBUILD.1.4.0
2024-11-20 21:00:26,366 [WARN] PackLoader:240 - Cannot read IP mode file for STMicroelectronics.X-CUBE-AI.9.1.0
2024-11-20 21:00:26,384 [WARN] PackLoader:240 - Cannot read IP mode file for STMicroelectronics.X-CUBE-GNSS1.6.0.0
2024-11-20 21:00:26,420 [WARN] PackLoader:240 - Cannot read IP mode file for STMicroelectronics.X-CUBE-AZRTOS-F4.1.1.0
2024-11-20 21:00:26,440 [WARN] PackLoader:240 - Cannot read IP mode file for wolfSSL.I-CUBE-wolfSSL.5.6.4
2024-11-20 21:00:26,456 [WARN] PackLoader:240 - Cannot read IP mode file for STMicroelectronics.X-CUBE-ISPU.2.1.0
2024-11-20 21:00:26,473 [WARN] PackLoader:240 - Cannot read IP mode file for STMicroelectronics.X-CUBE-FREERTOS.1.2.0
2024-11-20 21:00:26,508 [WARN] PackLoader:240 - Cannot read IP mode file for STMicroelectronics.X-CUBE-AZRTOS-L5.2.0.0
2024-11-20 21:00:26,527 [WARN] PackLoader:240 - Cannot read IP mode file for STMicroelectronics.X-CUBE-EEPRMA1.4.2.0
2024-11-20 21:00:26,551 [WARN] PackLoader:240 - Cannot read IP mode file for STMicroelectronics.X-CUBE-NFC6.3.1.0
2024-11-20 21:00:26,571 [WARN] PackLoader:240 - Cannot read IP mode file for ITTIA_DB.I-CUBE-ITTIADB.8.8.0
2024-11-20 21:00:26,586 [ERROR] Engine:466 - C:\Users\gfran\.stm32cubemx\thirdparties\pdsc\STMicroelectronics.X-CUBE-DPower.1.2.0.pdsc: PDSC version is not supported
2024-11-20 21:00:26,619 [WARN] ConditionMgr:438 - getConditionDescription Invalid condition id : UX DEVICE CLASS RTOS Condition cause : null
2024-11-20 21:00:26,620 [WARN] ConditionMgr:438 - getConditionDescription Invalid condition id : UX DEVICE CLASS RTOS Condition cause : null
2024-11-20 21:00:26,627 [WARN] PackLoader:240 - Cannot read IP mode file for STMicroelectronics.X-CUBE-AZRTOS-H7.3.1.0
2024-11-20 21:00:26,632 [WARN] ConditionMgr:1039 - genDependencies : Invalid condition id : UX DEVICE CLASS RTOS Condition cause : null
2024-11-20 21:00:26,632 [WARN] ConditionMgr:1039 - genDependencies : Invalid condition id : UX DEVICE CLASS RTOS Condition cause : null
2024-11-20 21:00:26,633 [WARN] ConditionMgr:1039 - genDependencies : Invalid condition id : UX DEVICE CLASS RTOS Condition cause : null
2024-11-20 21:00:26,633 [WARN] ConditionMgr:1039 - genDependencies : Invalid condition id : UX DEVICE CLASS RTOS Condition cause : null
2024-11-20 21:00:26,633 [WARN] ConditionMgr:1039 - genDependencies : Invalid condition id : UX DEVICE CLASS RTOS Condition cause : null
2024-11-20 21:00:26,657 [WARN] PackLoader:240 - Cannot read IP mode file for STMicroelectronics.X-CUBE-NFC7.1.0.1
2024-11-20 21:00:26,678 [WARN] PackLoader:240 - Cannot read IP mode file for STMicroelectronics.X-CUBE-NFC6.3.0.0
2024-11-20 21:00:26,697 [WARN] PackLoader:240 - Cannot read IP mode file for STMicroelectronics.X-CUBE-AI.8.1.0
2024-11-20 21:00:26,730 [WARN] ConditionMgr:438 - getConditionDescription Invalid condition id : LAN8742 Phy interface Condition cause : null
2024-11-20 21:00:26,731 [WARN] PackLoader:240 - Cannot read IP mode file for STMicroelectronics.X-CUBE-AZRTOS-L4.2.0.0
2024-11-20 21:00:26,732 [WARN] ConditionMgr:1039 - genDependencies : Invalid condition id : LAN8742 Phy interface Condition cause : null
2024-11-20 21:00:26,732 [WARN] ConditionMgr:1039 - genDependencies : Invalid condition id : LAN8742 Phy interface Condition cause : null
2024-11-20 21:00:26,733 [WARN] ConditionMgr:1039 - genDependencies : Invalid condition id : LAN8742 Phy interface Condition cause : null
2024-11-20 21:00:26,758 [WARN] PackLoader:240 - Cannot read IP mode file for STMicroelectronics.X-CUBE-SFXS2LP1.4.0.0
2024-11-20 21:00:26,776 [WARN] PackLoader:240 - Cannot read IP mode file for STMicroelectronics.X-CUBE-ISPU.1.1.0
2024-11-20 21:00:26,808 [WARN] PackLoader:240 - Cannot read IP mode file for STMicroelectronics.X-CUBE-AZRTOS-H7.3.3.0
2024-11-20 21:00:26,831 [ERROR] Engine:466 - C:\Users\gfran\.stm32cubemx\thirdparties\pdsc\STMicroelectronics.X-CUBE-IPS.3.0.0.pdsc: PDSC version is not supported
2024-11-20 21:00:26,858 [WARN] ConditionMgr:438 - getConditionDescription Invalid condition id : UX DEVICE CLASS RTOS Condition cause : null
2024-11-20 21:00:26,859 [WARN] ConditionMgr:438 - getConditionDescription Invalid condition id : UX DEVICE CLASS RTOS Condition cause : null
2024-11-20 21:00:26,860 [WARN] PackLoader:240 - Cannot read IP mode file for STMicroelectronics.X-CUBE-AZRTOS-WB.2.0.0
2024-11-20 21:00:26,861 [WARN] ConditionMgr:1039 - genDependencies : Invalid condition id : UX DEVICE CLASS RTOS Condition cause : null
2024-11-20 21:00:26,861 [WARN] ConditionMgr:1039 - genDependencies : Invalid condition id : UX DEVICE CLASS RTOS Condition cause : null
2024-11-20 21:00:26,861 [WARN] ConditionMgr:1039 - genDependencies : Invalid condition id : UX DEVICE CLASS RTOS Condition cause : null
2024-11-20 21:00:26,861 [WARN] ConditionMgr:1039 - genDependencies : Invalid condition id : UX DEVICE CLASS RTOS Condition cause : null
2024-11-20 21:00:26,861 [WARN] ConditionMgr:1039 - genDependencies : Invalid condition id : UX DEVICE CLASS RTOS Condition cause : null
2024-11-20 21:00:26,880 [WARN] PackLoader:240 - Cannot read IP mode file for STMicroelectronics.X-CUBE-GNSS1.7.0.0
2024-11-20 21:00:26,897 [ERROR] Engine:466 - C:\Users\gfran\.stm32cubemx\thirdparties\pdsc\STMicroelectronics.FP-SNS-STBOX1.2.0.0.pdsc: PDSC version is not supported
2024-11-20 21:00:26,924 [WARN] PackLoader:240 - Cannot read IP mode file for STMicroelectronics.X-CUBE-SUBG2.5.0.0
2024-11-20 21:00:26,943 [WARN] PackLoader:240 - Cannot read IP mode file for Cesanta.I-CUBE-Mongoose.7.13.0
2024-11-20 21:00:26,971 [WARN] PackLoader:240 - Cannot read IP mode file for STMicroelectronics.X-CUBE-AZRTOS-G4.2.0.0
2024-11-20 21:00:27,005 [WARN] PackLoader:240 - Cannot read IP mode file for Infineon.AIROC-Wi-Fi-Bluetooth-STM32.1.5.1
2024-11-20 21:00:27,023 [WARN] PackLoader:240 - Cannot read IP mode file for STMicroelectronics.FP-SNS-MOTENVWB1.1.3.1
2024-11-20 21:00:27,039 [WARN] PackLoader:240 - Cannot read IP mode file for STMicroelectronics.X-CUBE-ISPU.2.0.0
2024-11-20 21:00:27,055 [WARN] PackLoader:240 - Cannot read IP mode file for STMicroelectronics.X-CUBE-ALS.1.0.2
2024-11-20 21:00:27,118 [WARN] PackLoader:240 - Cannot read IP mode file for STMicroelectronics.X-CUBE-MEMS1.10.0.0
2024-11-20 21:00:27,216 [WARN] PackLoader:240 - Cannot read IP mode file for STMicroelectronics.X-CUBE-FREERTOS.1.1.0
2024-11-20 21:00:27,232 [WARN] PackLoader:240 - Cannot read IP mode file for STMicroelectronics.X-CUBE-TOUCHGFX.4.24.1
2024-11-20 21:00:27,248 [WARN] PackLoader:240 - Cannot read IP mode file for wolfSSL.I-CUBE-wolfTPM.3.4.0
2024-11-20 21:00:27,265 [WARN] PackLoader:240 - Cannot read IP mode file for portGmbH.I-Cube-SoM-uGOAL.1.1.0
2024-11-20 21:00:27,279 [WARN] PackLoader:240 - Cannot read IP mode file for STMicroelectronics.X-CUBE-ALS.1.0.1
2024-11-20 21:00:27,309 [WARN] PackLoader:240 - Cannot read IP mode file for STMicroelectronics.X-CUBE-AZRTOS-H7RS.1.0.0
2024-11-20 21:00:27,324 [WARN] PackLoader:240 - Cannot read IP mode file for STMicroelectronics.FP-ATR-ASTRA1.2.0.0
2024-11-20 21:00:27,344 [ERROR] Engine:466 - C:\Users\gfran\.stm32cubemx\thirdparties\pdsc\STMicroelectronics.X-CUBE-TOF1.3.4.2.pdsc: PDSC version is not supported
2024-11-20 21:00:27,369 [WARN] PackLoader:240 - Cannot read IP mode file for STMicroelectronics.X-CUBE-TOF1.3.4.0
2024-11-20 21:00:27,398 [WARN] PackLoader:240 - Cannot read IP mode file for STMicroelectronics.X-CUBE-TOF1.3.4.1
2024-11-20 21:00:27,447 [WARN] PackLoader:240 - Cannot read IP mode file for STMicroelectronics.X-CUBE-AZRTOS-H7.3.2.0
2024-11-20 21:00:27,464 [WARN] PackLoader:240 - Cannot read IP mode file for wolfSSL.I-CUBE-wolfSSH.1.4.17
2024-11-20 21:00:27,464 [INFO] ThirdParty:978 - Integrity check success = true
2024-11-20 21:00:27,464 [INFO] IntegrityCheckThread:100 - exiting critical section [integrity check]
2024-11-20 21:00:27,464 [INFO] IntegrityCheckThread:103 - End integrity checks thread
2024-11-20 21:00:27,464 [INFO] ThirdParty:873 - entering critical section [close project]
2024-11-20 21:00:27,465 [INFO] ThirdParty:883 - exiting critical section [close project]
2024-11-20 21:00:27,467 [INFO] PinOutPanel:1499 - setPackage(No Configuration,No Configuration)
2024-11-20 21:00:27,479 [INFO] UtilMem:75 - Begin LoadConfig() Used Memory: 216241088 Bytes (277872640)
2024-11-20 21:00:27,480 [INFO] MicroXplorer:468 - Change Database Path : 
2024-11-20 21:00:27,480 [INFO] MicroXplorer:498 - Change Database Version : DB.6.0.92
2024-11-20 21:00:27,481 [INFO] OpenFileManager:308 - Change cursor
2024-11-20 21:00:27,540 [INFO] Mcu:1946 - Initializing MCU STM32G484RETx STM32G484RETx STM32G484RET6
2024-11-20 21:00:35,277 [INFO] Context:659 - Trying to add GPIOservice into a context  which must be forbidden
2024-11-20 21:00:38,317 [INFO] RtosManager:555 - Registered RTOS mode: class=CMSIS, group=RTOS, mode=CMSIS_V1, owner=FREERTOS
2024-11-20 21:00:38,317 [INFO] RtosManager:555 - Registered RTOS mode: class=CMSIS, group=RTOS2, mode=CMSIS_V2, owner=FREERTOS
2024-11-20 21:00:38,317 [INFO] RtosManager:555 - Registered RTOS mode: class=RTOS, group=Core, mode=CMSIS_V1, owner=FREERTOS
2024-11-20 21:00:38,317 [INFO] RtosManager:555 - Registered RTOS mode: class=RTOS, group=Core, mode=CMSIS_V2, owner=FREERTOS
2024-11-20 21:00:38,318 [WARN] ModelIntegratedComponent:184 - Missing modes for component STMicroelectronics:FreeRTOS:0.0.1:STMicroelectronics:RTOS:FreeRTOS:Core:::10.2.0:
2024-11-20 21:00:38,338 [WARN] ModelIntegratedComponent:63 - No mode defined for component null
2024-11-20 21:00:38,338 [WARN] ModelIntegratedComponent:63 - No mode defined for component null
2024-11-20 21:00:38,338 [WARN] ModelIntegratedComponent:63 - No mode defined for component null
2024-11-20 21:00:38,338 [WARN] ModelIntegratedComponent:63 - No mode defined for component null
2024-11-20 21:00:38,338 [WARN] ModelIntegratedComponent:63 - No mode defined for component null
2024-11-20 21:00:38,338 [WARN] ModelIntegratedComponent:63 - No mode defined for component null
2024-11-20 21:00:38,338 [WARN] ModelIntegratedComponent:63 - No mode defined for component null
2024-11-20 21:00:38,338 [WARN] ModelIntegratedComponent:63 - No mode defined for component null
2024-11-20 21:00:38,338 [WARN] ModelIntegratedComponent:63 - No mode defined for component null
2024-11-20 21:00:38,338 [WARN] ModelIntegratedComponent:63 - No mode defined for component null
2024-11-20 21:00:38,339 [WARN] ModelIntegratedComponent:63 - No mode defined for component null
2024-11-20 21:00:38,339 [WARN] ModelIntegratedComponent:63 - No mode defined for component null
2024-11-20 21:00:38,339 [WARN] ModelIntegratedComponent:63 - No mode defined for component null
2024-11-20 21:00:38,339 [WARN] ModelIntegratedComponent:63 - No mode defined for component null
2024-11-20 21:00:38,339 [WARN] ModelIntegratedComponent:63 - No mode defined for component null
2024-11-20 21:00:38,339 [WARN] ModelIntegratedComponent:63 - No mode defined for component null
2024-11-20 21:00:38,339 [WARN] ModelIntegratedComponent:63 - No mode defined for component null
2024-11-20 21:00:38,339 [WARN] ModelIntegratedComponent:63 - No mode defined for component null
2024-11-20 21:00:38,339 [WARN] ModelIntegratedComponent:63 - No mode defined for component null
2024-11-20 21:00:38,340 [WARN] ModelIntegratedComponent:63 - No mode defined for component null
2024-11-20 21:00:38,340 [WARN] ModelIntegratedComponent:63 - No mode defined for component null
2024-11-20 21:00:38,340 [WARN] ModelIntegratedComponent:63 - No mode defined for component null
2024-11-20 21:00:38,340 [WARN] ModelIntegratedComponent:63 - No mode defined for component null
2024-11-20 21:00:38,340 [WARN] ModelIntegratedComponent:63 - No mode defined for component null
2024-11-20 21:00:38,340 [WARN] ModelIntegratedComponent:63 - No mode defined for component null
2024-11-20 21:00:38,340 [WARN] ModelIntegratedComponent:63 - No mode defined for component null
2024-11-20 21:00:38,340 [WARN] ModelIntegratedComponent:63 - No mode defined for component null
2024-11-20 21:00:38,340 [WARN] ModelIntegratedComponent:63 - No mode defined for component null
2024-11-20 21:00:38,340 [WARN] ModelIntegratedComponent:63 - No mode defined for component null
2024-11-20 21:00:38,340 [WARN] ModelIntegratedComponent:63 - No mode defined for component null
2024-11-20 21:00:38,340 [WARN] ModelIntegratedComponent:63 - No mode defined for component null
2024-11-20 21:00:38,340 [WARN] ModelIntegratedComponent:63 - No mode defined for component null
2024-11-20 21:00:38,340 [WARN] ModelIntegratedComponent:63 - No mode defined for component null
2024-11-20 21:00:38,489 [INFO] ThirdPartyModel:298 - Start build external matchings
2024-11-20 21:00:39,543 [INFO] ThirdPartyModel:316 - End build external matchings
2024-11-20 21:00:40,100 [INFO] UtilMem:75 - End LoadConfig() Used Memory: 336375952 Bytes (456130560)
2024-11-20 21:00:40,310 [INFO] ApiDb:581 - Connected to CubeFinder SQLite database (C:\Users\gfran\.stmcufinder\plugins\mcufinder\mcu\cube-finder-db.db)
2024-11-20 21:00:40,489 [INFO] ApiDb:668 - CubeFinder database Data Model version=2.1
2024-11-20 21:00:40,489 [INFO] ApiDb:669 - CubeFinder database Configuration version=3.0.39
2024-11-20 21:00:40,489 [INFO] ApiDb:670 - CubeFinder database generation date=2024-10-15 (1729006872)
2024-11-20 21:00:40,489 [INFO] ApiDb:671 - CubeFinder database FW Pack versions=[FP-ATR-ASTRA1_V2.0.0, FP-SNS-FLIGHT1_V5.0.2, FP-SNS-MOTENV1_V5.0.0, FP-SNS-MOTENVWB1_V1.4.0, FP-SNS-SMARTAG2_V1.2.0, FP-SNS-STBOX1_V2.0.0, STM32Cube_FW_C0_V1.2.0, STM32Cube_FW_F4_V1.28.1, STM32Cube_FW_F7_V1.17.2, STM32Cube_FW_G0_V1.6.2, STM32Cube_FW_G4_V1.6.0, STM32Cube_FW_H5_V1.3.0, STM32Cube_FW_H7RS_V1.1.0, STM32Cube_FW_H7_V1.11.2, STM32Cube_FW_L0_V1.12.2, STM32Cube_FW_L5_V1.5.1, STM32Cube_FW_U0_V1.1.0, STM32Cube_FW_U5_V1.6.0, STM32Cube_FW_WB0_V1.0.0, STM32Cube_FW_WBA_V1.4.1, STM32Cube_FW_WB_V1.20.0, STM32Cube_FW_WL_V1.3.0, X-CUBE-ALGOBUILD_V1.4.0, X-CUBE-ALS_V1.0.2, X-CUBE-AZRTOS-F4_V1.1.0, X-CUBE-AZRTOS-F7_V1.1.0, X-CUBE-AZRTOS-G0_V1.1.0, X-CUBE-AZRTOS-G4_V2.0.0, X-CUBE-AZRTOS-H7RS_V1.0.0, X-CUBE-AZRTOS-H7_V3.3.0, X-CUBE-AZRTOS-L4_V2.0.0, X-CUBE-AZRTOS-L5_V2.0.0, X-CUBE-AZRTOS-WB_V2.0.0, X-CUBE-AZRTOS-WL_V2.0.0, X-CUBE-BLE1_V7.0.0, X-CUBE-BLE2_V3.3.0, X-CUBE-BLEMGR_V3.1.0, X-CUBE-EEPRMA1_V5.1.0, X-CUBE-FREERTOS_V1.2.0, X-CUBE-GNSS1_V6.0.0, X-CUBE-MEMS1_V11.0.0, X-CUBE-NFC4_V3.0.0, X-CUBE-NFC7_V1.0.1, X-CUBE-SFXS2LP1_V4.0.0, X-CUBE-SUBG2_V5.0.0, X-CUBE-TOF1_V3.4.2]
2024-11-20 21:00:42,432 [ERROR] LogOutputStream:75 - [STDERR_REDIRECT] SLF4J: Failed to load class "org.slf4j.impl.StaticLoggerBinder".
2024-11-20 21:00:42,432 [ERROR] LogOutputStream:75 - [STDERR_REDIRECT] SLF4J: Defaulting to no-operation (NOP) logger implementation
2024-11-20 21:00:42,434 [ERROR] LogOutputStream:75 - [STDERR_REDIRECT] SLF4J: See http://www.slf4j.org/codes.html#StaticLoggerBinder for further details.
2024-11-20 21:00:44,844 [INFO] ApiDb:240 - Found 323 in-development CPN: [B-G473E-ZEST1S, B-WB1M-WPAN1, B-WL5M-SUBG1, NUCLEO-C031C6, NUCLEO-H503RB, NUCLEO-H563ZI, NUCLEO-U545RE-Q, NUCLEO-U5A5ZJ-Q, NUCLEO-WBA52CG, STEVAL-PROTEUS1, STEVAL-SMARTAG2, STEVAL-STWINBX1, STM320518-EVAL, STM32C0116-DK, STM32C011D6Y3TR, STM32C011D6Y6TR, STM32C011F4P3, STM32C011F4P6, STM32C011F4U3, STM32C011F4U6TR, STM32C011F6P3, STM32C011F6P6, STM32C011F6U3, STM32C011F6U6TR, STM32C011J4M3, STM32C011J4M6, STM32C011J6M3, STM32C011J6M6, STM32C0316-DK, STM32C031C4T3, STM32C031C4T6, STM32C031C4U3, STM32C031C4U6, STM32C031C6T3, STM32C031C6T6, STM32C031C6U3, STM32C031C6U6, STM32C031F4P3, STM32C031F4P6, STM32C031F6P3, STM32C031F6P6, STM32C031G4U3, STM32C031G4U6, STM32C031G6U3, STM32C031G6U6, STM32C031K4T3, STM32C031K4T6, STM32C031K4U3, STM32C031K4U6, STM32C031K6T3, STM32C031K6T6, STM32C031K6U3, STM32C031K6U6, STM32G071K8TXN, STM32G071K8UXN, STM32G081GBU6N, STM32G081KBT6N, STM32G081KBUXN, STM32G0B1CCT6N, STM32G0B1KCT6, STM32G0B1NEY6TR, STM32G0B1RCT6N, STM32G0C1CCT6, STM32G0C1CCT6N, STM32G0C1CCU6N, STM32G0C1CET6N, STM32G0C1CEU6N, STM32G0C1KCT6, STM32G0C1NEY6TR, STM32G0C1RCI6N, STM32G0C1RCT6N, STM32G0C1REI6N, STM32G0C1RET6N, STM32G0C1VCI6, STM32G0C1VEI6, STM32G471CCT6, STM32G471CCU6, STM32G471CET3, STM32G471CET6, STM32G471CEU3, STM32G471CEU6, STM32G471MCT6, STM32G471MET3, STM32G471MET6, STM32G471MEY6TR, STM32G471QCT6, STM32G471QET3, STM32G471RCT6, STM32G471RET3, STM32G471RET6, STM32G471VCH6, STM32G471VCI6, STM32G471VCT6, STM32G471VEH3, STM32G471VEH6, STM32G471VEI3, STM32G471VEI6, STM32G471VET3, STM32G471VET6, STM32G474CCT6, STM32H503CBT6, STM32H503CBU6, STM32H503EBY6TR, STM32H503KBU6, STM32H503RBT6, STM32H562AGI6, STM32H562AII6, STM32H562IGK6, STM32H562IGT6, STM32H562IIK6, STM32H562IIT6, STM32H562RGT6, STM32H562RGV6, STM32H562RIT6, STM32H562RIV6, STM32H562VGT6, STM32H562VIT6, STM32H562ZGT6, STM32H562ZIT6, STM32H563AGI6, STM32H563AII3Q, STM32H563AII6, STM32H563IGK6, STM32H563IGT6, STM32H563IIK3Q, STM32H563IIK6, STM32H563IIT3Q, STM32H563IIT6, STM32H563MIY3QTR, STM32H563RGT6, STM32H563RGV6, STM32H563RIT6, STM32H563RIV6, STM32H563VGT6, STM32H563VIT3Q, STM32H563VIT6, STM32H563ZGT6, STM32H563ZIT3Q, STM32H563ZIT6, STM32H573AII3Q, STM32H573AII6, STM32H573I-DK, STM32H573IIK3Q, STM32H573IIK6, STM32H573IIT3Q, STM32H573IIT6, STM32H573MIY3QTR, STM32H573RIT6, STM32H573RIV6, STM32H573VIT3Q, STM32H573VIT6, STM32H573ZIT3Q, STM32H573ZIT6, STM32L4R5QGI6STR, STM32MP131AAE3, STM32MP131AAF3, STM32MP131AAG3, STM32MP131CAE3, STM32MP131CAF3, STM32MP131CAG3, STM32MP131DAE7, STM32MP131DAF7, STM32MP131DAG7, STM32MP131FAE7, STM32MP131FAF7, STM32MP131FAG7, STM32MP133AAE3, STM32MP133AAF3, STM32MP133AAG3, STM32MP133CAE3, STM32MP133CAF3, STM32MP133CAG3, STM32MP133DAE7, STM32MP133DAF7, STM32MP133DAG7, STM32MP133FAE7, STM32MP133FAF7, STM32MP133FAG7, STM32MP135AAE3, STM32MP135AAF3, STM32MP135AAG3, STM32MP135CAE3, STM32MP135CAF3, STM32MP135CAG3, STM32MP135DAE7, STM32MP135DAF7, STM32MP135DAG7, STM32MP135F-DK, STM32MP135FAE7, STM32MP135FAF7, STM32MP135FAF7T, STM32MP135FAF7U, STM32MP135FAG7, STM32U535CBT6, STM32U535CBT6Q, STM32U535CBU6, STM32U535CBU6Q, STM32U535CCT6, STM32U535CCT6Q, STM32U535CCU6, STM32U535CCU6Q, STM32U535CET6, STM32U535CET6Q, STM32U535CEU6, STM32U535CEU6Q, STM32U535JEY6QTR, STM32U535NCY6QTR, STM32U535NEY6QTR, STM32U535RBI6, STM32U535RBI6Q, STM32U535RBT6, STM32U535RBT6Q, STM32U535RCI6, STM32U535RCI6Q, STM32U535RCT6, STM32U535RCT6Q, STM32U535REI6, STM32U535REI6Q, STM32U535RET6, STM32U535RET6Q, STM32U535VCI6, STM32U535VCI6Q, STM32U535VCT6, STM32U535VCT6Q, STM32U535VEI6, STM32U535VEI6Q, STM32U535VET6, STM32U535VET6Q, STM32U545CET6, STM32U545CET6Q, STM32U545CEU6, STM32U545CEU6Q, STM32U545JEY6QTR, STM32U545NEY6QTR, STM32U545REI6, STM32U545REI6Q, STM32U545RET6, STM32U545RET6Q, STM32U545VEI6, STM32U545VEI6Q, STM32U545VET6, STM32U545VET6Q, STM32U595AIH6, STM32U595AIH6Q, STM32U595AJH6, STM32U595AJH6Q, STM32U595QII6, STM32U595QII6Q, STM32U595QJI6, STM32U595QJI6Q, STM32U595RIT6, STM32U595RIT6Q, STM32U595RJT6, STM32U595RJT6Q, STM32U595VIT6, STM32U595VIT6Q, STM32U595VJT6, STM32U595VJT6Q, STM32U595ZIT6, STM32U595ZIT6Q, STM32U595ZIY6QTR, STM32U595ZJT6, STM32U595ZJT6Q, STM32U595ZJY6QTR, STM32U599BJY6QTR, STM32U599NIH6Q, STM32U599NJH6Q, STM32U599VIT6Q, STM32U599VJT6, STM32U599VJT6Q, STM32U599ZIT6Q, STM32U599ZIY6QTR, STM32U599ZJT6Q, STM32U599ZJY6QTR, STM32U5A5AJH6, STM32U5A5AJH6Q, STM32U5A5QJI6, STM32U5A5QJI6Q, STM32U5A5RJT6, STM32U5A5RJT6Q, STM32U5A5VJT6, STM32U5A5VJT6Q, STM32U5A5ZJT6, STM32U5A5ZJT6Q, STM32U5A5ZJY6QTR, STM32U5A9BJY6QTR, STM32U5A9J-DK, STM32U5A9NJH6Q, STM32U5A9VJT6Q, STM32U5A9ZJT6Q, STM32U5A9ZJY6QTR, STM32U5F7VIT6, STM32U5F7VIT6Q, STM32U5F7VJT6, STM32U5F7VJT6Q, STM32U5F9BJY6QTR, STM32U5F9NJH6Q, STM32U5F9VIT6Q, STM32U5F9VJT6Q, STM32U5F9ZIJ6QTR, STM32U5F9ZIT6Q, STM32U5F9ZJJ6QTR, STM32U5F9ZJT6Q, STM32U5G7VJT6, STM32U5G7VJT6Q, STM32U5G9BJY6QTR, STM32U5G9J-DK1, STM32U5G9J-DK2, STM32U5G9NJH6Q, STM32U5G9VJT6Q, STM32U5G9ZJJ6QTR, STM32U5G9ZJT6Q, STM32WB1MMCH6, STM32WBA52CEU6, STM32WBA52CEU6T, STM32WBA52CGU6, STM32WBA52CGU6T, STM32WBA52KEU6, STM32WBA52KEU6T, STM32WBA52KGU6, STM32WBA52KGU6T, STM32WL5MOCH6, STM32WL5MOCH6TR]
2024-11-20 21:00:44,866 [INFO] DbMcus:217 - Found 4187 MCUs, 4187 are supported
2024-11-20 21:00:44,880 [INFO] ApiDb:423 - Load user favorites file C:\Users\gfran/.stm32cubeide/favorites.mcus.txt: 0 item(s)
2024-11-20 21:00:44,880 [INFO] ApiDb:427 - User favorites MCUs=[]
2024-11-20 21:00:44,881 [INFO] DbMcus:223 - Set 0 / 0 favorites MCUs
2024-11-20 21:00:45,465 [WARN] ThirdParty:833 - waiting for thirdparty lock release [change project]
2024-11-20 21:00:45,465 [INFO] ThirdParty:835 - entering critical section [change project]
2024-11-20 21:00:45,466 [INFO] ThirdParty:1030 - CMSIS Pack Vendor :STMicroelectronics X-CUBE-ISPU 1.1.0
2024-11-20 21:00:45,466 [INFO] ThirdParty:1030 - CMSIS Pack Vendor :STMicroelectronics USBPD 4.1
2024-11-20 21:00:45,466 [INFO] ThirdParty:1030 - CMSIS Pack Vendor :STMicroelectronics X-CUBE-AZRTOS-H7 3.3.0
2024-11-20 21:00:45,466 [INFO] ThirdParty:1030 - CMSIS Pack Vendor :STMicroelectronics X-CUBE-NFC9 1.0.0
2024-11-20 21:00:45,466 [INFO] ThirdParty:1030 - CMSIS Pack Vendor :STMicroelectronics X-CUBE-GNSS1 6.0.0
2024-11-20 21:00:45,466 [INFO] ThirdParty:1030 - CMSIS Pack Vendor :STMicroelectronics USB_HOST 2.0.0
2024-11-20 21:00:45,466 [INFO] ThirdParty:1030 - CMSIS Pack Vendor :STMicroelectronics FP-SNS-MOTENVWB1 1.4.0
2024-11-20 21:00:45,466 [INFO] ThirdParty:1030 - CMSIS Pack Vendor :STMicroelectronics X-CUBE-AZRTOS-F4 1.1.0
2024-11-20 21:00:45,466 [INFO] ThirdParty:1030 - CMSIS Pack Vendor :STMicroelectronics LIBJPEG 8.0.0
2024-11-20 21:00:45,466 [INFO] ThirdParty:1030 - CMSIS Pack Vendor :wolfSSL I-CUBE-wolfSSL 5.6.4
2024-11-20 21:00:45,466 [INFO] ThirdParty:1030 - CMSIS Pack Vendor :STMicroelectronics FP-ATR-ASTRA1 2.0.1
2024-11-20 21:00:45,466 [INFO] ThirdParty:1030 - CMSIS Pack Vendor :STMicroelectronics X-CUBE-SMBUS 2.1.0
2024-11-20 21:00:45,466 [INFO] ThirdParty:1030 - CMSIS Pack Vendor :STMicroelectronics X-CUBE-WB05N 1.1.0
2024-11-20 21:00:45,466 [INFO] ThirdParty:1030 - CMSIS Pack Vendor :STMicroelectronics USB_DEVICE 3.0.0
2024-11-20 21:00:45,466 [INFO] ThirdParty:1030 - CMSIS Pack Vendor :STMicroelectronics X-CUBE-TCPP 4.1.0
2024-11-20 21:00:45,466 [INFO] ThirdParty:1030 - CMSIS Pack Vendor :STMicroelectronics X-CUBE-ISPU 2.1.0
2024-11-20 21:00:45,467 [INFO] ThirdParty:1030 - CMSIS Pack Vendor :STMicroelectronics X-CUBE-FREERTOS 1.2.0
2024-11-20 21:00:45,467 [INFO] ThirdParty:1030 - CMSIS Pack Vendor :STMicroelectronics X-CUBE-AZRTOS-WB 2.0.0
2024-11-20 21:00:45,467 [INFO] ThirdParty:1030 - CMSIS Pack Vendor :STMicroelectronics X-CUBE-GNSS1 7.0.0
2024-11-20 21:00:45,467 [INFO] ThirdParty:1030 - CMSIS Pack Vendor :STMicroelectronics X-CUBE-TOUCHGFX 4.23.1
2024-11-20 21:00:45,467 [INFO] ThirdParty:1030 - CMSIS Pack Vendor :STMicroelectronics X-CUBE-TOUCHGFX 4.23.0
2024-11-20 21:00:45,467 [INFO] ThirdParty:1030 - CMSIS Pack Vendor :STMicroelectronics X-CUBE-AZRTOS-F7 1.1.0
2024-11-20 21:00:45,467 [INFO] ThirdParty:1030 - CMSIS Pack Vendor :STMicroelectronics X-CUBE-AZRTOS-L5 2.0.0
2024-11-20 21:00:45,467 [INFO] ThirdParty:1030 - CMSIS Pack Vendor :STMicroelectronics USB_DEVICE 2.0.0
2024-11-20 21:00:45,467 [INFO] ThirdParty:1030 - CMSIS Pack Vendor :STMicroelectronics X-CUBE-EEPRMA1 4.2.0
2024-11-20 21:00:45,467 [INFO] ThirdParty:1030 - CMSIS Pack Vendor :STMicroelectronics X-CUBE-NFC6 3.1.0
2024-11-20 21:00:45,467 [INFO] ThirdParty:1030 - CMSIS Pack Vendor :ITTIA_DB I-CUBE-ITTIADB 8.8.0
2024-11-20 21:00:45,467 [INFO] ThirdParty:1030 - CMSIS Pack Vendor :STMicroelectronics FP-SNS-MOTENV1 4.3.2
2024-11-20 21:00:45,468 [INFO] ThirdParty:1030 - CMSIS Pack Vendor :STMicroelectronics X-CUBE-ALGOBUILD 1.3.0
2024-11-20 21:00:45,468 [INFO] ThirdParty:1030 - CMSIS Pack Vendor :STMicroelectronics X-CUBE-MEMS1 11.0.0
2024-11-20 21:00:45,469 [INFO] ThirdParty:1030 - CMSIS Pack Vendor :STMicroelectronics FreeRTOS 0.0.1
2024-11-20 21:00:45,469 [INFO] ThirdParty:1030 - CMSIS Pack Vendor :STMicroelectronics X-CUBE-AZRTOS-G0 1.1.0
2024-11-20 21:00:45,469 [INFO] ThirdParty:1030 - CMSIS Pack Vendor :STMicroelectronics X-CUBE-SAFEA1 1.2.2
2024-11-20 21:00:45,469 [INFO] ThirdParty:1030 - CMSIS Pack Vendor :STMicroelectronics X-CUBE-NFC4 3.0.0
2024-11-20 21:00:45,469 [INFO] ThirdParty:1030 - CMSIS Pack Vendor :STMicroelectronics X-CUBE-SUBG2 5.0.0
2024-11-20 21:00:45,469 [INFO] ThirdParty:1030 - CMSIS Pack Vendor :STMicroelectronics STM32_WPAN 1.0.0
2024-11-20 21:00:45,469 [INFO] ThirdParty:1030 - CMSIS Pack Vendor :STMicroelectronics lwIP 2.0.3
2024-11-20 21:00:45,470 [INFO] ThirdParty:1030 - CMSIS Pack Vendor :STMicroelectronics FP-SNS-FLIGHT1 5.0.2
2024-11-20 21:00:45,470 [INFO] ThirdParty:1030 - CMSIS Pack Vendor :Cesanta I-CUBE-Mongoose 7.13.0
2024-11-20 21:00:45,470 [INFO] ThirdParty:1030 - CMSIS Pack Vendor :STMicroelectronics USB_HOST 1.0.0
2024-11-20 21:00:45,470 [INFO] ThirdParty:1030 - CMSIS Pack Vendor :STMicroelectronics X-CUBE-AZRTOS-G4 2.0.0
2024-11-20 21:00:45,470 [INFO] ThirdParty:1030 - CMSIS Pack Vendor :STMicroelectronics PDM2PCM 3.1.0
2024-11-20 21:00:45,470 [INFO] ThirdParty:1030 - CMSIS Pack Vendor :STMicroelectronics X-CUBE-AZRTOS-H7 3.1.0
2024-11-20 21:00:45,470 [INFO] ThirdParty:1030 - CMSIS Pack Vendor :Infineon AIROC-Wi-Fi-Bluetooth-STM32 1.5.1
2024-11-20 21:00:45,470 [INFO] ThirdParty:1030 - CMSIS Pack Vendor :STMicroelectronics X-CUBE-BLEMGR 3.0.0
2024-11-20 21:00:45,471 [INFO] ThirdParty:1030 - CMSIS Pack Vendor :STMicroelectronics PDM2PCM 3.3.0
2024-11-20 21:00:45,471 [INFO] ThirdParty:1030 - CMSIS Pack Vendor :STMicroelectronics X-CUBE-DISPLAY 3.0.0
2024-11-20 21:00:45,471 [INFO] ThirdParty:1030 - CMSIS Pack Vendor :STMicroelectronics FP-SNS-MOTENVWB1 1.3.1
2024-11-20 21:00:45,471 [INFO] ThirdParty:1030 - CMSIS Pack Vendor :STMicroelectronics X-CUBE-BLE1 7.0.0
2024-11-20 21:00:45,471 [INFO] ThirdParty:1030 - CMSIS Pack Vendor :STMicroelectronics FP-ATR-SIGFOX1 3.2.0
2024-11-20 21:00:45,471 [INFO] ThirdParty:1030 - CMSIS Pack Vendor :STMicroelectronics X-CUBE-NFC10 1.0.0
2024-11-20 21:00:45,471 [INFO] ThirdParty:1030 - CMSIS Pack Vendor :STMicroelectronics X-CUBE-ISPU 2.0.0
2024-11-20 21:00:45,471 [INFO] ThirdParty:1030 - CMSIS Pack Vendor :STMicroelectronics X-CUBE-EEPRMA1 5.1.0
2024-11-20 21:00:45,471 [INFO] ThirdParty:1030 - CMSIS Pack Vendor :STMicroelectronics HAL Drivers 0.0.0
2024-11-20 21:00:45,471 [INFO] ThirdParty:1030 - CMSIS Pack Vendor :STMicroelectronics MBEDTLS 2.16.2
2024-11-20 21:00:45,471 [INFO] ThirdParty:1030 - CMSIS Pack Vendor :STMicroelectronics X-CUBE-ALS 1.0.2
2024-11-20 21:00:45,471 [INFO] ThirdParty:1030 - CMSIS Pack Vendor :emotas I-CUBE-CANOPEN 1.3.0
2024-11-20 21:00:45,471 [INFO] ThirdParty:1030 - CMSIS Pack Vendor :STMicroelectronics X-CUBE-MEMS1 10.0.0
2024-11-20 21:00:45,471 [INFO] ThirdParty:1030 - CMSIS Pack Vendor :STMicroelectronics X-CUBE-FREERTOS 1.1.0
2024-11-20 21:00:45,472 [INFO] ThirdParty:1030 - CMSIS Pack Vendor :STMicroelectronics X-CUBE-NFC7 1.0.1
2024-11-20 21:00:45,472 [INFO] ThirdParty:1030 - CMSIS Pack Vendor :STMicroelectronics MBEDTLS 2.14.1
2024-11-20 21:00:45,472 [INFO] ThirdParty:1030 - CMSIS Pack Vendor :STMicroelectronics X-CUBE-TOUCHGFX 4.22.1
2024-11-20 21:00:45,472 [INFO] ThirdParty:1030 - CMSIS Pack Vendor :STMicroelectronics X-CUBE-TOUCHGFX 4.24.1
2024-11-20 21:00:45,472 [INFO] ThirdParty:1030 - CMSIS Pack Vendor :STMicroelectronics X-CUBE-NFC6 3.0.0
2024-11-20 21:00:45,472 [INFO] ThirdParty:1030 - CMSIS Pack Vendor :wolfSSL I-CUBE-wolfTPM 3.4.0
2024-11-20 21:00:45,472 [INFO] ThirdParty:1030 - CMSIS Pack Vendor :portGmbH I-Cube-SoM-uGOAL 1.1.0
2024-11-20 21:00:45,472 [INFO] ThirdParty:1030 - CMSIS Pack Vendor :STMicroelectronics X-CUBE-ALS 1.0.1
2024-11-20 21:00:45,472 [INFO] ThirdParty:1030 - CMSIS Pack Vendor :STMicroelectronics X-CUBE-BLEMGR 3.1.0
2024-11-20 21:00:45,472 [INFO] ThirdParty:1030 - CMSIS Pack Vendor :STMicroelectronics ThreadX 1.0.0
2024-11-20 21:00:45,472 [INFO] ThirdParty:1030 - CMSIS Pack Vendor :STMicroelectronics FP-SNS-SMARTAG2 1.2.0
2024-11-20 21:00:45,472 [INFO] ThirdParty:1030 - CMSIS Pack Vendor :STMicroelectronics X-CUBE-AZRTOS-WL 2.0.0
2024-11-20 21:00:45,472 [INFO] ThirdParty:1030 - CMSIS Pack Vendor :SEGGER I-CUBE-embOS 1.3.1
2024-11-20 21:00:45,472 [INFO] ThirdParty:1030 - CMSIS Pack Vendor :STMicroelectronics X-CUBE-ALGOBUILD 1.4.0
2024-11-20 21:00:45,472 [INFO] ThirdParty:1030 - CMSIS Pack Vendor :STMicroelectronics FP-SNS-MOTENV1 5.0.0
2024-11-20 21:00:45,472 [INFO] ThirdParty:1030 - CMSIS Pack Vendor :STMicroelectronics USB_DEVICE 1.0.0
2024-11-20 21:00:45,472 [INFO] ThirdParty:1030 - CMSIS Pack Vendor :STMicroelectronics X-CUBE-AI 8.1.0
2024-11-20 21:00:45,472 [INFO] ThirdParty:1030 - CMSIS Pack Vendor :STMicroelectronics X-CUBE-AZRTOS-H7RS 1.0.0
2024-11-20 21:00:45,472 [INFO] ThirdParty:1030 - CMSIS Pack Vendor :wolfSSL I-CUBE-wolfMQTT 1.19.0
2024-11-20 21:00:45,472 [INFO] ThirdParty:1030 - CMSIS Pack Vendor :STMicroelectronics X-CUBE-AZRTOS-L4 2.0.0
2024-11-20 21:00:45,472 [INFO] ThirdParty:1030 - CMSIS Pack Vendor :STMicroelectronics ThreadX 0.0.2
2024-11-20 21:00:45,472 [INFO] ThirdParty:1030 - CMSIS Pack Vendor :WES I-CUBE-Cesium 1.3.0
2024-11-20 21:00:45,472 [INFO] ThirdParty:1030 - CMSIS Pack Vendor :STMicroelectronics FP-ATR-ASTRA1 2.0.0
2024-11-20 21:00:45,472 [INFO] ThirdParty:1030 - CMSIS Pack Vendor :STMicroelectronics lwIP 2.1.2
2024-11-20 21:00:45,472 [INFO] ThirdParty:1030 - CMSIS Pack Vendor :STMicroelectronics X-CUBE-SFXS2LP1 4.0.0
2024-11-20 21:00:45,472 [INFO] ThirdParty:1030 - CMSIS Pack Vendor :STMicroelectronics X-CUBE-BLE2 3.3.0
2024-11-20 21:00:45,472 [INFO] ThirdParty:1030 - CMSIS Pack Vendor :STMicroelectronics X-CUBE-AI 9.1.0
2024-11-20 21:00:45,472 [INFO] ThirdParty:1030 - CMSIS Pack Vendor :STMicroelectronics X-CUBE-TOF1 3.4.0
2024-11-20 21:00:45,472 [INFO] ThirdParty:1030 - CMSIS Pack Vendor :STMicroelectronics X-CUBE-TOF1 3.4.1
2024-11-20 21:00:45,473 [INFO] ThirdParty:1030 - CMSIS Pack Vendor :STMicroelectronics X-CUBE-AZRTOS-H7 3.2.0
2024-11-20 21:00:45,473 [INFO] ThirdParty:1030 - CMSIS Pack Vendor :STMicroelectronics PDM2PCM 3.2.0
2024-11-20 21:00:45,473 [INFO] ThirdParty:1030 - CMSIS Pack Vendor :wolfSSL I-CUBE-wolfSSH 1.4.17
2024-11-20 21:00:45,473 [INFO] ThirdParty:841 - exiting critical section [change project]
2024-11-20 21:00:46,336 [INFO] PinOutPanel:1499 - setPackage(No Configuration,No Configuration)
2024-11-20 21:00:46,338 [INFO] PinOutPanel:1499 - setPackage(STM32G484RETx,LQFP64)
2024-11-20 21:00:47,076 [INFO] UtilMem:75 - Before build in PCC Used Memory: 292835248 Bytes (456130560)
2024-11-20 21:00:49,060 [INFO] UtilMem:75 - After build in PCC Used Memory: 275157016 Bytes (456130560)
2024-11-20 21:00:49,107 [INFO] IPUIPlugin:80 - create IPUIPlugin
2024-11-20 21:00:49,107 [INFO] IPUIPlugin:80 - create IPUIPlugin
2024-11-20 21:00:49,108 [INFO] IPUIPlugin:80 - create IPUIPlugin
2024-11-20 21:00:49,108 [INFO] IPUIPlugin:80 - create IPUIPlugin
2024-11-20 21:00:49,108 [INFO] IPUIPlugin:80 - create IPUIPlugin
2024-11-20 21:00:49,108 [INFO] IPUIPlugin:80 - create IPUIPlugin
2024-11-20 21:00:49,108 [INFO] IPUIPlugin:80 - create IPUIPlugin
2024-11-20 21:00:49,108 [INFO] IPUIPlugin:80 - create IPUIPlugin
2024-11-20 21:00:49,108 [INFO] IPUIPlugin:80 - create IPUIPlugin
2024-11-20 21:00:49,108 [INFO] IPUIPlugin:80 - create IPUIPlugin
2024-11-20 21:00:49,108 [INFO] IPUIPlugin:80 - create IPUIPlugin
2024-11-20 21:00:49,108 [INFO] IPUIPlugin:80 - create IPUIPlugin
2024-11-20 21:00:49,108 [INFO] IPUIPlugin:80 - create IPUIPlugin
2024-11-20 21:00:49,108 [INFO] IPUIPlugin:80 - create IPUIPlugin
2024-11-20 21:00:49,109 [INFO] IPUIPlugin:80 - create IPUIPlugin
2024-11-20 21:00:49,109 [INFO] IPUIPlugin:80 - create IPUIPlugin
2024-11-20 21:00:49,109 [INFO] IPUIPlugin:80 - create IPUIPlugin
2024-11-20 21:00:49,109 [INFO] IPUIPlugin:80 - create IPUIPlugin
2024-11-20 21:00:49,110 [INFO] IPUIPlugin:80 - create IPUIPlugin
2024-11-20 21:00:49,110 [INFO] IPUIPlugin:80 - create IPUIPlugin
2024-11-20 21:00:49,110 [INFO] IPUIPlugin:80 - create IPUIPlugin
2024-11-20 21:00:49,110 [INFO] IPUIPlugin:80 - create IPUIPlugin
2024-11-20 21:00:49,110 [INFO] IPUIPlugin:80 - create IPUIPlugin
2024-11-20 21:00:49,110 [INFO] IPUIPlugin:80 - create IPUIPlugin
2024-11-20 21:00:49,110 [INFO] IPUIPlugin:80 - create IPUIPlugin
2024-11-20 21:00:49,110 [INFO] IPUIPlugin:80 - create IPUIPlugin
2024-11-20 21:00:49,111 [INFO] IPUIPlugin:80 - create IPUIPlugin
2024-11-20 21:00:49,111 [INFO] IPUIPlugin:80 - create IPUIPlugin
2024-11-20 21:00:49,111 [INFO] IPUIPlugin:80 - create IPUIPlugin
2024-11-20 21:00:49,111 [INFO] IPUIPlugin:80 - create IPUIPlugin
2024-11-20 21:00:49,111 [INFO] IPUIPlugin:80 - create IPUIPlugin
2024-11-20 21:00:49,113 [INFO] IPUIPlugin:80 - create IPUIPlugin
2024-11-20 21:00:49,113 [INFO] IPUIPlugin:80 - create IPUIPlugin
2024-11-20 21:00:49,113 [INFO] IPUIPlugin:80 - create IPUIPlugin
2024-11-20 21:00:49,113 [INFO] IPUIPlugin:80 - create IPUIPlugin
2024-11-20 21:00:49,113 [INFO] IPUIPlugin:80 - create IPUIPlugin
2024-11-20 21:00:49,114 [INFO] IPUIPlugin:80 - create IPUIPlugin
2024-11-20 21:00:49,114 [INFO] IPUIPlugin:80 - create IPUIPlugin
2024-11-20 21:00:49,114 [INFO] IPUIPlugin:80 - create IPUIPlugin
2024-11-20 21:00:49,114 [INFO] IPUIPlugin:80 - create IPUIPlugin
2024-11-20 21:00:49,114 [INFO] IPUIPlugin:80 - create IPUIPlugin
2024-11-20 21:00:49,114 [INFO] IPUIPlugin:80 - create IPUIPlugin
2024-11-20 21:00:49,115 [INFO] IPUIPlugin:80 - create IPUIPlugin
2024-11-20 21:00:49,115 [INFO] IPUIPlugin:80 - create IPUIPlugin
2024-11-20 21:00:49,115 [INFO] IPUIPlugin:80 - create IPUIPlugin
2024-11-20 21:00:49,115 [INFO] IPUIPlugin:80 - create IPUIPlugin
2024-11-20 21:00:49,115 [INFO] IPUIPlugin:80 - create IPUIPlugin
2024-11-20 21:00:49,117 [INFO] IPUIPlugin:80 - create IPUIPlugin
2024-11-20 21:00:49,117 [INFO] IPUIPlugin:80 - create IPUIPlugin
2024-11-20 21:00:49,119 [INFO] IPUIPlugin:80 - create IPUIPlugin
2024-11-20 21:00:49,119 [INFO] IPUIPlugin:80 - create IPUIPlugin
2024-11-20 21:00:49,120 [INFO] IPUIPlugin:80 - create IPUIPlugin
2024-11-20 21:00:49,120 [INFO] IPUIPlugin:80 - create IPUIPlugin
2024-11-20 21:00:49,120 [INFO] IPUIPlugin:80 - create IPUIPlugin
2024-11-20 21:00:49,121 [INFO] IPUIPlugin:80 - create IPUIPlugin
2024-11-20 21:00:49,121 [INFO] IPUIPlugin:80 - create IPUIPlugin
2024-11-20 21:00:49,122 [INFO] IPUIPlugin:80 - create IPUIPlugin
2024-11-20 21:00:49,122 [INFO] IPUIPlugin:80 - create IPUIPlugin
2024-11-20 21:00:49,122 [INFO] IPUIPlugin:80 - create IPUIPlugin
2024-11-20 21:00:49,122 [INFO] IPUIPlugin:80 - create IPUIPlugin
2024-11-20 21:00:49,124 [INFO] IPUIPlugin:80 - create IPUIPlugin
2024-11-20 21:00:49,124 [INFO] IPUIPlugin:80 - create IPUIPlugin
2024-11-20 21:00:49,124 [INFO] IPUIPlugin:80 - create IPUIPlugin
2024-11-20 21:00:49,125 [INFO] IPUIPlugin:80 - create IPUIPlugin
2024-11-20 21:00:49,125 [INFO] IPUIPlugin:80 - create IPUIPlugin
2024-11-20 21:00:49,125 [INFO] IPUIPlugin:80 - create IPUIPlugin
2024-11-20 21:00:49,126 [INFO] IPUIPlugin:80 - create IPUIPlugin
2024-11-20 21:00:49,126 [INFO] IPUIPlugin:80 - create IPUIPlugin
2024-11-20 21:00:49,126 [INFO] IPUIPlugin:80 - create IPUIPlugin
2024-11-20 21:00:49,127 [INFO] IPUIPlugin:80 - create IPUIPlugin
2024-11-20 21:00:49,127 [INFO] IPUIPlugin:80 - create IPUIPlugin
2024-11-20 21:00:49,128 [INFO] IPUIPlugin:80 - create IPUIPlugin
2024-11-20 21:00:49,128 [INFO] IPUIPlugin:80 - create IPUIPlugin
2024-11-20 21:00:49,128 [INFO] IPUIPlugin:80 - create IPUIPlugin
2024-11-20 21:00:49,129 [INFO] IPUIPlugin:80 - create IPUIPlugin
2024-11-20 21:00:49,129 [INFO] IPUIPlugin:80 - create IPUIPlugin
2024-11-20 21:00:49,130 [INFO] IPUIPlugin:80 - create IPUIPlugin
2024-11-20 21:00:49,130 [INFO] IPUIPlugin:80 - create IPUIPlugin
2024-11-20 21:00:49,504 [INFO] CADModel:165 - CPN selected for project levelSTM32G484RET6
2024-11-20 21:00:49,504 [INFO] CADModel:114 - Register for checkConnection events
2024-11-20 21:00:49,550 [INFO] OpenFileManager:328 - Restore cursor
2024-11-20 21:05:37,423 [INFO] Gpio:273 - dependency for GPIO [SPI1]
2024-11-20 21:05:45,105 [INFO] Gpio:273 - dependency for GPIO [SPI1]
2024-11-20 21:05:45,214 [INFO] Gpio:273 - dependency for GPIO [SPI1]
2024-11-20 21:05:56,932 [INFO] Gpio:273 - dependency for GPIO [SPI1]
2024-11-20 21:06:06,361 [INFO] Gpio:273 - dependency for GPIO [SPI1]
2024-11-20 21:07:45,171 [INFO] Gpio:273 - dependency for GPIO [SPI1]
2024-11-20 21:07:52,965 [INFO] Gpio:273 - dependency for GPIO [SPI1]
2024-11-20 21:08:14,684 [INFO] Gpio:273 - dependency for GPIO [SPI1]
2024-11-20 21:08:14,853 [INFO] Gpio:273 - dependency for GPIO [SPI1]
2024-11-20 21:08:39,552 [INFO] Gpio:273 - dependency for GPIO [SPI1]
2024-11-20 21:08:45,389 [INFO] Gpio:273 - dependency for GPIO [SPI1]
2024-11-20 21:08:48,644 [INFO] Gpio:273 - dependency for GPIO [SPI1]
2024-11-20 21:08:51,888 [INFO] Gpio:273 - dependency for GPIO [SPI1]
2024-11-20 21:08:55,538 [INFO] Gpio:273 - dependency for GPIO [SPI1]
2024-11-20 21:09:23,779 [INFO] Gpio:273 - dependency for GPIO [SPI1]
2024-11-20 22:17:03,489 [INFO] Gpio:273 - dependency for GPIO [SPI1]
2024-11-20 22:17:07,100 [INFO] Gpio:273 - dependency for GPIO [SPI1]
2024-11-20 22:17:10,198 [INFO] Gpio:273 - dependency for GPIO [SPI1]
2024-11-20 22:17:13,466 [INFO] Gpio:273 - dependency for GPIO [SPI1]
2024-11-20 22:17:17,142 [INFO] Gpio:273 - dependency for GPIO [SPI1]
2024-11-20 22:17:19,930 [INFO] Gpio:273 - dependency for GPIO [SPI1]
2024-11-20 22:29:09,108 [INFO] Gpio:273 - dependency for GPIO [SPI1]
2024-11-20 22:29:46,799 [INFO] Gpio:273 - dependency for GPIO [SPI1]
2024-11-20 22:30:05,720 [INFO] Pin:2113 - value.trim() 915.DIO5
2024-11-20 22:30:05,720 [INFO] Pin:2114 - Pin value PB9
2024-11-20 22:30:13,582 [INFO] Pin:2113 - value.trim() 915_DIO5
2024-11-20 22:30:13,582 [INFO] Pin:2114 - Pin value PB9
2024-11-20 22:30:36,391 [INFO] Gpio:273 - dependency for GPIO [SPI1]
2024-11-20 22:31:14,127 [INFO] Gpio:273 - dependency for GPIO [SPI1]
2024-11-20 22:31:28,090 [INFO] Gpio:273 - dependency for GPIO [SPI1]
2024-11-20 22:31:39,795 [INFO] Gpio:273 - dependency for GPIO [SPI1]
2024-11-20 22:35:36,054 [INFO] Gpio:273 - dependency for GPIO [SPI1]
2024-11-20 22:35:49,345 [INFO] Gpio:273 - dependency for GPIO [SPI1]
2024-11-20 22:36:02,018 [INFO] Gpio:273 - dependency for GPIO [SPI1]
2024-11-20 22:36:16,008 [INFO] Gpio:273 - dependency for GPIO [SPI1]
2024-11-20 22:36:29,660 [INFO] Gpio:273 - dependency for GPIO [SPI1]
2024-11-20 22:36:43,983 [INFO] Gpio:273 - dependency for GPIO [SPI1]
2024-11-20 22:45:43,720 [INFO] Gpio:273 - dependency for GPIO [SPI1]
2024-11-20 22:45:57,308 [INFO] Gpio:273 - dependency for GPIO [SPI1]
2024-11-20 22:47:57,063 [WARN] IP:2114 - MessageRAMOffset not found: check if there is a RefParameter without a condition.
2024-11-20 22:47:57,063 [WARN] IP:2114 - RxFifo0ElmtsNbr not found: check if there is a RefParameter without a condition.
2024-11-20 22:47:57,063 [WARN] IP:2114 - RxFifo0ElmtSize not found: check if there is a RefParameter without a condition.
2024-11-20 22:47:57,063 [WARN] IP:2114 - RxFifo1ElmtsNbr not found: check if there is a RefParameter without a condition.
2024-11-20 22:47:57,064 [WARN] IP:2114 - RxFifo1ElmtSize not found: check if there is a RefParameter without a condition.
2024-11-20 22:47:57,064 [WARN] IP:2114 - RxBuffersNbr not found: check if there is a RefParameter without a condition.
2024-11-20 22:47:57,064 [WARN] IP:2114 - RxBufferSize not found: check if there is a RefParameter without a condition.
2024-11-20 22:47:57,064 [WARN] IP:2114 - TxEventsNbr not found: check if there is a RefParameter without a condition.
2024-11-20 22:47:57,064 [WARN] IP:2114 - TxBuffersNbr not found: check if there is a RefParameter without a condition.
2024-11-20 22:47:57,064 [WARN] IP:2114 - TxFifoQueueElmtsNbr not found: check if there is a RefParameter without a condition.
2024-11-20 22:47:57,064 [WARN] IP:2114 - TxElmtSize not found: check if there is a RefParameter without a condition.
2024-11-20 22:47:57,064 [WARN] IP:2114 - ClockCalibrationCCU not found: check if there is a RefParameter without a condition.
2024-11-20 22:47:57,065 [WARN] IP:2114 - ClockDividerCCU not found: check if there is a RefParameter without a condition.
2024-11-20 22:47:57,065 [WARN] IP:2114 - MinOscClkPeriodsCCU not found: check if there is a RefParameter without a condition.
2024-11-20 22:47:57,065 [WARN] IP:2114 - TimeQuantaPerBitTimeCCU not found: check if there is a RefParameter without a condition.
2024-11-20 22:47:57,065 [WARN] IP:2114 - WatchdogStartValueCCU not found: check if there is a RefParameter without a condition.
2024-11-20 22:47:57,067 [INFO] LogOutputStream:77 - [STDOUT_REDIRECT] Nominal 
2024-11-20 22:47:57,133 [WARN] IP:2114 - MessageRAMOffset not found: check if there is a RefParameter without a condition.
2024-11-20 22:47:57,133 [WARN] IP:2114 - RxFifo0ElmtsNbr not found: check if there is a RefParameter without a condition.
2024-11-20 22:47:57,134 [WARN] IP:2114 - RxFifo0ElmtSize not found: check if there is a RefParameter without a condition.
2024-11-20 22:47:57,134 [WARN] IP:2114 - RxFifo1ElmtsNbr not found: check if there is a RefParameter without a condition.
2024-11-20 22:47:57,134 [WARN] IP:2114 - RxFifo1ElmtSize not found: check if there is a RefParameter without a condition.
2024-11-20 22:47:57,134 [WARN] IP:2114 - RxBuffersNbr not found: check if there is a RefParameter without a condition.
2024-11-20 22:47:57,134 [WARN] IP:2114 - RxBufferSize not found: check if there is a RefParameter without a condition.
2024-11-20 22:47:57,134 [WARN] IP:2114 - TxEventsNbr not found: check if there is a RefParameter without a condition.
2024-11-20 22:47:57,134 [WARN] IP:2114 - TxBuffersNbr not found: check if there is a RefParameter without a condition.
2024-11-20 22:47:57,134 [WARN] IP:2114 - TxFifoQueueElmtsNbr not found: check if there is a RefParameter without a condition.
2024-11-20 22:47:57,134 [WARN] IP:2114 - TxElmtSize not found: check if there is a RefParameter without a condition.
2024-11-20 22:47:57,134 [WARN] IP:2114 - ClockCalibrationCCU not found: check if there is a RefParameter without a condition.
2024-11-20 22:47:57,134 [WARN] IP:2114 - ClockDividerCCU not found: check if there is a RefParameter without a condition.
2024-11-20 22:47:57,134 [WARN] IP:2114 - MinOscClkPeriodsCCU not found: check if there is a RefParameter without a condition.
2024-11-20 22:47:57,134 [WARN] IP:2114 - TimeQuantaPerBitTimeCCU not found: check if there is a RefParameter without a condition.
2024-11-20 22:47:57,134 [WARN] IP:2114 - WatchdogStartValueCCU not found: check if there is a RefParameter without a condition.
2024-11-20 22:47:57,154 [INFO] Can:71 - Can Add PropertyChangeListener com.st.microxplorer.plugins.ip.can.Can@7b50a395
2024-11-20 22:47:57,160 [WARN] IP:2114 - MessageRAMOffset not found: check if there is a RefParameter without a condition.
2024-11-20 22:47:57,160 [WARN] IP:2114 - RxFifo0ElmtsNbr not found: check if there is a RefParameter without a condition.
2024-11-20 22:47:57,160 [WARN] IP:2114 - RxFifo0ElmtSize not found: check if there is a RefParameter without a condition.
2024-11-20 22:47:57,160 [WARN] IP:2114 - RxFifo1ElmtsNbr not found: check if there is a RefParameter without a condition.
2024-11-20 22:47:57,160 [WARN] IP:2114 - RxFifo1ElmtSize not found: check if there is a RefParameter without a condition.
2024-11-20 22:47:57,160 [WARN] IP:2114 - RxBuffersNbr not found: check if there is a RefParameter without a condition.
2024-11-20 22:47:57,160 [WARN] IP:2114 - RxBufferSize not found: check if there is a RefParameter without a condition.
2024-11-20 22:47:57,160 [WARN] IP:2114 - TxEventsNbr not found: check if there is a RefParameter without a condition.
2024-11-20 22:47:57,160 [WARN] IP:2114 - TxBuffersNbr not found: check if there is a RefParameter without a condition.
2024-11-20 22:47:57,160 [WARN] IP:2114 - TxFifoQueueElmtsNbr not found: check if there is a RefParameter without a condition.
2024-11-20 22:47:57,160 [WARN] IP:2114 - TxElmtSize not found: check if there is a RefParameter without a condition.
2024-11-20 22:47:57,160 [WARN] IP:2114 - ClockCalibrationCCU not found: check if there is a RefParameter without a condition.
2024-11-20 22:47:57,160 [WARN] IP:2114 - ClockDividerCCU not found: check if there is a RefParameter without a condition.
2024-11-20 22:47:57,160 [WARN] IP:2114 - MinOscClkPeriodsCCU not found: check if there is a RefParameter without a condition.
2024-11-20 22:47:57,160 [WARN] IP:2114 - TimeQuantaPerBitTimeCCU not found: check if there is a RefParameter without a condition.
2024-11-20 22:47:57,160 [WARN] IP:2114 - WatchdogStartValueCCU not found: check if there is a RefParameter without a condition.
2024-11-20 22:49:02,706 [INFO] UtilMem:75 - End SaveConfig() Used Memory: 777186704 Bytes (1073741824)
2024-11-20 22:49:02,845 [INFO] UtilMem:75 - End SaveConfig() Used Memory: 647376544 Bytes (1073741824)
2024-11-20 22:49:03,945 [INFO] UtilMem:75 - End SaveConfig() Used Memory: 740173472 Bytes (1073741824)
2024-11-20 22:49:04,860 [INFO] BlockDiagram:2759 - set Specific Code input for plugin: SPI
2024-11-20 22:49:04,860 [INFO] BlockDiagram:2759 - set Specific Code input for plugin: RCC
2024-11-20 22:49:04,860 [INFO] BlockDiagram:2759 - set Specific Code input for plugin: NVIC
2024-11-20 22:49:04,861 [INFO] BlockDiagram:2759 - set Specific Code input for plugin: GPIO
2024-11-20 22:49:04,861 [INFO] BlockDiagram:2759 - set Specific Code input for plugin: FDCAN
2024-11-20 22:49:04,863 [INFO] CodeGenerator:799 - code generatio: config db path: C:\ST\STM32CubeIDE_1.13.2\STM32CubeIDE\plugins\com.st.stm32cube.common.mx_6.9.2.202309101412\\db\
2024-11-20 22:49:04,884 [WARN] IP:2114 - MessageRAMOffset not found: check if there is a RefParameter without a condition.
2024-11-20 22:49:04,884 [WARN] IP:2114 - RxFifo0ElmtsNbr not found: check if there is a RefParameter without a condition.
2024-11-20 22:49:04,884 [WARN] IP:2114 - RxFifo0ElmtSize not found: check if there is a RefParameter without a condition.
2024-11-20 22:49:04,884 [WARN] IP:2114 - RxFifo1ElmtsNbr not found: check if there is a RefParameter without a condition.
2024-11-20 22:49:04,884 [WARN] IP:2114 - RxFifo1ElmtSize not found: check if there is a RefParameter without a condition.
2024-11-20 22:49:04,884 [WARN] IP:2114 - RxBuffersNbr not found: check if there is a RefParameter without a condition.
2024-11-20 22:49:04,884 [WARN] IP:2114 - RxBufferSize not found: check if there is a RefParameter without a condition.
2024-11-20 22:49:04,884 [WARN] IP:2114 - TxEventsNbr not found: check if there is a RefParameter without a condition.
2024-11-20 22:49:04,884 [WARN] IP:2114 - TxBuffersNbr not found: check if there is a RefParameter without a condition.
2024-11-20 22:49:04,884 [WARN] IP:2114 - TxFifoQueueElmtsNbr not found: check if there is a RefParameter without a condition.
2024-11-20 22:49:04,884 [WARN] IP:2114 - TxElmtSize not found: check if there is a RefParameter without a condition.
2024-11-20 22:49:04,884 [WARN] IP:2114 - ClockCalibrationCCU not found: check if there is a RefParameter without a condition.
2024-11-20 22:49:04,884 [WARN] IP:2114 - ClockDividerCCU not found: check if there is a RefParameter without a condition.
2024-11-20 22:49:04,884 [WARN] IP:2114 - MinOscClkPeriodsCCU not found: check if there is a RefParameter without a condition.
2024-11-20 22:49:04,885 [WARN] IP:2114 - TimeQuantaPerBitTimeCCU not found: check if there is a RefParameter without a condition.
2024-11-20 22:49:04,885 [WARN] IP:2114 - WatchdogStartValueCCU not found: check if there is a RefParameter without a condition.
2024-11-20 22:49:05,227 [INFO] CodeEngine:255 - oldGeneratedFile, C:\Users\gfran\Documents\GitHub\Sally-Electrical-Design\RF-Board-V1-2024\Firmware\MXTmpFiles\license.tmp_save
2024-11-20 22:49:05,724 [INFO] CodeEngine:279 - Generated code: C:\Users\gfran\Documents\GitHub\Sally-Electrical-Design\RF-Board-V1-2024\Firmware\MXTmpFiles\license.tmp
2024-11-20 22:49:06,010 [INFO] CodeEngine:255 - oldGeneratedFile, C:\Users\gfran\Documents\GitHub\Sally-Electrical-Design\RF-Board-V1-2024\Firmware\MXTmpFiles\gpio.tmp_save
2024-11-20 22:49:06,229 [INFO] CodeEngine:279 - Generated code: C:\Users\gfran\Documents\GitHub\Sally-Electrical-Design\RF-Board-V1-2024\Firmware\MXTmpFiles\gpio.tmp
2024-11-20 22:49:06,740 [INFO] CodeEngine:255 - oldGeneratedFile, C:\Users\gfran\Documents\GitHub\Sally-Electrical-Design\RF-Board-V1-2024\Firmware\Core\Src\stm32g4xx_it.c_save
2024-11-20 22:49:07,040 [INFO] CodeEngine:279 - Generated code: C:\Users\gfran\Documents\GitHub\Sally-Electrical-Design\RF-Board-V1-2024\Firmware\Core\Src\stm32g4xx_it.c
2024-11-20 22:49:07,074 [INFO] CodeEngine:255 - oldGeneratedFile, C:\Users\gfran\Documents\GitHub\Sally-Electrical-Design\RF-Board-V1-2024\Firmware\Core\Inc\stm32g4xx_it.h_save
2024-11-20 22:49:07,207 [INFO] CodeEngine:279 - Generated code: C:\Users\gfran\Documents\GitHub\Sally-Electrical-Design\RF-Board-V1-2024\Firmware\Core\Inc\stm32g4xx_it.h
2024-11-20 22:49:07,381 [INFO] CodeEngine:255 - oldGeneratedFile, C:\Users\gfran\Documents\GitHub\Sally-Electrical-Design\RF-Board-V1-2024\Firmware\Core\Src\stm32g4xx_hal_msp.c_save
2024-11-20 22:49:07,607 [INFO] CodeEngine:279 - Generated code: C:\Users\gfran\Documents\GitHub\Sally-Electrical-Design\RF-Board-V1-2024\Firmware\Core\Src\stm32g4xx_hal_msp.c
2024-11-20 22:49:07,630 [INFO] CodeEngine:255 - oldGeneratedFile, C:\Users\gfran\Documents\GitHub\Sally-Electrical-Design\RF-Board-V1-2024\Firmware\MXTmpFiles\system.tmp_save
2024-11-20 22:49:07,776 [INFO] CodeEngine:279 - Generated code: C:\Users\gfran\Documents\GitHub\Sally-Electrical-Design\RF-Board-V1-2024\Firmware\MXTmpFiles\system.tmp
2024-11-20 22:49:07,830 [INFO] CodeEngine:311 - oldGeneratedFile, C:\Users\gfran\Documents\GitHub\Sally-Electrical-Design\RF-Board-V1-2024\Firmware\Core\Inc\stm32g4xx_hal_conf.h_save
2024-11-20 22:49:08,001 [INFO] CodeEngine:335 - Generated code: C:\Users\gfran\Documents\GitHub\Sally-Electrical-Design\RF-Board-V1-2024\Firmware\Core\Inc\stm32g4xx_hal_conf.h
2024-11-20 22:49:08,063 [WARN] IPConfigManager:2937 - Warning: the RefConfig RCC_CommonPeriphClockConfig is not available in your config.xml file
2024-11-20 22:49:08,113 [INFO] CodeEngine:255 - oldGeneratedFile, C:\Users\gfran\Documents\GitHub\Sally-Electrical-Design\RF-Board-V1-2024\Firmware\Core\Inc\main.h_save
2024-11-20 22:49:08,276 [INFO] CodeEngine:279 - Generated code: C:\Users\gfran\Documents\GitHub\Sally-Electrical-Design\RF-Board-V1-2024\Firmware\Core\Inc\main.h
2024-11-20 22:49:08,309 [INFO] CodeEngine:255 - oldGeneratedFile, C:\Users\gfran\Documents\GitHub\Sally-Electrical-Design\RF-Board-V1-2024\Firmware\Core\Src\main.c_save
2024-11-20 22:49:08,530 [INFO] CodeEngine:279 - Generated code: C:\Users\gfran\Documents\GitHub\Sally-Electrical-Design\RF-Board-V1-2024\Firmware\Core\Src\main.c
2024-11-20 22:49:09,002 [INFO] ProjectBuilder:3064 - Time for Copy HAL[2] : 3mS.
2024-11-20 22:49:09,016 [INFO] ProjectBuilder:4404 - Project Generator version: 4.1.0
2024-11-20 22:49:09,447 [INFO] ConfigFileManager:1457 - The Die is : DIE469
2024-11-20 22:49:09,484 [INFO] ApiDbMcu:507 - Load IP Config File for FATFS
2024-11-20 22:49:09,505 [INFO] ApiDbMcu:507 - Load IP Config File for FREERTOS
2024-11-20 22:49:09,553 [INFO] ApiDbMcu:507 - Load IP Config File for USBPD
2024-11-20 22:49:09,589 [INFO] ApiDbMcu:507 - Load IP Config File for USB_Device
2024-11-20 22:49:11,089 [INFO] LogOutputStream:77 - [STDOUT_REDIRECT] 
2024-11-20 22:49:14,136 [INFO] ProjectBuilder:4626 - Time for Generating toolchain IDE Files: 5120mS.
2024-11-20 22:49:14,138 [INFO] ProjectBuilder:2935 - Time for Copy CMSIS : 2mS.
2024-11-20 22:49:14,141 [INFO] ProjectBuilder:2935 - Time for Copy CMSIS : 1mS.
