Compiling the C compiler identification source file "CMakeCCompilerId.c" failed.
Compiler: /usr/bin/arm-none-eabi-gcc -fdata-sections;-ffunction-sections;--specs=nano.specs;-Wl,--gc-sections
Build flags: 
Id flags:  

The output was:
1
/usr/share/gcc-arm-none-eabi-10.3-2021.10/bin/../lib/gcc/arm-none-eabi/10.3.1/../../../../arm-none-eabi/bin/ld: /usr/share/gcc-arm-none-eabi-10.3-2021.10/bin/../lib/gcc/arm-none-eabi/10.3.1/../../../../arm-none-eabi/lib/libc_nano.a(lib_a-exit.o): in function `exit':
exit.c:(.text.exit+0x34): undefined reference to `_exit'
collect2: error: ld returned 1 exit status


Compiling the CXX compiler identification source file "CMakeCXXCompilerId.cpp" failed.
Compiler: /usr/bin/arm-none-eabi-g++ 
Build flags: 
Id flags:  

The output was:
1
/usr/share/gcc-arm-none-eabi-10.3-2021.10/bin/../lib/gcc/arm-none-eabi/10.3.1/../../../../arm-none-eabi/bin/ld: /usr/share/gcc-arm-none-eabi-10.3-2021.10/bin/../lib/gcc/arm-none-eabi/10.3.1/../../../../arm-none-eabi/lib/libc.a(lib_a-exit.o): in function `exit':
exit.c:(.text.exit+0x2c): undefined reference to `_exit'
collect2: error: ld returned 1 exit status


Compiling the C compiler identification source file "CMakeCCompilerId.c" failed.
Compiler: /usr/bin/arm-none-eabi-gcc 
Build flags: 
Id flags:  

The output was:
1
/usr/share/gcc-arm-none-eabi-10.3-2021.10/bin/../lib/gcc/arm-none-eabi/10.3.1/../../../../arm-none-eabi/bin/ld: /usr/share/gcc-arm-none-eabi-10.3-2021.10/bin/../lib/gcc/arm-none-eabi/10.3.1/../../../../arm-none-eabi/lib/libc.a(lib_a-exit.o): in function `exit':
exit.c:(.text.exit+0x2c): undefined reference to `_exit'
collect2: error: ld returned 1 exit status


Compiling the CXX compiler identification source file "CMakeCXXCompilerId.cpp" failed.
Compiler: /usr/bin/arm-none-eabi-g++ 
Build flags: 
Id flags:  

The output was:
1
/usr/share/gcc-arm-none-eabi-10.3-2021.10/bin/../lib/gcc/arm-none-eabi/10.3.1/../../../../arm-none-eabi/bin/ld: /usr/share/gcc-arm-none-eabi-10.3-2021.10/bin/../lib/gcc/arm-none-eabi/10.3.1/../../../../arm-none-eabi/lib/libc.a(lib_a-exit.o): in function `exit':
exit.c:(.text.exit+0x2c): undefined reference to `_exit'
collect2: error: ld returned 1 exit status


Determining if the C compiler works failed with the following output:
Change Dir: /home/nick_s/Electrical-Hardware-Design/Fuel_Cell_Controller/FCC-Src-V1_Cmake/build/CMakeFiles/CMakeTmp

Run Build Command(s):/usr/bin/ninja cmTC_b71fa && [1/2] Building C object CMakeFiles/cmTC_b71fa.dir/testCCompiler.c.o
[2/2] Linking C executable cmTC_b71fa
FAILED: cmTC_b71fa 
: && /usr/bin/arm-none-eabi-gcc    CMakeFiles/cmTC_b71fa.dir/testCCompiler.c.o  -o cmTC_b71fa   && :
/usr/share/gcc-arm-none-eabi-10.3-2021.10/bin/../lib/gcc/arm-none-eabi/10.3.1/../../../../arm-none-eabi/bin/ld: /usr/share/gcc-arm-none-eabi-10.3-2021.10/bin/../lib/gcc/arm-none-eabi/10.3.1/../../../../arm-none-eabi/lib/libc.a(lib_a-exit.o): in function `exit':
exit.c:(.text.exit+0x2c): undefined reference to `_exit'
collect2: error: ld returned 1 exit status
ninja: build stopped: subcommand failed.



Compiling the C compiler identification source file "CMakeCCompilerId.c" failed.
Compiler: /usr/bin/arm-none-eabi-gcc 
Build flags: 
Id flags:  

The output was:
1
/usr/share/gcc-arm-none-eabi-10.3-2021.10/bin/../lib/gcc/arm-none-eabi/10.3.1/../../../../arm-none-eabi/bin/ld: /usr/share/gcc-arm-none-eabi-10.3-2021.10/bin/../lib/gcc/arm-none-eabi/10.3.1/../../../../arm-none-eabi/lib/libc.a(lib_a-exit.o): in function `exit':
exit.c:(.text.exit+0x2c): undefined reference to `_exit'
collect2: error: ld returned 1 exit status


Compiling the CXX compiler identification source file "CMakeCXXCompilerId.cpp" failed.
Compiler: /usr/bin/arm-none-eabi-g++ 
Build flags: 
Id flags:  

The output was:
1
/usr/share/gcc-arm-none-eabi-10.3-2021.10/bin/../lib/gcc/arm-none-eabi/10.3.1/../../../../arm-none-eabi/bin/ld: /usr/share/gcc-arm-none-eabi-10.3-2021.10/bin/../lib/gcc/arm-none-eabi/10.3.1/../../../../arm-none-eabi/lib/libc.a(lib_a-exit.o): in function `exit':
exit.c:(.text.exit+0x2c): undefined reference to `_exit'
collect2: error: ld returned 1 exit status


Determining if the C compiler works failed with the following output:
Change Dir: /home/nick_s/Electrical-Hardware-Design/Fuel_Cell_Controller/FCC-Src-V1_Cmake/build/CMakeFiles/CMakeTmp

Run Build Command(s):/usr/bin/ninja cmTC_d6529 && [1/2] Building C object CMakeFiles/cmTC_d6529.dir/testCCompiler.c.o
[2/2] Linking C executable cmTC_d6529
FAILED: cmTC_d6529 
: && /usr/bin/arm-none-eabi-gcc    CMakeFiles/cmTC_d6529.dir/testCCompiler.c.o  -o cmTC_d6529   && :
/usr/share/gcc-arm-none-eabi-10.3-2021.10/bin/../lib/gcc/arm-none-eabi/10.3.1/../../../../arm-none-eabi/bin/ld: /usr/share/gcc-arm-none-eabi-10.3-2021.10/bin/../lib/gcc/arm-none-eabi/10.3.1/../../../../arm-none-eabi/lib/libc.a(lib_a-exit.o): in function `exit':
exit.c:(.text.exit+0x2c): undefined reference to `_exit'
collect2: error: ld returned 1 exit status
ninja: build stopped: subcommand failed.



Compiling the C compiler identification source file "CMakeCCompilerId.c" failed.
Compiler: /usr/bin/arm-none-eabi-gcc 
Build flags: 
Id flags:  

The output was:
1
/usr/share/gcc-arm-none-eabi-10.3-2021.10/bin/../lib/gcc/arm-none-eabi/10.3.1/../../../../arm-none-eabi/bin/ld: /usr/share/gcc-arm-none-eabi-10.3-2021.10/bin/../lib/gcc/arm-none-eabi/10.3.1/../../../../arm-none-eabi/lib/libc.a(lib_a-exit.o): in function `exit':
exit.c:(.text.exit+0x2c): undefined reference to `_exit'
collect2: error: ld returned 1 exit status


Compiling the CXX compiler identification source file "CMakeCXXCompilerId.cpp" failed.
Compiler: /usr/bin/arm-none-eabi-g++ 
Build flags: 
Id flags:  

The output was:
1
/usr/share/gcc-arm-none-eabi-10.3-2021.10/bin/../lib/gcc/arm-none-eabi/10.3.1/../../../../arm-none-eabi/bin/ld: /usr/share/gcc-arm-none-eabi-10.3-2021.10/bin/../lib/gcc/arm-none-eabi/10.3.1/../../../../arm-none-eabi/lib/libc.a(lib_a-exit.o): in function `exit':
exit.c:(.text.exit+0x2c): undefined reference to `_exit'
collect2: error: ld returned 1 exit status


Determining if the C compiler works failed with the following output:
Change Dir: /home/nick_s/Electrical-Hardware-Design/Fuel_Cell_Controller/FCC-Src-V1_Cmake/build/CMakeFiles/CMakeTmp

Run Build Command(s):/usr/bin/ninja cmTC_ee5cd && [1/2] Building C object CMakeFiles/cmTC_ee5cd.dir/testCCompiler.c.o
[2/2] Linking C executable cmTC_ee5cd
FAILED: cmTC_ee5cd 
: && /usr/bin/arm-none-eabi-gcc    CMakeFiles/cmTC_ee5cd.dir/testCCompiler.c.o  -o cmTC_ee5cd   && :
/usr/share/gcc-arm-none-eabi-10.3-2021.10/bin/../lib/gcc/arm-none-eabi/10.3.1/../../../../arm-none-eabi/bin/ld: /usr/share/gcc-arm-none-eabi-10.3-2021.10/bin/../lib/gcc/arm-none-eabi/10.3.1/../../../../arm-none-eabi/lib/libc.a(lib_a-exit.o): in function `exit':
exit.c:(.text.exit+0x2c): undefined reference to `_exit'
collect2: error: ld returned 1 exit status
ninja: build stopped: subcommand failed.



